2025-11-11 15:21:17,771 | seisbench | WARNING | Setting remote root to: https://seisbench.gfz.de/mirror/
Please note that this can affect your download speed.
2025-11-11 15:21:28,680 | seisbench | WARNING | Output component order not specified, defaulting to 'ZNE'.
2025-11-11 15:21:34,994 | seisbench | WARNING | Skipping preload, as cache is disabled.
2025-11-11 15:21:40,430 | seisbench | WARNING | Skipping preload, as cache is disabled.
/home/quenton.yeo/code/.venv/lib/python3.11/site-packages/torch/optim/lr_scheduler.py:60: UserWarning: The verbose parameter is deprecated. Please use get_last_lr() to access the learning rate.
  warnings.warn(

==================================================
LOADING DATA
==================================================
STEAD dataset loaded: 1265657 samples

Training umamba_mag_v2 on STEAD for 150 epochs...
Model moved to cuda:1
Training UMamba V2 Magnitude Estimator model (encoder-only with pooling)

============================================================
TRAINING UMAMBAMAG V2 (ENCODER-ONLY WITH POOLING)
============================================================
Model: UMambaMag_v2_STEAD
Dataset: STEAD
Batch size: 16
Learning rate: 0.001
Epochs: 150
Warmup epochs: 5
============================================================
Model is on device: cuda:1
Total parameters: 191,313
Trainable parameters: 191,313

Loading data...
Train batches: 67238
Dev batches: 3956

Saving models to: src/trained_weights/UMambaMag_v2_STEAD_20251111_152140


============================================================
Epoch 1/150
Learning Rate: 1.00e-04
============================================================

============================================================
Epoch 1 Summary:
  Train - Loss: 0.255610 | MSE: 0.255610 | RMSE: 0.505579 | MAE: 0.343846
  Val   - Loss: 0.160973 | MSE: 0.160973 | RMSE: 0.401214 | MAE: 0.268475
============================================================

✓ New best model saved! Val Loss: 0.160973

============================================================
Epoch 2/150
Learning Rate: 2.80e-04
============================================================

============================================================
Epoch 2 Summary:
  Train - Loss: 0.169220 | MSE: 0.169220 | RMSE: 0.411364 | MAE: 0.281061
  Val   - Loss: 0.126688 | MSE: 0.126688 | RMSE: 0.355933 | MAE: 0.234669
============================================================

✓ New best model saved! Val Loss: 0.126688

============================================================
Epoch 3/150
Learning Rate: 4.60e-04
============================================================

============================================================
Epoch 3 Summary:
  Train - Loss: 0.142121 | MSE: 0.142121 | RMSE: 0.376989 | MAE: 0.259351
  Val   - Loss: 0.117813 | MSE: 0.117813 | RMSE: 0.343239 | MAE: 0.225654
============================================================

✓ New best model saved! Val Loss: 0.117813

============================================================
Epoch 4/150
Learning Rate: 6.40e-04
============================================================

============================================================
Epoch 4 Summary:
  Train - Loss: 0.131454 | MSE: 0.131454 | RMSE: 0.362565 | MAE: 0.249499
  Val   - Loss: 0.107814 | MSE: 0.107814 | RMSE: 0.328350 | MAE: 0.216860
============================================================

✓ New best model saved! Val Loss: 0.107814

============================================================
Epoch 5/150
Learning Rate: 8.20e-04
============================================================

============================================================
Epoch 5 Summary:
  Train - Loss: 0.126038 | MSE: 0.126038 | RMSE: 0.355019 | MAE: 0.244132
  Val   - Loss: 0.104530 | MSE: 0.104530 | RMSE: 0.323311 | MAE: 0.210101
============================================================

✓ New best model saved! Val Loss: 0.104530
Checkpoint saved: src/trained_weights/UMambaMag_v2_STEAD_20251111_152140/model_epoch_5.pt

============================================================
Epoch 6/150
Learning Rate: 1.00e-03
============================================================

============================================================
Epoch 6 Summary:
  Train - Loss: 0.122025 | MSE: 0.122025 | RMSE: 0.349321 | MAE: 0.240991
  Val   - Loss: 0.102048 | MSE: 0.102048 | RMSE: 0.319450 | MAE: 0.215601
============================================================

✓ New best model saved! Val Loss: 0.102048

============================================================
Epoch 7/150
Learning Rate: 1.00e-03
============================================================

============================================================
Epoch 7 Summary:
  Train - Loss: 0.116033 | MSE: 0.116033 | RMSE: 0.340636 | MAE: 0.234773
  Val   - Loss: 0.095461 | MSE: 0.095461 | RMSE: 0.308968 | MAE: 0.199344
============================================================

✓ New best model saved! Val Loss: 0.095461

============================================================
Epoch 8/150
Learning Rate: 1.00e-03
============================================================

============================================================
Epoch 8 Summary:
  Train - Loss: 0.111899 | MSE: 0.111899 | RMSE: 0.334513 | MAE: 0.230368
  Val   - Loss: 0.096215 | MSE: 0.096215 | RMSE: 0.310185 | MAE: 0.199585
============================================================
No improvement for 1 epochs

============================================================
Epoch 9/150
Learning Rate: 1.00e-03
============================================================

============================================================
Epoch 9 Summary:
  Train - Loss: 0.109347 | MSE: 0.109347 | RMSE: 0.330676 | MAE: 0.227159
  Val   - Loss: 0.096778 | MSE: 0.096778 | RMSE: 0.311091 | MAE: 0.200463
============================================================
No improvement for 2 epochs

============================================================
Epoch 10/150
Learning Rate: 1.00e-03
============================================================

============================================================
Epoch 10 Summary:
  Train - Loss: 0.106602 | MSE: 0.106602 | RMSE: 0.326500 | MAE: 0.224504
  Val   - Loss: 0.092206 | MSE: 0.092206 | RMSE: 0.303655 | MAE: 0.199363
============================================================

✓ New best model saved! Val Loss: 0.092206
Checkpoint saved: src/trained_weights/UMambaMag_v2_STEAD_20251111_152140/model_epoch_10.pt

============================================================
Epoch 11/150
Learning Rate: 1.00e-03
============================================================

============================================================
Epoch 11 Summary:
  Train - Loss: 0.105274 | MSE: 0.105274 | RMSE: 0.324459 | MAE: 0.223064
  Val   - Loss: 0.093625 | MSE: 0.093625 | RMSE: 0.305982 | MAE: 0.201995
============================================================
No improvement for 1 epochs

============================================================
Epoch 12/150
Learning Rate: 1.00e-03
============================================================

============================================================
Epoch 12 Summary:
  Train - Loss: 0.104167 | MSE: 0.104167 | RMSE: 0.322749 | MAE: 0.221363
  Val   - Loss: 0.091275 | MSE: 0.091275 | RMSE: 0.302118 | MAE: 0.193200
============================================================

✓ New best model saved! Val Loss: 0.091275

============================================================
Epoch 13/150
Learning Rate: 1.00e-03
============================================================

============================================================
Epoch 13 Summary:
  Train - Loss: 0.102141 | MSE: 0.102141 | RMSE: 0.319595 | MAE: 0.219438
  Val   - Loss: 0.089035 | MSE: 0.089035 | RMSE: 0.298388 | MAE: 0.196267
============================================================

✓ New best model saved! Val Loss: 0.089035

============================================================
Epoch 14/150
Learning Rate: 1.00e-03
============================================================

============================================================
Epoch 14 Summary:
  Train - Loss: 0.101784 | MSE: 0.101784 | RMSE: 0.319036 | MAE: 0.218392
  Val   - Loss: 0.090439 | MSE: 0.090439 | RMSE: 0.300731 | MAE: 0.190648
============================================================
No improvement for 1 epochs

============================================================
Epoch 15/150
Learning Rate: 1.00e-03
============================================================

============================================================
Epoch 15 Summary:
  Train - Loss: 0.100270 | MSE: 0.100270 | RMSE: 0.316654 | MAE: 0.217313
  Val   - Loss: 0.087065 | MSE: 0.087065 | RMSE: 0.295067 | MAE: 0.195626
============================================================

✓ New best model saved! Val Loss: 0.087065
Checkpoint saved: src/trained_weights/UMambaMag_v2_STEAD_20251111_152140/model_epoch_15.pt

============================================================
Epoch 16/150
Learning Rate: 1.00e-03
============================================================

============================================================
Epoch 16 Summary:
  Train - Loss: 0.098987 | MSE: 0.098987 | RMSE: 0.314622 | MAE: 0.215876
  Val   - Loss: 0.087111 | MSE: 0.087111 | RMSE: 0.295146 | MAE: 0.199808
============================================================
No improvement for 1 epochs

============================================================
Epoch 17/150
Learning Rate: 1.00e-03
============================================================

============================================================
Epoch 17 Summary:
  Train - Loss: 0.098291 | MSE: 0.098291 | RMSE: 0.313513 | MAE: 0.214944
  Val   - Loss: 0.084790 | MSE: 0.084790 | RMSE: 0.291188 | MAE: 0.194867
============================================================

✓ New best model saved! Val Loss: 0.084790

============================================================
Epoch 18/150
Learning Rate: 1.00e-03
============================================================

============================================================
Epoch 18 Summary:
  Train - Loss: 0.098019 | MSE: 0.098019 | RMSE: 0.313079 | MAE: 0.214459
  Val   - Loss: 0.084434 | MSE: 0.084434 | RMSE: 0.290575 | MAE: 0.188659
============================================================

✓ New best model saved! Val Loss: 0.084434

============================================================
Epoch 19/150
Learning Rate: 1.00e-03
============================================================

============================================================
Epoch 19 Summary:
  Train - Loss: 0.096965 | MSE: 0.096965 | RMSE: 0.311392 | MAE: 0.213559
  Val   - Loss: 0.082668 | MSE: 0.082668 | RMSE: 0.287520 | MAE: 0.192087
============================================================

✓ New best model saved! Val Loss: 0.082668

============================================================
Epoch 20/150
Learning Rate: 1.00e-03
============================================================

============================================================
Epoch 20 Summary:
  Train - Loss: 0.096311 | MSE: 0.096311 | RMSE: 0.310341 | MAE: 0.212887
  Val   - Loss: 0.090891 | MSE: 0.090891 | RMSE: 0.301482 | MAE: 0.191809
============================================================
No improvement for 1 epochs
Checkpoint saved: src/trained_weights/UMambaMag_v2_STEAD_20251111_152140/model_epoch_20.pt

============================================================
Epoch 21/150
Learning Rate: 1.00e-03
============================================================

============================================================
Epoch 21 Summary:
  Train - Loss: 0.095573 | MSE: 0.095573 | RMSE: 0.309149 | MAE: 0.211950
  Val   - Loss: 0.084009 | MSE: 0.084009 | RMSE: 0.289842 | MAE: 0.186654
============================================================
No improvement for 2 epochs

============================================================
Epoch 22/150
Learning Rate: 1.00e-03
============================================================

============================================================
Epoch 22 Summary:
  Train - Loss: 0.094939 | MSE: 0.094939 | RMSE: 0.308123 | MAE: 0.211376
  Val   - Loss: 0.083686 | MSE: 0.083686 | RMSE: 0.289286 | MAE: 0.190048
============================================================
No improvement for 3 epochs

============================================================
Epoch 23/150
Learning Rate: 1.00e-03
============================================================

============================================================
Epoch 23 Summary:
  Train - Loss: 0.095269 | MSE: 0.095269 | RMSE: 0.308657 | MAE: 0.211310
  Val   - Loss: 0.083122 | MSE: 0.083122 | RMSE: 0.288309 | MAE: 0.183678
============================================================
No improvement for 4 epochs

============================================================
Epoch 24/150
Learning Rate: 1.00e-03
============================================================

============================================================
Epoch 24 Summary:
  Train - Loss: 0.094604 | MSE: 0.094604 | RMSE: 0.307578 | MAE: 0.210620
  Val   - Loss: 0.084281 | MSE: 0.084281 | RMSE: 0.290313 | MAE: 0.193168
============================================================
No improvement for 5 epochs

============================================================
Epoch 25/150
Learning Rate: 1.00e-03
============================================================

============================================================
Epoch 25 Summary:
  Train - Loss: 0.093397 | MSE: 0.093397 | RMSE: 0.305609 | MAE: 0.209915
  Val   - Loss: 0.080461 | MSE: 0.080461 | RMSE: 0.283656 | MAE: 0.185165
============================================================

✓ New best model saved! Val Loss: 0.080461
Checkpoint saved: src/trained_weights/UMambaMag_v2_STEAD_20251111_152140/model_epoch_25.pt

============================================================
Epoch 26/150
Learning Rate: 1.00e-03
============================================================

============================================================
Epoch 26 Summary:
  Train - Loss: 0.092997 | MSE: 0.092997 | RMSE: 0.304955 | MAE: 0.209301
  Val   - Loss: 0.088450 | MSE: 0.088450 | RMSE: 0.297406 | MAE: 0.198044
============================================================
No improvement for 1 epochs

============================================================
Epoch 27/150
Learning Rate: 1.00e-03
============================================================

============================================================
Epoch 27 Summary:
  Train - Loss: 0.092702 | MSE: 0.092702 | RMSE: 0.304470 | MAE: 0.208746
  Val   - Loss: 0.088300 | MSE: 0.088300 | RMSE: 0.297153 | MAE: 0.194312
============================================================
No improvement for 2 epochs

============================================================
Epoch 28/150
Learning Rate: 1.00e-03
============================================================

============================================================
Epoch 28 Summary:
  Train - Loss: 0.092559 | MSE: 0.092559 | RMSE: 0.304235 | MAE: 0.208414
  Val   - Loss: 0.080915 | MSE: 0.080915 | RMSE: 0.284456 | MAE: 0.182922
============================================================
No improvement for 3 epochs

============================================================
Epoch 29/150
Learning Rate: 1.00e-03
============================================================

============================================================
Epoch 29 Summary:
  Train - Loss: 0.092632 | MSE: 0.092632 | RMSE: 0.304355 | MAE: 0.208210
  Val   - Loss: 0.078636 | MSE: 0.078636 | RMSE: 0.280420 | MAE: 0.181899
============================================================

✓ New best model saved! Val Loss: 0.078636

============================================================
Epoch 30/150
Learning Rate: 1.00e-03
============================================================

============================================================
Epoch 30 Summary:
  Train - Loss: 0.091829 | MSE: 0.091829 | RMSE: 0.303032 | MAE: 0.207721
  Val   - Loss: 0.081122 | MSE: 0.081122 | RMSE: 0.284818 | MAE: 0.184106
============================================================
No improvement for 1 epochs
Checkpoint saved: src/trained_weights/UMambaMag_v2_STEAD_20251111_152140/model_epoch_30.pt

============================================================
Epoch 31/150
Learning Rate: 1.00e-03
============================================================

============================================================
Epoch 31 Summary:
  Train - Loss: 0.091772 | MSE: 0.091772 | RMSE: 0.302939 | MAE: 0.207412
  Val   - Loss: 0.076180 | MSE: 0.076180 | RMSE: 0.276008 | MAE: 0.178777
============================================================

✓ New best model saved! Val Loss: 0.076180

============================================================
Epoch 32/150
Learning Rate: 1.00e-03
============================================================

============================================================
Epoch 32 Summary:
  Train - Loss: 0.091083 | MSE: 0.091083 | RMSE: 0.301800 | MAE: 0.207031
  Val   - Loss: 0.077293 | MSE: 0.077293 | RMSE: 0.278017 | MAE: 0.178676
============================================================
No improvement for 1 epochs

============================================================
Epoch 33/150
Learning Rate: 1.00e-03
============================================================

============================================================
Epoch 33 Summary:
  Train - Loss: 0.090810 | MSE: 0.090810 | RMSE: 0.301347 | MAE: 0.206559
  Val   - Loss: 0.076589 | MSE: 0.076589 | RMSE: 0.276747 | MAE: 0.179662
============================================================
No improvement for 2 epochs

============================================================
Epoch 34/150
Learning Rate: 1.00e-03
============================================================

============================================================
Epoch 34 Summary:
  Train - Loss: 0.090335 | MSE: 0.090335 | RMSE: 0.300559 | MAE: 0.206189
  Val   - Loss: 0.080498 | MSE: 0.080498 | RMSE: 0.283722 | MAE: 0.181484
============================================================
No improvement for 3 epochs

============================================================
Epoch 35/150
Learning Rate: 1.00e-03
============================================================

============================================================
Epoch 35 Summary:
  Train - Loss: 0.090343 | MSE: 0.090343 | RMSE: 0.300571 | MAE: 0.205821
  Val   - Loss: 0.083003 | MSE: 0.083003 | RMSE: 0.288103 | MAE: 0.185844
============================================================
No improvement for 4 epochs
Checkpoint saved: src/trained_weights/UMambaMag_v2_STEAD_20251111_152140/model_epoch_35.pt

============================================================
Epoch 36/150
Learning Rate: 1.00e-03
============================================================

============================================================
Epoch 36 Summary:
  Train - Loss: 0.089998 | MSE: 0.089998 | RMSE: 0.299996 | MAE: 0.205678
  Val   - Loss: 0.080928 | MSE: 0.080928 | RMSE: 0.284479 | MAE: 0.190253
============================================================
No improvement for 5 epochs

============================================================
Epoch 37/150
Learning Rate: 1.00e-03
============================================================

============================================================
Epoch 37 Summary:
  Train - Loss: 0.089603 | MSE: 0.089603 | RMSE: 0.299338 | MAE: 0.205381
  Val   - Loss: 0.077253 | MSE: 0.077253 | RMSE: 0.277944 | MAE: 0.183665
============================================================
No improvement for 6 epochs

============================================================
Epoch 38/150
Learning Rate: 5.00e-04
============================================================

============================================================
Epoch 38 Summary:
  Train - Loss: 0.082144 | MSE: 0.082144 | RMSE: 0.286607 | MAE: 0.196272
  Val   - Loss: 0.072009 | MSE: 0.072009 | RMSE: 0.268344 | MAE: 0.172168
============================================================

✓ New best model saved! Val Loss: 0.072009

============================================================
Epoch 39/150
Learning Rate: 1.00e-03
============================================================

============================================================
Epoch 39 Summary:
  Train - Loss: 0.088798 | MSE: 0.088798 | RMSE: 0.297990 | MAE: 0.204320
  Val   - Loss: 0.084693 | MSE: 0.084693 | RMSE: 0.291021 | MAE: 0.186057
============================================================
No improvement for 1 epochs

============================================================
Epoch 40/150
Learning Rate: 1.00e-03
============================================================

============================================================
Epoch 40 Summary:
  Train - Loss: 0.088994 | MSE: 0.088994 | RMSE: 0.298318 | MAE: 0.204373
  Val   - Loss: 0.073156 | MSE: 0.073156 | RMSE: 0.270475 | MAE: 0.175017
============================================================
No improvement for 2 epochs
Checkpoint saved: src/trained_weights/UMambaMag_v2_STEAD_20251111_152140/model_epoch_40.pt

============================================================
Epoch 41/150
Learning Rate: 1.00e-03
============================================================

============================================================
Epoch 41 Summary:
  Train - Loss: 0.089103 | MSE: 0.089103 | RMSE: 0.298501 | MAE: 0.204494
  Val   - Loss: 0.077544 | MSE: 0.077544 | RMSE: 0.278466 | MAE: 0.178114
============================================================
No improvement for 3 epochs

============================================================
Epoch 42/150
Learning Rate: 1.00e-03
============================================================

============================================================
Epoch 42 Summary:
  Train - Loss: 0.088741 | MSE: 0.088741 | RMSE: 0.297895 | MAE: 0.204078
  Val   - Loss: 0.075635 | MSE: 0.075635 | RMSE: 0.275018 | MAE: 0.176728
============================================================
No improvement for 4 epochs

============================================================
Epoch 43/150
Learning Rate: 1.00e-03
============================================================

============================================================
Epoch 43 Summary:
  Train - Loss: 0.088640 | MSE: 0.088640 | RMSE: 0.297725 | MAE: 0.203838
  Val   - Loss: 0.077515 | MSE: 0.077515 | RMSE: 0.278415 | MAE: 0.178132
============================================================
No improvement for 5 epochs

============================================================
Epoch 44/150
Learning Rate: 1.00e-03
============================================================

============================================================
Epoch 44 Summary:
  Train - Loss: 0.088223 | MSE: 0.088223 | RMSE: 0.297024 | MAE: 0.203501
  Val   - Loss: 0.083276 | MSE: 0.083276 | RMSE: 0.288577 | MAE: 0.185864
============================================================
No improvement for 6 epochs

============================================================
Epoch 45/150
Learning Rate: 5.00e-04
============================================================

============================================================
Epoch 45 Summary:
  Train - Loss: 0.081297 | MSE: 0.081297 | RMSE: 0.285126 | MAE: 0.194803
  Val   - Loss: 0.070325 | MSE: 0.070325 | RMSE: 0.265188 | MAE: 0.168932
============================================================

✓ New best model saved! Val Loss: 0.070325
Checkpoint saved: src/trained_weights/UMambaMag_v2_STEAD_20251111_152140/model_epoch_45.pt

============================================================
Epoch 46/150
Learning Rate: 1.00e-03
============================================================

============================================================
Epoch 46 Summary:
  Train - Loss: 0.087463 | MSE: 0.087463 | RMSE: 0.295742 | MAE: 0.202805
  Val   - Loss: 0.078637 | MSE: 0.078637 | RMSE: 0.280423 | MAE: 0.186739
============================================================
No improvement for 1 epochs

============================================================
Epoch 47/150
Learning Rate: 1.00e-03
============================================================

============================================================
Epoch 47 Summary:
  Train - Loss: 0.087404 | MSE: 0.087404 | RMSE: 0.295642 | MAE: 0.202704
  Val   - Loss: 0.077675 | MSE: 0.077675 | RMSE: 0.278703 | MAE: 0.179610
============================================================
No improvement for 2 epochs

============================================================
Epoch 48/150
Learning Rate: 1.00e-03
============================================================

============================================================
Epoch 48 Summary:
  Train - Loss: 0.087045 | MSE: 0.087045 | RMSE: 0.295034 | MAE: 0.202482
  Val   - Loss: 0.075362 | MSE: 0.075362 | RMSE: 0.274522 | MAE: 0.174313
============================================================
No improvement for 3 epochs

============================================================
Epoch 49/150
Learning Rate: 1.00e-03
============================================================

============================================================
Epoch 49 Summary:
  Train - Loss: 0.087990 | MSE: 0.087990 | RMSE: 0.296632 | MAE: 0.202745
  Val   - Loss: 0.074294 | MSE: 0.074294 | RMSE: 0.272570 | MAE: 0.174671
============================================================
No improvement for 4 epochs

============================================================
Epoch 50/150
Learning Rate: 1.00e-03
============================================================

============================================================
Epoch 50 Summary:
  Train - Loss: 0.087065 | MSE: 0.087065 | RMSE: 0.295068 | MAE: 0.202293
  Val   - Loss: 0.077831 | MSE: 0.077831 | RMSE: 0.278982 | MAE: 0.174972
============================================================
No improvement for 5 epochs
Checkpoint saved: src/trained_weights/UMambaMag_v2_STEAD_20251111_152140/model_epoch_50.pt

============================================================
Epoch 51/150
Learning Rate: 1.00e-03
============================================================

============================================================
Epoch 51 Summary:
  Train - Loss: 0.086323 | MSE: 0.086323 | RMSE: 0.293808 | MAE: 0.201924
  Val   - Loss: 0.074327 | MSE: 0.074327 | RMSE: 0.272631 | MAE: 0.177611
============================================================
No improvement for 6 epochs

============================================================
Epoch 52/150
Learning Rate: 5.00e-04
============================================================

============================================================
Epoch 52 Summary:
  Train - Loss: 0.079766 | MSE: 0.079766 | RMSE: 0.282429 | MAE: 0.193293
  Val   - Loss: 0.068664 | MSE: 0.068664 | RMSE: 0.262037 | MAE: 0.168860
============================================================

✓ New best model saved! Val Loss: 0.068664

============================================================
Epoch 53/150
Learning Rate: 1.00e-03
============================================================

============================================================
Epoch 53 Summary:
  Train - Loss: 0.085963 | MSE: 0.085963 | RMSE: 0.293194 | MAE: 0.201071
  Val   - Loss: 0.077704 | MSE: 0.077704 | RMSE: 0.278754 | MAE: 0.184146
============================================================
No improvement for 1 epochs

============================================================
Epoch 54/150
Learning Rate: 1.00e-03
============================================================

============================================================
Epoch 54 Summary:
  Train - Loss: 0.086096 | MSE: 0.086096 | RMSE: 0.293422 | MAE: 0.201209
  Val   - Loss: 0.075898 | MSE: 0.075898 | RMSE: 0.275496 | MAE: 0.176133
============================================================
No improvement for 2 epochs

============================================================
Epoch 55/150
Learning Rate: 1.00e-03
============================================================

============================================================
Epoch 55 Summary:
  Train - Loss: 0.086264 | MSE: 0.086264 | RMSE: 0.293708 | MAE: 0.201281
  Val   - Loss: 0.072265 | MSE: 0.072265 | RMSE: 0.268822 | MAE: 0.177574
============================================================
No improvement for 3 epochs
Checkpoint saved: src/trained_weights/UMambaMag_v2_STEAD_20251111_152140/model_epoch_55.pt

============================================================
Epoch 56/150
Learning Rate: 1.00e-03
============================================================

============================================================
Epoch 56 Summary:
  Train - Loss: 0.086442 | MSE: 0.086442 | RMSE: 0.294010 | MAE: 0.200947
  Val   - Loss: 0.074559 | MSE: 0.074559 | RMSE: 0.273055 | MAE: 0.176672
============================================================
No improvement for 4 epochs

============================================================
Epoch 57/150
Learning Rate: 1.00e-03
============================================================

============================================================
Epoch 57 Summary:
  Train - Loss: 0.085528 | MSE: 0.085528 | RMSE: 0.292452 | MAE: 0.200740
  Val   - Loss: 0.079423 | MSE: 0.079423 | RMSE: 0.281821 | MAE: 0.176319
============================================================
No improvement for 5 epochs

============================================================
Epoch 58/150
Learning Rate: 1.00e-03
============================================================

============================================================
Epoch 58 Summary:
  Train - Loss: 0.085519 | MSE: 0.085519 | RMSE: 0.292436 | MAE: 0.200389
  Val   - Loss: 0.075737 | MSE: 0.075737 | RMSE: 0.275204 | MAE: 0.178833
============================================================
No improvement for 6 epochs

============================================================
Epoch 59/150
Learning Rate: 5.00e-04
============================================================

============================================================
Epoch 59 Summary:
  Train - Loss: 0.078626 | MSE: 0.078626 | RMSE: 0.280403 | MAE: 0.191817
  Val   - Loss: 0.069670 | MSE: 0.069670 | RMSE: 0.263951 | MAE: 0.171442
============================================================
No improvement for 7 epochs

============================================================
Epoch 60/150
Learning Rate: 1.00e-03
============================================================

============================================================
Epoch 60 Summary:
  Train - Loss: 0.085177 | MSE: 0.085177 | RMSE: 0.291851 | MAE: 0.199948
  Val   - Loss: 0.074192 | MSE: 0.074192 | RMSE: 0.272382 | MAE: 0.174471
============================================================
No improvement for 8 epochs
Checkpoint saved: src/trained_weights/UMambaMag_v2_STEAD_20251111_152140/model_epoch_60.pt

============================================================
Epoch 61/150
Learning Rate: 1.00e-03
============================================================

============================================================
Epoch 61 Summary:
  Train - Loss: 0.085212 | MSE: 0.085212 | RMSE: 0.291911 | MAE: 0.200008
  Val   - Loss: 0.074654 | MSE: 0.074654 | RMSE: 0.273229 | MAE: 0.176656
============================================================
No improvement for 9 epochs

============================================================
Epoch 62/150
Learning Rate: 1.00e-03
============================================================

============================================================
Epoch 62 Summary:
  Train - Loss: 0.084816 | MSE: 0.084816 | RMSE: 0.291233 | MAE: 0.199658
  Val   - Loss: 0.074240 | MSE: 0.074240 | RMSE: 0.272470 | MAE: 0.176931
============================================================
No improvement for 10 epochs

============================================================
Epoch 63/150
Learning Rate: 1.00e-03
============================================================

============================================================
Epoch 63 Summary:
  Train - Loss: 0.084598 | MSE: 0.084598 | RMSE: 0.290858 | MAE: 0.199368
  Val   - Loss: 0.078483 | MSE: 0.078483 | RMSE: 0.280148 | MAE: 0.177020
============================================================
No improvement for 11 epochs

============================================================
Epoch 64/150
Learning Rate: 1.00e-03
============================================================

============================================================
Epoch 64 Summary:
  Train - Loss: 0.084821 | MSE: 0.084821 | RMSE: 0.291240 | MAE: 0.199710
  Val   - Loss: 0.074638 | MSE: 0.074638 | RMSE: 0.273199 | MAE: 0.176720
============================================================
No improvement for 12 epochs

============================================================
Epoch 65/150
Learning Rate: 5.00e-04
============================================================

============================================================
Epoch 65 Summary:
  Train - Loss: 0.078033 | MSE: 0.078033 | RMSE: 0.279344 | MAE: 0.191130
  Val   - Loss: 0.066780 | MSE: 0.066780 | RMSE: 0.258418 | MAE: 0.164672
============================================================

✓ New best model saved! Val Loss: 0.066780
Checkpoint saved: src/trained_weights/UMambaMag_v2_STEAD_20251111_152140/model_epoch_65.pt

============================================================
Epoch 66/150
Learning Rate: 1.00e-03
============================================================

============================================================
Epoch 66 Summary:
  Train - Loss: 0.084125 | MSE: 0.084125 | RMSE: 0.290043 | MAE: 0.199053
  Val   - Loss: 0.077243 | MSE: 0.077243 | RMSE: 0.277927 | MAE: 0.179400
============================================================
No improvement for 1 epochs

============================================================
Epoch 67/150
Learning Rate: 1.00e-03
============================================================

============================================================
Epoch 67 Summary:
  Train - Loss: 0.084366 | MSE: 0.084366 | RMSE: 0.290459 | MAE: 0.199071
  Val   - Loss: 0.073015 | MSE: 0.073015 | RMSE: 0.270212 | MAE: 0.183152
============================================================
No improvement for 2 epochs

============================================================
Epoch 68/150
Learning Rate: 1.00e-03
============================================================

============================================================
Epoch 68 Summary:
  Train - Loss: 0.084810 | MSE: 0.084810 | RMSE: 0.291221 | MAE: 0.199096
  Val   - Loss: 0.077346 | MSE: 0.077346 | RMSE: 0.278111 | MAE: 0.182811
============================================================
No improvement for 3 epochs

============================================================
Epoch 69/150
Learning Rate: 1.00e-03
============================================================

============================================================
Epoch 69 Summary:
  Train - Loss: 0.083625 | MSE: 0.083625 | RMSE: 0.289180 | MAE: 0.198387
  Val   - Loss: 0.074141 | MSE: 0.074141 | RMSE: 0.272288 | MAE: 0.180877
============================================================
No improvement for 4 epochs

============================================================
Epoch 70/150
Learning Rate: 1.00e-03
============================================================

============================================================
Epoch 70 Summary:
  Train - Loss: 0.084476 | MSE: 0.084476 | RMSE: 0.290647 | MAE: 0.199034
  Val   - Loss: 0.073503 | MSE: 0.073503 | RMSE: 0.271114 | MAE: 0.173962
============================================================
No improvement for 5 epochs
Checkpoint saved: src/trained_weights/UMambaMag_v2_STEAD_20251111_152140/model_epoch_70.pt

============================================================
Epoch 71/150
Learning Rate: 1.00e-03
============================================================

============================================================
Epoch 71 Summary:
  Train - Loss: 0.084742 | MSE: 0.084742 | RMSE: 0.291104 | MAE: 0.198883
  Val   - Loss: 0.074746 | MSE: 0.074746 | RMSE: 0.273396 | MAE: 0.187354
============================================================
No improvement for 6 epochs

============================================================
Epoch 72/150
Learning Rate: 5.00e-04
============================================================

============================================================
Epoch 72 Summary:
  Train - Loss: 0.077668 | MSE: 0.077668 | RMSE: 0.278689 | MAE: 0.190421
  Val   - Loss: 0.067703 | MSE: 0.067703 | RMSE: 0.260198 | MAE: 0.169484
============================================================
No improvement for 7 epochs

============================================================
Epoch 73/150
Learning Rate: 1.00e-03
============================================================

============================================================
Epoch 73 Summary:
  Train - Loss: 0.083372 | MSE: 0.083372 | RMSE: 0.288743 | MAE: 0.197858
  Val   - Loss: 0.069748 | MSE: 0.069748 | RMSE: 0.264098 | MAE: 0.169646
============================================================
No improvement for 8 epochs

============================================================
Epoch 74/150
Learning Rate: 1.00e-03
============================================================

============================================================
Epoch 74 Summary:
  Train - Loss: 0.083910 | MSE: 0.083910 | RMSE: 0.289673 | MAE: 0.198335
  Val   - Loss: 0.073335 | MSE: 0.073335 | RMSE: 0.270804 | MAE: 0.173650
============================================================
No improvement for 9 epochs

============================================================
Epoch 75/150
Learning Rate: 1.00e-03
============================================================

============================================================
Epoch 75 Summary:
  Train - Loss: 0.083422 | MSE: 0.083422 | RMSE: 0.288828 | MAE: 0.198010
  Val   - Loss: 0.074469 | MSE: 0.074469 | RMSE: 0.272890 | MAE: 0.172264
============================================================
No improvement for 10 epochs
Checkpoint saved: src/trained_weights/UMambaMag_v2_STEAD_20251111_152140/model_epoch_75.pt

============================================================
Epoch 76/150
Learning Rate: 1.00e-03
============================================================

============================================================
Epoch 76 Summary:
  Train - Loss: 0.083384 | MSE: 0.083384 | RMSE: 0.288763 | MAE: 0.197672
  Val   - Loss: 0.071774 | MSE: 0.071774 | RMSE: 0.267907 | MAE: 0.170681
============================================================
No improvement for 11 epochs

============================================================
Epoch 77/150
Learning Rate: 1.00e-03
============================================================

============================================================
Epoch 77 Summary:
  Train - Loss: 0.082725 | MSE: 0.082725 | RMSE: 0.287620 | MAE: 0.197608
  Val   - Loss: 0.069806 | MSE: 0.069806 | RMSE: 0.264209 | MAE: 0.169576
============================================================
No improvement for 12 epochs

============================================================
Epoch 78/150
Learning Rate: 5.00e-04
============================================================

============================================================
Epoch 78 Summary:
  Train - Loss: 0.076700 | MSE: 0.076700 | RMSE: 0.276948 | MAE: 0.189372
  Val   - Loss: 0.066653 | MSE: 0.066653 | RMSE: 0.258173 | MAE: 0.163583
============================================================

✓ New best model saved! Val Loss: 0.066653

============================================================
Epoch 79/150
Learning Rate: 1.00e-03
============================================================

============================================================
Epoch 79 Summary:
  Train - Loss: 0.082471 | MSE: 0.082471 | RMSE: 0.287178 | MAE: 0.197169
  Val   - Loss: 0.074017 | MSE: 0.074017 | RMSE: 0.272061 | MAE: 0.172762
============================================================
No improvement for 1 epochs

============================================================
Epoch 80/150
Learning Rate: 1.00e-03
============================================================

============================================================
Epoch 80 Summary:
  Train - Loss: 0.082723 | MSE: 0.082723 | RMSE: 0.287617 | MAE: 0.197182
  Val   - Loss: 0.071633 | MSE: 0.071633 | RMSE: 0.267644 | MAE: 0.171961
============================================================
No improvement for 2 epochs
Checkpoint saved: src/trained_weights/UMambaMag_v2_STEAD_20251111_152140/model_epoch_80.pt

============================================================
Epoch 81/150
Learning Rate: 1.00e-03
============================================================

============================================================
Epoch 81 Summary:
  Train - Loss: 0.083070 | MSE: 0.083070 | RMSE: 0.288219 | MAE: 0.197689
  Val   - Loss: 0.072970 | MSE: 0.072970 | RMSE: 0.270130 | MAE: 0.177832
============================================================
No improvement for 3 epochs

============================================================
Epoch 82/150
Learning Rate: 1.00e-03
============================================================

============================================================
Epoch 82 Summary:
  Train - Loss: 0.082875 | MSE: 0.082875 | RMSE: 0.287880 | MAE: 0.197450
  Val   - Loss: 0.068854 | MSE: 0.068854 | RMSE: 0.262401 | MAE: 0.167790
============================================================
No improvement for 4 epochs

============================================================
Epoch 83/150
Learning Rate: 1.00e-03
============================================================

============================================================
Epoch 83 Summary:
  Train - Loss: 0.082606 | MSE: 0.082606 | RMSE: 0.287412 | MAE: 0.197204
  Val   - Loss: 0.071451 | MSE: 0.071451 | RMSE: 0.267303 | MAE: 0.171705
============================================================
No improvement for 5 epochs

============================================================
Epoch 84/150
Learning Rate: 1.00e-03
============================================================

============================================================
Epoch 84 Summary:
  Train - Loss: 0.082804 | MSE: 0.082804 | RMSE: 0.287757 | MAE: 0.197110
  Val   - Loss: 0.073274 | MSE: 0.073274 | RMSE: 0.270691 | MAE: 0.176669
============================================================
No improvement for 6 epochs

============================================================
Epoch 85/150
Learning Rate: 5.00e-04
============================================================

============================================================
Epoch 85 Summary:
  Train - Loss: 0.076316 | MSE: 0.076316 | RMSE: 0.276254 | MAE: 0.188622
  Val   - Loss: 0.067876 | MSE: 0.067876 | RMSE: 0.260531 | MAE: 0.164056
============================================================
No improvement for 7 epochs
Checkpoint saved: src/trained_weights/UMambaMag_v2_STEAD_20251111_152140/model_epoch_85.pt

============================================================
Epoch 86/150
Learning Rate: 1.00e-03
============================================================

============================================================
Epoch 86 Summary:
  Train - Loss: 0.082609 | MSE: 0.082609 | RMSE: 0.287417 | MAE: 0.196598
  Val   - Loss: 0.073084 | MSE: 0.073084 | RMSE: 0.270340 | MAE: 0.172220
============================================================
No improvement for 8 epochs

============================================================
Epoch 87/150
Learning Rate: 1.00e-03
============================================================

============================================================
Epoch 87 Summary:
  Train - Loss: 0.081795 | MSE: 0.081795 | RMSE: 0.285999 | MAE: 0.196429
  Val   - Loss: 0.072872 | MSE: 0.072872 | RMSE: 0.269949 | MAE: 0.174267
============================================================
No improvement for 9 epochs

============================================================
Epoch 88/150
Learning Rate: 1.00e-03
============================================================

============================================================
Epoch 88 Summary:
  Train - Loss: 0.082358 | MSE: 0.082358 | RMSE: 0.286982 | MAE: 0.196726
  Val   - Loss: 0.071195 | MSE: 0.071195 | RMSE: 0.266824 | MAE: 0.171878
============================================================
No improvement for 10 epochs

============================================================
Epoch 89/150
Learning Rate: 1.00e-03
============================================================

============================================================
Epoch 89 Summary:
  Train - Loss: 0.082255 | MSE: 0.082255 | RMSE: 0.286802 | MAE: 0.196476
  Val   - Loss: 0.076876 | MSE: 0.076876 | RMSE: 0.277265 | MAE: 0.183366
============================================================
No improvement for 11 epochs

============================================================
Epoch 90/150
Learning Rate: 1.00e-03
============================================================

============================================================
Epoch 90 Summary:
  Train - Loss: 0.082220 | MSE: 0.082220 | RMSE: 0.286740 | MAE: 0.196640
  Val   - Loss: 0.074417 | MSE: 0.074417 | RMSE: 0.272794 | MAE: 0.173336
============================================================
No improvement for 12 epochs
Checkpoint saved: src/trained_weights/UMambaMag_v2_STEAD_20251111_152140/model_epoch_90.pt

============================================================
Epoch 91/150
Learning Rate: 5.00e-04
============================================================

============================================================
Epoch 91 Summary:
  Train - Loss: 0.075547 | MSE: 0.075547 | RMSE: 0.274858 | MAE: 0.188294
  Val   - Loss: 0.067858 | MSE: 0.067858 | RMSE: 0.260496 | MAE: 0.165871
============================================================
No improvement for 13 epochs

============================================================
Epoch 92/150
Learning Rate: 1.00e-03
============================================================

============================================================
Epoch 92 Summary:
  Train - Loss: 0.081485 | MSE: 0.081485 | RMSE: 0.285456 | MAE: 0.195683
  Val   - Loss: 0.070489 | MSE: 0.070489 | RMSE: 0.265497 | MAE: 0.167748
============================================================
No improvement for 14 epochs

============================================================
Epoch 93/150
Learning Rate: 1.00e-03
============================================================

============================================================
Epoch 93 Summary:
  Train - Loss: 0.081719 | MSE: 0.081719 | RMSE: 0.285865 | MAE: 0.195920
  Val   - Loss: 0.072900 | MSE: 0.072900 | RMSE: 0.269999 | MAE: 0.171022
============================================================
No improvement for 15 epochs

Early stopping triggered after 15 epochs without improvement
Best validation loss: 0.066653

Final model saved: src/trained_weights/UMambaMag_v2_STEAD_20251111_152140/model_final.pt
Training history saved: src/trained_weights/UMambaMag_v2_STEAD_20251111_152140/training_history_20251111_152140.pt

============================================================
TRAINING COMPLETED
============================================================
Best validation loss: 0.066653
Best validation RMSE: 0.258173
Final train loss: 0.081719
Final val loss: 0.072900
Total Training Time: 36:03:46
============================================================
==================================================

