2025-11-13 03:25:36,818 | seisbench | WARNING | Setting remote root to: https://seisbench.gfz.de/mirror/
Please note that this can affect your download speed.
2025-11-13 03:25:52,501 | seisbench | WARNING | Output component order not specified, defaulting to 'ZNE'.
2025-11-13 03:26:00,268 | seisbench | WARNING | Skipping preload, as cache is disabled.
2025-11-13 03:26:06,435 | seisbench | WARNING | Skipping preload, as cache is disabled.
/home/quenton.yeo/code/.venv/lib/python3.11/site-packages/torch/optim/lr_scheduler.py:60: UserWarning: The verbose parameter is deprecated. Please use get_last_lr() to access the learning rate.
  warnings.warn(

==================================================
LOADING DATA
==================================================
STEAD dataset loaded: 1265657 samples

Training umamba_mag_v2 on STEAD for 150 epochs...
Model moved to cuda:1
Training UMamba V2 Magnitude Estimator model (encoder-only with pooling)

============================================================
TRAINING UMAMBAMAG V2 (ENCODER-ONLY WITH POOLING)
============================================================
Model: UMambaMag_v2_STEAD
Dataset: STEAD
Batch size: 64
Learning rate: 0.001
Epochs: 150
Warmup epochs: 5
============================================================
Model is on device: cuda:1
Total parameters: 191,313
Trainable parameters: 191,313

Loading data...
Train batches: 16810
Dev batches: 989

Saving models to: src/trained_weights/UMambaMag_v2_STEAD_20251113_032606


============================================================
Epoch 1/150
Learning Rate: 2.00e-04
============================================================

============================================================
Epoch 1 Summary:
  Train - Loss: 0.244445 | MSE: 0.244445 | RMSE: 0.494414 | MAE: 0.337657
  Val   - Loss: 0.176096 | MSE: 0.176096 | RMSE: 0.419637 | MAE: 0.281387
============================================================

✓ New best model saved! Val Loss: 0.176096

============================================================
Epoch 2/150
Learning Rate: 4.00e-04
============================================================

============================================================
Epoch 2 Summary:
  Train - Loss: 0.168619 | MSE: 0.168619 | RMSE: 0.410632 | MAE: 0.283458
  Val   - Loss: 0.145396 | MSE: 0.145396 | RMSE: 0.381308 | MAE: 0.253465
============================================================

✓ New best model saved! Val Loss: 0.145396

============================================================
Epoch 3/150
Learning Rate: 6.00e-04
============================================================

============================================================
Epoch 3 Summary:
  Train - Loss: 0.145943 | MSE: 0.145943 | RMSE: 0.382025 | MAE: 0.264026
  Val   - Loss: 0.126582 | MSE: 0.126582 | RMSE: 0.355783 | MAE: 0.235536
============================================================

✓ New best model saved! Val Loss: 0.126582

============================================================
Epoch 4/150
Learning Rate: 8.00e-04
============================================================

============================================================
Epoch 4 Summary:
  Train - Loss: 0.133403 | MSE: 0.133403 | RMSE: 0.365244 | MAE: 0.252404
  Val   - Loss: 0.113742 | MSE: 0.113742 | RMSE: 0.337256 | MAE: 0.223164
============================================================

✓ New best model saved! Val Loss: 0.113742

============================================================
Epoch 5/150
Learning Rate: 1.00e-03
============================================================

============================================================
Epoch 5 Summary:
  Train - Loss: 0.125479 | MSE: 0.125479 | RMSE: 0.354230 | MAE: 0.244770
  Val   - Loss: 0.108026 | MSE: 0.108026 | RMSE: 0.328673 | MAE: 0.217424
============================================================

✓ New best model saved! Val Loss: 0.108026
Checkpoint saved: src/trained_weights/UMambaMag_v2_STEAD_20251113_032606/model_epoch_5.pt

============================================================
Epoch 6/150
Learning Rate: 1.00e-03
============================================================

============================================================
Epoch 6 Summary:
  Train - Loss: 0.116564 | MSE: 0.116564 | RMSE: 0.341415 | MAE: 0.235693
  Val   - Loss: 0.099921 | MSE: 0.099921 | RMSE: 0.316103 | MAE: 0.210382
============================================================

✓ New best model saved! Val Loss: 0.099921

============================================================
Epoch 7/150
Learning Rate: 1.00e-03
============================================================

============================================================
Epoch 7 Summary:
  Train - Loss: 0.111013 | MSE: 0.111013 | RMSE: 0.333187 | MAE: 0.229908
  Val   - Loss: 0.097283 | MSE: 0.097283 | RMSE: 0.311903 | MAE: 0.204034
============================================================

✓ New best model saved! Val Loss: 0.097283

============================================================
Epoch 8/150
Learning Rate: 1.00e-03
============================================================

============================================================
Epoch 8 Summary:
  Train - Loss: 0.107247 | MSE: 0.107247 | RMSE: 0.327485 | MAE: 0.225944
  Val   - Loss: 0.093005 | MSE: 0.093005 | RMSE: 0.304968 | MAE: 0.200196
============================================================

✓ New best model saved! Val Loss: 0.093005

============================================================
Epoch 9/150
Learning Rate: 1.00e-03
============================================================

============================================================
Epoch 9 Summary:
  Train - Loss: 0.103835 | MSE: 0.103835 | RMSE: 0.322234 | MAE: 0.222262
  Val   - Loss: 0.090683 | MSE: 0.090683 | RMSE: 0.301137 | MAE: 0.202614
============================================================

✓ New best model saved! Val Loss: 0.090683

============================================================
Epoch 10/150
Learning Rate: 1.00e-03
============================================================

============================================================
Epoch 10 Summary:
  Train - Loss: 0.101279 | MSE: 0.101279 | RMSE: 0.318243 | MAE: 0.219786
  Val   - Loss: 0.089399 | MSE: 0.089399 | RMSE: 0.298996 | MAE: 0.192859
============================================================

✓ New best model saved! Val Loss: 0.089399
Checkpoint saved: src/trained_weights/UMambaMag_v2_STEAD_20251113_032606/model_epoch_10.pt

============================================================
Epoch 11/150
Learning Rate: 1.00e-03
============================================================

============================================================
Epoch 11 Summary:
  Train - Loss: 0.099846 | MSE: 0.099846 | RMSE: 0.315984 | MAE: 0.217970
  Val   - Loss: 0.091120 | MSE: 0.091120 | RMSE: 0.301862 | MAE: 0.208835
============================================================
No improvement for 1 epochs

============================================================
Epoch 12/150
Learning Rate: 1.00e-03
============================================================

============================================================
Epoch 12 Summary:
  Train - Loss: 0.097539 | MSE: 0.097539 | RMSE: 0.312313 | MAE: 0.215580
  Val   - Loss: 0.093204 | MSE: 0.093204 | RMSE: 0.305293 | MAE: 0.199221
============================================================
No improvement for 2 epochs

============================================================
Epoch 13/150
Learning Rate: 1.00e-03
============================================================

============================================================
Epoch 13 Summary:
  Train - Loss: 0.096056 | MSE: 0.096056 | RMSE: 0.309929 | MAE: 0.213953
  Val   - Loss: 0.085298 | MSE: 0.085298 | RMSE: 0.292058 | MAE: 0.191345
============================================================

✓ New best model saved! Val Loss: 0.085298

============================================================
Epoch 14/150
Learning Rate: 1.00e-03
============================================================

============================================================
Epoch 14 Summary:
  Train - Loss: 0.095166 | MSE: 0.095166 | RMSE: 0.308489 | MAE: 0.212839
  Val   - Loss: 0.090817 | MSE: 0.090817 | RMSE: 0.301358 | MAE: 0.204792
============================================================
No improvement for 1 epochs

============================================================
Epoch 15/150
Learning Rate: 1.00e-03
============================================================

============================================================
Epoch 15 Summary:
  Train - Loss: 0.093819 | MSE: 0.093819 | RMSE: 0.306299 | MAE: 0.211216
  Val   - Loss: 0.087066 | MSE: 0.087066 | RMSE: 0.295069 | MAE: 0.201247
============================================================
No improvement for 2 epochs
Checkpoint saved: src/trained_weights/UMambaMag_v2_STEAD_20251113_032606/model_epoch_15.pt

============================================================
Epoch 16/150
Learning Rate: 1.00e-03
============================================================

============================================================
Epoch 16 Summary:
  Train - Loss: 0.093362 | MSE: 0.093362 | RMSE: 0.305551 | MAE: 0.210636
  Val   - Loss: 0.080351 | MSE: 0.080351 | RMSE: 0.283462 | MAE: 0.182699
============================================================

✓ New best model saved! Val Loss: 0.080351

============================================================
Epoch 17/150
Learning Rate: 1.00e-03
============================================================

============================================================
Epoch 17 Summary:
  Train - Loss: 0.091985 | MSE: 0.091985 | RMSE: 0.303291 | MAE: 0.208762
  Val   - Loss: 0.083167 | MSE: 0.083167 | RMSE: 0.288386 | MAE: 0.191071
============================================================
No improvement for 1 epochs

============================================================
Epoch 18/150
Learning Rate: 1.00e-03
============================================================

============================================================
Epoch 18 Summary:
  Train - Loss: 0.090917 | MSE: 0.090917 | RMSE: 0.301525 | MAE: 0.207933
  Val   - Loss: 0.078851 | MSE: 0.078851 | RMSE: 0.280805 | MAE: 0.185537
============================================================

✓ New best model saved! Val Loss: 0.078851

============================================================
Epoch 19/150
Learning Rate: 1.00e-03
============================================================

============================================================
Epoch 19 Summary:
  Train - Loss: 0.090114 | MSE: 0.090114 | RMSE: 0.300190 | MAE: 0.206919
  Val   - Loss: 0.082585 | MSE: 0.082585 | RMSE: 0.287376 | MAE: 0.189372
============================================================
No improvement for 1 epochs

============================================================
Epoch 20/150
Learning Rate: 1.00e-03
============================================================

============================================================
Epoch 20 Summary:
  Train - Loss: 0.089690 | MSE: 0.089690 | RMSE: 0.299483 | MAE: 0.206432
  Val   - Loss: 0.085861 | MSE: 0.085861 | RMSE: 0.293021 | MAE: 0.194377
============================================================
No improvement for 2 epochs
Checkpoint saved: src/trained_weights/UMambaMag_v2_STEAD_20251113_032606/model_epoch_20.pt

============================================================
Epoch 21/150
Learning Rate: 1.00e-03
============================================================

============================================================
Epoch 21 Summary:
  Train - Loss: 0.088845 | MSE: 0.088845 | RMSE: 0.298069 | MAE: 0.205597
  Val   - Loss: 0.077502 | MSE: 0.077502 | RMSE: 0.278392 | MAE: 0.178292
============================================================

✓ New best model saved! Val Loss: 0.077502

============================================================
Epoch 22/150
Learning Rate: 1.00e-03
============================================================

============================================================
Epoch 22 Summary:
  Train - Loss: 0.088125 | MSE: 0.088125 | RMSE: 0.296858 | MAE: 0.204693
  Val   - Loss: 0.077881 | MSE: 0.077881 | RMSE: 0.279071 | MAE: 0.179310
============================================================
No improvement for 1 epochs

============================================================
Epoch 23/150
Learning Rate: 1.00e-03
============================================================

============================================================
Epoch 23 Summary:
  Train - Loss: 0.087565 | MSE: 0.087565 | RMSE: 0.295914 | MAE: 0.204093
  Val   - Loss: 0.078086 | MSE: 0.078086 | RMSE: 0.279438 | MAE: 0.181529
============================================================
No improvement for 2 epochs

============================================================
Epoch 24/150
Learning Rate: 1.00e-03
============================================================

============================================================
Epoch 24 Summary:
  Train - Loss: 0.086968 | MSE: 0.086968 | RMSE: 0.294903 | MAE: 0.203328
  Val   - Loss: 0.075264 | MSE: 0.075264 | RMSE: 0.274343 | MAE: 0.178950
============================================================

✓ New best model saved! Val Loss: 0.075264

============================================================
Epoch 25/150
Learning Rate: 1.00e-03
============================================================

============================================================
Epoch 25 Summary:
  Train - Loss: 0.086707 | MSE: 0.086707 | RMSE: 0.294461 | MAE: 0.203022
  Val   - Loss: 0.079803 | MSE: 0.079803 | RMSE: 0.282494 | MAE: 0.186402
============================================================
No improvement for 1 epochs
Checkpoint saved: src/trained_weights/UMambaMag_v2_STEAD_20251113_032606/model_epoch_25.pt

============================================================
Epoch 26/150
Learning Rate: 1.00e-03
============================================================

============================================================
Epoch 26 Summary:
  Train - Loss: 0.086492 | MSE: 0.086492 | RMSE: 0.294096 | MAE: 0.202520
  Val   - Loss: 0.077541 | MSE: 0.077541 | RMSE: 0.278462 | MAE: 0.185772
============================================================
No improvement for 2 epochs

============================================================
Epoch 27/150
Learning Rate: 1.00e-03
============================================================

============================================================
Epoch 27 Summary:
  Train - Loss: 0.085733 | MSE: 0.085733 | RMSE: 0.292802 | MAE: 0.201693
  Val   - Loss: 0.076771 | MSE: 0.076771 | RMSE: 0.277077 | MAE: 0.181282
============================================================
No improvement for 3 epochs

============================================================
Epoch 28/150
Learning Rate: 1.00e-03
============================================================

============================================================
Epoch 28 Summary:
  Train - Loss: 0.085452 | MSE: 0.085452 | RMSE: 0.292321 | MAE: 0.201311
  Val   - Loss: 0.075093 | MSE: 0.075093 | RMSE: 0.274032 | MAE: 0.180271
============================================================

✓ New best model saved! Val Loss: 0.075093

============================================================
Epoch 29/150
Learning Rate: 1.00e-03
============================================================

============================================================
Epoch 29 Summary:
  Train - Loss: 0.085007 | MSE: 0.085007 | RMSE: 0.291559 | MAE: 0.200792
  Val   - Loss: 0.074221 | MSE: 0.074221 | RMSE: 0.272434 | MAE: 0.176085
============================================================

✓ New best model saved! Val Loss: 0.074221

============================================================
Epoch 30/150
Learning Rate: 1.00e-03
============================================================

============================================================
Epoch 30 Summary:
  Train - Loss: 0.084723 | MSE: 0.084723 | RMSE: 0.291073 | MAE: 0.200731
  Val   - Loss: 0.075053 | MSE: 0.075053 | RMSE: 0.273958 | MAE: 0.177714
============================================================
No improvement for 1 epochs
Checkpoint saved: src/trained_weights/UMambaMag_v2_STEAD_20251113_032606/model_epoch_30.pt

============================================================
Epoch 31/150
Learning Rate: 1.00e-03
============================================================

============================================================
Epoch 31 Summary:
  Train - Loss: 0.084304 | MSE: 0.084304 | RMSE: 0.290351 | MAE: 0.200077
  Val   - Loss: 0.073303 | MSE: 0.073303 | RMSE: 0.270746 | MAE: 0.179517
============================================================

✓ New best model saved! Val Loss: 0.073303

============================================================
Epoch 32/150
Learning Rate: 1.00e-03
============================================================

============================================================
Epoch 32 Summary:
  Train - Loss: 0.083804 | MSE: 0.083804 | RMSE: 0.289489 | MAE: 0.199552
  Val   - Loss: 0.072954 | MSE: 0.072954 | RMSE: 0.270100 | MAE: 0.176104
============================================================

✓ New best model saved! Val Loss: 0.072954

============================================================
Epoch 33/150
Learning Rate: 1.00e-03
============================================================

============================================================
Epoch 33 Summary:
  Train - Loss: 0.083598 | MSE: 0.083598 | RMSE: 0.289133 | MAE: 0.199192
  Val   - Loss: 0.074625 | MSE: 0.074625 | RMSE: 0.273175 | MAE: 0.180017
============================================================
No improvement for 1 epochs

============================================================
Epoch 34/150
Learning Rate: 1.00e-03
============================================================

============================================================
Epoch 34 Summary:
  Train - Loss: 0.083318 | MSE: 0.083318 | RMSE: 0.288648 | MAE: 0.198977
  Val   - Loss: 0.075044 | MSE: 0.075044 | RMSE: 0.273942 | MAE: 0.183079
============================================================
No improvement for 2 epochs

============================================================
Epoch 35/150
Learning Rate: 1.00e-03
============================================================

============================================================
Epoch 35 Summary:
  Train - Loss: 0.082649 | MSE: 0.082649 | RMSE: 0.287487 | MAE: 0.198474
  Val   - Loss: 0.075786 | MSE: 0.075786 | RMSE: 0.275292 | MAE: 0.179267
============================================================
No improvement for 3 epochs
Checkpoint saved: src/trained_weights/UMambaMag_v2_STEAD_20251113_032606/model_epoch_35.pt

============================================================
Epoch 36/150
Learning Rate: 1.00e-03
============================================================

============================================================
Epoch 36 Summary:
  Train - Loss: 0.082932 | MSE: 0.082932 | RMSE: 0.287979 | MAE: 0.198449
  Val   - Loss: 0.075353 | MSE: 0.075353 | RMSE: 0.274505 | MAE: 0.185239
============================================================
No improvement for 4 epochs

============================================================
Epoch 37/150
Learning Rate: 1.00e-03
============================================================

============================================================
Epoch 37 Summary:
  Train - Loss: 0.082699 | MSE: 0.082699 | RMSE: 0.287575 | MAE: 0.198121
  Val   - Loss: 0.072827 | MSE: 0.072827 | RMSE: 0.269865 | MAE: 0.173777
============================================================

✓ New best model saved! Val Loss: 0.072827

============================================================
Epoch 38/150
Learning Rate: 1.00e-03
============================================================

============================================================
Epoch 38 Summary:
  Train - Loss: 0.082149 | MSE: 0.082149 | RMSE: 0.286616 | MAE: 0.197518
  Val   - Loss: 0.075930 | MSE: 0.075930 | RMSE: 0.275554 | MAE: 0.187085
============================================================
No improvement for 1 epochs

============================================================
Epoch 39/150
Learning Rate: 1.00e-03
============================================================

============================================================
Epoch 39 Summary:
  Train - Loss: 0.082326 | MSE: 0.082326 | RMSE: 0.286926 | MAE: 0.197609
  Val   - Loss: 0.077877 | MSE: 0.077877 | RMSE: 0.279065 | MAE: 0.182527
============================================================
No improvement for 2 epochs

============================================================
Epoch 40/150
Learning Rate: 1.00e-03
============================================================

============================================================
Epoch 40 Summary:
  Train - Loss: 0.081966 | MSE: 0.081966 | RMSE: 0.286297 | MAE: 0.197056
  Val   - Loss: 0.073546 | MSE: 0.073546 | RMSE: 0.271193 | MAE: 0.175536
============================================================
No improvement for 3 epochs
Checkpoint saved: src/trained_weights/UMambaMag_v2_STEAD_20251113_032606/model_epoch_40.pt

============================================================
Epoch 41/150
Learning Rate: 1.00e-03
============================================================

============================================================
Epoch 41 Summary:
  Train - Loss: 0.081677 | MSE: 0.081677 | RMSE: 0.285792 | MAE: 0.196918
  Val   - Loss: 0.073658 | MSE: 0.073658 | RMSE: 0.271400 | MAE: 0.173868
============================================================
No improvement for 4 epochs

============================================================
Epoch 42/150
Learning Rate: 1.00e-03
============================================================

============================================================
Epoch 42 Summary:
  Train - Loss: 0.081357 | MSE: 0.081357 | RMSE: 0.285231 | MAE: 0.196636
  Val   - Loss: 0.073400 | MSE: 0.073400 | RMSE: 0.270924 | MAE: 0.178418
============================================================
No improvement for 5 epochs

============================================================
Epoch 43/150
Learning Rate: 1.00e-03
============================================================

============================================================
Epoch 43 Summary:
  Train - Loss: 0.081091 | MSE: 0.081091 | RMSE: 0.284764 | MAE: 0.196400
  Val   - Loss: 0.076921 | MSE: 0.076921 | RMSE: 0.277347 | MAE: 0.180837
============================================================
No improvement for 6 epochs

============================================================
Epoch 44/150
Learning Rate: 5.00e-04
============================================================

============================================================
Epoch 44 Summary:
  Train - Loss: 0.075643 | MSE: 0.075643 | RMSE: 0.275032 | MAE: 0.189235
  Val   - Loss: 0.069498 | MSE: 0.069498 | RMSE: 0.263625 | MAE: 0.177018
============================================================

✓ New best model saved! Val Loss: 0.069498

============================================================
Epoch 45/150
Learning Rate: 5.00e-04
============================================================

============================================================
Epoch 45 Summary:
  Train - Loss: 0.075227 | MSE: 0.075227 | RMSE: 0.274275 | MAE: 0.188715
  Val   - Loss: 0.068334 | MSE: 0.068334 | RMSE: 0.261408 | MAE: 0.168070
============================================================

✓ New best model saved! Val Loss: 0.068334
Checkpoint saved: src/trained_weights/UMambaMag_v2_STEAD_20251113_032606/model_epoch_45.pt

============================================================
Epoch 46/150
Learning Rate: 5.00e-04
============================================================

============================================================
Epoch 46 Summary:
  Train - Loss: 0.074804 | MSE: 0.074804 | RMSE: 0.273503 | MAE: 0.188191
  Val   - Loss: 0.065468 | MSE: 0.065468 | RMSE: 0.255867 | MAE: 0.165312
============================================================

✓ New best model saved! Val Loss: 0.065468

============================================================
Epoch 47/150
Learning Rate: 5.00e-04
============================================================

============================================================
Epoch 47 Summary:
  Train - Loss: 0.074145 | MSE: 0.074145 | RMSE: 0.272297 | MAE: 0.187339
  Val   - Loss: 0.066726 | MSE: 0.066726 | RMSE: 0.258313 | MAE: 0.171346
============================================================
No improvement for 1 epochs

============================================================
Epoch 48/150
Learning Rate: 5.00e-04
============================================================

============================================================
Epoch 48 Summary:
  Train - Loss: 0.073715 | MSE: 0.073715 | RMSE: 0.271506 | MAE: 0.186986
  Val   - Loss: 0.066507 | MSE: 0.066507 | RMSE: 0.257890 | MAE: 0.169249
============================================================
No improvement for 2 epochs

============================================================
Epoch 49/150
Learning Rate: 5.00e-04
============================================================

============================================================
Epoch 49 Summary:
  Train - Loss: 0.074036 | MSE: 0.074036 | RMSE: 0.272095 | MAE: 0.187213
  Val   - Loss: 0.067816 | MSE: 0.067816 | RMSE: 0.260415 | MAE: 0.173878
============================================================
No improvement for 3 epochs

============================================================
Epoch 50/150
Learning Rate: 5.00e-04
============================================================

============================================================
Epoch 50 Summary:
  Train - Loss: 0.073495 | MSE: 0.073495 | RMSE: 0.271100 | MAE: 0.186740
  Val   - Loss: 0.065963 | MSE: 0.065963 | RMSE: 0.256833 | MAE: 0.164528
============================================================
No improvement for 4 epochs
Checkpoint saved: src/trained_weights/UMambaMag_v2_STEAD_20251113_032606/model_epoch_50.pt

============================================================
Epoch 51/150
Learning Rate: 5.00e-04
============================================================

============================================================
Epoch 51 Summary:
  Train - Loss: 0.073619 | MSE: 0.073619 | RMSE: 0.271329 | MAE: 0.186569
  Val   - Loss: 0.067444 | MSE: 0.067444 | RMSE: 0.259699 | MAE: 0.168145
============================================================
No improvement for 5 epochs

============================================================
Epoch 52/150
Learning Rate: 5.00e-04
============================================================

============================================================
Epoch 52 Summary:
  Train - Loss: 0.073163 | MSE: 0.073163 | RMSE: 0.270486 | MAE: 0.186312
  Val   - Loss: 0.067542 | MSE: 0.067542 | RMSE: 0.259888 | MAE: 0.170402
============================================================
No improvement for 6 epochs

============================================================
Epoch 53/150
Learning Rate: 2.50e-04
============================================================

============================================================
Epoch 53 Summary:
  Train - Loss: 0.070776 | MSE: 0.070776 | RMSE: 0.266038 | MAE: 0.183050
  Val   - Loss: 0.064445 | MSE: 0.064445 | RMSE: 0.253860 | MAE: 0.162028
============================================================

✓ New best model saved! Val Loss: 0.064445

============================================================
Epoch 54/150
Learning Rate: 2.50e-04
============================================================

============================================================
Epoch 54 Summary:
  Train - Loss: 0.070470 | MSE: 0.070470 | RMSE: 0.265461 | MAE: 0.182303
  Val   - Loss: 0.064377 | MSE: 0.064377 | RMSE: 0.253726 | MAE: 0.165001
============================================================

✓ New best model saved! Val Loss: 0.064377

============================================================
Epoch 55/150
Learning Rate: 2.50e-04
============================================================

============================================================
Epoch 55 Summary:
  Train - Loss: 0.070266 | MSE: 0.070266 | RMSE: 0.265077 | MAE: 0.182209
  Val   - Loss: 0.064856 | MSE: 0.064856 | RMSE: 0.254669 | MAE: 0.164465
============================================================
No improvement for 1 epochs
Checkpoint saved: src/trained_weights/UMambaMag_v2_STEAD_20251113_032606/model_epoch_55.pt

============================================================
Epoch 56/150
Learning Rate: 2.50e-04
============================================================

============================================================
Epoch 56 Summary:
  Train - Loss: 0.069863 | MSE: 0.069863 | RMSE: 0.264316 | MAE: 0.182009
  Val   - Loss: 0.065305 | MSE: 0.065305 | RMSE: 0.255548 | MAE: 0.163245
============================================================
No improvement for 2 epochs

============================================================
Epoch 57/150
Learning Rate: 2.50e-04
============================================================

============================================================
Epoch 57 Summary:
  Train - Loss: 0.069878 | MSE: 0.069878 | RMSE: 0.264344 | MAE: 0.181768
  Val   - Loss: 0.063652 | MSE: 0.063652 | RMSE: 0.252294 | MAE: 0.162730
============================================================

✓ New best model saved! Val Loss: 0.063652

============================================================
Epoch 58/150
Learning Rate: 2.50e-04
============================================================

============================================================
Epoch 58 Summary:
  Train - Loss: 0.069485 | MSE: 0.069485 | RMSE: 0.263600 | MAE: 0.181407
  Val   - Loss: 0.064220 | MSE: 0.064220 | RMSE: 0.253417 | MAE: 0.162200
============================================================
No improvement for 1 epochs

============================================================
Epoch 59/150
Learning Rate: 2.50e-04
============================================================

============================================================
Epoch 59 Summary:
  Train - Loss: 0.069475 | MSE: 0.069475 | RMSE: 0.263580 | MAE: 0.181327
  Val   - Loss: 0.065296 | MSE: 0.065296 | RMSE: 0.255531 | MAE: 0.164701
============================================================
No improvement for 2 epochs

============================================================
Epoch 60/150
Learning Rate: 2.50e-04
============================================================

============================================================
Epoch 60 Summary:
  Train - Loss: 0.069627 | MSE: 0.069627 | RMSE: 0.263870 | MAE: 0.181412
  Val   - Loss: 0.063246 | MSE: 0.063246 | RMSE: 0.251488 | MAE: 0.161267
============================================================

✓ New best model saved! Val Loss: 0.063246
Checkpoint saved: src/trained_weights/UMambaMag_v2_STEAD_20251113_032606/model_epoch_60.pt

============================================================
Epoch 61/150
Learning Rate: 2.50e-04
============================================================

============================================================
Epoch 61 Summary:
  Train - Loss: 0.069525 | MSE: 0.069525 | RMSE: 0.263676 | MAE: 0.181298
  Val   - Loss: 0.063054 | MSE: 0.063054 | RMSE: 0.251105 | MAE: 0.161878
============================================================

✓ New best model saved! Val Loss: 0.063054

============================================================
Epoch 62/150
Learning Rate: 2.50e-04
============================================================

============================================================
Epoch 62 Summary:
  Train - Loss: 0.069072 | MSE: 0.069072 | RMSE: 0.262816 | MAE: 0.180811
  Val   - Loss: 0.063923 | MSE: 0.063923 | RMSE: 0.252829 | MAE: 0.161375
============================================================
No improvement for 1 epochs

============================================================
Epoch 63/150
Learning Rate: 2.50e-04
============================================================

============================================================
Epoch 63 Summary:
  Train - Loss: 0.068925 | MSE: 0.068925 | RMSE: 0.262535 | MAE: 0.180668
  Val   - Loss: 0.064621 | MSE: 0.064621 | RMSE: 0.254207 | MAE: 0.163892
============================================================
No improvement for 2 epochs

============================================================
Epoch 64/150
Learning Rate: 2.50e-04
============================================================

============================================================
Epoch 64 Summary:
  Train - Loss: 0.069261 | MSE: 0.069261 | RMSE: 0.263175 | MAE: 0.180930
  Val   - Loss: 0.063923 | MSE: 0.063923 | RMSE: 0.252830 | MAE: 0.162537
============================================================
No improvement for 3 epochs

============================================================
Epoch 65/150
Learning Rate: 2.50e-04
============================================================

============================================================
Epoch 65 Summary:
  Train - Loss: 0.069178 | MSE: 0.069178 | RMSE: 0.263016 | MAE: 0.180748
  Val   - Loss: 0.064349 | MSE: 0.064349 | RMSE: 0.253671 | MAE: 0.162782
============================================================
No improvement for 4 epochs
Checkpoint saved: src/trained_weights/UMambaMag_v2_STEAD_20251113_032606/model_epoch_65.pt

============================================================
Epoch 66/150
Learning Rate: 2.50e-04
============================================================

============================================================
Epoch 66 Summary:
  Train - Loss: 0.068704 | MSE: 0.068704 | RMSE: 0.262115 | MAE: 0.180440
  Val   - Loss: 0.065406 | MSE: 0.065406 | RMSE: 0.255745 | MAE: 0.165127
============================================================
No improvement for 5 epochs

============================================================
Epoch 67/150
Learning Rate: 2.50e-04
============================================================

============================================================
Epoch 67 Summary:
  Train - Loss: 0.068951 | MSE: 0.068951 | RMSE: 0.262586 | MAE: 0.180597
  Val   - Loss: 0.062924 | MSE: 0.062924 | RMSE: 0.250847 | MAE: 0.160534
============================================================

✓ New best model saved! Val Loss: 0.062924

============================================================
Epoch 68/150
Learning Rate: 2.50e-04
============================================================

============================================================
Epoch 68 Summary:
  Train - Loss: 0.068650 | MSE: 0.068650 | RMSE: 0.262011 | MAE: 0.180404
  Val   - Loss: 0.063489 | MSE: 0.063489 | RMSE: 0.251971 | MAE: 0.161165
============================================================
No improvement for 1 epochs

============================================================
Epoch 69/150
Learning Rate: 2.50e-04
============================================================

============================================================
Epoch 69 Summary:
  Train - Loss: 0.068701 | MSE: 0.068701 | RMSE: 0.262109 | MAE: 0.180354
  Val   - Loss: 0.063482 | MSE: 0.063482 | RMSE: 0.251956 | MAE: 0.160833
============================================================
No improvement for 2 epochs

============================================================
Epoch 70/150
Learning Rate: 2.50e-04
============================================================

============================================================
Epoch 70 Summary:
  Train - Loss: 0.068629 | MSE: 0.068629 | RMSE: 0.261971 | MAE: 0.180081
  Val   - Loss: 0.063659 | MSE: 0.063659 | RMSE: 0.252306 | MAE: 0.161462
============================================================
No improvement for 3 epochs
Checkpoint saved: src/trained_weights/UMambaMag_v2_STEAD_20251113_032606/model_epoch_70.pt

============================================================
Epoch 71/150
Learning Rate: 2.50e-04
============================================================

============================================================
Epoch 71 Summary:
  Train - Loss: 0.068749 | MSE: 0.068749 | RMSE: 0.262201 | MAE: 0.180032
  Val   - Loss: 0.064040 | MSE: 0.064040 | RMSE: 0.253061 | MAE: 0.163284
============================================================
No improvement for 4 epochs

============================================================
Epoch 72/150
Learning Rate: 2.50e-04
============================================================

============================================================
Epoch 72 Summary:
  Train - Loss: 0.068404 | MSE: 0.068404 | RMSE: 0.261541 | MAE: 0.179951
  Val   - Loss: 0.063852 | MSE: 0.063852 | RMSE: 0.252690 | MAE: 0.161569
============================================================
No improvement for 5 epochs

============================================================
Epoch 73/150
Learning Rate: 2.50e-04
============================================================

============================================================
Epoch 73 Summary:
  Train - Loss: 0.068427 | MSE: 0.068427 | RMSE: 0.261586 | MAE: 0.179973
  Val   - Loss: 0.063911 | MSE: 0.063911 | RMSE: 0.252806 | MAE: 0.160604
============================================================
No improvement for 6 epochs

============================================================
Epoch 74/150
Learning Rate: 1.25e-04
============================================================

============================================================
Epoch 74 Summary:
  Train - Loss: 0.067243 | MSE: 0.067243 | RMSE: 0.259312 | MAE: 0.178021
  Val   - Loss: 0.062935 | MSE: 0.062935 | RMSE: 0.250869 | MAE: 0.158973
============================================================
No improvement for 7 epochs

============================================================
Epoch 75/150
Learning Rate: 1.25e-04
============================================================

============================================================
Epoch 75 Summary:
  Train - Loss: 0.066900 | MSE: 0.066900 | RMSE: 0.258651 | MAE: 0.177735
  Val   - Loss: 0.062334 | MSE: 0.062334 | RMSE: 0.249668 | MAE: 0.159805
============================================================

✓ New best model saved! Val Loss: 0.062334
Checkpoint saved: src/trained_weights/UMambaMag_v2_STEAD_20251113_032606/model_epoch_75.pt

============================================================
Epoch 76/150
Learning Rate: 1.25e-04
============================================================

============================================================
Epoch 76 Summary:
  Train - Loss: 0.066558 | MSE: 0.066558 | RMSE: 0.257989 | MAE: 0.177634
  Val   - Loss: 0.060890 | MSE: 0.060890 | RMSE: 0.246758 | MAE: 0.159265
============================================================

✓ New best model saved! Val Loss: 0.060890

============================================================
Epoch 77/150
Learning Rate: 1.25e-04
============================================================

============================================================
Epoch 77 Summary:
  Train - Loss: 0.066387 | MSE: 0.066387 | RMSE: 0.257657 | MAE: 0.177450
  Val   - Loss: 0.062025 | MSE: 0.062025 | RMSE: 0.249048 | MAE: 0.159423
============================================================
No improvement for 1 epochs

============================================================
Epoch 78/150
Learning Rate: 1.25e-04
============================================================

============================================================
Epoch 78 Summary:
  Train - Loss: 0.066295 | MSE: 0.066295 | RMSE: 0.257479 | MAE: 0.177363
  Val   - Loss: 0.063175 | MSE: 0.063175 | RMSE: 0.251346 | MAE: 0.160850
============================================================
No improvement for 2 epochs

============================================================
Epoch 79/150
Learning Rate: 1.25e-04
============================================================

============================================================
Epoch 79 Summary:
  Train - Loss: 0.066554 | MSE: 0.066554 | RMSE: 0.257981 | MAE: 0.177279
  Val   - Loss: 0.062873 | MSE: 0.062873 | RMSE: 0.250745 | MAE: 0.158230
============================================================
No improvement for 3 epochs

============================================================
Epoch 80/150
Learning Rate: 1.25e-04
============================================================

============================================================
Epoch 80 Summary:
  Train - Loss: 0.066299 | MSE: 0.066299 | RMSE: 0.257485 | MAE: 0.177226
  Val   - Loss: 0.062360 | MSE: 0.062360 | RMSE: 0.249721 | MAE: 0.160633
============================================================
No improvement for 4 epochs
Checkpoint saved: src/trained_weights/UMambaMag_v2_STEAD_20251113_032606/model_epoch_80.pt

============================================================
Epoch 81/150
Learning Rate: 1.25e-04
============================================================

============================================================
Epoch 81 Summary:
  Train - Loss: 0.066437 | MSE: 0.066437 | RMSE: 0.257753 | MAE: 0.177261
  Val   - Loss: 0.061967 | MSE: 0.061967 | RMSE: 0.248931 | MAE: 0.158273
============================================================
No improvement for 5 epochs

============================================================
Epoch 82/150
Learning Rate: 1.25e-04
============================================================

============================================================
Epoch 82 Summary:
  Train - Loss: 0.066381 | MSE: 0.066381 | RMSE: 0.257645 | MAE: 0.177247
  Val   - Loss: 0.061701 | MSE: 0.061701 | RMSE: 0.248397 | MAE: 0.158043
============================================================
No improvement for 6 epochs

============================================================
Epoch 83/150
Learning Rate: 6.25e-05
============================================================

============================================================
Epoch 83 Summary:
  Train - Loss: 0.065680 | MSE: 0.065680 | RMSE: 0.256281 | MAE: 0.176333
  Val   - Loss: 0.062466 | MSE: 0.062466 | RMSE: 0.249932 | MAE: 0.159184
============================================================
No improvement for 7 epochs

============================================================
Epoch 84/150
Learning Rate: 6.25e-05
============================================================

============================================================
Epoch 84 Summary:
  Train - Loss: 0.065387 | MSE: 0.065387 | RMSE: 0.255708 | MAE: 0.176106
  Val   - Loss: 0.061666 | MSE: 0.061666 | RMSE: 0.248326 | MAE: 0.157970
============================================================
No improvement for 8 epochs

============================================================
Epoch 85/150
Learning Rate: 6.25e-05
============================================================

============================================================
Epoch 85 Summary:
  Train - Loss: 0.065502 | MSE: 0.065502 | RMSE: 0.255934 | MAE: 0.176100
  Val   - Loss: 0.061657 | MSE: 0.061657 | RMSE: 0.248308 | MAE: 0.157572
============================================================
No improvement for 9 epochs
Checkpoint saved: src/trained_weights/UMambaMag_v2_STEAD_20251113_032606/model_epoch_85.pt

============================================================
Epoch 86/150
Learning Rate: 6.25e-05
============================================================

============================================================
Epoch 86 Summary:
  Train - Loss: 0.065516 | MSE: 0.065516 | RMSE: 0.255961 | MAE: 0.176036
  Val   - Loss: 0.061296 | MSE: 0.061296 | RMSE: 0.247581 | MAE: 0.158729
============================================================
No improvement for 10 epochs

============================================================
Epoch 87/150
Learning Rate: 6.25e-05
============================================================

============================================================
Epoch 87 Summary:
  Train - Loss: 0.065432 | MSE: 0.065432 | RMSE: 0.255796 | MAE: 0.175860
  Val   - Loss: 0.061064 | MSE: 0.061064 | RMSE: 0.247112 | MAE: 0.158198
============================================================
No improvement for 11 epochs

============================================================
Epoch 88/150
Learning Rate: 6.25e-05
============================================================

============================================================
Epoch 88 Summary:
  Train - Loss: 0.065343 | MSE: 0.065343 | RMSE: 0.255623 | MAE: 0.175910
  Val   - Loss: 0.062148 | MSE: 0.062148 | RMSE: 0.249295 | MAE: 0.159336
============================================================
No improvement for 12 epochs

============================================================
Epoch 89/150
Learning Rate: 3.13e-05
============================================================

============================================================
Epoch 89 Summary:
  Train - Loss: 0.065155 | MSE: 0.065155 | RMSE: 0.255254 | MAE: 0.175535
  Val   - Loss: 0.059999 | MSE: 0.059999 | RMSE: 0.244947 | MAE: 0.156192
============================================================

✓ New best model saved! Val Loss: 0.059999

============================================================
Epoch 90/150
Learning Rate: 3.13e-05
============================================================

============================================================
Epoch 90 Summary:
  Train - Loss: 0.064874 | MSE: 0.064874 | RMSE: 0.254703 | MAE: 0.175625
  Val   - Loss: 0.060258 | MSE: 0.060258 | RMSE: 0.245476 | MAE: 0.156371
============================================================
No improvement for 1 epochs
Checkpoint saved: src/trained_weights/UMambaMag_v2_STEAD_20251113_032606/model_epoch_90.pt

============================================================
Epoch 91/150
Learning Rate: 3.13e-05
============================================================

============================================================
Epoch 91 Summary:
  Train - Loss: 0.064897 | MSE: 0.064897 | RMSE: 0.254749 | MAE: 0.175314
  Val   - Loss: 0.061859 | MSE: 0.061859 | RMSE: 0.248715 | MAE: 0.158168
============================================================
No improvement for 2 epochs

============================================================
Epoch 92/150
Learning Rate: 3.13e-05
============================================================

============================================================
Epoch 92 Summary:
  Train - Loss: 0.064707 | MSE: 0.064707 | RMSE: 0.254377 | MAE: 0.175002
  Val   - Loss: 0.061269 | MSE: 0.061269 | RMSE: 0.247526 | MAE: 0.156956
============================================================
No improvement for 3 epochs

============================================================
Epoch 93/150
Learning Rate: 3.13e-05
============================================================

============================================================
Epoch 93 Summary:
  Train - Loss: 0.064666 | MSE: 0.064666 | RMSE: 0.254295 | MAE: 0.175131
  Val   - Loss: 0.061642 | MSE: 0.061642 | RMSE: 0.248277 | MAE: 0.157141
============================================================
No improvement for 4 epochs

============================================================
Epoch 94/150
Learning Rate: 3.13e-05
============================================================

============================================================
Epoch 94 Summary:
  Train - Loss: 0.064801 | MSE: 0.064801 | RMSE: 0.254561 | MAE: 0.175156
  Val   - Loss: 0.061604 | MSE: 0.061604 | RMSE: 0.248201 | MAE: 0.157458
============================================================
No improvement for 5 epochs

============================================================
Epoch 95/150
Learning Rate: 3.13e-05
============================================================

============================================================
Epoch 95 Summary:
  Train - Loss: 0.064839 | MSE: 0.064839 | RMSE: 0.254635 | MAE: 0.175335
  Val   - Loss: 0.060525 | MSE: 0.060525 | RMSE: 0.246018 | MAE: 0.156950
============================================================
No improvement for 6 epochs
Checkpoint saved: src/trained_weights/UMambaMag_v2_STEAD_20251113_032606/model_epoch_95.pt

============================================================
Epoch 96/150
Learning Rate: 1.56e-05
============================================================

============================================================
Epoch 96 Summary:
  Train - Loss: 0.064726 | MSE: 0.064726 | RMSE: 0.254413 | MAE: 0.175065
  Val   - Loss: 0.062128 | MSE: 0.062128 | RMSE: 0.249255 | MAE: 0.157368
============================================================
No improvement for 7 epochs

============================================================
Epoch 97/150
Learning Rate: 1.56e-05
============================================================

============================================================
Epoch 97 Summary:
  Train - Loss: 0.064572 | MSE: 0.064572 | RMSE: 0.254111 | MAE: 0.174927
  Val   - Loss: 0.062511 | MSE: 0.062511 | RMSE: 0.250022 | MAE: 0.157601
============================================================
No improvement for 8 epochs

============================================================
Epoch 98/150
Learning Rate: 1.56e-05
============================================================

============================================================
Epoch 98 Summary:
  Train - Loss: 0.064253 | MSE: 0.064253 | RMSE: 0.253481 | MAE: 0.174718
  Val   - Loss: 0.060812 | MSE: 0.060812 | RMSE: 0.246600 | MAE: 0.156804
============================================================
No improvement for 9 epochs

============================================================
Epoch 99/150
Learning Rate: 1.56e-05
============================================================

============================================================
Epoch 99 Summary:
  Train - Loss: 0.064735 | MSE: 0.064735 | RMSE: 0.254431 | MAE: 0.174895
  Val   - Loss: 0.061489 | MSE: 0.061489 | RMSE: 0.247969 | MAE: 0.157898
============================================================
No improvement for 10 epochs

============================================================
Epoch 100/150
Learning Rate: 1.56e-05
============================================================

============================================================
Epoch 100 Summary:
  Train - Loss: 0.064512 | MSE: 0.064512 | RMSE: 0.253992 | MAE: 0.174780
  Val   - Loss: 0.061090 | MSE: 0.061090 | RMSE: 0.247164 | MAE: 0.157198
============================================================
No improvement for 11 epochs
Checkpoint saved: src/trained_weights/UMambaMag_v2_STEAD_20251113_032606/model_epoch_100.pt

============================================================
Epoch 101/150
Learning Rate: 1.56e-05
============================================================

============================================================
Epoch 101 Summary:
  Train - Loss: 0.064384 | MSE: 0.064384 | RMSE: 0.253739 | MAE: 0.174846
  Val   - Loss: 0.062162 | MSE: 0.062162 | RMSE: 0.249324 | MAE: 0.158145
============================================================
No improvement for 12 epochs

============================================================
Epoch 102/150
Learning Rate: 7.81e-06
============================================================

============================================================
Epoch 102 Summary:
  Train - Loss: 0.064679 | MSE: 0.064679 | RMSE: 0.254321 | MAE: 0.175020
  Val   - Loss: 0.061431 | MSE: 0.061431 | RMSE: 0.247852 | MAE: 0.157833
============================================================
No improvement for 13 epochs

============================================================
Epoch 103/150
Learning Rate: 7.81e-06
============================================================

============================================================
Epoch 103 Summary:
  Train - Loss: 0.064624 | MSE: 0.064624 | RMSE: 0.254213 | MAE: 0.174791
  Val   - Loss: 0.061531 | MSE: 0.061531 | RMSE: 0.248054 | MAE: 0.157710
============================================================
No improvement for 14 epochs

============================================================
Epoch 104/150
Learning Rate: 7.81e-06
============================================================

============================================================
Epoch 104 Summary:
  Train - Loss: 0.064326 | MSE: 0.064326 | RMSE: 0.253625 | MAE: 0.174621
  Val   - Loss: 0.060230 | MSE: 0.060230 | RMSE: 0.245417 | MAE: 0.156796
============================================================
No improvement for 15 epochs

Early stopping triggered after 15 epochs without improvement
Best validation loss: 0.059999

Final model saved: src/trained_weights/UMambaMag_v2_STEAD_20251113_032606/model_final.pt
Training history saved: src/trained_weights/UMambaMag_v2_STEAD_20251113_032606/training_history_20251113_032606.pt

============================================================
TRAINING COMPLETED
============================================================
Best validation loss: 0.059999
Best validation RMSE: 0.244947
Final train loss: 0.064326
Final val loss: 0.060230
Total Training Time: 25:47:53
============================================================
==================================================

