2025-11-16 03:54:36,059 | seisbench | WARNING | Setting remote root to: https://seisbench.gfz.de/mirror/
Please note that this can affect your download speed.
2025-11-16 03:54:47,509 | seisbench | WARNING | Output component order not specified, defaulting to 'ZNE'.
2025-11-16 03:54:53,743 | seisbench | WARNING | Skipping preload, as cache is disabled.
2025-11-16 03:54:59,101 | seisbench | WARNING | Skipping preload, as cache is disabled.
/home/quenton.yeo/code/.venv/lib/python3.11/site-packages/torch/optim/lr_scheduler.py:60: UserWarning: The verbose parameter is deprecated. Please use get_last_lr() to access the learning rate.
  warnings.warn(

==================================================
LOADING DATA
==================================================
STEAD dataset loaded: 1265657 samples

Training umamba_mag_v2 on STEAD for 150 epochs...
Model moved to cuda:3
Training UMamba V2 Magnitude Estimator model (encoder-only with pooling)

============================================================
TRAINING UMAMBAMAG V2 (ENCODER-ONLY WITH POOLING)
============================================================
Model: UMambaMag_v2_STEAD
Dataset: STEAD
Batch size: 128
Learning rate: 0.001
Epochs: 150
Warmup epochs: 5
============================================================
Model is on device: cuda:3
Total parameters: 17,741
Trainable parameters: 17,741

Loading data...
Train batches: 8405
Dev batches: 495

Saving models to: src/trained_weights/UMambaMag_v2_STEAD_20251116_035459


============================================================
Epoch 1/150
Learning Rate: 2.00e-04
============================================================

============================================================
Epoch 1 Summary:
  Train - Loss: 0.486110 | MSE: 0.486110 | RMSE: 0.697216 | MAE: 0.493309
  Val   - Loss: 0.315438 | MSE: 0.315438 | RMSE: 0.561639 | MAE: 0.387506
============================================================

✓ New best model saved! Val Loss: 0.315438

============================================================
Epoch 2/150
Learning Rate: 4.00e-04
============================================================

============================================================
Epoch 2 Summary:
  Train - Loss: 0.324165 | MSE: 0.324165 | RMSE: 0.569355 | MAE: 0.402448
  Val   - Loss: 0.251607 | MSE: 0.251607 | RMSE: 0.501604 | MAE: 0.345236
============================================================

✓ New best model saved! Val Loss: 0.251607

============================================================
Epoch 3/150
Learning Rate: 6.00e-04
============================================================

============================================================
Epoch 3 Summary:
  Train - Loss: 0.273535 | MSE: 0.273535 | RMSE: 0.523005 | MAE: 0.370541
  Val   - Loss: 0.231587 | MSE: 0.231587 | RMSE: 0.481235 | MAE: 0.327048
============================================================

✓ New best model saved! Val Loss: 0.231587

============================================================
Epoch 4/150
Learning Rate: 8.00e-04
============================================================

============================================================
Epoch 4 Summary:
  Train - Loss: 0.245436 | MSE: 0.245436 | RMSE: 0.495415 | MAE: 0.349202
  Val   - Loss: 0.202831 | MSE: 0.202831 | RMSE: 0.450368 | MAE: 0.310903
============================================================

✓ New best model saved! Val Loss: 0.202831

============================================================
Epoch 5/150
Learning Rate: 1.00e-03
============================================================

============================================================
Epoch 5 Summary:
  Train - Loss: 0.227183 | MSE: 0.227183 | RMSE: 0.476637 | MAE: 0.335992
  Val   - Loss: 0.190985 | MSE: 0.190985 | RMSE: 0.437019 | MAE: 0.294635
============================================================

✓ New best model saved! Val Loss: 0.190985
Checkpoint saved: src/trained_weights/UMambaMag_v2_STEAD_20251116_035459/model_epoch_5.pt

============================================================
Epoch 6/150
Learning Rate: 1.00e-03
============================================================

============================================================
Epoch 6 Summary:
  Train - Loss: 0.208631 | MSE: 0.208631 | RMSE: 0.456761 | MAE: 0.323210
  Val   - Loss: 0.178749 | MSE: 0.178749 | RMSE: 0.422788 | MAE: 0.282671
============================================================

✓ New best model saved! Val Loss: 0.178749

============================================================
Epoch 7/150
Learning Rate: 1.00e-03
============================================================

============================================================
Epoch 7 Summary:
  Train - Loss: 0.198079 | MSE: 0.198079 | RMSE: 0.445060 | MAE: 0.314429
  Val   - Loss: 0.183805 | MSE: 0.183805 | RMSE: 0.428725 | MAE: 0.297752
============================================================
No improvement for 1 epochs

============================================================
Epoch 8/150
Learning Rate: 1.00e-03
============================================================

============================================================
Epoch 8 Summary:
  Train - Loss: 0.191372 | MSE: 0.191372 | RMSE: 0.437460 | MAE: 0.308883
  Val   - Loss: 0.169444 | MSE: 0.169444 | RMSE: 0.411635 | MAE: 0.278350
============================================================

✓ New best model saved! Val Loss: 0.169444

============================================================
Epoch 9/150
Learning Rate: 1.00e-03
============================================================

============================================================
Epoch 9 Summary:
  Train - Loss: 0.186768 | MSE: 0.186768 | RMSE: 0.432167 | MAE: 0.304978
  Val   - Loss: 0.159703 | MSE: 0.159703 | RMSE: 0.399628 | MAE: 0.270929
============================================================

✓ New best model saved! Val Loss: 0.159703

============================================================
Epoch 10/150
Learning Rate: 1.00e-03
============================================================

============================================================
Epoch 10 Summary:
  Train - Loss: 0.181871 | MSE: 0.181871 | RMSE: 0.426463 | MAE: 0.301213
  Val   - Loss: 0.155793 | MSE: 0.155793 | RMSE: 0.394707 | MAE: 0.267530
============================================================

✓ New best model saved! Val Loss: 0.155793
Checkpoint saved: src/trained_weights/UMambaMag_v2_STEAD_20251116_035459/model_epoch_10.pt

============================================================
Epoch 11/150
Learning Rate: 1.00e-03
============================================================

============================================================
Epoch 11 Summary:
  Train - Loss: 0.180171 | MSE: 0.180171 | RMSE: 0.424465 | MAE: 0.299342
  Val   - Loss: 0.153276 | MSE: 0.153276 | RMSE: 0.391505 | MAE: 0.259880
============================================================

✓ New best model saved! Val Loss: 0.153276

============================================================
Epoch 12/150
Learning Rate: 1.00e-03
============================================================

============================================================
Epoch 12 Summary:
  Train - Loss: 0.176748 | MSE: 0.176748 | RMSE: 0.420414 | MAE: 0.296413
  Val   - Loss: 0.148965 | MSE: 0.148965 | RMSE: 0.385959 | MAE: 0.257280
============================================================

✓ New best model saved! Val Loss: 0.148965

============================================================
Epoch 13/150
Learning Rate: 1.00e-03
============================================================

============================================================
Epoch 13 Summary:
  Train - Loss: 0.174077 | MSE: 0.174077 | RMSE: 0.417226 | MAE: 0.294132
  Val   - Loss: 0.150495 | MSE: 0.150495 | RMSE: 0.387937 | MAE: 0.263399
============================================================
No improvement for 1 epochs

============================================================
Epoch 14/150
Learning Rate: 1.00e-03
============================================================

============================================================
Epoch 14 Summary:
  Train - Loss: 0.172228 | MSE: 0.172228 | RMSE: 0.415004 | MAE: 0.292778
  Val   - Loss: 0.154073 | MSE: 0.154073 | RMSE: 0.392522 | MAE: 0.263772
============================================================
No improvement for 2 epochs

============================================================
Epoch 15/150
Learning Rate: 1.00e-03
============================================================

============================================================
Epoch 15 Summary:
  Train - Loss: 0.171336 | MSE: 0.171336 | RMSE: 0.413927 | MAE: 0.291625
  Val   - Loss: 0.152693 | MSE: 0.152693 | RMSE: 0.390759 | MAE: 0.263246
============================================================
No improvement for 3 epochs
Checkpoint saved: src/trained_weights/UMambaMag_v2_STEAD_20251116_035459/model_epoch_15.pt

============================================================
Epoch 16/150
Learning Rate: 1.00e-03
============================================================

============================================================
Epoch 16 Summary:
  Train - Loss: 0.169612 | MSE: 0.169612 | RMSE: 0.411839 | MAE: 0.290014
  Val   - Loss: 0.143378 | MSE: 0.143378 | RMSE: 0.378653 | MAE: 0.252072
============================================================

✓ New best model saved! Val Loss: 0.143378

============================================================
Epoch 17/150
Learning Rate: 1.00e-03
============================================================

============================================================
Epoch 17 Summary:
  Train - Loss: 0.168648 | MSE: 0.168648 | RMSE: 0.410668 | MAE: 0.288920
  Val   - Loss: 0.154055 | MSE: 0.154055 | RMSE: 0.392498 | MAE: 0.264056
============================================================
No improvement for 1 epochs

============================================================
Epoch 18/150
Learning Rate: 1.00e-03
============================================================

============================================================
Epoch 18 Summary:
  Train - Loss: 0.167043 | MSE: 0.167043 | RMSE: 0.408709 | MAE: 0.287807
  Val   - Loss: 0.147296 | MSE: 0.147296 | RMSE: 0.383792 | MAE: 0.261013
============================================================
No improvement for 2 epochs

============================================================
Epoch 19/150
Learning Rate: 1.00e-03
============================================================

============================================================
Epoch 19 Summary:
  Train - Loss: 0.166194 | MSE: 0.166194 | RMSE: 0.407669 | MAE: 0.287045
  Val   - Loss: 0.143888 | MSE: 0.143888 | RMSE: 0.379325 | MAE: 0.259501
============================================================
No improvement for 3 epochs

============================================================
Epoch 20/150
Learning Rate: 1.00e-03
============================================================

============================================================
Epoch 20 Summary:
  Train - Loss: 0.164869 | MSE: 0.164869 | RMSE: 0.406041 | MAE: 0.286083
  Val   - Loss: 0.141011 | MSE: 0.141011 | RMSE: 0.375514 | MAE: 0.252311
============================================================

✓ New best model saved! Val Loss: 0.141011
Checkpoint saved: src/trained_weights/UMambaMag_v2_STEAD_20251116_035459/model_epoch_20.pt

============================================================
Epoch 21/150
Learning Rate: 1.00e-03
============================================================

============================================================
Epoch 21 Summary:
  Train - Loss: 0.163517 | MSE: 0.163517 | RMSE: 0.404372 | MAE: 0.284974
  Val   - Loss: 0.155700 | MSE: 0.155700 | RMSE: 0.394589 | MAE: 0.270161
============================================================
No improvement for 1 epochs

============================================================
Epoch 22/150
Learning Rate: 1.00e-03
============================================================

============================================================
Epoch 22 Summary:
  Train - Loss: 0.163133 | MSE: 0.163133 | RMSE: 0.403897 | MAE: 0.284371
  Val   - Loss: 0.138534 | MSE: 0.138534 | RMSE: 0.372202 | MAE: 0.250040
============================================================

✓ New best model saved! Val Loss: 0.138534

============================================================
Epoch 23/150
Learning Rate: 1.00e-03
============================================================

============================================================
Epoch 23 Summary:
  Train - Loss: 0.161759 | MSE: 0.161759 | RMSE: 0.402193 | MAE: 0.283329
  Val   - Loss: 0.139401 | MSE: 0.139401 | RMSE: 0.373364 | MAE: 0.255429
============================================================
No improvement for 1 epochs

============================================================
Epoch 24/150
Learning Rate: 1.00e-03
============================================================

============================================================
Epoch 24 Summary:
  Train - Loss: 0.161631 | MSE: 0.161631 | RMSE: 0.402034 | MAE: 0.283106
  Val   - Loss: 0.136246 | MSE: 0.136246 | RMSE: 0.369115 | MAE: 0.246858
============================================================

✓ New best model saved! Val Loss: 0.136246

============================================================
Epoch 25/150
Learning Rate: 1.00e-03
============================================================

============================================================
Epoch 25 Summary:
  Train - Loss: 0.161263 | MSE: 0.161263 | RMSE: 0.401576 | MAE: 0.282268
  Val   - Loss: 0.136066 | MSE: 0.136066 | RMSE: 0.368872 | MAE: 0.243758
============================================================

✓ New best model saved! Val Loss: 0.136066
Checkpoint saved: src/trained_weights/UMambaMag_v2_STEAD_20251116_035459/model_epoch_25.pt

============================================================
Epoch 26/150
Learning Rate: 1.00e-03
============================================================

============================================================
Epoch 26 Summary:
  Train - Loss: 0.159906 | MSE: 0.159906 | RMSE: 0.399883 | MAE: 0.281731
  Val   - Loss: 0.138359 | MSE: 0.138359 | RMSE: 0.371966 | MAE: 0.244754
============================================================
No improvement for 1 epochs

============================================================
Epoch 27/150
Learning Rate: 1.00e-03
============================================================

============================================================
Epoch 27 Summary:
  Train - Loss: 0.159213 | MSE: 0.159213 | RMSE: 0.399015 | MAE: 0.281002
  Val   - Loss: 0.136873 | MSE: 0.136873 | RMSE: 0.369964 | MAE: 0.247996
============================================================
No improvement for 2 epochs

============================================================
Epoch 28/150
Learning Rate: 1.00e-03
============================================================

============================================================
Epoch 28 Summary:
  Train - Loss: 0.159069 | MSE: 0.159069 | RMSE: 0.398835 | MAE: 0.280799
  Val   - Loss: 0.132876 | MSE: 0.132876 | RMSE: 0.364521 | MAE: 0.244662
============================================================

✓ New best model saved! Val Loss: 0.132876

============================================================
Epoch 29/150
Learning Rate: 1.00e-03
============================================================

============================================================
Epoch 29 Summary:
  Train - Loss: 0.158436 | MSE: 0.158436 | RMSE: 0.398040 | MAE: 0.279918
  Val   - Loss: 0.135388 | MSE: 0.135388 | RMSE: 0.367950 | MAE: 0.244927
============================================================
No improvement for 1 epochs

============================================================
Epoch 30/150
Learning Rate: 1.00e-03
============================================================

============================================================
Epoch 30 Summary:
  Train - Loss: 0.157591 | MSE: 0.157591 | RMSE: 0.396978 | MAE: 0.279588
  Val   - Loss: 0.138702 | MSE: 0.138702 | RMSE: 0.372427 | MAE: 0.247911
============================================================
No improvement for 2 epochs
Checkpoint saved: src/trained_weights/UMambaMag_v2_STEAD_20251116_035459/model_epoch_30.pt

============================================================
Epoch 31/150
Learning Rate: 1.00e-03
============================================================

============================================================
Epoch 31 Summary:
  Train - Loss: 0.157732 | MSE: 0.157732 | RMSE: 0.397155 | MAE: 0.279432
  Val   - Loss: 0.131830 | MSE: 0.131830 | RMSE: 0.363084 | MAE: 0.243533
============================================================

✓ New best model saved! Val Loss: 0.131830

============================================================
Epoch 32/150
Learning Rate: 1.00e-03
============================================================

============================================================
Epoch 32 Summary:
  Train - Loss: 0.157158 | MSE: 0.157158 | RMSE: 0.396432 | MAE: 0.278829
  Val   - Loss: 0.133247 | MSE: 0.133247 | RMSE: 0.365030 | MAE: 0.244045
============================================================
No improvement for 1 epochs

============================================================
Epoch 33/150
Learning Rate: 1.00e-03
============================================================

============================================================
Epoch 33 Summary:
  Train - Loss: 0.156719 | MSE: 0.156719 | RMSE: 0.395877 | MAE: 0.278501
  Val   - Loss: 0.137178 | MSE: 0.137178 | RMSE: 0.370376 | MAE: 0.247927
============================================================
No improvement for 2 epochs

============================================================
Epoch 34/150
Learning Rate: 1.00e-03
============================================================

============================================================
Epoch 34 Summary:
  Train - Loss: 0.156253 | MSE: 0.156253 | RMSE: 0.395288 | MAE: 0.278127
  Val   - Loss: 0.135145 | MSE: 0.135145 | RMSE: 0.367620 | MAE: 0.242779
============================================================
No improvement for 3 epochs

============================================================
Epoch 35/150
Learning Rate: 1.00e-03
============================================================

============================================================
Epoch 35 Summary:
  Train - Loss: 0.155302 | MSE: 0.155302 | RMSE: 0.394084 | MAE: 0.277512
  Val   - Loss: 0.133207 | MSE: 0.133207 | RMSE: 0.364976 | MAE: 0.244141
============================================================
No improvement for 4 epochs
Checkpoint saved: src/trained_weights/UMambaMag_v2_STEAD_20251116_035459/model_epoch_35.pt

============================================================
Epoch 36/150
Learning Rate: 1.00e-03
============================================================

============================================================
Epoch 36 Summary:
  Train - Loss: 0.154850 | MSE: 0.154850 | RMSE: 0.393509 | MAE: 0.276899
  Val   - Loss: 0.140381 | MSE: 0.140381 | RMSE: 0.374675 | MAE: 0.254828
============================================================
No improvement for 5 epochs

============================================================
Epoch 37/150
Learning Rate: 1.00e-03
============================================================

============================================================
Epoch 37 Summary:
  Train - Loss: 0.155012 | MSE: 0.155012 | RMSE: 0.393715 | MAE: 0.276877
  Val   - Loss: 0.135755 | MSE: 0.135755 | RMSE: 0.368450 | MAE: 0.247671
============================================================
No improvement for 6 epochs

============================================================
Epoch 38/150
Learning Rate: 5.00e-04
============================================================

============================================================
Epoch 38 Summary:
  Train - Loss: 0.148791 | MSE: 0.148791 | RMSE: 0.385735 | MAE: 0.271250
  Val   - Loss: 0.129545 | MSE: 0.129545 | RMSE: 0.359924 | MAE: 0.239877
============================================================

✓ New best model saved! Val Loss: 0.129545

============================================================
Epoch 39/150
Learning Rate: 5.00e-04
============================================================

============================================================
Epoch 39 Summary:
  Train - Loss: 0.148238 | MSE: 0.148238 | RMSE: 0.385016 | MAE: 0.270653
  Val   - Loss: 0.126368 | MSE: 0.126368 | RMSE: 0.355483 | MAE: 0.235341
============================================================

✓ New best model saved! Val Loss: 0.126368

============================================================
Epoch 40/150
Learning Rate: 5.00e-04
============================================================

============================================================
Epoch 40 Summary:
  Train - Loss: 0.148136 | MSE: 0.148136 | RMSE: 0.384885 | MAE: 0.270616
  Val   - Loss: 0.128227 | MSE: 0.128227 | RMSE: 0.358088 | MAE: 0.236186
============================================================
No improvement for 1 epochs
Checkpoint saved: src/trained_weights/UMambaMag_v2_STEAD_20251116_035459/model_epoch_40.pt

============================================================
Epoch 41/150
Learning Rate: 5.00e-04
============================================================

============================================================
Epoch 41 Summary:
  Train - Loss: 0.147773 | MSE: 0.147773 | RMSE: 0.384413 | MAE: 0.270312
  Val   - Loss: 0.126416 | MSE: 0.126416 | RMSE: 0.355550 | MAE: 0.234895
============================================================
No improvement for 2 epochs

============================================================
Epoch 42/150
Learning Rate: 5.00e-04
============================================================

============================================================
Epoch 42 Summary:
  Train - Loss: 0.147155 | MSE: 0.147155 | RMSE: 0.383608 | MAE: 0.269675
  Val   - Loss: 0.126565 | MSE: 0.126565 | RMSE: 0.355760 | MAE: 0.236639
============================================================
No improvement for 3 epochs

============================================================
Epoch 43/150
Learning Rate: 5.00e-04
============================================================

============================================================
Epoch 43 Summary:
  Train - Loss: 0.147173 | MSE: 0.147173 | RMSE: 0.383632 | MAE: 0.269771
  Val   - Loss: 0.125388 | MSE: 0.125388 | RMSE: 0.354101 | MAE: 0.236805
============================================================

✓ New best model saved! Val Loss: 0.125388

============================================================
Epoch 44/150
Learning Rate: 5.00e-04
============================================================

============================================================
Epoch 44 Summary:
  Train - Loss: 0.146581 | MSE: 0.146581 | RMSE: 0.382860 | MAE: 0.269217
  Val   - Loss: 0.123887 | MSE: 0.123887 | RMSE: 0.351976 | MAE: 0.235689
============================================================

✓ New best model saved! Val Loss: 0.123887

============================================================
Epoch 45/150
Learning Rate: 5.00e-04
============================================================

============================================================
Epoch 45 Summary:
  Train - Loss: 0.146365 | MSE: 0.146365 | RMSE: 0.382577 | MAE: 0.269145
  Val   - Loss: 0.129039 | MSE: 0.129039 | RMSE: 0.359220 | MAE: 0.239310
============================================================
No improvement for 1 epochs
Checkpoint saved: src/trained_weights/UMambaMag_v2_STEAD_20251116_035459/model_epoch_45.pt

============================================================
Epoch 46/150
Learning Rate: 5.00e-04
============================================================

============================================================
Epoch 46 Summary:
  Train - Loss: 0.146526 | MSE: 0.146526 | RMSE: 0.382787 | MAE: 0.269104
  Val   - Loss: 0.123910 | MSE: 0.123910 | RMSE: 0.352008 | MAE: 0.234987
============================================================
No improvement for 2 epochs

============================================================
Epoch 47/150
Learning Rate: 5.00e-04
============================================================

============================================================
Epoch 47 Summary:
  Train - Loss: 0.146669 | MSE: 0.146669 | RMSE: 0.382975 | MAE: 0.268928
  Val   - Loss: 0.124278 | MSE: 0.124278 | RMSE: 0.352532 | MAE: 0.234957
============================================================
No improvement for 3 epochs

============================================================
Epoch 48/150
Learning Rate: 5.00e-04
============================================================

============================================================
Epoch 48 Summary:
  Train - Loss: 0.146285 | MSE: 0.146285 | RMSE: 0.382473 | MAE: 0.268770
  Val   - Loss: 0.121356 | MSE: 0.121356 | RMSE: 0.348362 | MAE: 0.229865
============================================================

✓ New best model saved! Val Loss: 0.121356

============================================================
Epoch 49/150
Learning Rate: 5.00e-04
============================================================

============================================================
Epoch 49 Summary:
  Train - Loss: 0.146511 | MSE: 0.146511 | RMSE: 0.382768 | MAE: 0.268577
  Val   - Loss: 0.122337 | MSE: 0.122337 | RMSE: 0.349767 | MAE: 0.234028
============================================================
No improvement for 1 epochs

============================================================
Epoch 50/150
Learning Rate: 5.00e-04
============================================================

============================================================
Epoch 50 Summary:
  Train - Loss: 0.145716 | MSE: 0.145716 | RMSE: 0.381728 | MAE: 0.268459
  Val   - Loss: 0.124110 | MSE: 0.124110 | RMSE: 0.352292 | MAE: 0.232072
============================================================
No improvement for 2 epochs
Checkpoint saved: src/trained_weights/UMambaMag_v2_STEAD_20251116_035459/model_epoch_50.pt

============================================================
Epoch 51/150
Learning Rate: 5.00e-04
============================================================

============================================================
Epoch 51 Summary:
  Train - Loss: 0.145525 | MSE: 0.145525 | RMSE: 0.381478 | MAE: 0.268203
  Val   - Loss: 0.125261 | MSE: 0.125261 | RMSE: 0.353923 | MAE: 0.238458
============================================================
No improvement for 3 epochs

============================================================
Epoch 52/150
Learning Rate: 5.00e-04
============================================================

============================================================
Epoch 52 Summary:
  Train - Loss: 0.145542 | MSE: 0.145542 | RMSE: 0.381500 | MAE: 0.268055
  Val   - Loss: 0.128907 | MSE: 0.128907 | RMSE: 0.359036 | MAE: 0.234817
============================================================
No improvement for 4 epochs

============================================================
Epoch 53/150
Learning Rate: 5.00e-04
============================================================

============================================================
Epoch 53 Summary:
  Train - Loss: 0.145632 | MSE: 0.145632 | RMSE: 0.381618 | MAE: 0.268105
  Val   - Loss: 0.123633 | MSE: 0.123633 | RMSE: 0.351615 | MAE: 0.231402
============================================================
No improvement for 5 epochs

============================================================
Epoch 54/150
Learning Rate: 5.00e-04
============================================================

============================================================
Epoch 54 Summary:
  Train - Loss: 0.145113 | MSE: 0.145113 | RMSE: 0.380937 | MAE: 0.267864
  Val   - Loss: 0.127479 | MSE: 0.127479 | RMSE: 0.357043 | MAE: 0.243927
============================================================
No improvement for 6 epochs

============================================================
Epoch 55/150
Learning Rate: 2.50e-04
============================================================

============================================================
Epoch 55 Summary:
  Train - Loss: 0.142387 | MSE: 0.142387 | RMSE: 0.377341 | MAE: 0.264938
  Val   - Loss: 0.121195 | MSE: 0.121195 | RMSE: 0.348131 | MAE: 0.232031
============================================================

✓ New best model saved! Val Loss: 0.121195
Checkpoint saved: src/trained_weights/UMambaMag_v2_STEAD_20251116_035459/model_epoch_55.pt

============================================================
Epoch 56/150
Learning Rate: 2.50e-04
============================================================

============================================================
Epoch 56 Summary:
  Train - Loss: 0.141709 | MSE: 0.141709 | RMSE: 0.376442 | MAE: 0.264513
  Val   - Loss: 0.121552 | MSE: 0.121552 | RMSE: 0.348644 | MAE: 0.230406
============================================================
No improvement for 1 epochs

============================================================
Epoch 57/150
Learning Rate: 2.50e-04
============================================================

============================================================
Epoch 57 Summary:
  Train - Loss: 0.141643 | MSE: 0.141643 | RMSE: 0.376355 | MAE: 0.264430
  Val   - Loss: 0.120748 | MSE: 0.120748 | RMSE: 0.347488 | MAE: 0.233169
============================================================

✓ New best model saved! Val Loss: 0.120748

============================================================
Epoch 58/150
Learning Rate: 2.50e-04
============================================================

============================================================
Epoch 58 Summary:
  Train - Loss: 0.141830 | MSE: 0.141830 | RMSE: 0.376603 | MAE: 0.264545
  Val   - Loss: 0.120233 | MSE: 0.120233 | RMSE: 0.346747 | MAE: 0.229119
============================================================

✓ New best model saved! Val Loss: 0.120233

============================================================
Epoch 59/150
Learning Rate: 2.50e-04
============================================================

============================================================
Epoch 59 Summary:
  Train - Loss: 0.141572 | MSE: 0.141572 | RMSE: 0.376260 | MAE: 0.264275
  Val   - Loss: 0.121594 | MSE: 0.121594 | RMSE: 0.348704 | MAE: 0.230002
============================================================
No improvement for 1 epochs

============================================================
Epoch 60/150
Learning Rate: 2.50e-04
============================================================

============================================================
Epoch 60 Summary:
  Train - Loss: 0.141812 | MSE: 0.141812 | RMSE: 0.376580 | MAE: 0.264556
  Val   - Loss: 0.122126 | MSE: 0.122126 | RMSE: 0.349465 | MAE: 0.232229
============================================================
No improvement for 2 epochs
Checkpoint saved: src/trained_weights/UMambaMag_v2_STEAD_20251116_035459/model_epoch_60.pt

============================================================
Epoch 61/150
Learning Rate: 2.50e-04
============================================================

============================================================
Epoch 61 Summary:
  Train - Loss: 0.141429 | MSE: 0.141429 | RMSE: 0.376071 | MAE: 0.264230
  Val   - Loss: 0.121079 | MSE: 0.121079 | RMSE: 0.347964 | MAE: 0.233349
============================================================
No improvement for 3 epochs

============================================================
Epoch 62/150
Learning Rate: 2.50e-04
============================================================

============================================================
Epoch 62 Summary:
  Train - Loss: 0.140995 | MSE: 0.140995 | RMSE: 0.375492 | MAE: 0.263764
  Val   - Loss: 0.123524 | MSE: 0.123524 | RMSE: 0.351460 | MAE: 0.231628
============================================================
No improvement for 4 epochs

============================================================
Epoch 63/150
Learning Rate: 2.50e-04
============================================================

============================================================
Epoch 63 Summary:
  Train - Loss: 0.141021 | MSE: 0.141021 | RMSE: 0.375527 | MAE: 0.263934
  Val   - Loss: 0.120799 | MSE: 0.120799 | RMSE: 0.347562 | MAE: 0.235973
============================================================
No improvement for 5 epochs

============================================================
Epoch 64/150
Learning Rate: 2.50e-04
============================================================

============================================================
Epoch 64 Summary:
  Train - Loss: 0.141490 | MSE: 0.141490 | RMSE: 0.376151 | MAE: 0.264110
  Val   - Loss: 0.123033 | MSE: 0.123033 | RMSE: 0.350761 | MAE: 0.231007
============================================================
No improvement for 6 epochs

============================================================
Epoch 65/150
Learning Rate: 1.25e-04
============================================================

============================================================
Epoch 65 Summary:
  Train - Loss: 0.140245 | MSE: 0.140245 | RMSE: 0.374494 | MAE: 0.263115
  Val   - Loss: 0.118702 | MSE: 0.118702 | RMSE: 0.344531 | MAE: 0.228800
============================================================

✓ New best model saved! Val Loss: 0.118702
Checkpoint saved: src/trained_weights/UMambaMag_v2_STEAD_20251116_035459/model_epoch_65.pt

============================================================
Epoch 66/150
Learning Rate: 1.25e-04
============================================================

============================================================
Epoch 66 Summary:
  Train - Loss: 0.139358 | MSE: 0.139358 | RMSE: 0.373307 | MAE: 0.262535
  Val   - Loss: 0.119389 | MSE: 0.119389 | RMSE: 0.345528 | MAE: 0.230619
============================================================
No improvement for 1 epochs

============================================================
Epoch 67/150
Learning Rate: 1.25e-04
============================================================

============================================================
Epoch 67 Summary:
  Train - Loss: 0.139781 | MSE: 0.139781 | RMSE: 0.373873 | MAE: 0.262286
  Val   - Loss: 0.119906 | MSE: 0.119906 | RMSE: 0.346274 | MAE: 0.229045
============================================================
No improvement for 2 epochs

============================================================
Epoch 68/150
Learning Rate: 1.25e-04
============================================================

============================================================
Epoch 68 Summary:
  Train - Loss: 0.139508 | MSE: 0.139508 | RMSE: 0.373507 | MAE: 0.262315
  Val   - Loss: 0.119034 | MSE: 0.119034 | RMSE: 0.345013 | MAE: 0.228625
============================================================
No improvement for 3 epochs

============================================================
Epoch 69/150
Learning Rate: 1.25e-04
============================================================

============================================================
Epoch 69 Summary:
  Train - Loss: 0.139149 | MSE: 0.139149 | RMSE: 0.373026 | MAE: 0.262085
  Val   - Loss: 0.117976 | MSE: 0.117976 | RMSE: 0.343477 | MAE: 0.228637
============================================================

✓ New best model saved! Val Loss: 0.117976

============================================================
Epoch 70/150
Learning Rate: 1.25e-04
============================================================

============================================================
Epoch 70 Summary:
  Train - Loss: 0.139378 | MSE: 0.139378 | RMSE: 0.373333 | MAE: 0.262081
  Val   - Loss: 0.118462 | MSE: 0.118462 | RMSE: 0.344183 | MAE: 0.226957
============================================================
No improvement for 1 epochs
Checkpoint saved: src/trained_weights/UMambaMag_v2_STEAD_20251116_035459/model_epoch_70.pt

============================================================
Epoch 71/150
Learning Rate: 1.25e-04
============================================================

============================================================
Epoch 71 Summary:
  Train - Loss: 0.139530 | MSE: 0.139530 | RMSE: 0.373537 | MAE: 0.262039
  Val   - Loss: 0.118069 | MSE: 0.118069 | RMSE: 0.343611 | MAE: 0.230108
============================================================
No improvement for 2 epochs

============================================================
Epoch 72/150
Learning Rate: 1.25e-04
============================================================

============================================================
Epoch 72 Summary:
  Train - Loss: 0.139650 | MSE: 0.139650 | RMSE: 0.373698 | MAE: 0.262160
  Val   - Loss: 0.118794 | MSE: 0.118794 | RMSE: 0.344665 | MAE: 0.229956
============================================================
No improvement for 3 epochs

============================================================
Epoch 73/150
Learning Rate: 1.25e-04
============================================================

============================================================
Epoch 73 Summary:
  Train - Loss: 0.138944 | MSE: 0.138944 | RMSE: 0.372753 | MAE: 0.261584
  Val   - Loss: 0.118571 | MSE: 0.118571 | RMSE: 0.344341 | MAE: 0.226754
============================================================
No improvement for 4 epochs

============================================================
Epoch 74/150
Learning Rate: 1.25e-04
============================================================

============================================================
Epoch 74 Summary:
  Train - Loss: 0.138856 | MSE: 0.138856 | RMSE: 0.372633 | MAE: 0.261581
  Val   - Loss: 0.119268 | MSE: 0.119268 | RMSE: 0.345352 | MAE: 0.228033
============================================================
No improvement for 5 epochs

============================================================
Epoch 75/150
Learning Rate: 1.25e-04
============================================================

============================================================
Epoch 75 Summary:
  Train - Loss: 0.138644 | MSE: 0.138644 | RMSE: 0.372350 | MAE: 0.261363
  Val   - Loss: 0.117137 | MSE: 0.117137 | RMSE: 0.342253 | MAE: 0.225476
============================================================

✓ New best model saved! Val Loss: 0.117137
Checkpoint saved: src/trained_weights/UMambaMag_v2_STEAD_20251116_035459/model_epoch_75.pt

============================================================
Epoch 76/150
Learning Rate: 1.25e-04
============================================================

============================================================
Epoch 76 Summary:
  Train - Loss: 0.138771 | MSE: 0.138771 | RMSE: 0.372520 | MAE: 0.261758
  Val   - Loss: 0.118264 | MSE: 0.118264 | RMSE: 0.343895 | MAE: 0.229195
============================================================
No improvement for 1 epochs

============================================================
Epoch 77/150
Learning Rate: 1.25e-04
============================================================

============================================================
Epoch 77 Summary:
  Train - Loss: 0.138606 | MSE: 0.138606 | RMSE: 0.372299 | MAE: 0.261446
  Val   - Loss: 0.117512 | MSE: 0.117512 | RMSE: 0.342801 | MAE: 0.226252
============================================================
No improvement for 2 epochs

============================================================
Epoch 78/150
Learning Rate: 1.25e-04
============================================================

============================================================
Epoch 78 Summary:
  Train - Loss: 0.138993 | MSE: 0.138993 | RMSE: 0.372817 | MAE: 0.261580
  Val   - Loss: 0.119508 | MSE: 0.119508 | RMSE: 0.345699 | MAE: 0.228518
============================================================
No improvement for 3 epochs

============================================================
Epoch 79/150
Learning Rate: 1.25e-04
============================================================

============================================================
Epoch 79 Summary:
  Train - Loss: 0.138285 | MSE: 0.138285 | RMSE: 0.371867 | MAE: 0.261340
  Val   - Loss: 0.118963 | MSE: 0.118963 | RMSE: 0.344910 | MAE: 0.230798
============================================================
No improvement for 4 epochs

============================================================
Epoch 80/150
Learning Rate: 1.25e-04
============================================================

============================================================
Epoch 80 Summary:
  Train - Loss: 0.138236 | MSE: 0.138236 | RMSE: 0.371802 | MAE: 0.261152
  Val   - Loss: 0.117411 | MSE: 0.117411 | RMSE: 0.342654 | MAE: 0.227690
============================================================
No improvement for 5 epochs
Checkpoint saved: src/trained_weights/UMambaMag_v2_STEAD_20251116_035459/model_epoch_80.pt

============================================================
Epoch 81/150
Learning Rate: 1.25e-04
============================================================

============================================================
Epoch 81 Summary:
  Train - Loss: 0.138388 | MSE: 0.138388 | RMSE: 0.372005 | MAE: 0.261501
  Val   - Loss: 0.119705 | MSE: 0.119705 | RMSE: 0.345985 | MAE: 0.226508
============================================================
No improvement for 6 epochs

============================================================
Epoch 82/150
Learning Rate: 6.25e-05
============================================================

============================================================
Epoch 82 Summary:
  Train - Loss: 0.137955 | MSE: 0.137955 | RMSE: 0.371423 | MAE: 0.260830
  Val   - Loss: 0.119263 | MSE: 0.119263 | RMSE: 0.345345 | MAE: 0.228435
============================================================
No improvement for 7 epochs

============================================================
Epoch 83/150
Learning Rate: 6.25e-05
============================================================

============================================================
Epoch 83 Summary:
  Train - Loss: 0.137434 | MSE: 0.137434 | RMSE: 0.370721 | MAE: 0.260331
  Val   - Loss: 0.115509 | MSE: 0.115509 | RMSE: 0.339866 | MAE: 0.226978
============================================================

✓ New best model saved! Val Loss: 0.115509

============================================================
Epoch 84/150
Learning Rate: 6.25e-05
============================================================

============================================================
Epoch 84 Summary:
  Train - Loss: 0.137698 | MSE: 0.137698 | RMSE: 0.371077 | MAE: 0.260794
  Val   - Loss: 0.117090 | MSE: 0.117090 | RMSE: 0.342183 | MAE: 0.226710
============================================================
No improvement for 1 epochs

============================================================
Epoch 85/150
Learning Rate: 6.25e-05
============================================================

============================================================
Epoch 85 Summary:
  Train - Loss: 0.137495 | MSE: 0.137495 | RMSE: 0.370804 | MAE: 0.260433
  Val   - Loss: 0.117112 | MSE: 0.117112 | RMSE: 0.342216 | MAE: 0.227400
============================================================
No improvement for 2 epochs
Checkpoint saved: src/trained_weights/UMambaMag_v2_STEAD_20251116_035459/model_epoch_85.pt

============================================================
Epoch 86/150
Learning Rate: 6.25e-05
============================================================

============================================================
Epoch 86 Summary:
  Train - Loss: 0.137809 | MSE: 0.137809 | RMSE: 0.371227 | MAE: 0.260523
  Val   - Loss: 0.115875 | MSE: 0.115875 | RMSE: 0.340403 | MAE: 0.226145
============================================================
No improvement for 3 epochs

============================================================
Epoch 87/150
Learning Rate: 6.25e-05
============================================================

============================================================
Epoch 87 Summary:
  Train - Loss: 0.137777 | MSE: 0.137777 | RMSE: 0.371183 | MAE: 0.260583
  Val   - Loss: 0.115692 | MSE: 0.115692 | RMSE: 0.340135 | MAE: 0.227786
============================================================
No improvement for 4 epochs

============================================================
Epoch 88/150
Learning Rate: 6.25e-05
============================================================

============================================================
Epoch 88 Summary:
  Train - Loss: 0.137213 | MSE: 0.137213 | RMSE: 0.370423 | MAE: 0.260335
  Val   - Loss: 0.118103 | MSE: 0.118103 | RMSE: 0.343661 | MAE: 0.226220
============================================================
No improvement for 5 epochs

============================================================
Epoch 89/150
Learning Rate: 6.25e-05
============================================================

============================================================
Epoch 89 Summary:
  Train - Loss: 0.137650 | MSE: 0.137650 | RMSE: 0.371012 | MAE: 0.260437
  Val   - Loss: 0.116878 | MSE: 0.116878 | RMSE: 0.341874 | MAE: 0.227428
============================================================
No improvement for 6 epochs

============================================================
Epoch 90/150
Learning Rate: 3.13e-05
============================================================

============================================================
Epoch 90 Summary:
  Train - Loss: 0.136890 | MSE: 0.136890 | RMSE: 0.369986 | MAE: 0.259847
  Val   - Loss: 0.116262 | MSE: 0.116262 | RMSE: 0.340971 | MAE: 0.227250
============================================================
No improvement for 7 epochs
Checkpoint saved: src/trained_weights/UMambaMag_v2_STEAD_20251116_035459/model_epoch_90.pt

============================================================
Epoch 91/150
Learning Rate: 3.13e-05
============================================================

============================================================
Epoch 91 Summary:
  Train - Loss: 0.136955 | MSE: 0.136955 | RMSE: 0.370074 | MAE: 0.259914
  Val   - Loss: 0.116378 | MSE: 0.116378 | RMSE: 0.341142 | MAE: 0.227002
============================================================
No improvement for 8 epochs

============================================================
Epoch 92/150
Learning Rate: 3.13e-05
============================================================

============================================================
Epoch 92 Summary:
  Train - Loss: 0.137459 | MSE: 0.137459 | RMSE: 0.370754 | MAE: 0.260267
  Val   - Loss: 0.117419 | MSE: 0.117419 | RMSE: 0.342664 | MAE: 0.228312
============================================================
No improvement for 9 epochs

============================================================
Epoch 93/150
Learning Rate: 3.13e-05
============================================================

============================================================
Epoch 93 Summary:
  Train - Loss: 0.137788 | MSE: 0.137788 | RMSE: 0.371198 | MAE: 0.260406
  Val   - Loss: 0.117048 | MSE: 0.117048 | RMSE: 0.342123 | MAE: 0.227310
============================================================
No improvement for 10 epochs

============================================================
Epoch 94/150
Learning Rate: 3.13e-05
============================================================

============================================================
Epoch 94 Summary:
  Train - Loss: 0.137492 | MSE: 0.137492 | RMSE: 0.370799 | MAE: 0.260129
  Val   - Loss: 0.115127 | MSE: 0.115127 | RMSE: 0.339303 | MAE: 0.225957
============================================================

✓ New best model saved! Val Loss: 0.115127

============================================================
Epoch 95/150
Learning Rate: 3.13e-05
============================================================

============================================================
Epoch 95 Summary:
  Train - Loss: 0.136628 | MSE: 0.136628 | RMSE: 0.369632 | MAE: 0.259754
  Val   - Loss: 0.116127 | MSE: 0.116127 | RMSE: 0.340774 | MAE: 0.225183
============================================================
No improvement for 1 epochs
Checkpoint saved: src/trained_weights/UMambaMag_v2_STEAD_20251116_035459/model_epoch_95.pt

============================================================
Epoch 96/150
Learning Rate: 3.13e-05
============================================================

============================================================
Epoch 96 Summary:
  Train - Loss: 0.136610 | MSE: 0.136610 | RMSE: 0.369608 | MAE: 0.259545
  Val   - Loss: 0.116138 | MSE: 0.116138 | RMSE: 0.340790 | MAE: 0.226159
============================================================
No improvement for 2 epochs

============================================================
Epoch 97/150
Learning Rate: 3.13e-05
============================================================

============================================================
Epoch 97 Summary:
  Train - Loss: 0.137216 | MSE: 0.137216 | RMSE: 0.370427 | MAE: 0.260049
  Val   - Loss: 0.117691 | MSE: 0.117691 | RMSE: 0.343061 | MAE: 0.228273
============================================================
No improvement for 3 epochs

============================================================
Epoch 98/150
Learning Rate: 3.13e-05
============================================================

============================================================
Epoch 98 Summary:
  Train - Loss: 0.136719 | MSE: 0.136719 | RMSE: 0.369755 | MAE: 0.259737
  Val   - Loss: 0.115625 | MSE: 0.115625 | RMSE: 0.340036 | MAE: 0.225620
============================================================
No improvement for 4 epochs

============================================================
Epoch 99/150
Learning Rate: 3.13e-05
============================================================

============================================================
Epoch 99 Summary:
  Train - Loss: 0.137088 | MSE: 0.137088 | RMSE: 0.370254 | MAE: 0.260070
  Val   - Loss: 0.117448 | MSE: 0.117448 | RMSE: 0.342707 | MAE: 0.227807
============================================================
No improvement for 5 epochs

============================================================
Epoch 100/150
Learning Rate: 3.13e-05
============================================================

============================================================
Epoch 100 Summary:
  Train - Loss: 0.136494 | MSE: 0.136494 | RMSE: 0.369451 | MAE: 0.259749
  Val   - Loss: 0.116421 | MSE: 0.116421 | RMSE: 0.341205 | MAE: 0.227552
============================================================
No improvement for 6 epochs
Checkpoint saved: src/trained_weights/UMambaMag_v2_STEAD_20251116_035459/model_epoch_100.pt

============================================================
Epoch 101/150
Learning Rate: 1.56e-05
============================================================

============================================================
Epoch 101 Summary:
  Train - Loss: 0.136434 | MSE: 0.136434 | RMSE: 0.369370 | MAE: 0.259621
  Val   - Loss: 0.117669 | MSE: 0.117669 | RMSE: 0.343030 | MAE: 0.226131
============================================================
No improvement for 7 epochs

============================================================
Epoch 102/150
Learning Rate: 1.56e-05
============================================================

============================================================
Epoch 102 Summary:
  Train - Loss: 0.136536 | MSE: 0.136536 | RMSE: 0.369508 | MAE: 0.259430
  Val   - Loss: 0.117215 | MSE: 0.117215 | RMSE: 0.342367 | MAE: 0.226586
============================================================
No improvement for 8 epochs

============================================================
Epoch 103/150
Learning Rate: 1.56e-05
============================================================

============================================================
Epoch 103 Summary:
  Train - Loss: 0.136473 | MSE: 0.136473 | RMSE: 0.369422 | MAE: 0.259466
  Val   - Loss: 0.116903 | MSE: 0.116903 | RMSE: 0.341910 | MAE: 0.226303
============================================================
No improvement for 9 epochs

============================================================
Epoch 104/150
Learning Rate: 1.56e-05
============================================================

============================================================
Epoch 104 Summary:
  Train - Loss: 0.136253 | MSE: 0.136253 | RMSE: 0.369125 | MAE: 0.259357
  Val   - Loss: 0.116416 | MSE: 0.116416 | RMSE: 0.341198 | MAE: 0.225492
============================================================
No improvement for 10 epochs

============================================================
Epoch 105/150
Learning Rate: 1.56e-05
============================================================

============================================================
Epoch 105 Summary:
  Train - Loss: 0.136625 | MSE: 0.136625 | RMSE: 0.369628 | MAE: 0.259655
  Val   - Loss: 0.116994 | MSE: 0.116994 | RMSE: 0.342043 | MAE: 0.226001
============================================================
No improvement for 11 epochs
Checkpoint saved: src/trained_weights/UMambaMag_v2_STEAD_20251116_035459/model_epoch_105.pt

============================================================
Epoch 106/150
Learning Rate: 1.56e-05
============================================================

============================================================
Epoch 106 Summary:
  Train - Loss: 0.136224 | MSE: 0.136224 | RMSE: 0.369086 | MAE: 0.259219
  Val   - Loss: 0.116608 | MSE: 0.116608 | RMSE: 0.341479 | MAE: 0.225524
============================================================
No improvement for 12 epochs

============================================================
Epoch 107/150
Learning Rate: 7.81e-06
============================================================

============================================================
Epoch 107 Summary:
  Train - Loss: 0.136183 | MSE: 0.136183 | RMSE: 0.369030 | MAE: 0.259268
  Val   - Loss: 0.115866 | MSE: 0.115866 | RMSE: 0.340390 | MAE: 0.224983
============================================================
No improvement for 13 epochs

============================================================
Epoch 108/150
Learning Rate: 7.81e-06
============================================================

============================================================
Epoch 108 Summary:
  Train - Loss: 0.136674 | MSE: 0.136674 | RMSE: 0.369694 | MAE: 0.259534
  Val   - Loss: 0.116133 | MSE: 0.116133 | RMSE: 0.340783 | MAE: 0.226132
============================================================
No improvement for 14 epochs

============================================================
Epoch 109/150
Learning Rate: 7.81e-06
============================================================

============================================================
Epoch 109 Summary:
  Train - Loss: 0.136431 | MSE: 0.136431 | RMSE: 0.369366 | MAE: 0.259080
  Val   - Loss: 0.117093 | MSE: 0.117093 | RMSE: 0.342188 | MAE: 0.226454
============================================================
No improvement for 15 epochs

Early stopping triggered after 15 epochs without improvement
Best validation loss: 0.115127

Final model saved: src/trained_weights/UMambaMag_v2_STEAD_20251116_035459/model_final.pt
Training history saved: src/trained_weights/UMambaMag_v2_STEAD_20251116_035459/training_history_20251116_035459.pt

============================================================
TRAINING COMPLETED
============================================================
Best validation loss: 0.115127
Best validation RMSE: 0.339303
Final train loss: 0.136431
Final val loss: 0.117093
Total Training Time: 10:57:57
============================================================
==================================================

