2025-11-18 12:39:55,697 | seisbench | WARNING | Setting remote root to: https://seisbench.gfz.de/mirror/
Please note that this can affect your download speed.
2025-11-18 12:40:05,614 | seisbench | WARNING | Output component order not specified, defaulting to 'ZNE'.
2025-11-18 12:40:12,018 | seisbench | WARNING | Skipping preload, as cache is disabled.
2025-11-18 12:40:17,048 | seisbench | WARNING | Skipping preload, as cache is disabled.
/home/quenton.yeo/code/.venv/lib/python3.11/site-packages/torch/optim/lr_scheduler.py:60: UserWarning: The verbose parameter is deprecated. Please use get_last_lr() to access the learning rate.
  warnings.warn(

==================================================
LOADING DATA
==================================================
STEAD dataset loaded: 1265657 samples

Training umamba_mag_v2 on STEAD for 150 epochs...
Model moved to cuda:3
Training UMamba V2 Magnitude Estimator model (encoder-only with pooling)

============================================================
TRAINING UMAMBAMAG V2 (ENCODER-ONLY WITH POOLING)
============================================================
Model: UMambaMag_v2_STEAD
Dataset: STEAD
Batch size: 24
Learning rate: 0.001
Epochs: 150
Warmup epochs: 5
============================================================
Model is on device: cuda:3
Total parameters: 191,969
Trainable parameters: 191,969

Loading data...
Train batches: 44826
Dev batches: 2637

Saving models to: src/trained_weights/UMambaMag_v2_STEAD_20251118_124017


============================================================
Epoch 1/150
Learning Rate: 2.00e-04
============================================================

============================================================
Epoch 1 Summary:
  Train - Loss: 0.291106 | MSE: 0.291106 | RMSE: 0.539542 | MAE: 0.366490
  Val   - Loss: 0.209396 | MSE: 0.209396 | RMSE: 0.457598 | MAE: 0.304586
============================================================

✓ New best model saved! Val Loss: 0.209396

============================================================
Epoch 2/150
Learning Rate: 4.00e-04
============================================================

============================================================
Epoch 2 Summary:
  Train - Loss: 0.205289 | MSE: 0.205289 | RMSE: 0.453088 | MAE: 0.309729
  Val   - Loss: 0.158447 | MSE: 0.158447 | RMSE: 0.398053 | MAE: 0.267264
============================================================

✓ New best model saved! Val Loss: 0.158447

============================================================
Epoch 3/150
Learning Rate: 6.00e-04
============================================================

============================================================
Epoch 3 Summary:
  Train - Loss: 0.178177 | MSE: 0.178177 | RMSE: 0.422110 | MAE: 0.289417
  Val   - Loss: 0.152276 | MSE: 0.152276 | RMSE: 0.390226 | MAE: 0.256571
============================================================

✓ New best model saved! Val Loss: 0.152276

============================================================
Epoch 4/150
Learning Rate: 8.00e-04
============================================================

============================================================
Epoch 4 Summary:
  Train - Loss: 0.164903 | MSE: 0.164903 | RMSE: 0.406082 | MAE: 0.279167
  Val   - Loss: 0.137711 | MSE: 0.137711 | RMSE: 0.371095 | MAE: 0.249212
============================================================

✓ New best model saved! Val Loss: 0.137711

============================================================
Epoch 5/150
Learning Rate: 1.00e-03
============================================================

============================================================
Epoch 5 Summary:
  Train - Loss: 0.157067 | MSE: 0.157067 | RMSE: 0.396317 | MAE: 0.272649
  Val   - Loss: 0.127983 | MSE: 0.127983 | RMSE: 0.357747 | MAE: 0.236617
============================================================

✓ New best model saved! Val Loss: 0.127983
Checkpoint saved: src/trained_weights/UMambaMag_v2_STEAD_20251118_124017/model_epoch_5.pt

============================================================
Epoch 6/150
Learning Rate: 1.00e-03
============================================================

============================================================
Epoch 6 Summary:
  Train - Loss: 0.147178 | MSE: 0.147178 | RMSE: 0.383638 | MAE: 0.264177
  Val   - Loss: 0.118701 | MSE: 0.118701 | RMSE: 0.344530 | MAE: 0.231162
============================================================

✓ New best model saved! Val Loss: 0.118701

============================================================
Epoch 7/150
Learning Rate: 1.00e-03
============================================================

============================================================
Epoch 7 Summary:
  Train - Loss: 0.139608 | MSE: 0.139608 | RMSE: 0.373641 | MAE: 0.257732
  Val   - Loss: 0.121997 | MSE: 0.121997 | RMSE: 0.349280 | MAE: 0.225711
============================================================
No improvement for 1 epochs

============================================================
Epoch 8/150
Learning Rate: 1.00e-03
============================================================

============================================================
Epoch 8 Summary:
  Train - Loss: 0.135291 | MSE: 0.135291 | RMSE: 0.367819 | MAE: 0.253697
  Val   - Loss: 0.121446 | MSE: 0.121446 | RMSE: 0.348492 | MAE: 0.227454
============================================================
No improvement for 2 epochs

============================================================
Epoch 9/150
Learning Rate: 1.00e-03
============================================================

============================================================
Epoch 9 Summary:
  Train - Loss: 0.131753 | MSE: 0.131753 | RMSE: 0.362978 | MAE: 0.250347
  Val   - Loss: 0.115079 | MSE: 0.115079 | RMSE: 0.339233 | MAE: 0.231531
============================================================

✓ New best model saved! Val Loss: 0.115079

============================================================
Epoch 10/150
Learning Rate: 1.00e-03
============================================================

============================================================
Epoch 10 Summary:
  Train - Loss: 0.128675 | MSE: 0.128675 | RMSE: 0.358713 | MAE: 0.247433
  Val   - Loss: 0.116491 | MSE: 0.116491 | RMSE: 0.341308 | MAE: 0.227887
============================================================
No improvement for 1 epochs
Checkpoint saved: src/trained_weights/UMambaMag_v2_STEAD_20251118_124017/model_epoch_10.pt

============================================================
Epoch 11/150
Learning Rate: 1.00e-03
============================================================

============================================================
Epoch 11 Summary:
  Train - Loss: 0.126333 | MSE: 0.126333 | RMSE: 0.355433 | MAE: 0.245017
  Val   - Loss: 0.112373 | MSE: 0.112373 | RMSE: 0.335221 | MAE: 0.224877
============================================================

✓ New best model saved! Val Loss: 0.112373

============================================================
Epoch 12/150
Learning Rate: 1.00e-03
============================================================

============================================================
Epoch 12 Summary:
  Train - Loss: 0.125143 | MSE: 0.125143 | RMSE: 0.353755 | MAE: 0.243574
  Val   - Loss: 0.106572 | MSE: 0.106572 | RMSE: 0.326453 | MAE: 0.215014
============================================================

✓ New best model saved! Val Loss: 0.106572

============================================================
Epoch 13/150
Learning Rate: 1.00e-03
============================================================

============================================================
Epoch 13 Summary:
  Train - Loss: 0.123045 | MSE: 0.123045 | RMSE: 0.350778 | MAE: 0.241842
  Val   - Loss: 0.108040 | MSE: 0.108040 | RMSE: 0.328694 | MAE: 0.225151
============================================================
No improvement for 1 epochs

============================================================
Epoch 14/150
Learning Rate: 1.00e-03
============================================================

============================================================
Epoch 14 Summary:
  Train - Loss: 0.121879 | MSE: 0.121879 | RMSE: 0.349112 | MAE: 0.240708
  Val   - Loss: 0.103581 | MSE: 0.103581 | RMSE: 0.321840 | MAE: 0.218174
============================================================

✓ New best model saved! Val Loss: 0.103581

============================================================
Epoch 15/150
Learning Rate: 1.00e-03
============================================================

============================================================
Epoch 15 Summary:
  Train - Loss: 0.120627 | MSE: 0.120627 | RMSE: 0.347313 | MAE: 0.239005
  Val   - Loss: 0.106113 | MSE: 0.106113 | RMSE: 0.325749 | MAE: 0.216721
============================================================
No improvement for 1 epochs
Checkpoint saved: src/trained_weights/UMambaMag_v2_STEAD_20251118_124017/model_epoch_15.pt

============================================================
Epoch 16/150
Learning Rate: 1.00e-03
============================================================

============================================================
Epoch 16 Summary:
  Train - Loss: 0.119105 | MSE: 0.119105 | RMSE: 0.345115 | MAE: 0.237772
  Val   - Loss: 0.101576 | MSE: 0.101576 | RMSE: 0.318710 | MAE: 0.209299
============================================================

✓ New best model saved! Val Loss: 0.101576

============================================================
Epoch 17/150
Learning Rate: 1.00e-03
============================================================

============================================================
Epoch 17 Summary:
  Train - Loss: 0.117911 | MSE: 0.117911 | RMSE: 0.343381 | MAE: 0.236747
  Val   - Loss: 0.104227 | MSE: 0.104227 | RMSE: 0.322842 | MAE: 0.209369
============================================================
No improvement for 1 epochs

============================================================
Epoch 18/150
Learning Rate: 1.00e-03
============================================================

============================================================
Epoch 18 Summary:
  Train - Loss: 0.116718 | MSE: 0.116718 | RMSE: 0.341640 | MAE: 0.235611
  Val   - Loss: 0.108908 | MSE: 0.108908 | RMSE: 0.330012 | MAE: 0.209013
============================================================
No improvement for 2 epochs

============================================================
Epoch 19/150
Learning Rate: 1.00e-03
============================================================

============================================================
Epoch 19 Summary:
  Train - Loss: 0.116039 | MSE: 0.116039 | RMSE: 0.340645 | MAE: 0.234849
  Val   - Loss: 0.103887 | MSE: 0.103887 | RMSE: 0.322314 | MAE: 0.206897
============================================================
No improvement for 3 epochs

============================================================
Epoch 20/150
Learning Rate: 1.00e-03
============================================================

============================================================
Epoch 20 Summary:
  Train - Loss: 0.115358 | MSE: 0.115358 | RMSE: 0.339644 | MAE: 0.233992
  Val   - Loss: 0.099655 | MSE: 0.099655 | RMSE: 0.315682 | MAE: 0.212647
============================================================

✓ New best model saved! Val Loss: 0.099655
Checkpoint saved: src/trained_weights/UMambaMag_v2_STEAD_20251118_124017/model_epoch_20.pt

============================================================
Epoch 21/150
Learning Rate: 1.00e-03
============================================================

============================================================
Epoch 21 Summary:
  Train - Loss: 0.114605 | MSE: 0.114605 | RMSE: 0.338533 | MAE: 0.233077
  Val   - Loss: 0.097164 | MSE: 0.097164 | RMSE: 0.311712 | MAE: 0.206136
============================================================

✓ New best model saved! Val Loss: 0.097164

============================================================
Epoch 22/150
Learning Rate: 1.00e-03
============================================================

============================================================
Epoch 22 Summary:
  Train - Loss: 0.114149 | MSE: 0.114149 | RMSE: 0.337860 | MAE: 0.232744
  Val   - Loss: 0.099095 | MSE: 0.099095 | RMSE: 0.314793 | MAE: 0.207178
============================================================
No improvement for 1 epochs

============================================================
Epoch 23/150
Learning Rate: 1.00e-03
============================================================

============================================================
Epoch 23 Summary:
  Train - Loss: 0.113373 | MSE: 0.113373 | RMSE: 0.336709 | MAE: 0.231979
  Val   - Loss: 0.095024 | MSE: 0.095024 | RMSE: 0.308259 | MAE: 0.204280
============================================================

✓ New best model saved! Val Loss: 0.095024

============================================================
Epoch 24/150
Learning Rate: 1.00e-03
============================================================

============================================================
Epoch 24 Summary:
  Train - Loss: 0.112980 | MSE: 0.112980 | RMSE: 0.336124 | MAE: 0.231469
  Val   - Loss: 0.102360 | MSE: 0.102360 | RMSE: 0.319937 | MAE: 0.204162
============================================================
No improvement for 1 epochs

============================================================
Epoch 25/150
Learning Rate: 1.00e-03
============================================================

============================================================
Epoch 25 Summary:
  Train - Loss: 0.111989 | MSE: 0.111989 | RMSE: 0.334648 | MAE: 0.230743
  Val   - Loss: 0.098854 | MSE: 0.098854 | RMSE: 0.314410 | MAE: 0.215557
============================================================
No improvement for 2 epochs
Checkpoint saved: src/trained_weights/UMambaMag_v2_STEAD_20251118_124017/model_epoch_25.pt

============================================================
Epoch 26/150
Learning Rate: 1.00e-03
============================================================

============================================================
Epoch 26 Summary:
  Train - Loss: 0.111997 | MSE: 0.111997 | RMSE: 0.334660 | MAE: 0.230362
  Val   - Loss: 0.093813 | MSE: 0.093813 | RMSE: 0.306290 | MAE: 0.198481
============================================================

✓ New best model saved! Val Loss: 0.093813

============================================================
Epoch 27/150
Learning Rate: 1.00e-03
============================================================

============================================================
Epoch 27 Summary:
  Train - Loss: 0.111584 | MSE: 0.111584 | RMSE: 0.334042 | MAE: 0.230119
  Val   - Loss: 0.095770 | MSE: 0.095770 | RMSE: 0.309468 | MAE: 0.206395
============================================================
No improvement for 1 epochs

============================================================
Epoch 28/150
Learning Rate: 1.00e-03
============================================================

============================================================
Epoch 28 Summary:
  Train - Loss: 0.110371 | MSE: 0.110371 | RMSE: 0.332221 | MAE: 0.229133
  Val   - Loss: 0.097615 | MSE: 0.097615 | RMSE: 0.312433 | MAE: 0.210263
============================================================
No improvement for 2 epochs

============================================================
Epoch 29/150
Learning Rate: 1.00e-03
============================================================

============================================================
Epoch 29 Summary:
  Train - Loss: 0.110839 | MSE: 0.110839 | RMSE: 0.332925 | MAE: 0.229010
  Val   - Loss: 0.093437 | MSE: 0.093437 | RMSE: 0.305674 | MAE: 0.197934
============================================================

✓ New best model saved! Val Loss: 0.093437

============================================================
Epoch 30/150
Learning Rate: 1.00e-03
============================================================

============================================================
Epoch 30 Summary:
  Train - Loss: 0.109546 | MSE: 0.109546 | RMSE: 0.330977 | MAE: 0.228219
  Val   - Loss: 0.095349 | MSE: 0.095349 | RMSE: 0.308787 | MAE: 0.210350
============================================================
No improvement for 1 epochs
Checkpoint saved: src/trained_weights/UMambaMag_v2_STEAD_20251118_124017/model_epoch_30.pt

============================================================
Epoch 31/150
Learning Rate: 1.00e-03
============================================================

============================================================
Epoch 31 Summary:
  Train - Loss: 0.109280 | MSE: 0.109280 | RMSE: 0.330575 | MAE: 0.228075
  Val   - Loss: 0.092386 | MSE: 0.092386 | RMSE: 0.303950 | MAE: 0.196857
============================================================

✓ New best model saved! Val Loss: 0.092386

============================================================
Epoch 32/150
Learning Rate: 1.00e-03
============================================================

============================================================
Epoch 32 Summary:
  Train - Loss: 0.108963 | MSE: 0.108963 | RMSE: 0.330095 | MAE: 0.227383
  Val   - Loss: 0.094704 | MSE: 0.094704 | RMSE: 0.307740 | MAE: 0.198839
============================================================
No improvement for 1 epochs

============================================================
Epoch 33/150
Learning Rate: 1.00e-03
============================================================

============================================================
Epoch 33 Summary:
  Train - Loss: 0.108680 | MSE: 0.108680 | RMSE: 0.329666 | MAE: 0.227162
  Val   - Loss: 0.095409 | MSE: 0.095409 | RMSE: 0.308883 | MAE: 0.202331
============================================================
No improvement for 2 epochs

============================================================
Epoch 34/150
Learning Rate: 1.00e-03
============================================================

============================================================
Epoch 34 Summary:
  Train - Loss: 0.108357 | MSE: 0.108357 | RMSE: 0.329176 | MAE: 0.227022
  Val   - Loss: 0.093405 | MSE: 0.093405 | RMSE: 0.305623 | MAE: 0.197248
============================================================
No improvement for 3 epochs

============================================================
Epoch 35/150
Learning Rate: 1.00e-03
============================================================

============================================================
Epoch 35 Summary:
  Train - Loss: 0.107924 | MSE: 0.107924 | RMSE: 0.328517 | MAE: 0.226639
  Val   - Loss: 0.092574 | MSE: 0.092574 | RMSE: 0.304260 | MAE: 0.204242
============================================================
No improvement for 4 epochs
Checkpoint saved: src/trained_weights/UMambaMag_v2_STEAD_20251118_124017/model_epoch_35.pt

============================================================
Epoch 36/150
Learning Rate: 1.00e-03
============================================================

============================================================
Epoch 36 Summary:
  Train - Loss: 0.107861 | MSE: 0.107861 | RMSE: 0.328422 | MAE: 0.226130
  Val   - Loss: 0.095631 | MSE: 0.095631 | RMSE: 0.309243 | MAE: 0.202875
============================================================
No improvement for 5 epochs

============================================================
Epoch 37/150
Learning Rate: 1.00e-03
============================================================

============================================================
Epoch 37 Summary:
  Train - Loss: 0.107492 | MSE: 0.107492 | RMSE: 0.327860 | MAE: 0.225763
  Val   - Loss: 0.090674 | MSE: 0.090674 | RMSE: 0.301121 | MAE: 0.194954
============================================================

✓ New best model saved! Val Loss: 0.090674

============================================================
Epoch 38/150
Learning Rate: 1.00e-03
============================================================

============================================================
Epoch 38 Summary:
  Train - Loss: 0.106757 | MSE: 0.106757 | RMSE: 0.326736 | MAE: 0.225604
  Val   - Loss: 0.093212 | MSE: 0.093212 | RMSE: 0.305307 | MAE: 0.200276
============================================================
No improvement for 1 epochs

============================================================
Epoch 39/150
Learning Rate: 1.00e-03
============================================================

============================================================
Epoch 39 Summary:
  Train - Loss: 0.106822 | MSE: 0.106822 | RMSE: 0.326836 | MAE: 0.225119
  Val   - Loss: 0.094178 | MSE: 0.094178 | RMSE: 0.306885 | MAE: 0.204731
============================================================
No improvement for 2 epochs

============================================================
Epoch 40/150
Learning Rate: 1.00e-03
============================================================

============================================================
Epoch 40 Summary:
  Train - Loss: 0.106591 | MSE: 0.106591 | RMSE: 0.326483 | MAE: 0.224765
  Val   - Loss: 0.092373 | MSE: 0.092373 | RMSE: 0.303929 | MAE: 0.202292
============================================================
No improvement for 3 epochs
Checkpoint saved: src/trained_weights/UMambaMag_v2_STEAD_20251118_124017/model_epoch_40.pt

============================================================
Epoch 41/150
Learning Rate: 1.00e-03
============================================================

============================================================
Epoch 41 Summary:
  Train - Loss: 0.106156 | MSE: 0.106156 | RMSE: 0.325816 | MAE: 0.224870
  Val   - Loss: 0.099760 | MSE: 0.099760 | RMSE: 0.315848 | MAE: 0.200617
============================================================
No improvement for 4 epochs

============================================================
Epoch 42/150
Learning Rate: 1.00e-03
============================================================

============================================================
Epoch 42 Summary:
  Train - Loss: 0.105565 | MSE: 0.105565 | RMSE: 0.324907 | MAE: 0.224045
  Val   - Loss: 0.090934 | MSE: 0.090934 | RMSE: 0.301553 | MAE: 0.195462
============================================================
No improvement for 5 epochs

============================================================
Epoch 43/150
Learning Rate: 1.00e-03
============================================================

============================================================
Epoch 43 Summary:
  Train - Loss: 0.105307 | MSE: 0.105307 | RMSE: 0.324510 | MAE: 0.223759
  Val   - Loss: 0.091977 | MSE: 0.091977 | RMSE: 0.303277 | MAE: 0.198426
============================================================
No improvement for 6 epochs

============================================================
Epoch 44/150
Learning Rate: 5.00e-04
============================================================

============================================================
Epoch 44 Summary:
  Train - Loss: 0.097221 | MSE: 0.097221 | RMSE: 0.311803 | MAE: 0.215087
  Val   - Loss: 0.082850 | MSE: 0.082850 | RMSE: 0.287836 | MAE: 0.189609
============================================================

✓ New best model saved! Val Loss: 0.082850

============================================================
Epoch 45/150
Learning Rate: 5.00e-04
============================================================

============================================================
Epoch 45 Summary:
  Train - Loss: 0.096356 | MSE: 0.096356 | RMSE: 0.310413 | MAE: 0.213783
  Val   - Loss: 0.081597 | MSE: 0.081597 | RMSE: 0.285653 | MAE: 0.188881
============================================================

✓ New best model saved! Val Loss: 0.081597
Checkpoint saved: src/trained_weights/UMambaMag_v2_STEAD_20251118_124017/model_epoch_45.pt

============================================================
Epoch 46/150
Learning Rate: 5.00e-04
============================================================

============================================================
Epoch 46 Summary:
  Train - Loss: 0.095964 | MSE: 0.095964 | RMSE: 0.309780 | MAE: 0.213319
  Val   - Loss: 0.086409 | MSE: 0.086409 | RMSE: 0.293954 | MAE: 0.191463
============================================================
No improvement for 1 epochs

============================================================
Epoch 47/150
Learning Rate: 5.00e-04
============================================================

============================================================
Epoch 47 Summary:
  Train - Loss: 0.095214 | MSE: 0.095214 | RMSE: 0.308568 | MAE: 0.212739
  Val   - Loss: 0.084713 | MSE: 0.084713 | RMSE: 0.291055 | MAE: 0.189889
============================================================
No improvement for 2 epochs

============================================================
Epoch 48/150
Learning Rate: 5.00e-04
============================================================

============================================================
Epoch 48 Summary:
  Train - Loss: 0.095172 | MSE: 0.095172 | RMSE: 0.308499 | MAE: 0.212446
  Val   - Loss: 0.087952 | MSE: 0.087952 | RMSE: 0.296567 | MAE: 0.198420
============================================================
No improvement for 3 epochs

============================================================
Epoch 49/150
Learning Rate: 5.00e-04
============================================================

============================================================
Epoch 49 Summary:
  Train - Loss: 0.095457 | MSE: 0.095457 | RMSE: 0.308960 | MAE: 0.212587
  Val   - Loss: 0.083946 | MSE: 0.083946 | RMSE: 0.289734 | MAE: 0.184943
============================================================
No improvement for 4 epochs

============================================================
Epoch 50/150
Learning Rate: 5.00e-04
============================================================

============================================================
Epoch 50 Summary:
  Train - Loss: 0.094495 | MSE: 0.094495 | RMSE: 0.307400 | MAE: 0.211789
  Val   - Loss: 0.082628 | MSE: 0.082628 | RMSE: 0.287452 | MAE: 0.186516
============================================================
No improvement for 5 epochs
Checkpoint saved: src/trained_weights/UMambaMag_v2_STEAD_20251118_124017/model_epoch_50.pt

============================================================
Epoch 51/150
Learning Rate: 5.00e-04
============================================================

============================================================
Epoch 51 Summary:
  Train - Loss: 0.094085 | MSE: 0.094085 | RMSE: 0.306732 | MAE: 0.211606
  Val   - Loss: 0.083171 | MSE: 0.083171 | RMSE: 0.288394 | MAE: 0.185208
============================================================
No improvement for 6 epochs

============================================================
Epoch 52/150
Learning Rate: 2.50e-04
============================================================

============================================================
Epoch 52 Summary:
  Train - Loss: 0.090538 | MSE: 0.090538 | RMSE: 0.300895 | MAE: 0.207109
  Val   - Loss: 0.079615 | MSE: 0.079615 | RMSE: 0.282162 | MAE: 0.181233
============================================================

✓ New best model saved! Val Loss: 0.079615

============================================================
Epoch 53/150
Learning Rate: 2.50e-04
============================================================

============================================================
Epoch 53 Summary:
  Train - Loss: 0.089435 | MSE: 0.089435 | RMSE: 0.299056 | MAE: 0.206161
  Val   - Loss: 0.078675 | MSE: 0.078675 | RMSE: 0.280490 | MAE: 0.181390
============================================================

✓ New best model saved! Val Loss: 0.078675

============================================================
Epoch 54/150
Learning Rate: 2.50e-04
============================================================

============================================================
Epoch 54 Summary:
  Train - Loss: 0.089443 | MSE: 0.089443 | RMSE: 0.299070 | MAE: 0.206177
  Val   - Loss: 0.079553 | MSE: 0.079553 | RMSE: 0.282051 | MAE: 0.182181
============================================================
No improvement for 1 epochs

============================================================
Epoch 55/150
Learning Rate: 2.50e-04
============================================================

============================================================
Epoch 55 Summary:
  Train - Loss: 0.089440 | MSE: 0.089440 | RMSE: 0.299064 | MAE: 0.205971
  Val   - Loss: 0.080761 | MSE: 0.080761 | RMSE: 0.284185 | MAE: 0.180789
============================================================
No improvement for 2 epochs
Checkpoint saved: src/trained_weights/UMambaMag_v2_STEAD_20251118_124017/model_epoch_55.pt

============================================================
Epoch 56/150
Learning Rate: 2.50e-04
============================================================

============================================================
Epoch 56 Summary:
  Train - Loss: 0.089262 | MSE: 0.089262 | RMSE: 0.298767 | MAE: 0.205730
  Val   - Loss: 0.078778 | MSE: 0.078778 | RMSE: 0.280673 | MAE: 0.180136
============================================================
No improvement for 3 epochs

============================================================
Epoch 57/150
Learning Rate: 2.50e-04
============================================================

============================================================
Epoch 57 Summary:
  Train - Loss: 0.088840 | MSE: 0.088840 | RMSE: 0.298060 | MAE: 0.205573
  Val   - Loss: 0.080380 | MSE: 0.080380 | RMSE: 0.283514 | MAE: 0.183236
============================================================
No improvement for 4 epochs

============================================================
Epoch 58/150
Learning Rate: 2.50e-04
============================================================

============================================================
Epoch 58 Summary:
  Train - Loss: 0.088407 | MSE: 0.088407 | RMSE: 0.297332 | MAE: 0.205269
  Val   - Loss: 0.079480 | MSE: 0.079480 | RMSE: 0.281922 | MAE: 0.183226
============================================================
No improvement for 5 epochs

============================================================
Epoch 59/150
Learning Rate: 2.50e-04
============================================================

============================================================
Epoch 59 Summary:
  Train - Loss: 0.088342 | MSE: 0.088342 | RMSE: 0.297224 | MAE: 0.205071
  Val   - Loss: 0.079333 | MSE: 0.079333 | RMSE: 0.281660 | MAE: 0.182076
============================================================
No improvement for 6 epochs

============================================================
Epoch 60/150
Learning Rate: 1.25e-04
============================================================

============================================================
Epoch 60 Summary:
  Train - Loss: 0.086468 | MSE: 0.086468 | RMSE: 0.294055 | MAE: 0.202827
  Val   - Loss: 0.077617 | MSE: 0.077617 | RMSE: 0.278598 | MAE: 0.179726
============================================================

✓ New best model saved! Val Loss: 0.077617
Checkpoint saved: src/trained_weights/UMambaMag_v2_STEAD_20251118_124017/model_epoch_60.pt

============================================================
Epoch 61/150
Learning Rate: 1.25e-04
============================================================

============================================================
Epoch 61 Summary:
  Train - Loss: 0.086149 | MSE: 0.086149 | RMSE: 0.293511 | MAE: 0.202512
  Val   - Loss: 0.076972 | MSE: 0.076972 | RMSE: 0.277438 | MAE: 0.177309
============================================================

✓ New best model saved! Val Loss: 0.076972

============================================================
Epoch 62/150
Learning Rate: 1.25e-04
============================================================

============================================================
Epoch 62 Summary:
  Train - Loss: 0.085760 | MSE: 0.085760 | RMSE: 0.292849 | MAE: 0.202054
  Val   - Loss: 0.078393 | MSE: 0.078393 | RMSE: 0.279987 | MAE: 0.179938
============================================================
No improvement for 1 epochs

============================================================
Epoch 63/150
Learning Rate: 1.25e-04
============================================================

============================================================
Epoch 63 Summary:
  Train - Loss: 0.085736 | MSE: 0.085736 | RMSE: 0.292807 | MAE: 0.202030
  Val   - Loss: 0.077366 | MSE: 0.077366 | RMSE: 0.278147 | MAE: 0.179667
============================================================
No improvement for 2 epochs

============================================================
Epoch 64/150
Learning Rate: 1.25e-04
============================================================

============================================================
Epoch 64 Summary:
  Train - Loss: 0.085773 | MSE: 0.085773 | RMSE: 0.292870 | MAE: 0.202090
  Val   - Loss: 0.077153 | MSE: 0.077153 | RMSE: 0.277764 | MAE: 0.180251
============================================================
No improvement for 3 epochs

============================================================
Epoch 65/150
Learning Rate: 1.25e-04
============================================================

============================================================
Epoch 65 Summary:
  Train - Loss: 0.085822 | MSE: 0.085822 | RMSE: 0.292954 | MAE: 0.201965
  Val   - Loss: 0.076839 | MSE: 0.076839 | RMSE: 0.277198 | MAE: 0.176753
============================================================

✓ New best model saved! Val Loss: 0.076839
Checkpoint saved: src/trained_weights/UMambaMag_v2_STEAD_20251118_124017/model_epoch_65.pt

============================================================
Epoch 66/150
Learning Rate: 1.25e-04
============================================================

============================================================
Epoch 66 Summary:
  Train - Loss: 0.085652 | MSE: 0.085652 | RMSE: 0.292663 | MAE: 0.201843
  Val   - Loss: 0.078214 | MSE: 0.078214 | RMSE: 0.279667 | MAE: 0.177247
============================================================
No improvement for 1 epochs

============================================================
Epoch 67/150
Learning Rate: 1.25e-04
============================================================

============================================================
Epoch 67 Summary:
  Train - Loss: 0.085330 | MSE: 0.085330 | RMSE: 0.292113 | MAE: 0.201492
  Val   - Loss: 0.076495 | MSE: 0.076495 | RMSE: 0.276577 | MAE: 0.176827
============================================================

✓ New best model saved! Val Loss: 0.076495

============================================================
Epoch 68/150
Learning Rate: 1.25e-04
============================================================

============================================================
Epoch 68 Summary:
  Train - Loss: 0.085535 | MSE: 0.085535 | RMSE: 0.292463 | MAE: 0.201506
  Val   - Loss: 0.077391 | MSE: 0.077391 | RMSE: 0.278193 | MAE: 0.177315
============================================================
No improvement for 1 epochs

============================================================
Epoch 69/150
Learning Rate: 1.25e-04
============================================================

============================================================
Epoch 69 Summary:
  Train - Loss: 0.085287 | MSE: 0.085287 | RMSE: 0.292040 | MAE: 0.201406
  Val   - Loss: 0.076936 | MSE: 0.076936 | RMSE: 0.277374 | MAE: 0.176532
============================================================
No improvement for 2 epochs

============================================================
Epoch 70/150
Learning Rate: 1.25e-04
============================================================

============================================================
Epoch 70 Summary:
  Train - Loss: 0.085515 | MSE: 0.085515 | RMSE: 0.292430 | MAE: 0.201538
  Val   - Loss: 0.075501 | MSE: 0.075501 | RMSE: 0.274775 | MAE: 0.175963
============================================================

✓ New best model saved! Val Loss: 0.075501
Checkpoint saved: src/trained_weights/UMambaMag_v2_STEAD_20251118_124017/model_epoch_70.pt

============================================================
Epoch 71/150
Learning Rate: 1.25e-04
============================================================

============================================================
Epoch 71 Summary:
  Train - Loss: 0.085291 | MSE: 0.085291 | RMSE: 0.292047 | MAE: 0.201402
  Val   - Loss: 0.077841 | MSE: 0.077841 | RMSE: 0.279000 | MAE: 0.178286
============================================================
No improvement for 1 epochs

============================================================
Epoch 72/150
Learning Rate: 1.25e-04
============================================================

============================================================
Epoch 72 Summary:
  Train - Loss: 0.084976 | MSE: 0.084976 | RMSE: 0.291507 | MAE: 0.201045
  Val   - Loss: 0.077376 | MSE: 0.077376 | RMSE: 0.278166 | MAE: 0.176954
============================================================
No improvement for 2 epochs

============================================================
Epoch 73/150
Learning Rate: 1.25e-04
============================================================

============================================================
Epoch 73 Summary:
  Train - Loss: 0.085037 | MSE: 0.085037 | RMSE: 0.291611 | MAE: 0.200910
  Val   - Loss: 0.076563 | MSE: 0.076563 | RMSE: 0.276701 | MAE: 0.176432
============================================================
No improvement for 3 epochs

============================================================
Epoch 74/150
Learning Rate: 1.25e-04
============================================================

============================================================
Epoch 74 Summary:
  Train - Loss: 0.085327 | MSE: 0.085327 | RMSE: 0.292108 | MAE: 0.201196
  Val   - Loss: 0.076024 | MSE: 0.076024 | RMSE: 0.275725 | MAE: 0.177949
============================================================
No improvement for 4 epochs

============================================================
Epoch 75/150
Learning Rate: 1.25e-04
============================================================

============================================================
Epoch 75 Summary:
  Train - Loss: 0.085020 | MSE: 0.085020 | RMSE: 0.291582 | MAE: 0.200881
  Val   - Loss: 0.078685 | MSE: 0.078685 | RMSE: 0.280508 | MAE: 0.177413
============================================================
No improvement for 5 epochs
Checkpoint saved: src/trained_weights/UMambaMag_v2_STEAD_20251118_124017/model_epoch_75.pt

============================================================
Epoch 76/150
Learning Rate: 1.25e-04
============================================================

============================================================
Epoch 76 Summary:
  Train - Loss: 0.085040 | MSE: 0.085040 | RMSE: 0.291616 | MAE: 0.200858
  Val   - Loss: 0.077567 | MSE: 0.077567 | RMSE: 0.278509 | MAE: 0.177655
============================================================
No improvement for 6 epochs

============================================================
Epoch 77/150
Learning Rate: 6.25e-05
============================================================

============================================================
Epoch 77 Summary:
  Train - Loss: 0.083727 | MSE: 0.083727 | RMSE: 0.289357 | MAE: 0.199551
  Val   - Loss: 0.076400 | MSE: 0.076400 | RMSE: 0.276405 | MAE: 0.176649
============================================================
No improvement for 7 epochs

============================================================
Epoch 78/150
Learning Rate: 6.25e-05
============================================================

============================================================
Epoch 78 Summary:
  Train - Loss: 0.083648 | MSE: 0.083648 | RMSE: 0.289220 | MAE: 0.199458
  Val   - Loss: 0.075691 | MSE: 0.075691 | RMSE: 0.275119 | MAE: 0.174811
============================================================
No improvement for 8 epochs

============================================================
Epoch 79/150
Learning Rate: 6.25e-05
============================================================

============================================================
Epoch 79 Summary:
  Train - Loss: 0.083481 | MSE: 0.083481 | RMSE: 0.288932 | MAE: 0.199509
  Val   - Loss: 0.076528 | MSE: 0.076528 | RMSE: 0.276638 | MAE: 0.176815
============================================================
No improvement for 9 epochs

============================================================
Epoch 80/150
Learning Rate: 6.25e-05
============================================================

============================================================
Epoch 80 Summary:
  Train - Loss: 0.083581 | MSE: 0.083581 | RMSE: 0.289104 | MAE: 0.199204
  Val   - Loss: 0.075040 | MSE: 0.075040 | RMSE: 0.273934 | MAE: 0.174973
============================================================

✓ New best model saved! Val Loss: 0.075040
Checkpoint saved: src/trained_weights/UMambaMag_v2_STEAD_20251118_124017/model_epoch_80.pt

============================================================
Epoch 81/150
Learning Rate: 6.25e-05
============================================================

============================================================
Epoch 81 Summary:
  Train - Loss: 0.083518 | MSE: 0.083518 | RMSE: 0.288995 | MAE: 0.199257
  Val   - Loss: 0.077389 | MSE: 0.077389 | RMSE: 0.278189 | MAE: 0.176983
============================================================
No improvement for 1 epochs

============================================================
Epoch 82/150
Learning Rate: 6.25e-05
============================================================

============================================================
Epoch 82 Summary:
  Train - Loss: 0.083603 | MSE: 0.083603 | RMSE: 0.289143 | MAE: 0.199365
  Val   - Loss: 0.075079 | MSE: 0.075079 | RMSE: 0.274005 | MAE: 0.176568
============================================================
No improvement for 2 epochs

============================================================
Epoch 83/150
Learning Rate: 6.25e-05
============================================================

============================================================
Epoch 83 Summary:
  Train - Loss: 0.083228 | MSE: 0.083228 | RMSE: 0.288493 | MAE: 0.198921
  Val   - Loss: 0.075355 | MSE: 0.075355 | RMSE: 0.274508 | MAE: 0.174897
============================================================
No improvement for 3 epochs

============================================================
Epoch 84/150
Learning Rate: 6.25e-05
============================================================

============================================================
Epoch 84 Summary:
  Train - Loss: 0.083318 | MSE: 0.083318 | RMSE: 0.288648 | MAE: 0.199159
  Val   - Loss: 0.075705 | MSE: 0.075705 | RMSE: 0.275146 | MAE: 0.174902
============================================================
No improvement for 4 epochs

============================================================
Epoch 85/150
Learning Rate: 6.25e-05
============================================================

============================================================
Epoch 85 Summary:
  Train - Loss: 0.083376 | MSE: 0.083376 | RMSE: 0.288749 | MAE: 0.198985
  Val   - Loss: 0.074971 | MSE: 0.074971 | RMSE: 0.273809 | MAE: 0.175379
============================================================

✓ New best model saved! Val Loss: 0.074971
Checkpoint saved: src/trained_weights/UMambaMag_v2_STEAD_20251118_124017/model_epoch_85.pt

============================================================
Epoch 86/150
Learning Rate: 6.25e-05
============================================================

============================================================
Epoch 86 Summary:
  Train - Loss: 0.083491 | MSE: 0.083491 | RMSE: 0.288948 | MAE: 0.199214
  Val   - Loss: 0.075450 | MSE: 0.075450 | RMSE: 0.274681 | MAE: 0.177358
============================================================
No improvement for 1 epochs

============================================================
Epoch 87/150
Learning Rate: 6.25e-05
============================================================

============================================================
Epoch 87 Summary:
  Train - Loss: 0.083749 | MSE: 0.083749 | RMSE: 0.289395 | MAE: 0.199273
  Val   - Loss: 0.075569 | MSE: 0.075569 | RMSE: 0.274898 | MAE: 0.177000
============================================================
No improvement for 2 epochs

============================================================
Epoch 88/150
Learning Rate: 6.25e-05
============================================================

============================================================
Epoch 88 Summary:
  Train - Loss: 0.083630 | MSE: 0.083630 | RMSE: 0.289189 | MAE: 0.199168
  Val   - Loss: 0.074875 | MSE: 0.074875 | RMSE: 0.273634 | MAE: 0.174681
============================================================

✓ New best model saved! Val Loss: 0.074875

============================================================
Epoch 89/150
Learning Rate: 6.25e-05
============================================================

============================================================
Epoch 89 Summary:
  Train - Loss: 0.083334 | MSE: 0.083334 | RMSE: 0.288676 | MAE: 0.198837
  Val   - Loss: 0.075667 | MSE: 0.075667 | RMSE: 0.275077 | MAE: 0.175263
============================================================
No improvement for 1 epochs

============================================================
Epoch 90/150
Learning Rate: 6.25e-05
============================================================

============================================================
Epoch 90 Summary:
  Train - Loss: 0.083110 | MSE: 0.083110 | RMSE: 0.288289 | MAE: 0.198828
  Val   - Loss: 0.075416 | MSE: 0.075416 | RMSE: 0.274621 | MAE: 0.174824
============================================================
No improvement for 2 epochs
Checkpoint saved: src/trained_weights/UMambaMag_v2_STEAD_20251118_124017/model_epoch_90.pt

============================================================
Epoch 91/150
Learning Rate: 6.25e-05
============================================================

============================================================
Epoch 91 Summary:
  Train - Loss: 0.083147 | MSE: 0.083147 | RMSE: 0.288351 | MAE: 0.198769
  Val   - Loss: 0.075421 | MSE: 0.075421 | RMSE: 0.274629 | MAE: 0.178381
============================================================
No improvement for 3 epochs

============================================================
Epoch 92/150
Learning Rate: 6.25e-05
============================================================

============================================================
Epoch 92 Summary:
  Train - Loss: 0.083193 | MSE: 0.083193 | RMSE: 0.288431 | MAE: 0.198925
  Val   - Loss: 0.075793 | MSE: 0.075793 | RMSE: 0.275306 | MAE: 0.178491
============================================================
No improvement for 4 epochs

============================================================
Epoch 93/150
Learning Rate: 6.25e-05
============================================================

============================================================
Epoch 93 Summary:
  Train - Loss: 0.083160 | MSE: 0.083160 | RMSE: 0.288374 | MAE: 0.198725
  Val   - Loss: 0.075682 | MSE: 0.075682 | RMSE: 0.275104 | MAE: 0.175034
============================================================
No improvement for 5 epochs

============================================================
Epoch 94/150
Learning Rate: 6.25e-05
============================================================

============================================================
Epoch 94 Summary:
  Train - Loss: 0.082890 | MSE: 0.082890 | RMSE: 0.287906 | MAE: 0.198687
  Val   - Loss: 0.076339 | MSE: 0.076339 | RMSE: 0.276296 | MAE: 0.176929
============================================================
No improvement for 6 epochs

============================================================
Epoch 95/150
Learning Rate: 3.13e-05
============================================================

============================================================
Epoch 95 Summary:
  Train - Loss: 0.082439 | MSE: 0.082439 | RMSE: 0.287123 | MAE: 0.198131
  Val   - Loss: 0.077167 | MSE: 0.077167 | RMSE: 0.277790 | MAE: 0.176774
============================================================
No improvement for 7 epochs
Checkpoint saved: src/trained_weights/UMambaMag_v2_STEAD_20251118_124017/model_epoch_95.pt

============================================================
Epoch 96/150
Learning Rate: 3.13e-05
============================================================

============================================================
Epoch 96 Summary:
  Train - Loss: 0.082309 | MSE: 0.082309 | RMSE: 0.286896 | MAE: 0.197895
  Val   - Loss: 0.076188 | MSE: 0.076188 | RMSE: 0.276021 | MAE: 0.175750
============================================================
No improvement for 8 epochs

============================================================
Epoch 97/150
Learning Rate: 3.13e-05
============================================================

============================================================
Epoch 97 Summary:
  Train - Loss: 0.082413 | MSE: 0.082413 | RMSE: 0.287077 | MAE: 0.197966
  Val   - Loss: 0.077022 | MSE: 0.077022 | RMSE: 0.277529 | MAE: 0.177367
============================================================
No improvement for 9 epochs

============================================================
Epoch 98/150
Learning Rate: 3.13e-05
============================================================

============================================================
Epoch 98 Summary:
  Train - Loss: 0.082326 | MSE: 0.082326 | RMSE: 0.286925 | MAE: 0.197837
  Val   - Loss: 0.075737 | MSE: 0.075737 | RMSE: 0.275204 | MAE: 0.176089
============================================================
No improvement for 10 epochs

============================================================
Epoch 99/150
Learning Rate: 3.13e-05
============================================================

============================================================
Epoch 99 Summary:
  Train - Loss: 0.082651 | MSE: 0.082651 | RMSE: 0.287491 | MAE: 0.198112
  Val   - Loss: 0.075188 | MSE: 0.075188 | RMSE: 0.274204 | MAE: 0.175962
============================================================
No improvement for 11 epochs

============================================================
Epoch 100/150
Learning Rate: 3.13e-05
============================================================

============================================================
Epoch 100 Summary:
  Train - Loss: 0.082388 | MSE: 0.082388 | RMSE: 0.287033 | MAE: 0.197977
  Val   - Loss: 0.075379 | MSE: 0.075379 | RMSE: 0.274552 | MAE: 0.176032
============================================================
No improvement for 12 epochs
Checkpoint saved: src/trained_weights/UMambaMag_v2_STEAD_20251118_124017/model_epoch_100.pt

============================================================
Epoch 101/150
Learning Rate: 1.56e-05
============================================================

============================================================
Epoch 101 Summary:
  Train - Loss: 0.082104 | MSE: 0.082104 | RMSE: 0.286538 | MAE: 0.197575
  Val   - Loss: 0.074395 | MSE: 0.074395 | RMSE: 0.272754 | MAE: 0.175326
============================================================

✓ New best model saved! Val Loss: 0.074395

============================================================
Epoch 102/150
Learning Rate: 1.56e-05
============================================================

============================================================
Epoch 102 Summary:
  Train - Loss: 0.081543 | MSE: 0.081543 | RMSE: 0.285558 | MAE: 0.197415
  Val   - Loss: 0.076728 | MSE: 0.076728 | RMSE: 0.276998 | MAE: 0.176775
============================================================
No improvement for 1 epochs

============================================================
Epoch 103/150
Learning Rate: 1.56e-05
============================================================

============================================================
Epoch 103 Summary:
  Train - Loss: 0.082083 | MSE: 0.082083 | RMSE: 0.286502 | MAE: 0.197475
  Val   - Loss: 0.075086 | MSE: 0.075086 | RMSE: 0.274019 | MAE: 0.175927
============================================================
No improvement for 2 epochs

============================================================
Epoch 104/150
Learning Rate: 1.56e-05
============================================================

============================================================
Epoch 104 Summary:
  Train - Loss: 0.081522 | MSE: 0.081522 | RMSE: 0.285520 | MAE: 0.197262
  Val   - Loss: 0.075083 | MSE: 0.075083 | RMSE: 0.274013 | MAE: 0.175292
============================================================
No improvement for 3 epochs

============================================================
Epoch 105/150
Learning Rate: 1.56e-05
============================================================

============================================================
Epoch 105 Summary:
  Train - Loss: 0.082016 | MSE: 0.082016 | RMSE: 0.286385 | MAE: 0.197388
  Val   - Loss: 0.076105 | MSE: 0.076105 | RMSE: 0.275872 | MAE: 0.175314
============================================================
No improvement for 4 epochs
Checkpoint saved: src/trained_weights/UMambaMag_v2_STEAD_20251118_124017/model_epoch_105.pt

============================================================
Epoch 106/150
Learning Rate: 1.56e-05
============================================================

============================================================
Epoch 106 Summary:
  Train - Loss: 0.081822 | MSE: 0.081822 | RMSE: 0.286045 | MAE: 0.197372
  Val   - Loss: 0.076391 | MSE: 0.076391 | RMSE: 0.276390 | MAE: 0.176277
============================================================
No improvement for 5 epochs

============================================================
Epoch 107/150
Learning Rate: 1.56e-05
============================================================

============================================================
Epoch 107 Summary:
  Train - Loss: 0.081956 | MSE: 0.081956 | RMSE: 0.286280 | MAE: 0.197385
  Val   - Loss: 0.073667 | MSE: 0.073667 | RMSE: 0.271416 | MAE: 0.174718
============================================================

✓ New best model saved! Val Loss: 0.073667

============================================================
Epoch 108/150
Learning Rate: 1.56e-05
============================================================

============================================================
Epoch 108 Summary:
  Train - Loss: 0.081879 | MSE: 0.081879 | RMSE: 0.286146 | MAE: 0.197612
  Val   - Loss: 0.075371 | MSE: 0.075371 | RMSE: 0.274538 | MAE: 0.175865
============================================================
No improvement for 1 epochs

============================================================
Epoch 109/150
Learning Rate: 1.56e-05
============================================================

============================================================
Epoch 109 Summary:
  Train - Loss: 0.082028 | MSE: 0.082028 | RMSE: 0.286406 | MAE: 0.197499
  Val   - Loss: 0.075061 | MSE: 0.075061 | RMSE: 0.273972 | MAE: 0.175562
============================================================
No improvement for 2 epochs

============================================================
Epoch 110/150
Learning Rate: 1.56e-05
============================================================

============================================================
Epoch 110 Summary:
  Train - Loss: 0.081945 | MSE: 0.081945 | RMSE: 0.286260 | MAE: 0.197515
  Val   - Loss: 0.075549 | MSE: 0.075549 | RMSE: 0.274862 | MAE: 0.175797
============================================================
No improvement for 3 epochs
Checkpoint saved: src/trained_weights/UMambaMag_v2_STEAD_20251118_124017/model_epoch_110.pt

============================================================
Epoch 111/150
Learning Rate: 1.56e-05
============================================================

============================================================
Epoch 111 Summary:
  Train - Loss: 0.081853 | MSE: 0.081853 | RMSE: 0.286100 | MAE: 0.197270
  Val   - Loss: 0.075574 | MSE: 0.075574 | RMSE: 0.274907 | MAE: 0.174806
============================================================
No improvement for 4 epochs

============================================================
Epoch 112/150
Learning Rate: 1.56e-05
============================================================

============================================================
Epoch 112 Summary:
  Train - Loss: 0.082044 | MSE: 0.082044 | RMSE: 0.286433 | MAE: 0.197523
  Val   - Loss: 0.075585 | MSE: 0.075585 | RMSE: 0.274928 | MAE: 0.175459
============================================================
No improvement for 5 epochs

============================================================
Epoch 113/150
Learning Rate: 1.56e-05
============================================================

============================================================
Epoch 113 Summary:
  Train - Loss: 0.081943 | MSE: 0.081943 | RMSE: 0.286258 | MAE: 0.197395
  Val   - Loss: 0.075911 | MSE: 0.075911 | RMSE: 0.275520 | MAE: 0.175218
============================================================
No improvement for 6 epochs

============================================================
Epoch 114/150
Learning Rate: 7.81e-06
============================================================

============================================================
Epoch 114 Summary:
  Train - Loss: 0.081785 | MSE: 0.081785 | RMSE: 0.285981 | MAE: 0.197303
  Val   - Loss: 0.074476 | MSE: 0.074476 | RMSE: 0.272903 | MAE: 0.175969
============================================================
No improvement for 7 epochs

============================================================
Epoch 115/150
Learning Rate: 7.81e-06
============================================================

============================================================
Epoch 115 Summary:
  Train - Loss: 0.081827 | MSE: 0.081827 | RMSE: 0.286054 | MAE: 0.197151
  Val   - Loss: 0.074880 | MSE: 0.074880 | RMSE: 0.273643 | MAE: 0.175493
============================================================
No improvement for 8 epochs
Checkpoint saved: src/trained_weights/UMambaMag_v2_STEAD_20251118_124017/model_epoch_115.pt

============================================================
Epoch 116/150
Learning Rate: 7.81e-06
============================================================

============================================================
Epoch 116 Summary:
  Train - Loss: 0.081920 | MSE: 0.081920 | RMSE: 0.286216 | MAE: 0.197392
  Val   - Loss: 0.075020 | MSE: 0.075020 | RMSE: 0.273898 | MAE: 0.175268
============================================================
No improvement for 9 epochs

============================================================
Epoch 117/150
Learning Rate: 7.81e-06
============================================================

============================================================
Epoch 117 Summary:
  Train - Loss: 0.082137 | MSE: 0.082137 | RMSE: 0.286596 | MAE: 0.197521
  Val   - Loss: 0.073457 | MSE: 0.073457 | RMSE: 0.271030 | MAE: 0.174861
============================================================

✓ New best model saved! Val Loss: 0.073457

============================================================
Epoch 118/150
Learning Rate: 7.81e-06
============================================================

============================================================
Epoch 118 Summary:
  Train - Loss: 0.081572 | MSE: 0.081572 | RMSE: 0.285608 | MAE: 0.197152
  Val   - Loss: 0.075822 | MSE: 0.075822 | RMSE: 0.275357 | MAE: 0.175218
============================================================
No improvement for 1 epochs

============================================================
Epoch 119/150
Learning Rate: 7.81e-06
============================================================

============================================================
Epoch 119 Summary:
  Train - Loss: 0.081786 | MSE: 0.081786 | RMSE: 0.285983 | MAE: 0.197145
  Val   - Loss: 0.076198 | MSE: 0.076198 | RMSE: 0.276041 | MAE: 0.175422
============================================================
No improvement for 2 epochs

============================================================
Epoch 120/150
Learning Rate: 7.81e-06
============================================================

============================================================
Epoch 120 Summary:
  Train - Loss: 0.081642 | MSE: 0.081642 | RMSE: 0.285731 | MAE: 0.197051
  Val   - Loss: 0.075490 | MSE: 0.075490 | RMSE: 0.274755 | MAE: 0.175374
============================================================
No improvement for 3 epochs
Checkpoint saved: src/trained_weights/UMambaMag_v2_STEAD_20251118_124017/model_epoch_120.pt

============================================================
Epoch 121/150
Learning Rate: 7.81e-06
============================================================

============================================================
Epoch 121 Summary:
  Train - Loss: 0.081892 | MSE: 0.081892 | RMSE: 0.286169 | MAE: 0.197307
  Val   - Loss: 0.075573 | MSE: 0.075573 | RMSE: 0.274905 | MAE: 0.175788
============================================================
No improvement for 4 epochs

============================================================
Epoch 122/150
Learning Rate: 7.81e-06
============================================================

============================================================
Epoch 122 Summary:
  Train - Loss: 0.081433 | MSE: 0.081433 | RMSE: 0.285364 | MAE: 0.197044
  Val   - Loss: 0.076327 | MSE: 0.076327 | RMSE: 0.276274 | MAE: 0.175886
============================================================
No improvement for 5 epochs

============================================================
Epoch 123/150
Learning Rate: 7.81e-06
============================================================

============================================================
Epoch 123 Summary:
  Train - Loss: 0.081675 | MSE: 0.081675 | RMSE: 0.285788 | MAE: 0.197120
  Val   - Loss: 0.074359 | MSE: 0.074359 | RMSE: 0.272688 | MAE: 0.175342
============================================================
No improvement for 6 epochs

============================================================
Epoch 124/150
Learning Rate: 3.91e-06
============================================================

============================================================
Epoch 124 Summary:
  Train - Loss: 0.081871 | MSE: 0.081871 | RMSE: 0.286131 | MAE: 0.197001
  Val   - Loss: 0.075277 | MSE: 0.075277 | RMSE: 0.274366 | MAE: 0.176062
============================================================
No improvement for 7 epochs

============================================================
Epoch 125/150
Learning Rate: 3.91e-06
============================================================

============================================================
Epoch 125 Summary:
  Train - Loss: 0.081672 | MSE: 0.081672 | RMSE: 0.285783 | MAE: 0.197127
  Val   - Loss: 0.075684 | MSE: 0.075684 | RMSE: 0.275106 | MAE: 0.175432
============================================================
No improvement for 8 epochs
Checkpoint saved: src/trained_weights/UMambaMag_v2_STEAD_20251118_124017/model_epoch_125.pt

============================================================
Epoch 126/150
Learning Rate: 3.91e-06
============================================================

============================================================
Epoch 126 Summary:
  Train - Loss: 0.081733 | MSE: 0.081733 | RMSE: 0.285889 | MAE: 0.196984
  Val   - Loss: 0.074472 | MSE: 0.074472 | RMSE: 0.272896 | MAE: 0.174871
============================================================
No improvement for 9 epochs

============================================================
Epoch 127/150
Learning Rate: 3.91e-06
============================================================

============================================================
Epoch 127 Summary:
  Train - Loss: 0.081608 | MSE: 0.081608 | RMSE: 0.285672 | MAE: 0.196949
  Val   - Loss: 0.074354 | MSE: 0.074354 | RMSE: 0.272680 | MAE: 0.175239
============================================================
No improvement for 10 epochs

============================================================
Epoch 128/150
Learning Rate: 3.91e-06
============================================================

============================================================
Epoch 128 Summary:
  Train - Loss: 0.081836 | MSE: 0.081836 | RMSE: 0.286069 | MAE: 0.197119
  Val   - Loss: 0.074860 | MSE: 0.074860 | RMSE: 0.273606 | MAE: 0.174650
============================================================
No improvement for 11 epochs

============================================================
Epoch 129/150
Learning Rate: 3.91e-06
============================================================

============================================================
Epoch 129 Summary:
  Train - Loss: 0.081886 | MSE: 0.081886 | RMSE: 0.286158 | MAE: 0.196982
  Val   - Loss: 0.076153 | MSE: 0.076153 | RMSE: 0.275958 | MAE: 0.175667
============================================================
No improvement for 12 epochs

============================================================
Epoch 130/150
Learning Rate: 1.95e-06
============================================================

============================================================
Epoch 130 Summary:
  Train - Loss: 0.081482 | MSE: 0.081482 | RMSE: 0.285450 | MAE: 0.197105
  Val   - Loss: 0.073902 | MSE: 0.073902 | RMSE: 0.271850 | MAE: 0.174399
============================================================
No improvement for 13 epochs
Checkpoint saved: src/trained_weights/UMambaMag_v2_STEAD_20251118_124017/model_epoch_130.pt

============================================================
Epoch 131/150
Learning Rate: 1.95e-06
============================================================

============================================================
Epoch 131 Summary:
  Train - Loss: 0.081455 | MSE: 0.081455 | RMSE: 0.285402 | MAE: 0.196920
  Val   - Loss: 0.074470 | MSE: 0.074470 | RMSE: 0.272892 | MAE: 0.174548
============================================================
No improvement for 14 epochs

============================================================
Epoch 132/150
Learning Rate: 1.95e-06
============================================================

============================================================
Epoch 132 Summary:
  Train - Loss: 0.081603 | MSE: 0.081603 | RMSE: 0.285662 | MAE: 0.196962
  Val   - Loss: 0.074715 | MSE: 0.074715 | RMSE: 0.273340 | MAE: 0.174378
============================================================
No improvement for 15 epochs

Early stopping triggered after 15 epochs without improvement
Best validation loss: 0.073457

Final model saved: src/trained_weights/UMambaMag_v2_STEAD_20251118_124017/model_final.pt
Training history saved: src/trained_weights/UMambaMag_v2_STEAD_20251118_124017/training_history_20251118_124017.pt

============================================================
TRAINING COMPLETED
============================================================
Best validation loss: 0.073457
Best validation RMSE: 0.271030
Final train loss: 0.081603
Final val loss: 0.074715
Total Training Time: 27:20:43
============================================================
==================================================

