2025-11-19 16:01:06,812 | seisbench | WARNING | Setting remote root to: https://seisbench.gfz.de/mirror/
Please note that this can affect your download speed.
2025-11-19 16:01:17,212 | seisbench | WARNING | Output component order not specified, defaulting to 'ZNE'.
2025-11-19 16:01:23,366 | seisbench | WARNING | Skipping preload, as cache is disabled.
2025-11-19 16:01:28,569 | seisbench | WARNING | Skipping preload, as cache is disabled.
/home/quenton.yeo/code/.venv/lib/python3.11/site-packages/torch/optim/lr_scheduler.py:60: UserWarning: The verbose parameter is deprecated. Please use get_last_lr() to access the learning rate.
  warnings.warn(

==================================================
LOADING DATA
==================================================
STEAD dataset loaded: 1265657 samples

Training umamba_mag_v2 on STEAD for 150 epochs...
Model moved to cuda:3
Training UMamba V2 Magnitude Estimator model (encoder-only with pooling)

============================================================
TRAINING UMAMBAMAG V2 (ENCODER-ONLY WITH POOLING)
============================================================
Model: UMambaMag_v2_STEAD
Dataset: STEAD
Batch size: 32
Learning rate: 0.001
Epochs: 150
Warmup epochs: 5
============================================================
Model is on device: cuda:3
Total parameters: 403,685
Trainable parameters: 403,685

Loading data...
Train batches: 33619
Dev batches: 1978

Saving models to: src/trained_weights/UMambaMag_v2_STEAD_20251119_160128


============================================================
Epoch 1/150
Learning Rate: 2.00e-04
============================================================

============================================================
Epoch 1 Summary:
  Train - Loss: 0.290121 | MSE: 0.290121 | RMSE: 0.538629 | MAE: 0.366608
  Val   - Loss: 0.205908 | MSE: 0.205908 | RMSE: 0.453771 | MAE: 0.304379
============================================================

✓ New best model saved! Val Loss: 0.205908

============================================================
Epoch 2/150
Learning Rate: 4.00e-04
============================================================

============================================================
Epoch 2 Summary:
  Train - Loss: 0.220375 | MSE: 0.220375 | RMSE: 0.469441 | MAE: 0.321822
  Val   - Loss: 0.180304 | MSE: 0.180304 | RMSE: 0.424622 | MAE: 0.282324
============================================================

✓ New best model saved! Val Loss: 0.180304

============================================================
Epoch 3/150
Learning Rate: 6.00e-04
============================================================

============================================================
Epoch 3 Summary:
  Train - Loss: 0.194080 | MSE: 0.194080 | RMSE: 0.440546 | MAE: 0.302611
  Val   - Loss: 0.163658 | MSE: 0.163658 | RMSE: 0.404547 | MAE: 0.271984
============================================================

✓ New best model saved! Val Loss: 0.163658

============================================================
Epoch 4/150
Learning Rate: 8.00e-04
============================================================

============================================================
Epoch 4 Summary:
  Train - Loss: 0.175650 | MSE: 0.175650 | RMSE: 0.419107 | MAE: 0.288446
  Val   - Loss: 0.143979 | MSE: 0.143979 | RMSE: 0.379446 | MAE: 0.249505
============================================================

✓ New best model saved! Val Loss: 0.143979

============================================================
Epoch 5/150
Learning Rate: 1.00e-03
============================================================

============================================================
Epoch 5 Summary:
  Train - Loss: 0.163740 | MSE: 0.163740 | RMSE: 0.404648 | MAE: 0.278479
  Val   - Loss: 0.139262 | MSE: 0.139262 | RMSE: 0.373178 | MAE: 0.249837
============================================================

✓ New best model saved! Val Loss: 0.139262
Checkpoint saved: src/trained_weights/UMambaMag_v2_STEAD_20251119_160128/model_epoch_5.pt

============================================================
Epoch 6/150
Learning Rate: 1.00e-03
============================================================

============================================================
Epoch 6 Summary:
  Train - Loss: 0.151433 | MSE: 0.151433 | RMSE: 0.389144 | MAE: 0.267755
  Val   - Loss: 0.134697 | MSE: 0.134697 | RMSE: 0.367010 | MAE: 0.238490
============================================================

✓ New best model saved! Val Loss: 0.134697

============================================================
Epoch 7/150
Learning Rate: 1.00e-03
============================================================

============================================================
Epoch 7 Summary:
  Train - Loss: 0.142685 | MSE: 0.142685 | RMSE: 0.377736 | MAE: 0.260175
  Val   - Loss: 0.119860 | MSE: 0.119860 | RMSE: 0.346208 | MAE: 0.226749
============================================================

✓ New best model saved! Val Loss: 0.119860

============================================================
Epoch 8/150
Learning Rate: 1.00e-03
============================================================

============================================================
Epoch 8 Summary:
  Train - Loss: 0.137326 | MSE: 0.137326 | RMSE: 0.370576 | MAE: 0.254963
  Val   - Loss: 0.122535 | MSE: 0.122535 | RMSE: 0.350049 | MAE: 0.231825
============================================================
No improvement for 1 epochs

============================================================
Epoch 9/150
Learning Rate: 1.00e-03
============================================================

============================================================
Epoch 9 Summary:
  Train - Loss: 0.132987 | MSE: 0.132987 | RMSE: 0.364673 | MAE: 0.251196
  Val   - Loss: 0.111637 | MSE: 0.111637 | RMSE: 0.334121 | MAE: 0.216428
============================================================

✓ New best model saved! Val Loss: 0.111637

============================================================
Epoch 10/150
Learning Rate: 1.00e-03
============================================================

============================================================
Epoch 10 Summary:
  Train - Loss: 0.129833 | MSE: 0.129833 | RMSE: 0.360323 | MAE: 0.248004
  Val   - Loss: 0.114157 | MSE: 0.114157 | RMSE: 0.337872 | MAE: 0.219831
============================================================
No improvement for 1 epochs
Checkpoint saved: src/trained_weights/UMambaMag_v2_STEAD_20251119_160128/model_epoch_10.pt

============================================================
Epoch 11/150
Learning Rate: 1.00e-03
============================================================

============================================================
Epoch 11 Summary:
  Train - Loss: 0.127245 | MSE: 0.127245 | RMSE: 0.356714 | MAE: 0.245356
  Val   - Loss: 0.109971 | MSE: 0.109971 | RMSE: 0.331619 | MAE: 0.225108
============================================================

✓ New best model saved! Val Loss: 0.109971

============================================================
Epoch 12/150
Learning Rate: 1.00e-03
============================================================

============================================================
Epoch 12 Summary:
  Train - Loss: 0.124593 | MSE: 0.124593 | RMSE: 0.352977 | MAE: 0.242998
  Val   - Loss: 0.107425 | MSE: 0.107425 | RMSE: 0.327757 | MAE: 0.220158
============================================================

✓ New best model saved! Val Loss: 0.107425

============================================================
Epoch 13/150
Learning Rate: 1.00e-03
============================================================

============================================================
Epoch 13 Summary:
  Train - Loss: 0.122641 | MSE: 0.122641 | RMSE: 0.350202 | MAE: 0.241259
  Val   - Loss: 0.112816 | MSE: 0.112816 | RMSE: 0.335881 | MAE: 0.228306
============================================================
No improvement for 1 epochs

============================================================
Epoch 14/150
Learning Rate: 1.00e-03
============================================================

============================================================
Epoch 14 Summary:
  Train - Loss: 0.120853 | MSE: 0.120853 | RMSE: 0.347639 | MAE: 0.239555
  Val   - Loss: 0.106637 | MSE: 0.106637 | RMSE: 0.326553 | MAE: 0.207903
============================================================

✓ New best model saved! Val Loss: 0.106637

============================================================
Epoch 15/150
Learning Rate: 1.00e-03
============================================================

============================================================
Epoch 15 Summary:
  Train - Loss: 0.120074 | MSE: 0.120074 | RMSE: 0.346517 | MAE: 0.238065
  Val   - Loss: 0.110525 | MSE: 0.110525 | RMSE: 0.332452 | MAE: 0.221431
============================================================
No improvement for 1 epochs
Checkpoint saved: src/trained_weights/UMambaMag_v2_STEAD_20251119_160128/model_epoch_15.pt

============================================================
Epoch 16/150
Learning Rate: 1.00e-03
============================================================

============================================================
Epoch 16 Summary:
  Train - Loss: 0.118154 | MSE: 0.118154 | RMSE: 0.343735 | MAE: 0.236571
  Val   - Loss: 0.103182 | MSE: 0.103182 | RMSE: 0.321220 | MAE: 0.208754
============================================================

✓ New best model saved! Val Loss: 0.103182

============================================================
Epoch 17/150
Learning Rate: 1.00e-03
============================================================

============================================================
Epoch 17 Summary:
  Train - Loss: 0.116704 | MSE: 0.116704 | RMSE: 0.341620 | MAE: 0.235142
  Val   - Loss: 0.110001 | MSE: 0.110001 | RMSE: 0.331664 | MAE: 0.220704
============================================================
No improvement for 1 epochs

============================================================
Epoch 18/150
Learning Rate: 1.00e-03
============================================================

============================================================
Epoch 18 Summary:
  Train - Loss: 0.115084 | MSE: 0.115084 | RMSE: 0.339241 | MAE: 0.233525
  Val   - Loss: 0.102116 | MSE: 0.102116 | RMSE: 0.319556 | MAE: 0.206342
============================================================

✓ New best model saved! Val Loss: 0.102116

============================================================
Epoch 19/150
Learning Rate: 1.00e-03
============================================================

============================================================
Epoch 19 Summary:
  Train - Loss: 0.114669 | MSE: 0.114669 | RMSE: 0.338628 | MAE: 0.232871
  Val   - Loss: 0.100240 | MSE: 0.100240 | RMSE: 0.316606 | MAE: 0.212422
============================================================

✓ New best model saved! Val Loss: 0.100240

============================================================
Epoch 20/150
Learning Rate: 1.00e-03
============================================================

============================================================
Epoch 20 Summary:
  Train - Loss: 0.113328 | MSE: 0.113328 | RMSE: 0.336643 | MAE: 0.232073
  Val   - Loss: 0.098945 | MSE: 0.098945 | RMSE: 0.314555 | MAE: 0.208461
============================================================

✓ New best model saved! Val Loss: 0.098945
Checkpoint saved: src/trained_weights/UMambaMag_v2_STEAD_20251119_160128/model_epoch_20.pt

============================================================
Epoch 21/150
Learning Rate: 1.00e-03
============================================================

============================================================
Epoch 21 Summary:
  Train - Loss: 0.112488 | MSE: 0.112488 | RMSE: 0.335393 | MAE: 0.231108
  Val   - Loss: 0.095506 | MSE: 0.095506 | RMSE: 0.309041 | MAE: 0.202267
============================================================

✓ New best model saved! Val Loss: 0.095506

============================================================
Epoch 22/150
Learning Rate: 1.00e-03
============================================================

============================================================
Epoch 22 Summary:
  Train - Loss: 0.111975 | MSE: 0.111975 | RMSE: 0.334627 | MAE: 0.230093
  Val   - Loss: 0.102182 | MSE: 0.102182 | RMSE: 0.319659 | MAE: 0.214809
============================================================
No improvement for 1 epochs

============================================================
Epoch 23/150
Learning Rate: 1.00e-03
============================================================

============================================================
Epoch 23 Summary:
  Train - Loss: 0.110858 | MSE: 0.110858 | RMSE: 0.332954 | MAE: 0.229286
  Val   - Loss: 0.098126 | MSE: 0.098126 | RMSE: 0.313251 | MAE: 0.200441
============================================================
No improvement for 2 epochs

============================================================
Epoch 24/150
Learning Rate: 1.00e-03
============================================================

============================================================
Epoch 24 Summary:
  Train - Loss: 0.110554 | MSE: 0.110554 | RMSE: 0.332497 | MAE: 0.228701
  Val   - Loss: 0.093158 | MSE: 0.093158 | RMSE: 0.305218 | MAE: 0.204302
============================================================

✓ New best model saved! Val Loss: 0.093158

============================================================
Epoch 25/150
Learning Rate: 1.00e-03
============================================================

============================================================
Epoch 25 Summary:
  Train - Loss: 0.109645 | MSE: 0.109645 | RMSE: 0.331126 | MAE: 0.227792
  Val   - Loss: 0.094134 | MSE: 0.094134 | RMSE: 0.306812 | MAE: 0.204872
============================================================
No improvement for 1 epochs
Checkpoint saved: src/trained_weights/UMambaMag_v2_STEAD_20251119_160128/model_epoch_25.pt

============================================================
Epoch 26/150
Learning Rate: 1.00e-03
============================================================

============================================================
Epoch 26 Summary:
  Train - Loss: 0.109056 | MSE: 0.109056 | RMSE: 0.330237 | MAE: 0.227080
  Val   - Loss: 0.096025 | MSE: 0.096025 | RMSE: 0.309879 | MAE: 0.200853
============================================================
No improvement for 2 epochs

============================================================
Epoch 27/150
Learning Rate: 1.00e-03
============================================================

============================================================
Epoch 27 Summary:
  Train - Loss: 0.108079 | MSE: 0.108079 | RMSE: 0.328754 | MAE: 0.226271
  Val   - Loss: 0.095025 | MSE: 0.095025 | RMSE: 0.308261 | MAE: 0.200749
============================================================
No improvement for 3 epochs

============================================================
Epoch 28/150
Learning Rate: 1.00e-03
============================================================

============================================================
Epoch 28 Summary:
  Train - Loss: 0.107647 | MSE: 0.107647 | RMSE: 0.328096 | MAE: 0.225693
  Val   - Loss: 0.092804 | MSE: 0.092804 | RMSE: 0.304638 | MAE: 0.199689
============================================================

✓ New best model saved! Val Loss: 0.092804

============================================================
Epoch 29/150
Learning Rate: 1.00e-03
============================================================

============================================================
Epoch 29 Summary:
  Train - Loss: 0.106933 | MSE: 0.106933 | RMSE: 0.327006 | MAE: 0.225262
  Val   - Loss: 0.098684 | MSE: 0.098684 | RMSE: 0.314139 | MAE: 0.203289
============================================================
No improvement for 1 epochs

============================================================
Epoch 30/150
Learning Rate: 1.00e-03
============================================================

============================================================
Epoch 30 Summary:
  Train - Loss: 0.106901 | MSE: 0.106901 | RMSE: 0.326957 | MAE: 0.224810
  Val   - Loss: 0.091393 | MSE: 0.091393 | RMSE: 0.302313 | MAE: 0.194779
============================================================

✓ New best model saved! Val Loss: 0.091393
Checkpoint saved: src/trained_weights/UMambaMag_v2_STEAD_20251119_160128/model_epoch_30.pt

============================================================
Epoch 31/150
Learning Rate: 1.00e-03
============================================================

============================================================
Epoch 31 Summary:
  Train - Loss: 0.106196 | MSE: 0.106196 | RMSE: 0.325877 | MAE: 0.224262
  Val   - Loss: 0.095570 | MSE: 0.095570 | RMSE: 0.309144 | MAE: 0.199541
============================================================
No improvement for 1 epochs

============================================================
Epoch 32/150
Learning Rate: 1.00e-03
============================================================

============================================================
Epoch 32 Summary:
  Train - Loss: 0.105311 | MSE: 0.105311 | RMSE: 0.324516 | MAE: 0.223568
  Val   - Loss: 0.090563 | MSE: 0.090563 | RMSE: 0.300937 | MAE: 0.193518
============================================================

✓ New best model saved! Val Loss: 0.090563

============================================================
Epoch 33/150
Learning Rate: 1.00e-03
============================================================

============================================================
Epoch 33 Summary:
  Train - Loss: 0.104610 | MSE: 0.104610 | RMSE: 0.323434 | MAE: 0.222700
  Val   - Loss: 0.092139 | MSE: 0.092139 | RMSE: 0.303544 | MAE: 0.199037
============================================================
No improvement for 1 epochs

============================================================
Epoch 34/150
Learning Rate: 1.00e-03
============================================================

============================================================
Epoch 34 Summary:
  Train - Loss: 0.104503 | MSE: 0.104503 | RMSE: 0.323269 | MAE: 0.222619
  Val   - Loss: 0.092637 | MSE: 0.092637 | RMSE: 0.304363 | MAE: 0.197283
============================================================
No improvement for 2 epochs

============================================================
Epoch 35/150
Learning Rate: 1.00e-03
============================================================

============================================================
Epoch 35 Summary:
  Train - Loss: 0.103865 | MSE: 0.103865 | RMSE: 0.322281 | MAE: 0.222208
  Val   - Loss: 0.090470 | MSE: 0.090470 | RMSE: 0.300781 | MAE: 0.197101
============================================================

✓ New best model saved! Val Loss: 0.090470
Checkpoint saved: src/trained_weights/UMambaMag_v2_STEAD_20251119_160128/model_epoch_35.pt

============================================================
Epoch 36/150
Learning Rate: 1.00e-03
============================================================

============================================================
Epoch 36 Summary:
  Train - Loss: 0.103342 | MSE: 0.103342 | RMSE: 0.321468 | MAE: 0.221746
  Val   - Loss: 0.091746 | MSE: 0.091746 | RMSE: 0.302896 | MAE: 0.195502
============================================================
No improvement for 1 epochs

============================================================
Epoch 37/150
Learning Rate: 1.00e-03
============================================================

============================================================
Epoch 37 Summary:
  Train - Loss: 0.103266 | MSE: 0.103266 | RMSE: 0.321351 | MAE: 0.221231
  Val   - Loss: 0.089767 | MSE: 0.089767 | RMSE: 0.299612 | MAE: 0.195847
============================================================

✓ New best model saved! Val Loss: 0.089767

============================================================
Epoch 38/150
Learning Rate: 1.00e-03
============================================================

============================================================
Epoch 38 Summary:
  Train - Loss: 0.102645 | MSE: 0.102645 | RMSE: 0.320382 | MAE: 0.220794
  Val   - Loss: 0.089001 | MSE: 0.089001 | RMSE: 0.298330 | MAE: 0.196044
============================================================

✓ New best model saved! Val Loss: 0.089001

============================================================
Epoch 39/150
Learning Rate: 1.00e-03
============================================================

============================================================
Epoch 39 Summary:
  Train - Loss: 0.102082 | MSE: 0.102082 | RMSE: 0.319503 | MAE: 0.220308
  Val   - Loss: 0.087882 | MSE: 0.087882 | RMSE: 0.296449 | MAE: 0.199258
============================================================

✓ New best model saved! Val Loss: 0.087882

============================================================
Epoch 40/150
Learning Rate: 1.00e-03
============================================================

============================================================
Epoch 40 Summary:
  Train - Loss: 0.102048 | MSE: 0.102048 | RMSE: 0.319450 | MAE: 0.220229
  Val   - Loss: 0.090708 | MSE: 0.090708 | RMSE: 0.301178 | MAE: 0.197970
============================================================
No improvement for 1 epochs
Checkpoint saved: src/trained_weights/UMambaMag_v2_STEAD_20251119_160128/model_epoch_40.pt

============================================================
Epoch 41/150
Learning Rate: 1.00e-03
============================================================

============================================================
Epoch 41 Summary:
  Train - Loss: 0.102104 | MSE: 0.102104 | RMSE: 0.319538 | MAE: 0.220152
  Val   - Loss: 0.090271 | MSE: 0.090271 | RMSE: 0.300451 | MAE: 0.194961
============================================================
No improvement for 2 epochs

============================================================
Epoch 42/150
Learning Rate: 1.00e-03
============================================================

============================================================
Epoch 42 Summary:
  Train - Loss: 0.101482 | MSE: 0.101482 | RMSE: 0.318563 | MAE: 0.219321
  Val   - Loss: 0.092807 | MSE: 0.092807 | RMSE: 0.304642 | MAE: 0.194954
============================================================
No improvement for 3 epochs

============================================================
Epoch 43/150
Learning Rate: 1.00e-03
============================================================

============================================================
Epoch 43 Summary:
  Train - Loss: 0.100759 | MSE: 0.100759 | RMSE: 0.317426 | MAE: 0.218992
  Val   - Loss: 0.089609 | MSE: 0.089609 | RMSE: 0.299347 | MAE: 0.194693
============================================================
No improvement for 4 epochs

============================================================
Epoch 44/150
Learning Rate: 1.00e-03
============================================================

============================================================
Epoch 44 Summary:
  Train - Loss: 0.100935 | MSE: 0.100935 | RMSE: 0.317703 | MAE: 0.218856
  Val   - Loss: 0.088768 | MSE: 0.088768 | RMSE: 0.297940 | MAE: 0.192152
============================================================
No improvement for 5 epochs

============================================================
Epoch 45/150
Learning Rate: 1.00e-03
============================================================

============================================================
Epoch 45 Summary:
  Train - Loss: 0.100377 | MSE: 0.100377 | RMSE: 0.316824 | MAE: 0.218413
  Val   - Loss: 0.087370 | MSE: 0.087370 | RMSE: 0.295585 | MAE: 0.193347
============================================================

✓ New best model saved! Val Loss: 0.087370
Checkpoint saved: src/trained_weights/UMambaMag_v2_STEAD_20251119_160128/model_epoch_45.pt

============================================================
Epoch 46/150
Learning Rate: 1.00e-03
============================================================

============================================================
Epoch 46 Summary:
  Train - Loss: 0.100166 | MSE: 0.100166 | RMSE: 0.316491 | MAE: 0.218246
  Val   - Loss: 0.087853 | MSE: 0.087853 | RMSE: 0.296399 | MAE: 0.192002
============================================================
No improvement for 1 epochs

============================================================
Epoch 47/150
Learning Rate: 1.00e-03
============================================================

============================================================
Epoch 47 Summary:
  Train - Loss: 0.099871 | MSE: 0.099871 | RMSE: 0.316024 | MAE: 0.217741
  Val   - Loss: 0.090378 | MSE: 0.090378 | RMSE: 0.300629 | MAE: 0.203808
============================================================
No improvement for 2 epochs

============================================================
Epoch 48/150
Learning Rate: 1.00e-03
============================================================

============================================================
Epoch 48 Summary:
  Train - Loss: 0.099474 | MSE: 0.099474 | RMSE: 0.315395 | MAE: 0.217420
  Val   - Loss: 0.090925 | MSE: 0.090925 | RMSE: 0.301538 | MAE: 0.198425
============================================================
No improvement for 3 epochs

============================================================
Epoch 49/150
Learning Rate: 1.00e-03
============================================================

============================================================
Epoch 49 Summary:
  Train - Loss: 0.099267 | MSE: 0.099267 | RMSE: 0.315066 | MAE: 0.217293
  Val   - Loss: 0.088231 | MSE: 0.088231 | RMSE: 0.297038 | MAE: 0.190246
============================================================
No improvement for 4 epochs

============================================================
Epoch 50/150
Learning Rate: 1.00e-03
============================================================

============================================================
Epoch 50 Summary:
  Train - Loss: 0.098585 | MSE: 0.098585 | RMSE: 0.313983 | MAE: 0.216591
  Val   - Loss: 0.088163 | MSE: 0.088163 | RMSE: 0.296923 | MAE: 0.195100
============================================================
No improvement for 5 epochs
Checkpoint saved: src/trained_weights/UMambaMag_v2_STEAD_20251119_160128/model_epoch_50.pt

============================================================
Epoch 51/150
Learning Rate: 1.00e-03
============================================================

============================================================
Epoch 51 Summary:
  Train - Loss: 0.099181 | MSE: 0.099181 | RMSE: 0.314929 | MAE: 0.216859
  Val   - Loss: 0.088095 | MSE: 0.088095 | RMSE: 0.296807 | MAE: 0.190264
============================================================
No improvement for 6 epochs

============================================================
Epoch 52/150
Learning Rate: 5.00e-04
============================================================

============================================================
Epoch 52 Summary:
  Train - Loss: 0.091939 | MSE: 0.091939 | RMSE: 0.303214 | MAE: 0.209401
  Val   - Loss: 0.082847 | MSE: 0.082847 | RMSE: 0.287831 | MAE: 0.182309
============================================================

✓ New best model saved! Val Loss: 0.082847

============================================================
Epoch 53/150
Learning Rate: 5.00e-04
============================================================

============================================================
Epoch 53 Summary:
  Train - Loss: 0.091349 | MSE: 0.091349 | RMSE: 0.302239 | MAE: 0.208385
  Val   - Loss: 0.082064 | MSE: 0.082064 | RMSE: 0.286469 | MAE: 0.189660
============================================================

✓ New best model saved! Val Loss: 0.082064

============================================================
Epoch 54/150
Learning Rate: 5.00e-04
============================================================

============================================================
Epoch 54 Summary:
  Train - Loss: 0.090914 | MSE: 0.090914 | RMSE: 0.301520 | MAE: 0.207977
  Val   - Loss: 0.081507 | MSE: 0.081507 | RMSE: 0.285494 | MAE: 0.183905
============================================================

✓ New best model saved! Val Loss: 0.081507

============================================================
Epoch 55/150
Learning Rate: 5.00e-04
============================================================

============================================================
Epoch 55 Summary:
  Train - Loss: 0.090206 | MSE: 0.090206 | RMSE: 0.300343 | MAE: 0.207356
  Val   - Loss: 0.082031 | MSE: 0.082031 | RMSE: 0.286410 | MAE: 0.186646
============================================================
No improvement for 1 epochs
Checkpoint saved: src/trained_weights/UMambaMag_v2_STEAD_20251119_160128/model_epoch_55.pt

============================================================
Epoch 56/150
Learning Rate: 5.00e-04
============================================================

============================================================
Epoch 56 Summary:
  Train - Loss: 0.089871 | MSE: 0.089871 | RMSE: 0.299785 | MAE: 0.206899
  Val   - Loss: 0.081940 | MSE: 0.081940 | RMSE: 0.286251 | MAE: 0.185116
============================================================
No improvement for 2 epochs

============================================================
Epoch 57/150
Learning Rate: 5.00e-04
============================================================

============================================================
Epoch 57 Summary:
  Train - Loss: 0.090313 | MSE: 0.090313 | RMSE: 0.300522 | MAE: 0.207210
  Val   - Loss: 0.078468 | MSE: 0.078468 | RMSE: 0.280122 | MAE: 0.180538
============================================================

✓ New best model saved! Val Loss: 0.078468

============================================================
Epoch 58/150
Learning Rate: 5.00e-04
============================================================

============================================================
Epoch 58 Summary:
  Train - Loss: 0.089218 | MSE: 0.089218 | RMSE: 0.298695 | MAE: 0.206233
  Val   - Loss: 0.081144 | MSE: 0.081144 | RMSE: 0.284857 | MAE: 0.184872
============================================================
No improvement for 1 epochs

============================================================
Epoch 59/150
Learning Rate: 5.00e-04
============================================================

============================================================
Epoch 59 Summary:
  Train - Loss: 0.089516 | MSE: 0.089516 | RMSE: 0.299192 | MAE: 0.206560
  Val   - Loss: 0.080210 | MSE: 0.080210 | RMSE: 0.283213 | MAE: 0.182757
============================================================
No improvement for 2 epochs

============================================================
Epoch 60/150
Learning Rate: 5.00e-04
============================================================

============================================================
Epoch 60 Summary:
  Train - Loss: 0.089463 | MSE: 0.089463 | RMSE: 0.299103 | MAE: 0.206280
  Val   - Loss: 0.080259 | MSE: 0.080259 | RMSE: 0.283299 | MAE: 0.181353
============================================================
No improvement for 3 epochs
Checkpoint saved: src/trained_weights/UMambaMag_v2_STEAD_20251119_160128/model_epoch_60.pt

============================================================
Epoch 61/150
Learning Rate: 5.00e-04
============================================================

============================================================
Epoch 61 Summary:
  Train - Loss: 0.088978 | MSE: 0.088978 | RMSE: 0.298291 | MAE: 0.205769
  Val   - Loss: 0.082713 | MSE: 0.082713 | RMSE: 0.287599 | MAE: 0.187255
============================================================
No improvement for 4 epochs

============================================================
Epoch 62/150
Learning Rate: 5.00e-04
============================================================

============================================================
Epoch 62 Summary:
  Train - Loss: 0.088609 | MSE: 0.088609 | RMSE: 0.297672 | MAE: 0.205469
  Val   - Loss: 0.079461 | MSE: 0.079461 | RMSE: 0.281888 | MAE: 0.180043
============================================================
No improvement for 5 epochs

============================================================
Epoch 63/150
Learning Rate: 5.00e-04
============================================================

============================================================
Epoch 63 Summary:
  Train - Loss: 0.088983 | MSE: 0.088983 | RMSE: 0.298300 | MAE: 0.205610
  Val   - Loss: 0.082118 | MSE: 0.082118 | RMSE: 0.286563 | MAE: 0.186281
============================================================
No improvement for 6 epochs

============================================================
Epoch 64/150
Learning Rate: 2.50e-04
============================================================

============================================================
Epoch 64 Summary:
  Train - Loss: 0.085172 | MSE: 0.085172 | RMSE: 0.291843 | MAE: 0.201681
  Val   - Loss: 0.076217 | MSE: 0.076217 | RMSE: 0.276074 | MAE: 0.176373
============================================================

✓ New best model saved! Val Loss: 0.076217

============================================================
Epoch 65/150
Learning Rate: 2.50e-04
============================================================

============================================================
Epoch 65 Summary:
  Train - Loss: 0.084756 | MSE: 0.084756 | RMSE: 0.291129 | MAE: 0.201100
  Val   - Loss: 0.079059 | MSE: 0.079059 | RMSE: 0.281174 | MAE: 0.177766
============================================================
No improvement for 1 epochs
Checkpoint saved: src/trained_weights/UMambaMag_v2_STEAD_20251119_160128/model_epoch_65.pt

============================================================
Epoch 66/150
Learning Rate: 2.50e-04
============================================================

============================================================
Epoch 66 Summary:
  Train - Loss: 0.084818 | MSE: 0.084818 | RMSE: 0.291235 | MAE: 0.201390
  Val   - Loss: 0.079471 | MSE: 0.079471 | RMSE: 0.281907 | MAE: 0.183196
============================================================
No improvement for 2 epochs

============================================================
Epoch 67/150
Learning Rate: 2.50e-04
============================================================

============================================================
Epoch 67 Summary:
  Train - Loss: 0.084604 | MSE: 0.084604 | RMSE: 0.290868 | MAE: 0.200815
  Val   - Loss: 0.076921 | MSE: 0.076921 | RMSE: 0.277346 | MAE: 0.180347
============================================================
No improvement for 3 epochs

============================================================
Epoch 68/150
Learning Rate: 2.50e-04
============================================================

============================================================
Epoch 68 Summary:
  Train - Loss: 0.084679 | MSE: 0.084679 | RMSE: 0.290996 | MAE: 0.200904
  Val   - Loss: 0.076818 | MSE: 0.076818 | RMSE: 0.277160 | MAE: 0.176150
============================================================
No improvement for 4 epochs

============================================================
Epoch 69/150
Learning Rate: 2.50e-04
============================================================

============================================================
Epoch 69 Summary:
  Train - Loss: 0.084111 | MSE: 0.084111 | RMSE: 0.290019 | MAE: 0.200456
  Val   - Loss: 0.077167 | MSE: 0.077167 | RMSE: 0.277789 | MAE: 0.176412
============================================================
No improvement for 5 epochs

============================================================
Epoch 70/150
Learning Rate: 2.50e-04
============================================================

============================================================
Epoch 70 Summary:
  Train - Loss: 0.083946 | MSE: 0.083946 | RMSE: 0.289734 | MAE: 0.200267
  Val   - Loss: 0.076552 | MSE: 0.076552 | RMSE: 0.276681 | MAE: 0.177407
============================================================
No improvement for 6 epochs
Checkpoint saved: src/trained_weights/UMambaMag_v2_STEAD_20251119_160128/model_epoch_70.pt

============================================================
Epoch 71/150
Learning Rate: 1.25e-04
============================================================

============================================================
Epoch 71 Summary:
  Train - Loss: 0.082216 | MSE: 0.082216 | RMSE: 0.286732 | MAE: 0.198098
  Val   - Loss: 0.074507 | MSE: 0.074507 | RMSE: 0.272959 | MAE: 0.175222
============================================================

✓ New best model saved! Val Loss: 0.074507

============================================================
Epoch 72/150
Learning Rate: 1.25e-04
============================================================

============================================================
Epoch 72 Summary:
  Train - Loss: 0.082419 | MSE: 0.082419 | RMSE: 0.287088 | MAE: 0.197988
  Val   - Loss: 0.075402 | MSE: 0.075402 | RMSE: 0.274594 | MAE: 0.176525
============================================================
No improvement for 1 epochs

============================================================
Epoch 73/150
Learning Rate: 1.25e-04
============================================================

============================================================
Epoch 73 Summary:
  Train - Loss: 0.081913 | MSE: 0.081913 | RMSE: 0.286204 | MAE: 0.197841
  Val   - Loss: 0.074719 | MSE: 0.074719 | RMSE: 0.273347 | MAE: 0.174253
============================================================
No improvement for 2 epochs

============================================================
Epoch 74/150
Learning Rate: 1.25e-04
============================================================

============================================================
Epoch 74 Summary:
  Train - Loss: 0.081857 | MSE: 0.081857 | RMSE: 0.286106 | MAE: 0.197693
  Val   - Loss: 0.074591 | MSE: 0.074591 | RMSE: 0.273113 | MAE: 0.177320
============================================================
No improvement for 3 epochs

============================================================
Epoch 75/150
Learning Rate: 1.25e-04
============================================================

============================================================
Epoch 75 Summary:
  Train - Loss: 0.081731 | MSE: 0.081731 | RMSE: 0.285887 | MAE: 0.197727
  Val   - Loss: 0.077052 | MSE: 0.077052 | RMSE: 0.277583 | MAE: 0.176837
============================================================
No improvement for 4 epochs
Checkpoint saved: src/trained_weights/UMambaMag_v2_STEAD_20251119_160128/model_epoch_75.pt

============================================================
Epoch 76/150
Learning Rate: 1.25e-04
============================================================

============================================================
Epoch 76 Summary:
  Train - Loss: 0.081808 | MSE: 0.081808 | RMSE: 0.286021 | MAE: 0.197479
  Val   - Loss: 0.075100 | MSE: 0.075100 | RMSE: 0.274044 | MAE: 0.174845
============================================================
No improvement for 5 epochs

============================================================
Epoch 77/150
Learning Rate: 1.25e-04
============================================================

============================================================
Epoch 77 Summary:
  Train - Loss: 0.081607 | MSE: 0.081607 | RMSE: 0.285669 | MAE: 0.197540
  Val   - Loss: 0.076518 | MSE: 0.076518 | RMSE: 0.276618 | MAE: 0.175190
============================================================
No improvement for 6 epochs

============================================================
Epoch 78/150
Learning Rate: 6.25e-05
============================================================

============================================================
Epoch 78 Summary:
  Train - Loss: 0.080744 | MSE: 0.080744 | RMSE: 0.284154 | MAE: 0.196389
  Val   - Loss: 0.074214 | MSE: 0.074214 | RMSE: 0.272422 | MAE: 0.173487
============================================================

✓ New best model saved! Val Loss: 0.074214

============================================================
Epoch 79/150
Learning Rate: 6.25e-05
============================================================

============================================================
Epoch 79 Summary:
  Train - Loss: 0.080818 | MSE: 0.080818 | RMSE: 0.284285 | MAE: 0.196515
  Val   - Loss: 0.075131 | MSE: 0.075131 | RMSE: 0.274099 | MAE: 0.174738
============================================================
No improvement for 1 epochs

============================================================
Epoch 80/150
Learning Rate: 6.25e-05
============================================================

============================================================
Epoch 80 Summary:
  Train - Loss: 0.080966 | MSE: 0.080966 | RMSE: 0.284546 | MAE: 0.196594
  Val   - Loss: 0.074693 | MSE: 0.074693 | RMSE: 0.273300 | MAE: 0.175918
============================================================
No improvement for 2 epochs
Checkpoint saved: src/trained_weights/UMambaMag_v2_STEAD_20251119_160128/model_epoch_80.pt

============================================================
Epoch 81/150
Learning Rate: 6.25e-05
============================================================

============================================================
Epoch 81 Summary:
  Train - Loss: 0.080524 | MSE: 0.080524 | RMSE: 0.283767 | MAE: 0.196252
  Val   - Loss: 0.074692 | MSE: 0.074692 | RMSE: 0.273298 | MAE: 0.178708
============================================================
No improvement for 3 epochs

============================================================
Epoch 82/150
Learning Rate: 6.25e-05
============================================================

============================================================
Epoch 82 Summary:
  Train - Loss: 0.080651 | MSE: 0.080651 | RMSE: 0.283990 | MAE: 0.196314
  Val   - Loss: 0.075392 | MSE: 0.075392 | RMSE: 0.274576 | MAE: 0.176708
============================================================
No improvement for 4 epochs

============================================================
Epoch 83/150
Learning Rate: 6.25e-05
============================================================

============================================================
Epoch 83 Summary:
  Train - Loss: 0.080519 | MSE: 0.080519 | RMSE: 0.283759 | MAE: 0.196116
  Val   - Loss: 0.074153 | MSE: 0.074153 | RMSE: 0.272311 | MAE: 0.174352
============================================================

✓ New best model saved! Val Loss: 0.074153

============================================================
Epoch 84/150
Learning Rate: 6.25e-05
============================================================

============================================================
Epoch 84 Summary:
  Train - Loss: 0.080222 | MSE: 0.080222 | RMSE: 0.283234 | MAE: 0.195924
  Val   - Loss: 0.075822 | MSE: 0.075822 | RMSE: 0.275358 | MAE: 0.175600
============================================================
No improvement for 1 epochs

============================================================
Epoch 85/150
Learning Rate: 6.25e-05
============================================================

============================================================
Epoch 85 Summary:
  Train - Loss: 0.080223 | MSE: 0.080223 | RMSE: 0.283237 | MAE: 0.196030
  Val   - Loss: 0.075143 | MSE: 0.075143 | RMSE: 0.274123 | MAE: 0.174692
============================================================
No improvement for 2 epochs
Checkpoint saved: src/trained_weights/UMambaMag_v2_STEAD_20251119_160128/model_epoch_85.pt

============================================================
Epoch 86/150
Learning Rate: 6.25e-05
============================================================

============================================================
Epoch 86 Summary:
  Train - Loss: 0.080594 | MSE: 0.080594 | RMSE: 0.283891 | MAE: 0.196200
  Val   - Loss: 0.074487 | MSE: 0.074487 | RMSE: 0.272922 | MAE: 0.173451
============================================================
No improvement for 3 epochs

============================================================
Epoch 87/150
Learning Rate: 6.25e-05
============================================================

============================================================
Epoch 87 Summary:
  Train - Loss: 0.080269 | MSE: 0.080269 | RMSE: 0.283317 | MAE: 0.195999
  Val   - Loss: 0.073733 | MSE: 0.073733 | RMSE: 0.271537 | MAE: 0.175209
============================================================

✓ New best model saved! Val Loss: 0.073733

============================================================
Epoch 88/150
Learning Rate: 6.25e-05
============================================================

============================================================
Epoch 88 Summary:
  Train - Loss: 0.080414 | MSE: 0.080414 | RMSE: 0.283573 | MAE: 0.195842
  Val   - Loss: 0.073805 | MSE: 0.073805 | RMSE: 0.271671 | MAE: 0.175525
============================================================
No improvement for 1 epochs

============================================================
Epoch 89/150
Learning Rate: 6.25e-05
============================================================

============================================================
Epoch 89 Summary:
  Train - Loss: 0.080182 | MSE: 0.080182 | RMSE: 0.283165 | MAE: 0.195865
  Val   - Loss: 0.073629 | MSE: 0.073629 | RMSE: 0.271347 | MAE: 0.177031
============================================================

✓ New best model saved! Val Loss: 0.073629

============================================================
Epoch 90/150
Learning Rate: 6.25e-05
============================================================

============================================================
Epoch 90 Summary:
  Train - Loss: 0.080745 | MSE: 0.080745 | RMSE: 0.284156 | MAE: 0.195947
  Val   - Loss: 0.074249 | MSE: 0.074249 | RMSE: 0.272487 | MAE: 0.175837
============================================================
No improvement for 1 epochs
Checkpoint saved: src/trained_weights/UMambaMag_v2_STEAD_20251119_160128/model_epoch_90.pt

============================================================
Epoch 91/150
Learning Rate: 6.25e-05
============================================================

============================================================
Epoch 91 Summary:
  Train - Loss: 0.080278 | MSE: 0.080278 | RMSE: 0.283333 | MAE: 0.195980
  Val   - Loss: 0.073725 | MSE: 0.073725 | RMSE: 0.271524 | MAE: 0.173598
============================================================
No improvement for 2 epochs

============================================================
Epoch 92/150
Learning Rate: 6.25e-05
============================================================

============================================================
Epoch 92 Summary:
  Train - Loss: 0.079849 | MSE: 0.079849 | RMSE: 0.282575 | MAE: 0.195633
  Val   - Loss: 0.074608 | MSE: 0.074608 | RMSE: 0.273145 | MAE: 0.175442
============================================================
No improvement for 3 epochs

============================================================
Epoch 93/150
Learning Rate: 6.25e-05
============================================================

============================================================
Epoch 93 Summary:
  Train - Loss: 0.080485 | MSE: 0.080485 | RMSE: 0.283699 | MAE: 0.195812
  Val   - Loss: 0.074257 | MSE: 0.074257 | RMSE: 0.272501 | MAE: 0.176438
============================================================
No improvement for 4 epochs

============================================================
Epoch 94/150
Learning Rate: 6.25e-05
============================================================

============================================================
Epoch 94 Summary:
  Train - Loss: 0.079788 | MSE: 0.079788 | RMSE: 0.282467 | MAE: 0.195451
  Val   - Loss: 0.073977 | MSE: 0.073977 | RMSE: 0.271988 | MAE: 0.173216
============================================================
No improvement for 5 epochs

============================================================
Epoch 95/150
Learning Rate: 6.25e-05
============================================================

============================================================
Epoch 95 Summary:
  Train - Loss: 0.080064 | MSE: 0.080064 | RMSE: 0.282956 | MAE: 0.195521
  Val   - Loss: 0.073574 | MSE: 0.073574 | RMSE: 0.271245 | MAE: 0.172749
============================================================

✓ New best model saved! Val Loss: 0.073574
Checkpoint saved: src/trained_weights/UMambaMag_v2_STEAD_20251119_160128/model_epoch_95.pt

============================================================
Epoch 96/150
Learning Rate: 6.25e-05
============================================================

============================================================
Epoch 96 Summary:
  Train - Loss: 0.079745 | MSE: 0.079745 | RMSE: 0.282391 | MAE: 0.195381
  Val   - Loss: 0.074042 | MSE: 0.074042 | RMSE: 0.272107 | MAE: 0.175112
============================================================
No improvement for 1 epochs

============================================================
Epoch 97/150
Learning Rate: 6.25e-05
============================================================

============================================================
Epoch 97 Summary:
  Train - Loss: 0.079858 | MSE: 0.079858 | RMSE: 0.282592 | MAE: 0.195271
  Val   - Loss: 0.073231 | MSE: 0.073231 | RMSE: 0.270613 | MAE: 0.172572
============================================================

✓ New best model saved! Val Loss: 0.073231

============================================================
Epoch 98/150
Learning Rate: 6.25e-05
============================================================

============================================================
Epoch 98 Summary:
  Train - Loss: 0.079831 | MSE: 0.079831 | RMSE: 0.282545 | MAE: 0.195432
  Val   - Loss: 0.074180 | MSE: 0.074180 | RMSE: 0.272360 | MAE: 0.174064
============================================================
No improvement for 1 epochs

============================================================
Epoch 99/150
Learning Rate: 6.25e-05
============================================================

============================================================
Epoch 99 Summary:
  Train - Loss: 0.079836 | MSE: 0.079836 | RMSE: 0.282552 | MAE: 0.195328
  Val   - Loss: 0.074036 | MSE: 0.074036 | RMSE: 0.272095 | MAE: 0.173364
============================================================
No improvement for 2 epochs

============================================================
Epoch 100/150
Learning Rate: 6.25e-05
============================================================

============================================================
Epoch 100 Summary:
  Train - Loss: 0.079648 | MSE: 0.079648 | RMSE: 0.282219 | MAE: 0.195251
  Val   - Loss: 0.073307 | MSE: 0.073307 | RMSE: 0.270752 | MAE: 0.172648
============================================================
No improvement for 3 epochs
Checkpoint saved: src/trained_weights/UMambaMag_v2_STEAD_20251119_160128/model_epoch_100.pt

============================================================
Epoch 101/150
Learning Rate: 6.25e-05
============================================================

============================================================
Epoch 101 Summary:
  Train - Loss: 0.079488 | MSE: 0.079488 | RMSE: 0.281936 | MAE: 0.195140
  Val   - Loss: 0.074173 | MSE: 0.074173 | RMSE: 0.272348 | MAE: 0.172792
============================================================
No improvement for 4 epochs

============================================================
Epoch 102/150
Learning Rate: 6.25e-05
============================================================

============================================================
Epoch 102 Summary:
  Train - Loss: 0.079387 | MSE: 0.079387 | RMSE: 0.281757 | MAE: 0.194970
  Val   - Loss: 0.074666 | MSE: 0.074666 | RMSE: 0.273251 | MAE: 0.176065
============================================================
No improvement for 5 epochs

============================================================
Epoch 103/150
Learning Rate: 6.25e-05
============================================================

============================================================
Epoch 103 Summary:
  Train - Loss: 0.079508 | MSE: 0.079508 | RMSE: 0.281972 | MAE: 0.195063
  Val   - Loss: 0.074768 | MSE: 0.074768 | RMSE: 0.273437 | MAE: 0.173949
============================================================
No improvement for 6 epochs

============================================================
Epoch 104/150
Learning Rate: 3.13e-05
============================================================

============================================================
Epoch 104 Summary:
  Train - Loss: 0.079140 | MSE: 0.079140 | RMSE: 0.281318 | MAE: 0.194741
  Val   - Loss: 0.073179 | MSE: 0.073179 | RMSE: 0.270516 | MAE: 0.173068
============================================================

✓ New best model saved! Val Loss: 0.073179

============================================================
Epoch 105/150
Learning Rate: 3.13e-05
============================================================

============================================================
Epoch 105 Summary:
  Train - Loss: 0.079175 | MSE: 0.079175 | RMSE: 0.281381 | MAE: 0.194481
  Val   - Loss: 0.074058 | MSE: 0.074058 | RMSE: 0.272136 | MAE: 0.173261
============================================================
No improvement for 1 epochs
Checkpoint saved: src/trained_weights/UMambaMag_v2_STEAD_20251119_160128/model_epoch_105.pt

============================================================
Epoch 106/150
Learning Rate: 3.13e-05
============================================================

============================================================
Epoch 106 Summary:
  Train - Loss: 0.079261 | MSE: 0.079261 | RMSE: 0.281533 | MAE: 0.194755
  Val   - Loss: 0.073512 | MSE: 0.073512 | RMSE: 0.271132 | MAE: 0.172365
============================================================
No improvement for 2 epochs

============================================================
Epoch 107/150
Learning Rate: 3.13e-05
============================================================

============================================================
Epoch 107 Summary:
  Train - Loss: 0.079157 | MSE: 0.079157 | RMSE: 0.281349 | MAE: 0.194542
  Val   - Loss: 0.072430 | MSE: 0.072430 | RMSE: 0.269128 | MAE: 0.172571
============================================================

✓ New best model saved! Val Loss: 0.072430

============================================================
Epoch 108/150
Learning Rate: 3.13e-05
============================================================

============================================================
Epoch 108 Summary:
  Train - Loss: 0.079202 | MSE: 0.079202 | RMSE: 0.281429 | MAE: 0.194508
  Val   - Loss: 0.073369 | MSE: 0.073369 | RMSE: 0.270868 | MAE: 0.172056
============================================================
No improvement for 1 epochs

============================================================
Epoch 109/150
Learning Rate: 3.13e-05
============================================================

============================================================
Epoch 109 Summary:
  Train - Loss: 0.078887 | MSE: 0.078887 | RMSE: 0.280869 | MAE: 0.194350
  Val   - Loss: 0.073605 | MSE: 0.073605 | RMSE: 0.271302 | MAE: 0.173882
============================================================
No improvement for 2 epochs

============================================================
Epoch 110/150
Learning Rate: 3.13e-05
============================================================

============================================================
Epoch 110 Summary:
  Train - Loss: 0.078914 | MSE: 0.078914 | RMSE: 0.280916 | MAE: 0.194370
  Val   - Loss: 0.073513 | MSE: 0.073513 | RMSE: 0.271133 | MAE: 0.174399
============================================================
No improvement for 3 epochs
Checkpoint saved: src/trained_weights/UMambaMag_v2_STEAD_20251119_160128/model_epoch_110.pt

============================================================
Epoch 111/150
Learning Rate: 3.13e-05
============================================================

============================================================
Epoch 111 Summary:
  Train - Loss: 0.078851 | MSE: 0.078851 | RMSE: 0.280805 | MAE: 0.194386
  Val   - Loss: 0.072928 | MSE: 0.072928 | RMSE: 0.270052 | MAE: 0.173294
============================================================
No improvement for 4 epochs

============================================================
Epoch 112/150
Learning Rate: 3.13e-05
============================================================

============================================================
Epoch 112 Summary:
  Train - Loss: 0.079325 | MSE: 0.079325 | RMSE: 0.281648 | MAE: 0.194734
  Val   - Loss: 0.072387 | MSE: 0.072387 | RMSE: 0.269047 | MAE: 0.172978
============================================================

✓ New best model saved! Val Loss: 0.072387

============================================================
Epoch 113/150
Learning Rate: 3.13e-05
============================================================

============================================================
Epoch 113 Summary:
  Train - Loss: 0.079383 | MSE: 0.079383 | RMSE: 0.281750 | MAE: 0.194536
  Val   - Loss: 0.073888 | MSE: 0.073888 | RMSE: 0.271823 | MAE: 0.172988
============================================================
No improvement for 1 epochs

============================================================
Epoch 114/150
Learning Rate: 3.13e-05
============================================================

============================================================
Epoch 114 Summary:
  Train - Loss: 0.079172 | MSE: 0.079172 | RMSE: 0.281376 | MAE: 0.194601
  Val   - Loss: 0.072879 | MSE: 0.072879 | RMSE: 0.269961 | MAE: 0.174533
============================================================
No improvement for 2 epochs

============================================================
Epoch 115/150
Learning Rate: 3.13e-05
============================================================

============================================================
Epoch 115 Summary:
  Train - Loss: 0.078604 | MSE: 0.078604 | RMSE: 0.280364 | MAE: 0.194207
  Val   - Loss: 0.073656 | MSE: 0.073656 | RMSE: 0.271397 | MAE: 0.174800
============================================================
No improvement for 3 epochs
Checkpoint saved: src/trained_weights/UMambaMag_v2_STEAD_20251119_160128/model_epoch_115.pt

============================================================
Epoch 116/150
Learning Rate: 3.13e-05
============================================================

============================================================
Epoch 116 Summary:
  Train - Loss: 0.079089 | MSE: 0.079089 | RMSE: 0.281227 | MAE: 0.194499
  Val   - Loss: 0.074393 | MSE: 0.074393 | RMSE: 0.272751 | MAE: 0.174765
============================================================
No improvement for 4 epochs

============================================================
Epoch 117/150
Learning Rate: 3.13e-05
============================================================

============================================================
Epoch 117 Summary:
  Train - Loss: 0.079080 | MSE: 0.079080 | RMSE: 0.281212 | MAE: 0.194315
  Val   - Loss: 0.072949 | MSE: 0.072949 | RMSE: 0.270091 | MAE: 0.172354
============================================================
No improvement for 5 epochs

============================================================
Epoch 118/150
Learning Rate: 3.13e-05
============================================================

============================================================
Epoch 118 Summary:
  Train - Loss: 0.078996 | MSE: 0.078996 | RMSE: 0.281062 | MAE: 0.194258
  Val   - Loss: 0.075878 | MSE: 0.075878 | RMSE: 0.275459 | MAE: 0.174140
============================================================
No improvement for 6 epochs

============================================================
Epoch 119/150
Learning Rate: 1.56e-05
============================================================

============================================================
Epoch 119 Summary:
  Train - Loss: 0.078471 | MSE: 0.078471 | RMSE: 0.280126 | MAE: 0.193984
  Val   - Loss: 0.072995 | MSE: 0.072995 | RMSE: 0.270177 | MAE: 0.171443
============================================================
No improvement for 7 epochs

============================================================
Epoch 120/150
Learning Rate: 1.56e-05
============================================================

============================================================
Epoch 120 Summary:
  Train - Loss: 0.078569 | MSE: 0.078569 | RMSE: 0.280301 | MAE: 0.193901
  Val   - Loss: 0.074397 | MSE: 0.074397 | RMSE: 0.272758 | MAE: 0.173084
============================================================
No improvement for 8 epochs
Checkpoint saved: src/trained_weights/UMambaMag_v2_STEAD_20251119_160128/model_epoch_120.pt

============================================================
Epoch 121/150
Learning Rate: 1.56e-05
============================================================

============================================================
Epoch 121 Summary:
  Train - Loss: 0.078616 | MSE: 0.078616 | RMSE: 0.280385 | MAE: 0.193844
  Val   - Loss: 0.073299 | MSE: 0.073299 | RMSE: 0.270738 | MAE: 0.172666
============================================================
No improvement for 9 epochs

============================================================
Epoch 122/150
Learning Rate: 1.56e-05
============================================================

============================================================
Epoch 122 Summary:
  Train - Loss: 0.078521 | MSE: 0.078521 | RMSE: 0.280216 | MAE: 0.194014
  Val   - Loss: 0.073049 | MSE: 0.073049 | RMSE: 0.270276 | MAE: 0.172213
============================================================
No improvement for 10 epochs

============================================================
Epoch 123/150
Learning Rate: 1.56e-05
============================================================

============================================================
Epoch 123 Summary:
  Train - Loss: 0.078453 | MSE: 0.078453 | RMSE: 0.280095 | MAE: 0.193875
  Val   - Loss: 0.073483 | MSE: 0.073483 | RMSE: 0.271077 | MAE: 0.172306
============================================================
No improvement for 11 epochs

============================================================
Epoch 124/150
Learning Rate: 1.56e-05
============================================================

============================================================
Epoch 124 Summary:
  Train - Loss: 0.078825 | MSE: 0.078825 | RMSE: 0.280757 | MAE: 0.194069
  Val   - Loss: 0.073963 | MSE: 0.073963 | RMSE: 0.271961 | MAE: 0.173551
============================================================
No improvement for 12 epochs

============================================================
Epoch 125/150
Learning Rate: 7.81e-06
============================================================

============================================================
Epoch 125 Summary:
  Train - Loss: 0.078511 | MSE: 0.078511 | RMSE: 0.280198 | MAE: 0.193901
  Val   - Loss: 0.072821 | MSE: 0.072821 | RMSE: 0.269853 | MAE: 0.172831
============================================================
No improvement for 13 epochs
Checkpoint saved: src/trained_weights/UMambaMag_v2_STEAD_20251119_160128/model_epoch_125.pt

============================================================
Epoch 126/150
Learning Rate: 7.81e-06
============================================================

============================================================
Epoch 126 Summary:
  Train - Loss: 0.078235 | MSE: 0.078235 | RMSE: 0.279705 | MAE: 0.193692
  Val   - Loss: 0.074453 | MSE: 0.074453 | RMSE: 0.272861 | MAE: 0.173451
============================================================
No improvement for 14 epochs

============================================================
Epoch 127/150
Learning Rate: 7.81e-06
============================================================

============================================================
Epoch 127 Summary:
  Train - Loss: 0.078729 | MSE: 0.078729 | RMSE: 0.280587 | MAE: 0.193940
  Val   - Loss: 0.074363 | MSE: 0.074363 | RMSE: 0.272696 | MAE: 0.174033
============================================================
No improvement for 15 epochs

Early stopping triggered after 15 epochs without improvement
Best validation loss: 0.072387

Final model saved: src/trained_weights/UMambaMag_v2_STEAD_20251119_160128/model_final.pt
Training history saved: src/trained_weights/UMambaMag_v2_STEAD_20251119_160128/training_history_20251119_160128.pt

============================================================
TRAINING COMPLETED
============================================================
Best validation loss: 0.072387
Best validation RMSE: 0.269047
Final train loss: 0.078729
Final val loss: 0.074363
Total Training Time: 26:42:38
============================================================
==================================================

