2025-11-20 18:44:20,702 | seisbench | WARNING | Setting remote root to: https://seisbench.gfz.de/mirror/
Please note that this can affect your download speed.
2025-11-20 18:44:30,396 | seisbench | WARNING | Output component order not specified, defaulting to 'ZNE'.
2025-11-20 18:44:36,666 | seisbench | WARNING | Skipping preload, as cache is disabled.
2025-11-20 18:44:41,725 | seisbench | WARNING | Skipping preload, as cache is disabled.
/home/quenton.yeo/code/.venv/lib/python3.11/site-packages/torch/optim/lr_scheduler.py:60: UserWarning: The verbose parameter is deprecated. Please use get_last_lr() to access the learning rate.
  warnings.warn(

==================================================
LOADING DATA
==================================================
STEAD dataset loaded: 1265657 samples

Training umamba_mag_v2 on STEAD for 150 epochs...
Model moved to cuda:3
Training UMamba V2 Magnitude Estimator model (encoder-only with pooling)

============================================================
TRAINING UMAMBAMAG V2 (ENCODER-ONLY WITH POOLING)
============================================================
Model: UMambaMag_v2_STEAD
Dataset: STEAD
Batch size: 32
Learning rate: 0.001
Epochs: 150
Warmup epochs: 5
============================================================
Model is on device: cuda:3
Total parameters: 395,905
Trainable parameters: 395,905

Loading data...
Train batches: 33619
Dev batches: 1978

Saving models to: src/trained_weights/UMambaMag_v2_STEAD_20251120_184441


============================================================
Epoch 1/150
Learning Rate: 2.00e-04
============================================================

============================================================
Epoch 1 Summary:
  Train - Loss: 0.238002 | MSE: 0.238002 | RMSE: 0.487854 | MAE: 0.321790
  Val   - Loss: 0.162949 | MSE: 0.162949 | RMSE: 0.403670 | MAE: 0.263476
============================================================

✓ New best model saved! Val Loss: 0.162949

============================================================
Epoch 2/150
Learning Rate: 4.00e-04
============================================================

============================================================
Epoch 2 Summary:
  Train - Loss: 0.168272 | MSE: 0.168272 | RMSE: 0.410210 | MAE: 0.266895
  Val   - Loss: 0.139386 | MSE: 0.139386 | RMSE: 0.373345 | MAE: 0.242212
============================================================

✓ New best model saved! Val Loss: 0.139386

============================================================
Epoch 3/150
Learning Rate: 6.00e-04
============================================================

============================================================
Epoch 3 Summary:
  Train - Loss: 0.146781 | MSE: 0.146781 | RMSE: 0.383121 | MAE: 0.248155
  Val   - Loss: 0.135962 | MSE: 0.135962 | RMSE: 0.368730 | MAE: 0.240855
============================================================

✓ New best model saved! Val Loss: 0.135962

============================================================
Epoch 4/150
Learning Rate: 8.00e-04
============================================================

============================================================
Epoch 4 Summary:
  Train - Loss: 0.135059 | MSE: 0.135059 | RMSE: 0.367504 | MAE: 0.237918
  Val   - Loss: 0.130020 | MSE: 0.130020 | RMSE: 0.360584 | MAE: 0.233922
============================================================

✓ New best model saved! Val Loss: 0.130020

============================================================
Epoch 5/150
Learning Rate: 1.00e-03
============================================================

============================================================
Epoch 5 Summary:
  Train - Loss: 0.128182 | MSE: 0.128182 | RMSE: 0.358025 | MAE: 0.231794
  Val   - Loss: 0.118097 | MSE: 0.118097 | RMSE: 0.343653 | MAE: 0.221884
============================================================

✓ New best model saved! Val Loss: 0.118097
Checkpoint saved: src/trained_weights/UMambaMag_v2_STEAD_20251120_184441/model_epoch_5.pt

============================================================
Epoch 6/150
Learning Rate: 1.00e-03
============================================================

============================================================
Epoch 6 Summary:
  Train - Loss: 0.117504 | MSE: 0.117504 | RMSE: 0.342788 | MAE: 0.221818
  Val   - Loss: 0.109323 | MSE: 0.109323 | RMSE: 0.330641 | MAE: 0.211683
============================================================

✓ New best model saved! Val Loss: 0.109323

============================================================
Epoch 7/150
Learning Rate: 1.00e-03
============================================================

============================================================
Epoch 7 Summary:
  Train - Loss: 0.111609 | MSE: 0.111609 | RMSE: 0.334079 | MAE: 0.215446
  Val   - Loss: 0.106774 | MSE: 0.106774 | RMSE: 0.326764 | MAE: 0.208870
============================================================

✓ New best model saved! Val Loss: 0.106774

============================================================
Epoch 8/150
Learning Rate: 1.00e-03
============================================================

============================================================
Epoch 8 Summary:
  Train - Loss: 0.106909 | MSE: 0.106909 | RMSE: 0.326969 | MAE: 0.210674
  Val   - Loss: 0.102153 | MSE: 0.102153 | RMSE: 0.319614 | MAE: 0.204852
============================================================

✓ New best model saved! Val Loss: 0.102153

============================================================
Epoch 9/150
Learning Rate: 1.00e-03
============================================================

============================================================
Epoch 9 Summary:
  Train - Loss: 0.102953 | MSE: 0.102953 | RMSE: 0.320862 | MAE: 0.206822
  Val   - Loss: 0.106910 | MSE: 0.106910 | RMSE: 0.326970 | MAE: 0.210313
============================================================
No improvement for 1 epochs

============================================================
Epoch 10/150
Learning Rate: 1.00e-03
============================================================

============================================================
Epoch 10 Summary:
  Train - Loss: 0.099954 | MSE: 0.099954 | RMSE: 0.316155 | MAE: 0.203634
  Val   - Loss: 0.104389 | MSE: 0.104389 | RMSE: 0.323092 | MAE: 0.203121
============================================================
No improvement for 2 epochs
Checkpoint saved: src/trained_weights/UMambaMag_v2_STEAD_20251120_184441/model_epoch_10.pt

============================================================
Epoch 11/150
Learning Rate: 1.00e-03
============================================================

============================================================
Epoch 11 Summary:
  Train - Loss: 0.097428 | MSE: 0.097428 | RMSE: 0.312134 | MAE: 0.201356
  Val   - Loss: 0.098152 | MSE: 0.098152 | RMSE: 0.313292 | MAE: 0.199228
============================================================

✓ New best model saved! Val Loss: 0.098152

============================================================
Epoch 12/150
Learning Rate: 1.00e-03
============================================================

============================================================
Epoch 12 Summary:
  Train - Loss: 0.095796 | MSE: 0.095796 | RMSE: 0.309509 | MAE: 0.199238
  Val   - Loss: 0.095884 | MSE: 0.095884 | RMSE: 0.309652 | MAE: 0.196774
============================================================

✓ New best model saved! Val Loss: 0.095884

============================================================
Epoch 13/150
Learning Rate: 1.00e-03
============================================================

============================================================
Epoch 13 Summary:
  Train - Loss: 0.094445 | MSE: 0.094445 | RMSE: 0.307320 | MAE: 0.197662
  Val   - Loss: 0.091299 | MSE: 0.091299 | RMSE: 0.302157 | MAE: 0.195484
============================================================

✓ New best model saved! Val Loss: 0.091299

============================================================
Epoch 14/150
Learning Rate: 1.00e-03
============================================================

============================================================
Epoch 14 Summary:
  Train - Loss: 0.092600 | MSE: 0.092600 | RMSE: 0.304302 | MAE: 0.195926
  Val   - Loss: 0.090526 | MSE: 0.090526 | RMSE: 0.300875 | MAE: 0.194052
============================================================

✓ New best model saved! Val Loss: 0.090526

============================================================
Epoch 15/150
Learning Rate: 1.00e-03
============================================================

============================================================
Epoch 15 Summary:
  Train - Loss: 0.091368 | MSE: 0.091368 | RMSE: 0.302271 | MAE: 0.194405
  Val   - Loss: 0.092373 | MSE: 0.092373 | RMSE: 0.303930 | MAE: 0.193467
============================================================
No improvement for 1 epochs
Checkpoint saved: src/trained_weights/UMambaMag_v2_STEAD_20251120_184441/model_epoch_15.pt

============================================================
Epoch 16/150
Learning Rate: 1.00e-03
============================================================

============================================================
Epoch 16 Summary:
  Train - Loss: 0.090726 | MSE: 0.090726 | RMSE: 0.301208 | MAE: 0.193387
  Val   - Loss: 0.090842 | MSE: 0.090842 | RMSE: 0.301399 | MAE: 0.192330
============================================================
No improvement for 2 epochs

============================================================
Epoch 17/150
Learning Rate: 1.00e-03
============================================================

============================================================
Epoch 17 Summary:
  Train - Loss: 0.089114 | MSE: 0.089114 | RMSE: 0.298519 | MAE: 0.191810
  Val   - Loss: 0.088681 | MSE: 0.088681 | RMSE: 0.297794 | MAE: 0.190143
============================================================

✓ New best model saved! Val Loss: 0.088681

============================================================
Epoch 18/150
Learning Rate: 1.00e-03
============================================================

============================================================
Epoch 18 Summary:
  Train - Loss: 0.088028 | MSE: 0.088028 | RMSE: 0.296694 | MAE: 0.190729
  Val   - Loss: 0.088567 | MSE: 0.088567 | RMSE: 0.297601 | MAE: 0.191077
============================================================

✓ New best model saved! Val Loss: 0.088567

============================================================
Epoch 19/150
Learning Rate: 1.00e-03
============================================================

============================================================
Epoch 19 Summary:
  Train - Loss: 0.087346 | MSE: 0.087346 | RMSE: 0.295544 | MAE: 0.189902
  Val   - Loss: 0.089422 | MSE: 0.089422 | RMSE: 0.299036 | MAE: 0.191046
============================================================
No improvement for 1 epochs

============================================================
Epoch 20/150
Learning Rate: 1.00e-03
============================================================

============================================================
Epoch 20 Summary:
  Train - Loss: 0.086728 | MSE: 0.086728 | RMSE: 0.294497 | MAE: 0.189162
  Val   - Loss: 0.085641 | MSE: 0.085641 | RMSE: 0.292645 | MAE: 0.186694
============================================================

✓ New best model saved! Val Loss: 0.085641
Checkpoint saved: src/trained_weights/UMambaMag_v2_STEAD_20251120_184441/model_epoch_20.pt

============================================================
Epoch 21/150
Learning Rate: 1.00e-03
============================================================

============================================================
Epoch 21 Summary:
  Train - Loss: 0.086205 | MSE: 0.086205 | RMSE: 0.293608 | MAE: 0.188289
  Val   - Loss: 0.090196 | MSE: 0.090196 | RMSE: 0.300327 | MAE: 0.190085
============================================================
No improvement for 1 epochs

============================================================
Epoch 22/150
Learning Rate: 1.00e-03
============================================================

============================================================
Epoch 22 Summary:
  Train - Loss: 0.084879 | MSE: 0.084879 | RMSE: 0.291340 | MAE: 0.187392
  Val   - Loss: 0.088208 | MSE: 0.088208 | RMSE: 0.296997 | MAE: 0.188255
============================================================
No improvement for 2 epochs

============================================================
Epoch 23/150
Learning Rate: 1.00e-03
============================================================

============================================================
Epoch 23 Summary:
  Train - Loss: 0.084233 | MSE: 0.084233 | RMSE: 0.290228 | MAE: 0.186452
  Val   - Loss: 0.086933 | MSE: 0.086933 | RMSE: 0.294844 | MAE: 0.191051
============================================================
No improvement for 3 epochs

============================================================
Epoch 24/150
Learning Rate: 1.00e-03
============================================================

============================================================
Epoch 24 Summary:
  Train - Loss: 0.083906 | MSE: 0.083906 | RMSE: 0.289666 | MAE: 0.185897
  Val   - Loss: 0.086096 | MSE: 0.086096 | RMSE: 0.293422 | MAE: 0.186911
============================================================
No improvement for 4 epochs

============================================================
Epoch 25/150
Learning Rate: 1.00e-03
============================================================

============================================================
Epoch 25 Summary:
  Train - Loss: 0.083321 | MSE: 0.083321 | RMSE: 0.288655 | MAE: 0.185059
  Val   - Loss: 0.093344 | MSE: 0.093344 | RMSE: 0.305523 | MAE: 0.191886
============================================================
No improvement for 5 epochs
Checkpoint saved: src/trained_weights/UMambaMag_v2_STEAD_20251120_184441/model_epoch_25.pt

============================================================
Epoch 26/150
Learning Rate: 1.00e-03
============================================================

============================================================
Epoch 26 Summary:
  Train - Loss: 0.082360 | MSE: 0.082360 | RMSE: 0.286984 | MAE: 0.184098
  Val   - Loss: 0.084710 | MSE: 0.084710 | RMSE: 0.291051 | MAE: 0.187315
============================================================

✓ New best model saved! Val Loss: 0.084710

============================================================
Epoch 27/150
Learning Rate: 1.00e-03
============================================================

============================================================
Epoch 27 Summary:
  Train - Loss: 0.081910 | MSE: 0.081910 | RMSE: 0.286200 | MAE: 0.183756
  Val   - Loss: 0.082729 | MSE: 0.082729 | RMSE: 0.287627 | MAE: 0.182111
============================================================

✓ New best model saved! Val Loss: 0.082729

============================================================
Epoch 28/150
Learning Rate: 1.00e-03
============================================================

============================================================
Epoch 28 Summary:
  Train - Loss: 0.080956 | MSE: 0.080956 | RMSE: 0.284528 | MAE: 0.182779
  Val   - Loss: 0.083954 | MSE: 0.083954 | RMSE: 0.289749 | MAE: 0.180738
============================================================
No improvement for 1 epochs

============================================================
Epoch 29/150
Learning Rate: 1.00e-03
============================================================

============================================================
Epoch 29 Summary:
  Train - Loss: 0.080444 | MSE: 0.080444 | RMSE: 0.283627 | MAE: 0.182357
  Val   - Loss: 0.083148 | MSE: 0.083148 | RMSE: 0.288354 | MAE: 0.183624
============================================================
No improvement for 2 epochs

============================================================
Epoch 30/150
Learning Rate: 1.00e-03
============================================================

============================================================
Epoch 30 Summary:
  Train - Loss: 0.080451 | MSE: 0.080451 | RMSE: 0.283638 | MAE: 0.181984
  Val   - Loss: 0.083137 | MSE: 0.083137 | RMSE: 0.288334 | MAE: 0.184701
============================================================
No improvement for 3 epochs
Checkpoint saved: src/trained_weights/UMambaMag_v2_STEAD_20251120_184441/model_epoch_30.pt

============================================================
Epoch 31/150
Learning Rate: 1.00e-03
============================================================

============================================================
Epoch 31 Summary:
  Train - Loss: 0.080123 | MSE: 0.080123 | RMSE: 0.283061 | MAE: 0.181605
  Val   - Loss: 0.084002 | MSE: 0.084002 | RMSE: 0.289830 | MAE: 0.184053
============================================================
No improvement for 4 epochs

============================================================
Epoch 32/150
Learning Rate: 1.00e-03
============================================================

============================================================
Epoch 32 Summary:
  Train - Loss: 0.079545 | MSE: 0.079545 | RMSE: 0.282037 | MAE: 0.180876
  Val   - Loss: 0.083748 | MSE: 0.083748 | RMSE: 0.289393 | MAE: 0.182961
============================================================
No improvement for 5 epochs

============================================================
Epoch 33/150
Learning Rate: 1.00e-03
============================================================

============================================================
Epoch 33 Summary:
  Train - Loss: 0.079107 | MSE: 0.079107 | RMSE: 0.281259 | MAE: 0.180393
  Val   - Loss: 0.083961 | MSE: 0.083961 | RMSE: 0.289761 | MAE: 0.187864
============================================================
No improvement for 6 epochs

============================================================
Epoch 34/150
Learning Rate: 5.00e-04
============================================================

============================================================
Epoch 34 Summary:
  Train - Loss: 0.070515 | MSE: 0.070515 | RMSE: 0.265547 | MAE: 0.170149
  Val   - Loss: 0.077063 | MSE: 0.077063 | RMSE: 0.277602 | MAE: 0.173504
============================================================

✓ New best model saved! Val Loss: 0.077063

============================================================
Epoch 35/150
Learning Rate: 5.00e-04
============================================================

============================================================
Epoch 35 Summary:
  Train - Loss: 0.069542 | MSE: 0.069542 | RMSE: 0.263707 | MAE: 0.168720
  Val   - Loss: 0.074908 | MSE: 0.074908 | RMSE: 0.273692 | MAE: 0.175475
============================================================

✓ New best model saved! Val Loss: 0.074908
Checkpoint saved: src/trained_weights/UMambaMag_v2_STEAD_20251120_184441/model_epoch_35.pt

============================================================
Epoch 36/150
Learning Rate: 5.00e-04
============================================================

============================================================
Epoch 36 Summary:
  Train - Loss: 0.068433 | MSE: 0.068433 | RMSE: 0.261597 | MAE: 0.167759
  Val   - Loss: 0.074913 | MSE: 0.074913 | RMSE: 0.273703 | MAE: 0.170645
============================================================
No improvement for 1 epochs

============================================================
Epoch 37/150
Learning Rate: 5.00e-04
============================================================

============================================================
Epoch 37 Summary:
  Train - Loss: 0.067978 | MSE: 0.067978 | RMSE: 0.260726 | MAE: 0.167100
  Val   - Loss: 0.072072 | MSE: 0.072072 | RMSE: 0.268462 | MAE: 0.170639
============================================================

✓ New best model saved! Val Loss: 0.072072

============================================================
Epoch 38/150
Learning Rate: 5.00e-04
============================================================

============================================================
Epoch 38 Summary:
  Train - Loss: 0.067855 | MSE: 0.067855 | RMSE: 0.260490 | MAE: 0.166773
  Val   - Loss: 0.076518 | MSE: 0.076518 | RMSE: 0.276618 | MAE: 0.176523
============================================================
No improvement for 1 epochs

============================================================
Epoch 39/150
Learning Rate: 5.00e-04
============================================================

============================================================
Epoch 39 Summary:
  Train - Loss: 0.067267 | MSE: 0.067267 | RMSE: 0.259359 | MAE: 0.166225
  Val   - Loss: 0.075085 | MSE: 0.075085 | RMSE: 0.274017 | MAE: 0.171599
============================================================
No improvement for 2 epochs

============================================================
Epoch 40/150
Learning Rate: 5.00e-04
============================================================

============================================================
Epoch 40 Summary:
  Train - Loss: 0.066801 | MSE: 0.066801 | RMSE: 0.258460 | MAE: 0.165772
  Val   - Loss: 0.074519 | MSE: 0.074519 | RMSE: 0.272981 | MAE: 0.169620
============================================================
No improvement for 3 epochs
Checkpoint saved: src/trained_weights/UMambaMag_v2_STEAD_20251120_184441/model_epoch_40.pt

============================================================
Epoch 41/150
Learning Rate: 5.00e-04
============================================================

============================================================
Epoch 41 Summary:
  Train - Loss: 0.066544 | MSE: 0.066544 | RMSE: 0.257961 | MAE: 0.165422
  Val   - Loss: 0.074652 | MSE: 0.074652 | RMSE: 0.273225 | MAE: 0.171257
============================================================
No improvement for 4 epochs

============================================================
Epoch 42/150
Learning Rate: 5.00e-04
============================================================

============================================================
Epoch 42 Summary:
  Train - Loss: 0.066438 | MSE: 0.066438 | RMSE: 0.257755 | MAE: 0.165228
  Val   - Loss: 0.073049 | MSE: 0.073049 | RMSE: 0.270276 | MAE: 0.174178
============================================================
No improvement for 5 epochs

============================================================
Epoch 43/150
Learning Rate: 5.00e-04
============================================================

============================================================
Epoch 43 Summary:
  Train - Loss: 0.065904 | MSE: 0.065904 | RMSE: 0.256718 | MAE: 0.164645
  Val   - Loss: 0.073443 | MSE: 0.073443 | RMSE: 0.271003 | MAE: 0.170115
============================================================
No improvement for 6 epochs

============================================================
Epoch 44/150
Learning Rate: 2.50e-04
============================================================

============================================================
Epoch 44 Summary:
  Train - Loss: 0.061667 | MSE: 0.061667 | RMSE: 0.248328 | MAE: 0.159075
  Val   - Loss: 0.069529 | MSE: 0.069529 | RMSE: 0.263684 | MAE: 0.165538
============================================================

✓ New best model saved! Val Loss: 0.069529

============================================================
Epoch 45/150
Learning Rate: 2.50e-04
============================================================

============================================================
Epoch 45 Summary:
  Train - Loss: 0.060813 | MSE: 0.060813 | RMSE: 0.246602 | MAE: 0.158144
  Val   - Loss: 0.069139 | MSE: 0.069139 | RMSE: 0.262944 | MAE: 0.164799
============================================================

✓ New best model saved! Val Loss: 0.069139
Checkpoint saved: src/trained_weights/UMambaMag_v2_STEAD_20251120_184441/model_epoch_45.pt

============================================================
Epoch 46/150
Learning Rate: 2.50e-04
============================================================

============================================================
Epoch 46 Summary:
  Train - Loss: 0.060698 | MSE: 0.060698 | RMSE: 0.246369 | MAE: 0.157809
  Val   - Loss: 0.070506 | MSE: 0.070506 | RMSE: 0.265530 | MAE: 0.166533
============================================================
No improvement for 1 epochs

============================================================
Epoch 47/150
Learning Rate: 2.50e-04
============================================================

============================================================
Epoch 47 Summary:
  Train - Loss: 0.060330 | MSE: 0.060330 | RMSE: 0.245622 | MAE: 0.157409
  Val   - Loss: 0.068752 | MSE: 0.068752 | RMSE: 0.262206 | MAE: 0.164776
============================================================

✓ New best model saved! Val Loss: 0.068752

============================================================
Epoch 48/150
Learning Rate: 2.50e-04
============================================================

============================================================
Epoch 48 Summary:
  Train - Loss: 0.060040 | MSE: 0.060040 | RMSE: 0.245030 | MAE: 0.157187
  Val   - Loss: 0.068913 | MSE: 0.068913 | RMSE: 0.262513 | MAE: 0.165017
============================================================
No improvement for 1 epochs

============================================================
Epoch 49/150
Learning Rate: 2.50e-04
============================================================

============================================================
Epoch 49 Summary:
  Train - Loss: 0.059973 | MSE: 0.059973 | RMSE: 0.244894 | MAE: 0.156882
  Val   - Loss: 0.067756 | MSE: 0.067756 | RMSE: 0.260300 | MAE: 0.163303
============================================================

✓ New best model saved! Val Loss: 0.067756

============================================================
Epoch 50/150
Learning Rate: 2.50e-04
============================================================

============================================================
Epoch 50 Summary:
  Train - Loss: 0.059299 | MSE: 0.059299 | RMSE: 0.243513 | MAE: 0.156330
  Val   - Loss: 0.068802 | MSE: 0.068802 | RMSE: 0.262301 | MAE: 0.164876
============================================================
No improvement for 1 epochs
Checkpoint saved: src/trained_weights/UMambaMag_v2_STEAD_20251120_184441/model_epoch_50.pt

============================================================
Epoch 51/150
Learning Rate: 2.50e-04
============================================================

============================================================
Epoch 51 Summary:
  Train - Loss: 0.059262 | MSE: 0.059262 | RMSE: 0.243438 | MAE: 0.156208
  Val   - Loss: 0.069041 | MSE: 0.069041 | RMSE: 0.262757 | MAE: 0.165248
============================================================
No improvement for 2 epochs

============================================================
Epoch 52/150
Learning Rate: 2.50e-04
============================================================

============================================================
Epoch 52 Summary:
  Train - Loss: 0.059137 | MSE: 0.059137 | RMSE: 0.243180 | MAE: 0.156016
  Val   - Loss: 0.068819 | MSE: 0.068819 | RMSE: 0.262335 | MAE: 0.164013
============================================================
No improvement for 3 epochs

============================================================
Epoch 53/150
Learning Rate: 2.50e-04
============================================================

============================================================
Epoch 53 Summary:
  Train - Loss: 0.058925 | MSE: 0.058925 | RMSE: 0.242745 | MAE: 0.155792
  Val   - Loss: 0.069173 | MSE: 0.069173 | RMSE: 0.263007 | MAE: 0.163653
============================================================
No improvement for 4 epochs

============================================================
Epoch 54/150
Learning Rate: 2.50e-04
============================================================

============================================================
Epoch 54 Summary:
  Train - Loss: 0.058589 | MSE: 0.058589 | RMSE: 0.242051 | MAE: 0.155625
  Val   - Loss: 0.069649 | MSE: 0.069649 | RMSE: 0.263911 | MAE: 0.164864
============================================================
No improvement for 5 epochs

============================================================
Epoch 55/150
Learning Rate: 2.50e-04
============================================================

============================================================
Epoch 55 Summary:
  Train - Loss: 0.058383 | MSE: 0.058383 | RMSE: 0.241627 | MAE: 0.155199
  Val   - Loss: 0.068898 | MSE: 0.068898 | RMSE: 0.262484 | MAE: 0.164963
============================================================
No improvement for 6 epochs
Checkpoint saved: src/trained_weights/UMambaMag_v2_STEAD_20251120_184441/model_epoch_55.pt

============================================================
Epoch 56/150
Learning Rate: 1.25e-04
============================================================

============================================================
Epoch 56 Summary:
  Train - Loss: 0.056229 | MSE: 0.056229 | RMSE: 0.237127 | MAE: 0.152295
  Val   - Loss: 0.067787 | MSE: 0.067787 | RMSE: 0.260359 | MAE: 0.162660
============================================================
No improvement for 7 epochs

============================================================
Epoch 57/150
Learning Rate: 1.25e-04
============================================================

============================================================
Epoch 57 Summary:
  Train - Loss: 0.055763 | MSE: 0.055763 | RMSE: 0.236143 | MAE: 0.151778
  Val   - Loss: 0.067199 | MSE: 0.067199 | RMSE: 0.259227 | MAE: 0.161818
============================================================

✓ New best model saved! Val Loss: 0.067199

============================================================
Epoch 58/150
Learning Rate: 1.25e-04
============================================================

============================================================
Epoch 58 Summary:
  Train - Loss: 0.055379 | MSE: 0.055379 | RMSE: 0.235328 | MAE: 0.151473
  Val   - Loss: 0.067847 | MSE: 0.067847 | RMSE: 0.260474 | MAE: 0.162007
============================================================
No improvement for 1 epochs

============================================================
Epoch 59/150
Learning Rate: 1.25e-04
============================================================

============================================================
Epoch 59 Summary:
  Train - Loss: 0.055393 | MSE: 0.055393 | RMSE: 0.235358 | MAE: 0.151258
  Val   - Loss: 0.066875 | MSE: 0.066875 | RMSE: 0.258601 | MAE: 0.161615
============================================================

✓ New best model saved! Val Loss: 0.066875

============================================================
Epoch 60/150
Learning Rate: 1.25e-04
============================================================

============================================================
Epoch 60 Summary:
  Train - Loss: 0.055381 | MSE: 0.055381 | RMSE: 0.235331 | MAE: 0.150993
  Val   - Loss: 0.067438 | MSE: 0.067438 | RMSE: 0.259688 | MAE: 0.161742
============================================================
No improvement for 1 epochs
Checkpoint saved: src/trained_weights/UMambaMag_v2_STEAD_20251120_184441/model_epoch_60.pt

============================================================
Epoch 61/150
Learning Rate: 1.25e-04
============================================================

============================================================
Epoch 61 Summary:
  Train - Loss: 0.055453 | MSE: 0.055453 | RMSE: 0.235485 | MAE: 0.151024
  Val   - Loss: 0.067843 | MSE: 0.067843 | RMSE: 0.260467 | MAE: 0.162305
============================================================
No improvement for 2 epochs

============================================================
Epoch 62/150
Learning Rate: 1.25e-04
============================================================

============================================================
Epoch 62 Summary:
  Train - Loss: 0.055053 | MSE: 0.055053 | RMSE: 0.234634 | MAE: 0.150847
  Val   - Loss: 0.066910 | MSE: 0.066910 | RMSE: 0.258670 | MAE: 0.161451
============================================================
No improvement for 3 epochs

============================================================
Epoch 63/150
Learning Rate: 1.25e-04
============================================================

============================================================
Epoch 63 Summary:
  Train - Loss: 0.055169 | MSE: 0.055169 | RMSE: 0.234881 | MAE: 0.150849
  Val   - Loss: 0.067116 | MSE: 0.067116 | RMSE: 0.259068 | MAE: 0.161313
============================================================
No improvement for 4 epochs

============================================================
Epoch 64/150
Learning Rate: 1.25e-04
============================================================

============================================================
Epoch 64 Summary:
  Train - Loss: 0.054789 | MSE: 0.054789 | RMSE: 0.234070 | MAE: 0.150605
  Val   - Loss: 0.067313 | MSE: 0.067313 | RMSE: 0.259448 | MAE: 0.161975
============================================================
No improvement for 5 epochs

============================================================
Epoch 65/150
Learning Rate: 1.25e-04
============================================================

============================================================
Epoch 65 Summary:
  Train - Loss: 0.054821 | MSE: 0.054821 | RMSE: 0.234139 | MAE: 0.150520
  Val   - Loss: 0.068091 | MSE: 0.068091 | RMSE: 0.260942 | MAE: 0.162299
============================================================
No improvement for 6 epochs
Checkpoint saved: src/trained_weights/UMambaMag_v2_STEAD_20251120_184441/model_epoch_65.pt

============================================================
Epoch 66/150
Learning Rate: 6.25e-05
============================================================

============================================================
Epoch 66 Summary:
  Train - Loss: 0.053653 | MSE: 0.053653 | RMSE: 0.231632 | MAE: 0.148771
  Val   - Loss: 0.067661 | MSE: 0.067661 | RMSE: 0.260117 | MAE: 0.161234
============================================================
No improvement for 7 epochs

============================================================
Epoch 67/150
Learning Rate: 6.25e-05
============================================================

============================================================
Epoch 67 Summary:
  Train - Loss: 0.053307 | MSE: 0.053307 | RMSE: 0.230884 | MAE: 0.148429
  Val   - Loss: 0.065958 | MSE: 0.065958 | RMSE: 0.256822 | MAE: 0.161018
============================================================

✓ New best model saved! Val Loss: 0.065958

============================================================
Epoch 68/150
Learning Rate: 6.25e-05
============================================================

============================================================
Epoch 68 Summary:
  Train - Loss: 0.053337 | MSE: 0.053337 | RMSE: 0.230948 | MAE: 0.148360
  Val   - Loss: 0.066631 | MSE: 0.066631 | RMSE: 0.258130 | MAE: 0.160659
============================================================
No improvement for 1 epochs

============================================================
Epoch 69/150
Learning Rate: 6.25e-05
============================================================

============================================================
Epoch 69 Summary:
  Train - Loss: 0.053236 | MSE: 0.053236 | RMSE: 0.230728 | MAE: 0.148245
  Val   - Loss: 0.068404 | MSE: 0.068404 | RMSE: 0.261542 | MAE: 0.161897
============================================================
No improvement for 2 epochs

============================================================
Epoch 70/150
Learning Rate: 6.25e-05
============================================================

============================================================
Epoch 70 Summary:
  Train - Loss: 0.053317 | MSE: 0.053317 | RMSE: 0.230906 | MAE: 0.148254
  Val   - Loss: 0.066553 | MSE: 0.066553 | RMSE: 0.257978 | MAE: 0.160730
============================================================
No improvement for 3 epochs
Checkpoint saved: src/trained_weights/UMambaMag_v2_STEAD_20251120_184441/model_epoch_70.pt

============================================================
Epoch 71/150
Learning Rate: 6.25e-05
============================================================

============================================================
Epoch 71 Summary:
  Train - Loss: 0.052918 | MSE: 0.052918 | RMSE: 0.230039 | MAE: 0.147960
  Val   - Loss: 0.065639 | MSE: 0.065639 | RMSE: 0.256202 | MAE: 0.160309
============================================================

✓ New best model saved! Val Loss: 0.065639

============================================================
Epoch 72/150
Learning Rate: 6.25e-05
============================================================

============================================================
Epoch 72 Summary:
  Train - Loss: 0.052845 | MSE: 0.052845 | RMSE: 0.229880 | MAE: 0.147971
  Val   - Loss: 0.066160 | MSE: 0.066160 | RMSE: 0.257216 | MAE: 0.160464
============================================================
No improvement for 1 epochs

============================================================
Epoch 73/150
Learning Rate: 6.25e-05
============================================================

============================================================
Epoch 73 Summary:
  Train - Loss: 0.052768 | MSE: 0.052768 | RMSE: 0.229712 | MAE: 0.147906
  Val   - Loss: 0.067058 | MSE: 0.067058 | RMSE: 0.258956 | MAE: 0.161078
============================================================
No improvement for 2 epochs

============================================================
Epoch 74/150
Learning Rate: 6.25e-05
============================================================

============================================================
Epoch 74 Summary:
  Train - Loss: 0.052600 | MSE: 0.052600 | RMSE: 0.229348 | MAE: 0.147717
  Val   - Loss: 0.066936 | MSE: 0.066936 | RMSE: 0.258720 | MAE: 0.160064
============================================================
No improvement for 3 epochs

============================================================
Epoch 75/150
Learning Rate: 6.25e-05
============================================================

============================================================
Epoch 75 Summary:
  Train - Loss: 0.052625 | MSE: 0.052625 | RMSE: 0.229401 | MAE: 0.147661
  Val   - Loss: 0.066918 | MSE: 0.066918 | RMSE: 0.258685 | MAE: 0.161076
============================================================
No improvement for 4 epochs
Checkpoint saved: src/trained_weights/UMambaMag_v2_STEAD_20251120_184441/model_epoch_75.pt

============================================================
Epoch 76/150
Learning Rate: 6.25e-05
============================================================

============================================================
Epoch 76 Summary:
  Train - Loss: 0.052727 | MSE: 0.052727 | RMSE: 0.229624 | MAE: 0.147611
  Val   - Loss: 0.066265 | MSE: 0.066265 | RMSE: 0.257420 | MAE: 0.160109
============================================================
No improvement for 5 epochs

============================================================
Epoch 77/150
Learning Rate: 6.25e-05
============================================================

============================================================
Epoch 77 Summary:
  Train - Loss: 0.052366 | MSE: 0.052366 | RMSE: 0.228836 | MAE: 0.147364
  Val   - Loss: 0.067616 | MSE: 0.067616 | RMSE: 0.260032 | MAE: 0.160805
============================================================
No improvement for 6 epochs

============================================================
Epoch 78/150
Learning Rate: 3.13e-05
============================================================

============================================================
Epoch 78 Summary:
  Train - Loss: 0.051988 | MSE: 0.051988 | RMSE: 0.228008 | MAE: 0.146653
  Val   - Loss: 0.065996 | MSE: 0.065996 | RMSE: 0.256897 | MAE: 0.160005
============================================================
No improvement for 7 epochs

============================================================
Epoch 79/150
Learning Rate: 3.13e-05
============================================================

============================================================
Epoch 79 Summary:
  Train - Loss: 0.051968 | MSE: 0.051968 | RMSE: 0.227965 | MAE: 0.146473
  Val   - Loss: 0.066419 | MSE: 0.066419 | RMSE: 0.257718 | MAE: 0.159687
============================================================
No improvement for 8 epochs

============================================================
Epoch 80/150
Learning Rate: 3.13e-05
============================================================

============================================================
Epoch 80 Summary:
  Train - Loss: 0.051415 | MSE: 0.051415 | RMSE: 0.226748 | MAE: 0.146220
  Val   - Loss: 0.067502 | MSE: 0.067502 | RMSE: 0.259811 | MAE: 0.160216
============================================================
No improvement for 9 epochs
Checkpoint saved: src/trained_weights/UMambaMag_v2_STEAD_20251120_184441/model_epoch_80.pt

============================================================
Epoch 81/150
Learning Rate: 3.13e-05
============================================================

============================================================
Epoch 81 Summary:
  Train - Loss: 0.051553 | MSE: 0.051553 | RMSE: 0.227052 | MAE: 0.146102
  Val   - Loss: 0.066071 | MSE: 0.066071 | RMSE: 0.257044 | MAE: 0.160115
============================================================
No improvement for 10 epochs

============================================================
Epoch 82/150
Learning Rate: 3.13e-05
============================================================

============================================================
Epoch 82 Summary:
  Train - Loss: 0.051654 | MSE: 0.051654 | RMSE: 0.227275 | MAE: 0.146269
  Val   - Loss: 0.066200 | MSE: 0.066200 | RMSE: 0.257293 | MAE: 0.160158
============================================================
No improvement for 11 epochs

============================================================
Epoch 83/150
Learning Rate: 3.13e-05
============================================================

============================================================
Epoch 83 Summary:
  Train - Loss: 0.051742 | MSE: 0.051742 | RMSE: 0.227468 | MAE: 0.146322
  Val   - Loss: 0.066925 | MSE: 0.066925 | RMSE: 0.258698 | MAE: 0.160854
============================================================
No improvement for 12 epochs

============================================================
Epoch 84/150
Learning Rate: 1.56e-05
============================================================

============================================================
Epoch 84 Summary:
  Train - Loss: 0.051443 | MSE: 0.051443 | RMSE: 0.226810 | MAE: 0.145917
  Val   - Loss: 0.067827 | MSE: 0.067827 | RMSE: 0.260437 | MAE: 0.160432
============================================================
No improvement for 13 epochs

============================================================
Epoch 85/150
Learning Rate: 1.56e-05
============================================================

============================================================
Epoch 85 Summary:
  Train - Loss: 0.051273 | MSE: 0.051273 | RMSE: 0.226436 | MAE: 0.145757
  Val   - Loss: 0.066560 | MSE: 0.066560 | RMSE: 0.257993 | MAE: 0.160866
============================================================
No improvement for 14 epochs
Checkpoint saved: src/trained_weights/UMambaMag_v2_STEAD_20251120_184441/model_epoch_85.pt

============================================================
Epoch 86/150
Learning Rate: 1.56e-05
============================================================

============================================================
Epoch 86 Summary:
  Train - Loss: 0.051334 | MSE: 0.051334 | RMSE: 0.226571 | MAE: 0.145717
  Val   - Loss: 0.067603 | MSE: 0.067603 | RMSE: 0.260006 | MAE: 0.161232
============================================================
No improvement for 15 epochs

Early stopping triggered after 15 epochs without improvement
Best validation loss: 0.065639

Final model saved: src/trained_weights/UMambaMag_v2_STEAD_20251120_184441/model_final.pt
Training history saved: src/trained_weights/UMambaMag_v2_STEAD_20251120_184441/training_history_20251120_184441.pt

============================================================
TRAINING COMPLETED
============================================================
Best validation loss: 0.065639
Best validation RMSE: 0.256202
Final train loss: 0.051334
Final val loss: 0.067603
Total Training Time: 17:50:32
============================================================
==================================================

