2025-11-04 10:52:17,535 | seisbench | WARNING | Setting remote root to: https://seisbench.gfz.de/mirror/
Please note that this can affect your download speed.
2025-11-04 10:52:27,335 | seisbench | WARNING | Output component order not specified, defaulting to 'ZNE'.
2025-11-04 10:52:33,456 | seisbench | WARNING | Skipping preload, as cache is disabled.
2025-11-04 10:52:38,347 | seisbench | WARNING | Skipping preload, as cache is disabled.
/home/quenton.yeo/code/.venv/lib/python3.11/site-packages/torch/optim/lr_scheduler.py:60: UserWarning: The verbose parameter is deprecated. Please use get_last_lr() to access the learning rate.
  warnings.warn(

==================================================
LOADING DATA
==================================================
STEAD dataset loaded: 1265657 samples

Training umamba_mag_v2 on STEAD for 150 epochs...
Model moved to cuda:0
Training UMamba V2 Magnitude Estimator model (encoder-only with pooling)

============================================================
TRAINING UMAMBAMAG V2 (ENCODER-ONLY WITH POOLING)
============================================================
Model: UMambaMag_v2_STEAD
Dataset: STEAD
Batch size: 16
Learning rate: 0.001
Epochs: 150
Warmup epochs: 5
============================================================
Model is on device: cuda:0
Total parameters: 701,985
Trainable parameters: 701,985

Loading data...
Train batches: 67238
Dev batches: 3956

Saving models to: src/trained_weights/UMambaMag_v2_STEAD_20251104_105238


============================================================
Epoch 1/150
Learning Rate: 1.00e-04
============================================================

============================================================
Epoch 1 Summary:
  Train - Loss: 0.225186 | MSE: 0.225186 | RMSE: 0.474538 | MAE: 0.321190
  Val   - Loss: 0.136220 | MSE: 0.136220 | RMSE: 0.369080 | MAE: 0.244049
============================================================

✓ New best model saved! Val Loss: 0.136220

============================================================
Epoch 2/150
Learning Rate: 2.80e-04
============================================================

============================================================
Epoch 2 Summary:
  Train - Loss: 0.157845 | MSE: 0.157845 | RMSE: 0.397298 | MAE: 0.271877
  Val   - Loss: 0.120685 | MSE: 0.120685 | RMSE: 0.347397 | MAE: 0.228342
============================================================

✓ New best model saved! Val Loss: 0.120685

============================================================
Epoch 3/150
Learning Rate: 4.60e-04
============================================================

============================================================
Epoch 3 Summary:
  Train - Loss: 0.135015 | MSE: 0.135015 | RMSE: 0.367444 | MAE: 0.251927
  Val   - Loss: 0.113346 | MSE: 0.113346 | RMSE: 0.336669 | MAE: 0.219652
============================================================

✓ New best model saved! Val Loss: 0.113346

============================================================
Epoch 4/150
Learning Rate: 6.40e-04
============================================================

============================================================
Epoch 4 Summary:
  Train - Loss: 0.124563 | MSE: 0.124563 | RMSE: 0.352934 | MAE: 0.242237
  Val   - Loss: 0.101469 | MSE: 0.101469 | RMSE: 0.318542 | MAE: 0.206649
============================================================

✓ New best model saved! Val Loss: 0.101469

============================================================
Epoch 5/150
Learning Rate: 8.20e-04
============================================================

============================================================
Epoch 5 Summary:
  Train - Loss: 0.118376 | MSE: 0.118376 | RMSE: 0.344058 | MAE: 0.236212
  Val   - Loss: 0.104457 | MSE: 0.104457 | RMSE: 0.323198 | MAE: 0.206205
============================================================
No improvement for 1 epochs
Checkpoint saved: src/trained_weights/UMambaMag_v2_STEAD_20251104_105238/model_epoch_5.pt

============================================================
Epoch 6/150
Learning Rate: 1.00e-03
============================================================

============================================================
Epoch 6 Summary:
  Train - Loss: 0.114836 | MSE: 0.114836 | RMSE: 0.338874 | MAE: 0.233323
  Val   - Loss: 0.097524 | MSE: 0.097524 | RMSE: 0.312289 | MAE: 0.202146
============================================================

✓ New best model saved! Val Loss: 0.097524

============================================================
Epoch 7/150
Learning Rate: 1.00e-03
============================================================

============================================================
Epoch 7 Summary:
  Train - Loss: 0.109025 | MSE: 0.109025 | RMSE: 0.330189 | MAE: 0.227166
  Val   - Loss: 0.091984 | MSE: 0.091984 | RMSE: 0.303288 | MAE: 0.197708
============================================================

✓ New best model saved! Val Loss: 0.091984

============================================================
Epoch 8/150
Learning Rate: 1.00e-03
============================================================

============================================================
Epoch 8 Summary:
  Train - Loss: 0.104548 | MSE: 0.104548 | RMSE: 0.323340 | MAE: 0.222628
  Val   - Loss: 0.098144 | MSE: 0.098144 | RMSE: 0.313279 | MAE: 0.203603
============================================================
No improvement for 1 epochs

============================================================
Epoch 9/150
Learning Rate: 1.00e-03
============================================================

============================================================
Epoch 9 Summary:
  Train - Loss: 0.102005 | MSE: 0.102005 | RMSE: 0.319383 | MAE: 0.219350
  Val   - Loss: 0.089735 | MSE: 0.089735 | RMSE: 0.299557 | MAE: 0.194369
============================================================

✓ New best model saved! Val Loss: 0.089735

============================================================
Epoch 10/150
Learning Rate: 1.00e-03
============================================================

============================================================
Epoch 10 Summary:
  Train - Loss: 0.099361 | MSE: 0.099361 | RMSE: 0.315216 | MAE: 0.216035
  Val   - Loss: 0.086212 | MSE: 0.086212 | RMSE: 0.293619 | MAE: 0.202206
============================================================

✓ New best model saved! Val Loss: 0.086212
Checkpoint saved: src/trained_weights/UMambaMag_v2_STEAD_20251104_105238/model_epoch_10.pt

============================================================
Epoch 11/150
Learning Rate: 1.00e-03
============================================================

============================================================
Epoch 11 Summary:
  Train - Loss: 0.096862 | MSE: 0.096862 | RMSE: 0.311226 | MAE: 0.213955
  Val   - Loss: 0.082620 | MSE: 0.082620 | RMSE: 0.287438 | MAE: 0.189182
============================================================

✓ New best model saved! Val Loss: 0.082620

============================================================
Epoch 12/150
Learning Rate: 1.00e-03
============================================================

============================================================
Epoch 12 Summary:
  Train - Loss: 0.095518 | MSE: 0.095518 | RMSE: 0.309059 | MAE: 0.212218
  Val   - Loss: 0.083306 | MSE: 0.083306 | RMSE: 0.288628 | MAE: 0.183764
============================================================
No improvement for 1 epochs

============================================================
Epoch 13/150
Learning Rate: 1.00e-03
============================================================

============================================================
Epoch 13 Summary:
  Train - Loss: 0.093908 | MSE: 0.093908 | RMSE: 0.306444 | MAE: 0.210366
  Val   - Loss: 0.084772 | MSE: 0.084772 | RMSE: 0.291157 | MAE: 0.185617
============================================================
No improvement for 2 epochs

============================================================
Epoch 14/150
Learning Rate: 1.00e-03
============================================================

============================================================
Epoch 14 Summary:
  Train - Loss: 0.092276 | MSE: 0.092276 | RMSE: 0.303770 | MAE: 0.208446
  Val   - Loss: 0.082100 | MSE: 0.082100 | RMSE: 0.286531 | MAE: 0.182742
============================================================

✓ New best model saved! Val Loss: 0.082100

============================================================
Epoch 15/150
Learning Rate: 1.00e-03
============================================================

============================================================
Epoch 15 Summary:
  Train - Loss: 0.091371 | MSE: 0.091371 | RMSE: 0.302276 | MAE: 0.207241
  Val   - Loss: 0.079732 | MSE: 0.079732 | RMSE: 0.282368 | MAE: 0.183375
============================================================

✓ New best model saved! Val Loss: 0.079732
Checkpoint saved: src/trained_weights/UMambaMag_v2_STEAD_20251104_105238/model_epoch_15.pt

============================================================
Epoch 16/150
Learning Rate: 1.00e-03
============================================================

============================================================
Epoch 16 Summary:
  Train - Loss: 0.090640 | MSE: 0.090640 | RMSE: 0.301065 | MAE: 0.206174
  Val   - Loss: 0.084803 | MSE: 0.084803 | RMSE: 0.291210 | MAE: 0.191027
============================================================
No improvement for 1 epochs

============================================================
Epoch 17/150
Learning Rate: 1.00e-03
============================================================

============================================================
Epoch 17 Summary:
  Train - Loss: 0.089632 | MSE: 0.089632 | RMSE: 0.299387 | MAE: 0.205341
  Val   - Loss: 0.076700 | MSE: 0.076700 | RMSE: 0.276948 | MAE: 0.177850
============================================================

✓ New best model saved! Val Loss: 0.076700

============================================================
Epoch 18/150
Learning Rate: 1.00e-03
============================================================

============================================================
Epoch 18 Summary:
  Train - Loss: 0.088138 | MSE: 0.088138 | RMSE: 0.296880 | MAE: 0.203729
  Val   - Loss: 0.078180 | MSE: 0.078180 | RMSE: 0.279606 | MAE: 0.178547
============================================================
No improvement for 1 epochs

============================================================
Epoch 19/150
Learning Rate: 1.00e-03
============================================================

============================================================
Epoch 19 Summary:
  Train - Loss: 0.087766 | MSE: 0.087766 | RMSE: 0.296254 | MAE: 0.202901
  Val   - Loss: 0.083647 | MSE: 0.083647 | RMSE: 0.289218 | MAE: 0.187140
============================================================
No improvement for 2 epochs

============================================================
Epoch 20/150
Learning Rate: 1.00e-03
============================================================

============================================================
Epoch 20 Summary:
  Train - Loss: 0.086879 | MSE: 0.086879 | RMSE: 0.294752 | MAE: 0.202186
  Val   - Loss: 0.083336 | MSE: 0.083336 | RMSE: 0.288680 | MAE: 0.194847
============================================================
No improvement for 3 epochs
Checkpoint saved: src/trained_weights/UMambaMag_v2_STEAD_20251104_105238/model_epoch_20.pt

============================================================
Epoch 21/150
Learning Rate: 1.00e-03
============================================================

============================================================
Epoch 21 Summary:
  Train - Loss: 0.086315 | MSE: 0.086315 | RMSE: 0.293794 | MAE: 0.201460
  Val   - Loss: 0.078401 | MSE: 0.078401 | RMSE: 0.280002 | MAE: 0.184283
============================================================
No improvement for 4 epochs

============================================================
Epoch 22/150
Learning Rate: 1.00e-03
============================================================

============================================================
Epoch 22 Summary:
  Train - Loss: 0.085829 | MSE: 0.085829 | RMSE: 0.292967 | MAE: 0.200601
  Val   - Loss: 0.076671 | MSE: 0.076671 | RMSE: 0.276895 | MAE: 0.183869
============================================================

✓ New best model saved! Val Loss: 0.076671

============================================================
Epoch 23/150
Learning Rate: 1.00e-03
============================================================

============================================================
Epoch 23 Summary:
  Train - Loss: 0.084991 | MSE: 0.084991 | RMSE: 0.291532 | MAE: 0.199936
  Val   - Loss: 0.073701 | MSE: 0.073701 | RMSE: 0.271480 | MAE: 0.173043
============================================================

✓ New best model saved! Val Loss: 0.073701

============================================================
Epoch 24/150
Learning Rate: 1.00e-03
============================================================

============================================================
Epoch 24 Summary:
  Train - Loss: 0.084294 | MSE: 0.084294 | RMSE: 0.290334 | MAE: 0.199048
  Val   - Loss: 0.075463 | MSE: 0.075463 | RMSE: 0.274705 | MAE: 0.179931
============================================================
No improvement for 1 epochs

============================================================
Epoch 25/150
Learning Rate: 1.00e-03
============================================================

============================================================
Epoch 25 Summary:
  Train - Loss: 0.083431 | MSE: 0.083431 | RMSE: 0.288845 | MAE: 0.198332
  Val   - Loss: 0.072775 | MSE: 0.072775 | RMSE: 0.269768 | MAE: 0.177724
============================================================

✓ New best model saved! Val Loss: 0.072775
Checkpoint saved: src/trained_weights/UMambaMag_v2_STEAD_20251104_105238/model_epoch_25.pt

============================================================
Epoch 26/150
Learning Rate: 1.00e-03
============================================================

============================================================
Epoch 26 Summary:
  Train - Loss: 0.083877 | MSE: 0.083877 | RMSE: 0.289615 | MAE: 0.198113
  Val   - Loss: 0.075782 | MSE: 0.075782 | RMSE: 0.275285 | MAE: 0.176309
============================================================
No improvement for 1 epochs

============================================================
Epoch 27/150
Learning Rate: 1.00e-03
============================================================

============================================================
Epoch 27 Summary:
  Train - Loss: 0.082600 | MSE: 0.082600 | RMSE: 0.287403 | MAE: 0.197093
  Val   - Loss: 0.072352 | MSE: 0.072352 | RMSE: 0.268984 | MAE: 0.176405
============================================================

✓ New best model saved! Val Loss: 0.072352

============================================================
Epoch 28/150
Learning Rate: 1.00e-03
============================================================

============================================================
Epoch 28 Summary:
  Train - Loss: 0.082055 | MSE: 0.082055 | RMSE: 0.286452 | MAE: 0.196650
  Val   - Loss: 0.071978 | MSE: 0.071978 | RMSE: 0.268287 | MAE: 0.171403
============================================================

✓ New best model saved! Val Loss: 0.071978

============================================================
Epoch 29/150
Learning Rate: 1.00e-03
============================================================

============================================================
Epoch 29 Summary:
  Train - Loss: 0.081508 | MSE: 0.081508 | RMSE: 0.285497 | MAE: 0.195948
  Val   - Loss: 0.070754 | MSE: 0.070754 | RMSE: 0.265995 | MAE: 0.170892
============================================================

✓ New best model saved! Val Loss: 0.070754

============================================================
Epoch 30/150
Learning Rate: 1.00e-03
============================================================

============================================================
Epoch 30 Summary:
  Train - Loss: 0.081656 | MSE: 0.081656 | RMSE: 0.285755 | MAE: 0.195379
  Val   - Loss: 0.068867 | MSE: 0.068867 | RMSE: 0.262425 | MAE: 0.167014
============================================================

✓ New best model saved! Val Loss: 0.068867
Checkpoint saved: src/trained_weights/UMambaMag_v2_STEAD_20251104_105238/model_epoch_30.pt

============================================================
Epoch 31/150
Learning Rate: 1.00e-03
============================================================

============================================================
Epoch 31 Summary:
  Train - Loss: 0.081295 | MSE: 0.081295 | RMSE: 0.285122 | MAE: 0.195157
  Val   - Loss: 0.072537 | MSE: 0.072537 | RMSE: 0.269328 | MAE: 0.170769
============================================================
No improvement for 1 epochs

============================================================
Epoch 32/150
Learning Rate: 1.00e-03
============================================================

============================================================
Epoch 32 Summary:
  Train - Loss: 0.080502 | MSE: 0.080502 | RMSE: 0.283728 | MAE: 0.194734
  Val   - Loss: 0.069916 | MSE: 0.069916 | RMSE: 0.264415 | MAE: 0.170565
============================================================
No improvement for 2 epochs

============================================================
Epoch 33/150
Learning Rate: 1.00e-03
============================================================

============================================================
Epoch 33 Summary:
  Train - Loss: 0.080192 | MSE: 0.080192 | RMSE: 0.283183 | MAE: 0.194186
  Val   - Loss: 0.071774 | MSE: 0.071774 | RMSE: 0.267907 | MAE: 0.179781
============================================================
No improvement for 3 epochs

============================================================
Epoch 34/150
Learning Rate: 1.00e-03
============================================================

============================================================
Epoch 34 Summary:
  Train - Loss: 0.079436 | MSE: 0.079436 | RMSE: 0.281844 | MAE: 0.193502
  Val   - Loss: 0.083729 | MSE: 0.083729 | RMSE: 0.289360 | MAE: 0.197944
============================================================
No improvement for 4 epochs

============================================================
Epoch 35/150
Learning Rate: 1.00e-03
============================================================

============================================================
Epoch 35 Summary:
  Train - Loss: 0.079485 | MSE: 0.079485 | RMSE: 0.281931 | MAE: 0.193501
  Val   - Loss: 0.068573 | MSE: 0.068573 | RMSE: 0.261865 | MAE: 0.171487
============================================================

✓ New best model saved! Val Loss: 0.068573
Checkpoint saved: src/trained_weights/UMambaMag_v2_STEAD_20251104_105238/model_epoch_35.pt

============================================================
Epoch 36/150
Learning Rate: 1.00e-03
============================================================

============================================================
Epoch 36 Summary:
  Train - Loss: 0.078879 | MSE: 0.078879 | RMSE: 0.280854 | MAE: 0.192672
  Val   - Loss: 0.070060 | MSE: 0.070060 | RMSE: 0.264688 | MAE: 0.169203
============================================================
No improvement for 1 epochs

============================================================
Epoch 37/150
Learning Rate: 1.00e-03
============================================================

============================================================
Epoch 37 Summary:
  Train - Loss: 0.078665 | MSE: 0.078665 | RMSE: 0.280472 | MAE: 0.192447
  Val   - Loss: 0.070441 | MSE: 0.070441 | RMSE: 0.265407 | MAE: 0.175546
============================================================
No improvement for 2 epochs

============================================================
Epoch 38/150
Learning Rate: 1.00e-03
============================================================

============================================================
Epoch 38 Summary:
  Train - Loss: 0.078333 | MSE: 0.078333 | RMSE: 0.279881 | MAE: 0.191934
  Val   - Loss: 0.068901 | MSE: 0.068901 | RMSE: 0.262491 | MAE: 0.167491
============================================================
No improvement for 3 epochs

============================================================
Epoch 39/150
Learning Rate: 1.00e-03
============================================================

============================================================
Epoch 39 Summary:
  Train - Loss: 0.077840 | MSE: 0.077840 | RMSE: 0.278998 | MAE: 0.191295
  Val   - Loss: 0.071460 | MSE: 0.071460 | RMSE: 0.267321 | MAE: 0.183573
============================================================
No improvement for 4 epochs

============================================================
Epoch 40/150
Learning Rate: 1.00e-03
============================================================

============================================================
Epoch 40 Summary:
  Train - Loss: 0.077656 | MSE: 0.077656 | RMSE: 0.278668 | MAE: 0.191349
  Val   - Loss: 0.071989 | MSE: 0.071989 | RMSE: 0.268308 | MAE: 0.169668
============================================================
No improvement for 5 epochs
Checkpoint saved: src/trained_weights/UMambaMag_v2_STEAD_20251104_105238/model_epoch_40.pt

============================================================
Epoch 41/150
Learning Rate: 1.00e-03
============================================================

============================================================
Epoch 41 Summary:
  Train - Loss: 0.077281 | MSE: 0.077281 | RMSE: 0.277994 | MAE: 0.190878
  Val   - Loss: 0.069403 | MSE: 0.069403 | RMSE: 0.263444 | MAE: 0.167704
============================================================
No improvement for 6 epochs

============================================================
Epoch 42/150
Learning Rate: 5.00e-04
============================================================

============================================================
Epoch 42 Summary:
  Train - Loss: 0.070451 | MSE: 0.070451 | RMSE: 0.265426 | MAE: 0.181419
  Val   - Loss: 0.062792 | MSE: 0.062792 | RMSE: 0.250583 | MAE: 0.163420
============================================================

✓ New best model saved! Val Loss: 0.062792

============================================================
Epoch 43/150
Learning Rate: 1.00e-03
============================================================

============================================================
Epoch 43 Summary:
  Train - Loss: 0.076517 | MSE: 0.076517 | RMSE: 0.276617 | MAE: 0.189878
  Val   - Loss: 0.068376 | MSE: 0.068376 | RMSE: 0.261487 | MAE: 0.166611
============================================================
No improvement for 1 epochs

============================================================
Epoch 44/150
Learning Rate: 1.00e-03
============================================================

============================================================
Epoch 44 Summary:
  Train - Loss: 0.076416 | MSE: 0.076416 | RMSE: 0.276435 | MAE: 0.189553
  Val   - Loss: 0.066527 | MSE: 0.066527 | RMSE: 0.257929 | MAE: 0.163570
============================================================
No improvement for 2 epochs

============================================================
Epoch 45/150
Learning Rate: 1.00e-03
============================================================

============================================================
Epoch 45 Summary:
  Train - Loss: 0.076586 | MSE: 0.076586 | RMSE: 0.276743 | MAE: 0.189657
  Val   - Loss: 0.073802 | MSE: 0.073802 | RMSE: 0.271666 | MAE: 0.183460
============================================================
No improvement for 3 epochs
Checkpoint saved: src/trained_weights/UMambaMag_v2_STEAD_20251104_105238/model_epoch_45.pt

============================================================
Epoch 46/150
Learning Rate: 1.00e-03
============================================================

============================================================
Epoch 46 Summary:
  Train - Loss: 0.076686 | MSE: 0.076686 | RMSE: 0.276922 | MAE: 0.189342
  Val   - Loss: 0.067206 | MSE: 0.067206 | RMSE: 0.259241 | MAE: 0.163177
============================================================
No improvement for 4 epochs

============================================================
Epoch 47/150
Learning Rate: 1.00e-03
============================================================

============================================================
Epoch 47 Summary:
  Train - Loss: 0.076124 | MSE: 0.076124 | RMSE: 0.275905 | MAE: 0.189013
  Val   - Loss: 0.066299 | MSE: 0.066299 | RMSE: 0.257487 | MAE: 0.163740
============================================================
No improvement for 5 epochs

============================================================
Epoch 48/150
Learning Rate: 1.00e-03
============================================================

============================================================
Epoch 48 Summary:
  Train - Loss: 0.075797 | MSE: 0.075797 | RMSE: 0.275313 | MAE: 0.188803
  Val   - Loss: 0.069466 | MSE: 0.069466 | RMSE: 0.263565 | MAE: 0.174879
============================================================
No improvement for 6 epochs

============================================================
Epoch 49/150
Learning Rate: 5.00e-04
============================================================

============================================================
Epoch 49 Summary:
  Train - Loss: 0.068577 | MSE: 0.068577 | RMSE: 0.261873 | MAE: 0.179388
  Val   - Loss: 0.063680 | MSE: 0.063680 | RMSE: 0.252349 | MAE: 0.166260
============================================================
No improvement for 7 epochs

============================================================
Epoch 50/150
Learning Rate: 1.00e-03
============================================================

============================================================
Epoch 50 Summary:
  Train - Loss: 0.074886 | MSE: 0.074886 | RMSE: 0.273654 | MAE: 0.187883
  Val   - Loss: 0.065772 | MSE: 0.065772 | RMSE: 0.256461 | MAE: 0.166723
============================================================
No improvement for 8 epochs
Checkpoint saved: src/trained_weights/UMambaMag_v2_STEAD_20251104_105238/model_epoch_50.pt

============================================================
Epoch 51/150
Learning Rate: 1.00e-03
============================================================

============================================================
Epoch 51 Summary:
  Train - Loss: 0.075024 | MSE: 0.075024 | RMSE: 0.273906 | MAE: 0.188015
  Val   - Loss: 0.066074 | MSE: 0.066074 | RMSE: 0.257049 | MAE: 0.167076
============================================================
No improvement for 9 epochs

============================================================
Epoch 52/150
Learning Rate: 1.00e-03
============================================================

============================================================
Epoch 52 Summary:
  Train - Loss: 0.075346 | MSE: 0.075346 | RMSE: 0.274492 | MAE: 0.187932
  Val   - Loss: 0.067323 | MSE: 0.067323 | RMSE: 0.259467 | MAE: 0.161652
============================================================
No improvement for 10 epochs

============================================================
Epoch 53/150
Learning Rate: 1.00e-03
============================================================

============================================================
Epoch 53 Summary:
  Train - Loss: 0.074490 | MSE: 0.074490 | RMSE: 0.272929 | MAE: 0.187571
  Val   - Loss: 0.066874 | MSE: 0.066874 | RMSE: 0.258600 | MAE: 0.171031
============================================================
No improvement for 11 epochs

============================================================
Epoch 54/150
Learning Rate: 1.00e-03
============================================================

============================================================
Epoch 54 Summary:
  Train - Loss: 0.074255 | MSE: 0.074255 | RMSE: 0.272498 | MAE: 0.187102
  Val   - Loss: 0.065012 | MSE: 0.065012 | RMSE: 0.254975 | MAE: 0.162570
============================================================
No improvement for 12 epochs

============================================================
Epoch 55/150
Learning Rate: 5.00e-04
============================================================

============================================================
Epoch 55 Summary:
  Train - Loss: 0.067427 | MSE: 0.067427 | RMSE: 0.259667 | MAE: 0.177951
  Val   - Loss: 0.061763 | MSE: 0.061763 | RMSE: 0.248521 | MAE: 0.158696
============================================================

✓ New best model saved! Val Loss: 0.061763
Checkpoint saved: src/trained_weights/UMambaMag_v2_STEAD_20251104_105238/model_epoch_55.pt

============================================================
Epoch 56/150
Learning Rate: 1.00e-03
============================================================

============================================================
Epoch 56 Summary:
  Train - Loss: 0.073791 | MSE: 0.073791 | RMSE: 0.271645 | MAE: 0.186269
  Val   - Loss: 0.066364 | MSE: 0.066364 | RMSE: 0.257613 | MAE: 0.169613
============================================================
No improvement for 1 epochs

============================================================
Epoch 57/150
Learning Rate: 1.00e-03
============================================================

============================================================
Epoch 57 Summary:
  Train - Loss: 0.073809 | MSE: 0.073809 | RMSE: 0.271679 | MAE: 0.186462
  Val   - Loss: 0.068544 | MSE: 0.068544 | RMSE: 0.261809 | MAE: 0.173835
============================================================
No improvement for 2 epochs

============================================================
Epoch 58/150
Learning Rate: 1.00e-03
============================================================

============================================================
Epoch 58 Summary:
  Train - Loss: 0.073932 | MSE: 0.073932 | RMSE: 0.271905 | MAE: 0.186703
  Val   - Loss: 0.066329 | MSE: 0.066329 | RMSE: 0.257544 | MAE: 0.171198
============================================================
No improvement for 3 epochs

============================================================
Epoch 59/150
Learning Rate: 1.00e-03
============================================================

============================================================
Epoch 59 Summary:
  Train - Loss: 0.073612 | MSE: 0.073612 | RMSE: 0.271315 | MAE: 0.186393
  Val   - Loss: 0.064280 | MSE: 0.064280 | RMSE: 0.253536 | MAE: 0.163616
============================================================
No improvement for 4 epochs

============================================================
Epoch 60/150
Learning Rate: 1.00e-03
============================================================

============================================================
Epoch 60 Summary:
  Train - Loss: 0.073468 | MSE: 0.073468 | RMSE: 0.271049 | MAE: 0.186043
  Val   - Loss: 0.067282 | MSE: 0.067282 | RMSE: 0.259388 | MAE: 0.167576
============================================================
No improvement for 5 epochs
Checkpoint saved: src/trained_weights/UMambaMag_v2_STEAD_20251104_105238/model_epoch_60.pt

============================================================
Epoch 61/150
Learning Rate: 1.00e-03
============================================================

============================================================
Epoch 61 Summary:
  Train - Loss: 0.073103 | MSE: 0.073103 | RMSE: 0.270376 | MAE: 0.185815
  Val   - Loss: 0.071800 | MSE: 0.071800 | RMSE: 0.267956 | MAE: 0.181231
============================================================
No improvement for 6 epochs

============================================================
Epoch 62/150
Learning Rate: 5.00e-04
============================================================

============================================================
Epoch 62 Summary:
  Train - Loss: 0.066447 | MSE: 0.066447 | RMSE: 0.257773 | MAE: 0.176605
  Val   - Loss: 0.060841 | MSE: 0.060841 | RMSE: 0.246660 | MAE: 0.161158
============================================================

✓ New best model saved! Val Loss: 0.060841

============================================================
Epoch 63/150
Learning Rate: 1.00e-03
============================================================

============================================================
Epoch 63 Summary:
  Train - Loss: 0.072466 | MSE: 0.072466 | RMSE: 0.269195 | MAE: 0.184785
  Val   - Loss: 0.064636 | MSE: 0.064636 | RMSE: 0.254236 | MAE: 0.159258
============================================================
No improvement for 1 epochs

============================================================
Epoch 64/150
Learning Rate: 1.00e-03
============================================================

============================================================
Epoch 64 Summary:
  Train - Loss: 0.072217 | MSE: 0.072217 | RMSE: 0.268732 | MAE: 0.184909
  Val   - Loss: 0.065336 | MSE: 0.065336 | RMSE: 0.255609 | MAE: 0.161411
============================================================
No improvement for 2 epochs

============================================================
Epoch 65/150
Learning Rate: 1.00e-03
============================================================

============================================================
Epoch 65 Summary:
  Train - Loss: 0.072418 | MSE: 0.072418 | RMSE: 0.269105 | MAE: 0.184798
  Val   - Loss: 0.065052 | MSE: 0.065052 | RMSE: 0.255053 | MAE: 0.166439
============================================================
No improvement for 3 epochs
Checkpoint saved: src/trained_weights/UMambaMag_v2_STEAD_20251104_105238/model_epoch_65.pt

============================================================
Epoch 66/150
Learning Rate: 1.00e-03
============================================================

============================================================
Epoch 66 Summary:
  Train - Loss: 0.072687 | MSE: 0.072687 | RMSE: 0.269604 | MAE: 0.184887
  Val   - Loss: 0.062958 | MSE: 0.062958 | RMSE: 0.250915 | MAE: 0.162230
============================================================
No improvement for 4 epochs

============================================================
Epoch 67/150
Learning Rate: 1.00e-03
============================================================

============================================================
Epoch 67 Summary:
  Train - Loss: 0.072247 | MSE: 0.072247 | RMSE: 0.268788 | MAE: 0.184537
  Val   - Loss: 0.070127 | MSE: 0.070127 | RMSE: 0.264815 | MAE: 0.168847
============================================================
No improvement for 5 epochs

============================================================
Epoch 68/150
Learning Rate: 1.00e-03
============================================================

============================================================
Epoch 68 Summary:
  Train - Loss: 0.071982 | MSE: 0.071982 | RMSE: 0.268294 | MAE: 0.184271
  Val   - Loss: 0.062940 | MSE: 0.062940 | RMSE: 0.250878 | MAE: 0.158966
============================================================
No improvement for 6 epochs

============================================================
Epoch 69/150
Learning Rate: 5.00e-04
============================================================

============================================================
Epoch 69 Summary:
  Train - Loss: 0.065063 | MSE: 0.065063 | RMSE: 0.255074 | MAE: 0.174971
  Val   - Loss: 0.057747 | MSE: 0.057747 | RMSE: 0.240306 | MAE: 0.155098
============================================================

✓ New best model saved! Val Loss: 0.057747

============================================================
Epoch 70/150
Learning Rate: 1.00e-03
============================================================

============================================================
Epoch 70 Summary:
  Train - Loss: 0.071103 | MSE: 0.071103 | RMSE: 0.266652 | MAE: 0.183312
  Val   - Loss: 0.063801 | MSE: 0.063801 | RMSE: 0.252588 | MAE: 0.167894
============================================================
No improvement for 1 epochs
Checkpoint saved: src/trained_weights/UMambaMag_v2_STEAD_20251104_105238/model_epoch_70.pt

============================================================
Epoch 71/150
Learning Rate: 1.00e-03
============================================================

============================================================
Epoch 71 Summary:
  Train - Loss: 0.071586 | MSE: 0.071586 | RMSE: 0.267555 | MAE: 0.183763
  Val   - Loss: 0.065029 | MSE: 0.065029 | RMSE: 0.255007 | MAE: 0.161966
============================================================
No improvement for 2 epochs

============================================================
Epoch 72/150
Learning Rate: 1.00e-03
============================================================

============================================================
Epoch 72 Summary:
  Train - Loss: 0.071678 | MSE: 0.071678 | RMSE: 0.267728 | MAE: 0.183536
  Val   - Loss: 0.067970 | MSE: 0.067970 | RMSE: 0.260710 | MAE: 0.163011
============================================================
No improvement for 3 epochs

============================================================
Epoch 73/150
Learning Rate: 1.00e-03
============================================================

============================================================
Epoch 73 Summary:
  Train - Loss: 0.071377 | MSE: 0.071377 | RMSE: 0.267164 | MAE: 0.183329
  Val   - Loss: 0.066264 | MSE: 0.066264 | RMSE: 0.257418 | MAE: 0.161777
============================================================
No improvement for 4 epochs

============================================================
Epoch 74/150
Learning Rate: 1.00e-03
============================================================

============================================================
Epoch 74 Summary:
  Train - Loss: 0.071456 | MSE: 0.071456 | RMSE: 0.267313 | MAE: 0.183621
  Val   - Loss: 0.064947 | MSE: 0.064947 | RMSE: 0.254846 | MAE: 0.166640
============================================================
No improvement for 5 epochs

============================================================
Epoch 75/150
Learning Rate: 1.00e-03
============================================================

============================================================
Epoch 75 Summary:
  Train - Loss: 0.071054 | MSE: 0.071054 | RMSE: 0.266559 | MAE: 0.183236
  Val   - Loss: 0.066130 | MSE: 0.066130 | RMSE: 0.257157 | MAE: 0.169892
============================================================
No improvement for 6 epochs
Checkpoint saved: src/trained_weights/UMambaMag_v2_STEAD_20251104_105238/model_epoch_75.pt

============================================================
Epoch 76/150
Learning Rate: 5.00e-04
============================================================

============================================================
Epoch 76 Summary:
  Train - Loss: 0.064509 | MSE: 0.064509 | RMSE: 0.253987 | MAE: 0.174106
  Val   - Loss: 0.060020 | MSE: 0.060020 | RMSE: 0.244990 | MAE: 0.154050
============================================================
No improvement for 7 epochs

============================================================
Epoch 77/150
Learning Rate: 1.00e-03
============================================================

============================================================
Epoch 77 Summary:
  Train - Loss: 0.070641 | MSE: 0.070641 | RMSE: 0.265784 | MAE: 0.182590
  Val   - Loss: 0.062378 | MSE: 0.062378 | RMSE: 0.249756 | MAE: 0.167631
============================================================
No improvement for 8 epochs

============================================================
Epoch 78/150
Learning Rate: 1.00e-03
============================================================

============================================================
Epoch 78 Summary:
  Train - Loss: 0.070705 | MSE: 0.070705 | RMSE: 0.265904 | MAE: 0.182557
  Val   - Loss: 0.068012 | MSE: 0.068012 | RMSE: 0.260791 | MAE: 0.173198
============================================================
No improvement for 9 epochs

============================================================
Epoch 79/150
Learning Rate: 1.00e-03
============================================================

============================================================
Epoch 79 Summary:
  Train - Loss: 0.070716 | MSE: 0.070716 | RMSE: 0.265924 | MAE: 0.182751
  Val   - Loss: 0.064144 | MSE: 0.064144 | RMSE: 0.253266 | MAE: 0.162737
============================================================
No improvement for 10 epochs

============================================================
Epoch 80/150
Learning Rate: 1.00e-03
============================================================

============================================================
Epoch 80 Summary:
  Train - Loss: 0.070411 | MSE: 0.070411 | RMSE: 0.265350 | MAE: 0.182378
  Val   - Loss: 0.067816 | MSE: 0.067816 | RMSE: 0.260416 | MAE: 0.174013
============================================================
No improvement for 11 epochs
Checkpoint saved: src/trained_weights/UMambaMag_v2_STEAD_20251104_105238/model_epoch_80.pt

============================================================
Epoch 81/150
Learning Rate: 1.00e-03
============================================================

============================================================
Epoch 81 Summary:
  Train - Loss: 0.070526 | MSE: 0.070526 | RMSE: 0.265568 | MAE: 0.182282
  Val   - Loss: 0.062971 | MSE: 0.062971 | RMSE: 0.250940 | MAE: 0.160973
============================================================
No improvement for 12 epochs

============================================================
Epoch 82/150
Learning Rate: 5.00e-04
============================================================

============================================================
Epoch 82 Summary:
  Train - Loss: 0.063487 | MSE: 0.063487 | RMSE: 0.251967 | MAE: 0.173043
  Val   - Loss: 0.058496 | MSE: 0.058496 | RMSE: 0.241860 | MAE: 0.153149
============================================================
No improvement for 13 epochs

============================================================
Epoch 83/150
Learning Rate: 1.00e-03
============================================================

============================================================
Epoch 83 Summary:
  Train - Loss: 0.069944 | MSE: 0.069944 | RMSE: 0.264470 | MAE: 0.181560
  Val   - Loss: 0.065160 | MSE: 0.065160 | RMSE: 0.255265 | MAE: 0.163388
============================================================
No improvement for 14 epochs

============================================================
Epoch 84/150
Learning Rate: 1.00e-03
============================================================

============================================================
Epoch 84 Summary:
  Train - Loss: 0.069910 | MSE: 0.069910 | RMSE: 0.264405 | MAE: 0.181568
  Val   - Loss: 0.063187 | MSE: 0.063187 | RMSE: 0.251370 | MAE: 0.161311
============================================================
No improvement for 15 epochs

Early stopping triggered after 15 epochs without improvement
Best validation loss: 0.057747

Final model saved: src/trained_weights/UMambaMag_v2_STEAD_20251104_105238/model_final.pt
Training history saved: src/trained_weights/UMambaMag_v2_STEAD_20251104_105238/training_history_20251104_105238.pt

============================================================
TRAINING COMPLETED
============================================================
Best validation loss: 0.057747
Best validation RMSE: 0.240306
Final train loss: 0.069910
Final val loss: 0.063187
Total Training Time: 29:34:39
============================================================
==================================================

