2025-11-09 23:12:23,388 | seisbench | WARNING | Setting remote root to: https://seisbench.gfz.de/mirror/
Please note that this can affect your download speed.
2025-11-09 23:12:40,526 | seisbench | WARNING | Output component order not specified, defaulting to 'ZNE'.
2025-11-09 23:12:53,916 | seisbench | WARNING | Skipping preload, as cache is disabled.
2025-11-09 23:13:06,735 | seisbench | WARNING | Skipping preload, as cache is disabled.
/home/quenton.yeo/code/.venv/lib/python3.11/site-packages/torch/optim/lr_scheduler.py:60: UserWarning: The verbose parameter is deprecated. Please use get_last_lr() to access the learning rate.
  warnings.warn(

==================================================
LOADING DATA
==================================================
STEAD dataset loaded: 1265657 samples

Training umamba_mag_v2 on STEAD for 150 epochs...
Model moved to cuda:2
Training UMamba V2 Magnitude Estimator model (encoder-only with pooling)

============================================================
TRAINING UMAMBAMAG V2 (ENCODER-ONLY WITH POOLING)
============================================================
Model: UMambaMag_v2_STEAD
Dataset: STEAD
Batch size: 32
Learning rate: 0.001
Epochs: 150
Warmup epochs: 5
============================================================
Model is on device: cuda:2
Total parameters: 114,433
Trainable parameters: 114,433

Loading data...
Train batches: 33619
Dev batches: 1978

Saving models to: src/trained_weights/UMambaMag_v2_STEAD_20251109_231307


============================================================
Epoch 1/150
Learning Rate: 1.00e-04
============================================================

============================================================
Epoch 1 Summary:
  Train - Loss: 0.263408 | MSE: 0.263408 | RMSE: 0.513233 | MAE: 0.351843
  Val   - Loss: 0.169013 | MSE: 0.169013 | RMSE: 0.411112 | MAE: 0.287000
============================================================

✓ New best model saved! Val Loss: 0.169013

============================================================
Epoch 2/150
Learning Rate: 2.80e-04
============================================================

============================================================
Epoch 2 Summary:
  Train - Loss: 0.178914 | MSE: 0.178914 | RMSE: 0.422982 | MAE: 0.292396
  Val   - Loss: 0.141873 | MSE: 0.141873 | RMSE: 0.376660 | MAE: 0.251232
============================================================

✓ New best model saved! Val Loss: 0.141873

============================================================
Epoch 3/150
Learning Rate: 4.60e-04
============================================================

============================================================
Epoch 3 Summary:
  Train - Loss: 0.152294 | MSE: 0.152294 | RMSE: 0.390248 | MAE: 0.268827
  Val   - Loss: 0.126121 | MSE: 0.126121 | RMSE: 0.355135 | MAE: 0.241557
============================================================

✓ New best model saved! Val Loss: 0.126121

============================================================
Epoch 4/150
Learning Rate: 6.40e-04
============================================================

============================================================
Epoch 4 Summary:
  Train - Loss: 0.137953 | MSE: 0.137953 | RMSE: 0.371421 | MAE: 0.255953
  Val   - Loss: 0.117116 | MSE: 0.117116 | RMSE: 0.342222 | MAE: 0.231746
============================================================

✓ New best model saved! Val Loss: 0.117116

============================================================
Epoch 5/150
Learning Rate: 8.20e-04
============================================================

============================================================
Epoch 5 Summary:
  Train - Loss: 0.128512 | MSE: 0.128512 | RMSE: 0.358486 | MAE: 0.247634
  Val   - Loss: 0.107407 | MSE: 0.107407 | RMSE: 0.327730 | MAE: 0.215417
============================================================

✓ New best model saved! Val Loss: 0.107407
Checkpoint saved: src/trained_weights/UMambaMag_v2_STEAD_20251109_231307/model_epoch_5.pt

============================================================
Epoch 6/150
Learning Rate: 1.00e-03
============================================================

============================================================
Epoch 6 Summary:
  Train - Loss: 0.124059 | MSE: 0.124059 | RMSE: 0.352220 | MAE: 0.243200
  Val   - Loss: 0.109329 | MSE: 0.109329 | RMSE: 0.330649 | MAE: 0.216317
============================================================
No improvement for 1 epochs

============================================================
Epoch 7/150
Learning Rate: 1.00e-03
============================================================

============================================================
Epoch 7 Summary:
  Train - Loss: 0.117215 | MSE: 0.117215 | RMSE: 0.342366 | MAE: 0.236204
  Val   - Loss: 0.100214 | MSE: 0.100214 | RMSE: 0.316566 | MAE: 0.205107
============================================================

✓ New best model saved! Val Loss: 0.100214

============================================================
Epoch 8/150
Learning Rate: 1.00e-03
============================================================

============================================================
Epoch 8 Summary:
  Train - Loss: 0.112912 | MSE: 0.112912 | RMSE: 0.336024 | MAE: 0.231675
  Val   - Loss: 0.097967 | MSE: 0.097967 | RMSE: 0.312997 | MAE: 0.206292
============================================================

✓ New best model saved! Val Loss: 0.097967

============================================================
Epoch 9/150
Learning Rate: 1.00e-03
============================================================

============================================================
Epoch 9 Summary:
  Train - Loss: 0.109284 | MSE: 0.109284 | RMSE: 0.330582 | MAE: 0.228071
  Val   - Loss: 0.094670 | MSE: 0.094670 | RMSE: 0.307684 | MAE: 0.202528
============================================================

✓ New best model saved! Val Loss: 0.094670

============================================================
Epoch 10/150
Learning Rate: 1.00e-03
============================================================

============================================================
Epoch 10 Summary:
  Train - Loss: 0.106801 | MSE: 0.106801 | RMSE: 0.326805 | MAE: 0.225385
  Val   - Loss: 0.093944 | MSE: 0.093944 | RMSE: 0.306502 | MAE: 0.199312
============================================================

✓ New best model saved! Val Loss: 0.093944
Checkpoint saved: src/trained_weights/UMambaMag_v2_STEAD_20251109_231307/model_epoch_10.pt

============================================================
Epoch 11/150
Learning Rate: 1.00e-03
============================================================

============================================================
Epoch 11 Summary:
  Train - Loss: 0.104609 | MSE: 0.104609 | RMSE: 0.323434 | MAE: 0.223318
  Val   - Loss: 0.093240 | MSE: 0.093240 | RMSE: 0.305352 | MAE: 0.203123
============================================================

✓ New best model saved! Val Loss: 0.093240

============================================================
Epoch 12/150
Learning Rate: 1.00e-03
============================================================

============================================================
Epoch 12 Summary:
  Train - Loss: 0.102964 | MSE: 0.102964 | RMSE: 0.320880 | MAE: 0.221306
  Val   - Loss: 0.092340 | MSE: 0.092340 | RMSE: 0.303876 | MAE: 0.197951
============================================================

✓ New best model saved! Val Loss: 0.092340

============================================================
Epoch 13/150
Learning Rate: 1.00e-03
============================================================

============================================================
Epoch 13 Summary:
  Train - Loss: 0.101742 | MSE: 0.101742 | RMSE: 0.318970 | MAE: 0.219905
  Val   - Loss: 0.086857 | MSE: 0.086857 | RMSE: 0.294715 | MAE: 0.192819
============================================================

✓ New best model saved! Val Loss: 0.086857

============================================================
Epoch 14/150
Learning Rate: 1.00e-03
============================================================

============================================================
Epoch 14 Summary:
  Train - Loss: 0.100486 | MSE: 0.100486 | RMSE: 0.316995 | MAE: 0.218442
  Val   - Loss: 0.090166 | MSE: 0.090166 | RMSE: 0.300277 | MAE: 0.195374
============================================================
No improvement for 1 epochs

============================================================
Epoch 15/150
Learning Rate: 1.00e-03
============================================================

============================================================
Epoch 15 Summary:
  Train - Loss: 0.099518 | MSE: 0.099518 | RMSE: 0.315464 | MAE: 0.217419
  Val   - Loss: 0.085270 | MSE: 0.085270 | RMSE: 0.292010 | MAE: 0.192454
============================================================

✓ New best model saved! Val Loss: 0.085270
Checkpoint saved: src/trained_weights/UMambaMag_v2_STEAD_20251109_231307/model_epoch_15.pt

============================================================
Epoch 16/150
Learning Rate: 1.00e-03
============================================================

============================================================
Epoch 16 Summary:
  Train - Loss: 0.098959 | MSE: 0.098959 | RMSE: 0.314577 | MAE: 0.216801
  Val   - Loss: 0.085685 | MSE: 0.085685 | RMSE: 0.292720 | MAE: 0.189661
============================================================
No improvement for 1 epochs

============================================================
Epoch 17/150
Learning Rate: 1.00e-03
============================================================

============================================================
Epoch 17 Summary:
  Train - Loss: 0.097934 | MSE: 0.097934 | RMSE: 0.312944 | MAE: 0.215626
  Val   - Loss: 0.087827 | MSE: 0.087827 | RMSE: 0.296356 | MAE: 0.193309
============================================================
No improvement for 2 epochs

============================================================
Epoch 18/150
Learning Rate: 1.00e-03
============================================================

============================================================
Epoch 18 Summary:
  Train - Loss: 0.096911 | MSE: 0.096911 | RMSE: 0.311305 | MAE: 0.214463
  Val   - Loss: 0.082047 | MSE: 0.082047 | RMSE: 0.286438 | MAE: 0.187072
============================================================

✓ New best model saved! Val Loss: 0.082047

============================================================
Epoch 19/150
Learning Rate: 1.00e-03
============================================================

============================================================
Epoch 19 Summary:
  Train - Loss: 0.096428 | MSE: 0.096428 | RMSE: 0.310529 | MAE: 0.213830
  Val   - Loss: 0.084222 | MSE: 0.084222 | RMSE: 0.290211 | MAE: 0.190157
============================================================
No improvement for 1 epochs

============================================================
Epoch 20/150
Learning Rate: 1.00e-03
============================================================

============================================================
Epoch 20 Summary:
  Train - Loss: 0.095540 | MSE: 0.095540 | RMSE: 0.309096 | MAE: 0.212861
  Val   - Loss: 0.082669 | MSE: 0.082669 | RMSE: 0.287522 | MAE: 0.190226
============================================================
No improvement for 2 epochs
Checkpoint saved: src/trained_weights/UMambaMag_v2_STEAD_20251109_231307/model_epoch_20.pt

============================================================
Epoch 21/150
Learning Rate: 1.00e-03
============================================================

============================================================
Epoch 21 Summary:
  Train - Loss: 0.095200 | MSE: 0.095200 | RMSE: 0.308544 | MAE: 0.212557
  Val   - Loss: 0.082373 | MSE: 0.082373 | RMSE: 0.287007 | MAE: 0.187634
============================================================
No improvement for 3 epochs

============================================================
Epoch 22/150
Learning Rate: 1.00e-03
============================================================

============================================================
Epoch 22 Summary:
  Train - Loss: 0.094668 | MSE: 0.094668 | RMSE: 0.307681 | MAE: 0.212192
  Val   - Loss: 0.089169 | MSE: 0.089169 | RMSE: 0.298612 | MAE: 0.203654
============================================================
No improvement for 4 epochs

============================================================
Epoch 23/150
Learning Rate: 1.00e-03
============================================================

============================================================
Epoch 23 Summary:
  Train - Loss: 0.093884 | MSE: 0.093884 | RMSE: 0.306404 | MAE: 0.211020
  Val   - Loss: 0.084297 | MSE: 0.084297 | RMSE: 0.290340 | MAE: 0.197341
============================================================
No improvement for 5 epochs

============================================================
Epoch 24/150
Learning Rate: 1.00e-03
============================================================

============================================================
Epoch 24 Summary:
  Train - Loss: 0.093468 | MSE: 0.093468 | RMSE: 0.305725 | MAE: 0.210580
  Val   - Loss: 0.080071 | MSE: 0.080071 | RMSE: 0.282967 | MAE: 0.181517
============================================================

✓ New best model saved! Val Loss: 0.080071

============================================================
Epoch 25/150
Learning Rate: 1.00e-03
============================================================

============================================================
Epoch 25 Summary:
  Train - Loss: 0.093240 | MSE: 0.093240 | RMSE: 0.305352 | MAE: 0.210076
  Val   - Loss: 0.083468 | MSE: 0.083468 | RMSE: 0.288909 | MAE: 0.188604
============================================================
No improvement for 1 epochs
Checkpoint saved: src/trained_weights/UMambaMag_v2_STEAD_20251109_231307/model_epoch_25.pt

============================================================
Epoch 26/150
Learning Rate: 1.00e-03
============================================================

============================================================
Epoch 26 Summary:
  Train - Loss: 0.093008 | MSE: 0.093008 | RMSE: 0.304972 | MAE: 0.209873
  Val   - Loss: 0.081291 | MSE: 0.081291 | RMSE: 0.285116 | MAE: 0.186760
============================================================
No improvement for 2 epochs

============================================================
Epoch 27/150
Learning Rate: 1.00e-03
============================================================

============================================================
Epoch 27 Summary:
  Train - Loss: 0.092314 | MSE: 0.092314 | RMSE: 0.303832 | MAE: 0.209210
  Val   - Loss: 0.079005 | MSE: 0.079005 | RMSE: 0.281078 | MAE: 0.183593
============================================================

✓ New best model saved! Val Loss: 0.079005

============================================================
Epoch 28/150
Learning Rate: 1.00e-03
============================================================

============================================================
Epoch 28 Summary:
  Train - Loss: 0.092645 | MSE: 0.092645 | RMSE: 0.304376 | MAE: 0.209356
  Val   - Loss: 0.081240 | MSE: 0.081240 | RMSE: 0.285026 | MAE: 0.188133
============================================================
No improvement for 1 epochs

============================================================
Epoch 29/150
Learning Rate: 1.00e-03
============================================================

============================================================
Epoch 29 Summary:
  Train - Loss: 0.091345 | MSE: 0.091345 | RMSE: 0.302233 | MAE: 0.208244
  Val   - Loss: 0.090568 | MSE: 0.090568 | RMSE: 0.300945 | MAE: 0.195749
============================================================
No improvement for 2 epochs

============================================================
Epoch 30/150
Learning Rate: 1.00e-03
============================================================

============================================================
Epoch 30 Summary:
  Train - Loss: 0.091255 | MSE: 0.091255 | RMSE: 0.302084 | MAE: 0.207992
  Val   - Loss: 0.083220 | MSE: 0.083220 | RMSE: 0.288479 | MAE: 0.192451
============================================================
No improvement for 3 epochs
Checkpoint saved: src/trained_weights/UMambaMag_v2_STEAD_20251109_231307/model_epoch_30.pt

============================================================
Epoch 31/150
Learning Rate: 1.00e-03
============================================================

============================================================
Epoch 31 Summary:
  Train - Loss: 0.091073 | MSE: 0.091073 | RMSE: 0.301784 | MAE: 0.207690
  Val   - Loss: 0.080717 | MSE: 0.080717 | RMSE: 0.284107 | MAE: 0.182085
============================================================
No improvement for 4 epochs

============================================================
Epoch 32/150
Learning Rate: 1.00e-03
============================================================

============================================================
Epoch 32 Summary:
  Train - Loss: 0.090495 | MSE: 0.090495 | RMSE: 0.300824 | MAE: 0.207154
  Val   - Loss: 0.079670 | MSE: 0.079670 | RMSE: 0.282259 | MAE: 0.185916
============================================================
No improvement for 5 epochs

============================================================
Epoch 33/150
Learning Rate: 1.00e-03
============================================================

============================================================
Epoch 33 Summary:
  Train - Loss: 0.090263 | MSE: 0.090263 | RMSE: 0.300439 | MAE: 0.206899
  Val   - Loss: 0.079987 | MSE: 0.079987 | RMSE: 0.282819 | MAE: 0.184507
============================================================
No improvement for 6 epochs

============================================================
Epoch 34/150
Learning Rate: 5.00e-04
============================================================

============================================================
Epoch 34 Summary:
  Train - Loss: 0.084014 | MSE: 0.084014 | RMSE: 0.289851 | MAE: 0.198878
  Val   - Loss: 0.074813 | MSE: 0.074813 | RMSE: 0.273521 | MAE: 0.174749
============================================================

✓ New best model saved! Val Loss: 0.074813

============================================================
Epoch 35/150
Learning Rate: 1.00e-03
============================================================

============================================================
Epoch 35 Summary:
  Train - Loss: 0.089739 | MSE: 0.089739 | RMSE: 0.299565 | MAE: 0.206119
  Val   - Loss: 0.080550 | MSE: 0.080550 | RMSE: 0.283814 | MAE: 0.180933
============================================================
No improvement for 1 epochs
Checkpoint saved: src/trained_weights/UMambaMag_v2_STEAD_20251109_231307/model_epoch_35.pt

============================================================
Epoch 36/150
Learning Rate: 1.00e-03
============================================================

============================================================
Epoch 36 Summary:
  Train - Loss: 0.089636 | MSE: 0.089636 | RMSE: 0.299393 | MAE: 0.206387
  Val   - Loss: 0.078863 | MSE: 0.078863 | RMSE: 0.280825 | MAE: 0.181842
============================================================
No improvement for 2 epochs

============================================================
Epoch 37/150
Learning Rate: 1.00e-03
============================================================

============================================================
Epoch 37 Summary:
  Train - Loss: 0.089522 | MSE: 0.089522 | RMSE: 0.299202 | MAE: 0.205987
  Val   - Loss: 0.082643 | MSE: 0.082643 | RMSE: 0.287477 | MAE: 0.201154
============================================================
No improvement for 3 epochs

============================================================
Epoch 38/150
Learning Rate: 1.00e-03
============================================================

============================================================
Epoch 38 Summary:
  Train - Loss: 0.089248 | MSE: 0.089248 | RMSE: 0.298744 | MAE: 0.205548
  Val   - Loss: 0.078629 | MSE: 0.078629 | RMSE: 0.280409 | MAE: 0.180939
============================================================
No improvement for 4 epochs

============================================================
Epoch 39/150
Learning Rate: 1.00e-03
============================================================

============================================================
Epoch 39 Summary:
  Train - Loss: 0.089101 | MSE: 0.089101 | RMSE: 0.298498 | MAE: 0.205358
  Val   - Loss: 0.080618 | MSE: 0.080618 | RMSE: 0.283934 | MAE: 0.182846
============================================================
No improvement for 5 epochs

============================================================
Epoch 40/150
Learning Rate: 1.00e-03
============================================================

============================================================
Epoch 40 Summary:
  Train - Loss: 0.089158 | MSE: 0.089158 | RMSE: 0.298594 | MAE: 0.205321
  Val   - Loss: 0.079445 | MSE: 0.079445 | RMSE: 0.281860 | MAE: 0.184166
============================================================
No improvement for 6 epochs
Checkpoint saved: src/trained_weights/UMambaMag_v2_STEAD_20251109_231307/model_epoch_40.pt

============================================================
Epoch 41/150
Learning Rate: 5.00e-04
============================================================

============================================================
Epoch 41 Summary:
  Train - Loss: 0.082398 | MSE: 0.082398 | RMSE: 0.287051 | MAE: 0.197205
  Val   - Loss: 0.072247 | MSE: 0.072247 | RMSE: 0.268787 | MAE: 0.172147
============================================================

✓ New best model saved! Val Loss: 0.072247

============================================================
Epoch 42/150
Learning Rate: 1.00e-03
============================================================

============================================================
Epoch 42 Summary:
  Train - Loss: 0.088027 | MSE: 0.088027 | RMSE: 0.296693 | MAE: 0.204266
  Val   - Loss: 0.081312 | MSE: 0.081312 | RMSE: 0.285152 | MAE: 0.182481
============================================================
No improvement for 1 epochs

============================================================
Epoch 43/150
Learning Rate: 1.00e-03
============================================================

============================================================
Epoch 43 Summary:
  Train - Loss: 0.088509 | MSE: 0.088509 | RMSE: 0.297505 | MAE: 0.204605
  Val   - Loss: 0.077281 | MSE: 0.077281 | RMSE: 0.277995 | MAE: 0.178888
============================================================
No improvement for 2 epochs

============================================================
Epoch 44/150
Learning Rate: 1.00e-03
============================================================

============================================================
Epoch 44 Summary:
  Train - Loss: 0.087551 | MSE: 0.087551 | RMSE: 0.295890 | MAE: 0.203825
  Val   - Loss: 0.076823 | MSE: 0.076823 | RMSE: 0.277169 | MAE: 0.178185
============================================================
No improvement for 3 epochs

============================================================
Epoch 45/150
Learning Rate: 1.00e-03
============================================================

============================================================
Epoch 45 Summary:
  Train - Loss: 0.088223 | MSE: 0.088223 | RMSE: 0.297023 | MAE: 0.204341
  Val   - Loss: 0.077245 | MSE: 0.077245 | RMSE: 0.277929 | MAE: 0.187040
============================================================
No improvement for 4 epochs
Checkpoint saved: src/trained_weights/UMambaMag_v2_STEAD_20251109_231307/model_epoch_45.pt

============================================================
Epoch 46/150
Learning Rate: 1.00e-03
============================================================

============================================================
Epoch 46 Summary:
  Train - Loss: 0.087533 | MSE: 0.087533 | RMSE: 0.295859 | MAE: 0.203849
  Val   - Loss: 0.077309 | MSE: 0.077309 | RMSE: 0.278045 | MAE: 0.183302
============================================================
No improvement for 5 epochs

============================================================
Epoch 47/150
Learning Rate: 1.00e-03
============================================================

============================================================
Epoch 47 Summary:
  Train - Loss: 0.087598 | MSE: 0.087598 | RMSE: 0.295969 | MAE: 0.203713
  Val   - Loss: 0.076594 | MSE: 0.076594 | RMSE: 0.276756 | MAE: 0.177558
============================================================
No improvement for 6 epochs

============================================================
Epoch 48/150
Learning Rate: 5.00e-04
============================================================

============================================================
Epoch 48 Summary:
  Train - Loss: 0.081547 | MSE: 0.081547 | RMSE: 0.285564 | MAE: 0.195791
  Val   - Loss: 0.071509 | MSE: 0.071509 | RMSE: 0.267411 | MAE: 0.171993
============================================================

✓ New best model saved! Val Loss: 0.071509

============================================================
Epoch 49/150
Learning Rate: 1.00e-03
============================================================

============================================================
Epoch 49 Summary:
  Train - Loss: 0.086642 | MSE: 0.086642 | RMSE: 0.294350 | MAE: 0.202742
  Val   - Loss: 0.079072 | MSE: 0.079072 | RMSE: 0.281198 | MAE: 0.182163
============================================================
No improvement for 1 epochs

============================================================
Epoch 50/150
Learning Rate: 1.00e-03
============================================================

============================================================
Epoch 50 Summary:
  Train - Loss: 0.087200 | MSE: 0.087200 | RMSE: 0.295296 | MAE: 0.203089
  Val   - Loss: 0.077012 | MSE: 0.077012 | RMSE: 0.277510 | MAE: 0.178675
============================================================
No improvement for 2 epochs
Checkpoint saved: src/trained_weights/UMambaMag_v2_STEAD_20251109_231307/model_epoch_50.pt

============================================================
Epoch 51/150
Learning Rate: 1.00e-03
============================================================

============================================================
Epoch 51 Summary:
  Train - Loss: 0.087011 | MSE: 0.087011 | RMSE: 0.294976 | MAE: 0.202742
  Val   - Loss: 0.076063 | MSE: 0.076063 | RMSE: 0.275795 | MAE: 0.174110
============================================================
No improvement for 3 epochs

============================================================
Epoch 52/150
Learning Rate: 1.00e-03
============================================================

============================================================
Epoch 52 Summary:
  Train - Loss: 0.086454 | MSE: 0.086454 | RMSE: 0.294030 | MAE: 0.202456
  Val   - Loss: 0.077287 | MSE: 0.077287 | RMSE: 0.278005 | MAE: 0.180988
============================================================
No improvement for 4 epochs

============================================================
Epoch 53/150
Learning Rate: 1.00e-03
============================================================

============================================================
Epoch 53 Summary:
  Train - Loss: 0.086491 | MSE: 0.086491 | RMSE: 0.294094 | MAE: 0.202585
  Val   - Loss: 0.076990 | MSE: 0.076990 | RMSE: 0.277470 | MAE: 0.177118
============================================================
No improvement for 5 epochs

============================================================
Epoch 54/150
Learning Rate: 1.00e-03
============================================================

============================================================
Epoch 54 Summary:
  Train - Loss: 0.086711 | MSE: 0.086711 | RMSE: 0.294468 | MAE: 0.202582
  Val   - Loss: 0.080782 | MSE: 0.080782 | RMSE: 0.284221 | MAE: 0.190276
============================================================
No improvement for 6 epochs

============================================================
Epoch 55/150
Learning Rate: 5.00e-04
============================================================

============================================================
Epoch 55 Summary:
  Train - Loss: 0.080343 | MSE: 0.080343 | RMSE: 0.283449 | MAE: 0.194518
  Val   - Loss: 0.073348 | MSE: 0.073348 | RMSE: 0.270828 | MAE: 0.172913
============================================================
No improvement for 7 epochs
Checkpoint saved: src/trained_weights/UMambaMag_v2_STEAD_20251109_231307/model_epoch_55.pt

============================================================
Epoch 56/150
Learning Rate: 1.00e-03
============================================================

============================================================
Epoch 56 Summary:
  Train - Loss: 0.086019 | MSE: 0.086019 | RMSE: 0.293289 | MAE: 0.201701
  Val   - Loss: 0.079813 | MSE: 0.079813 | RMSE: 0.282512 | MAE: 0.192378
============================================================
No improvement for 8 epochs

============================================================
Epoch 57/150
Learning Rate: 1.00e-03
============================================================

============================================================
Epoch 57 Summary:
  Train - Loss: 0.086022 | MSE: 0.086022 | RMSE: 0.293296 | MAE: 0.201858
  Val   - Loss: 0.075671 | MSE: 0.075671 | RMSE: 0.275084 | MAE: 0.183657
============================================================
No improvement for 9 epochs

============================================================
Epoch 58/150
Learning Rate: 1.00e-03
============================================================

============================================================
Epoch 58 Summary:
  Train - Loss: 0.085571 | MSE: 0.085571 | RMSE: 0.292525 | MAE: 0.201639
  Val   - Loss: 0.075910 | MSE: 0.075910 | RMSE: 0.275517 | MAE: 0.177070
============================================================
No improvement for 10 epochs

============================================================
Epoch 59/150
Learning Rate: 1.00e-03
============================================================

============================================================
Epoch 59 Summary:
  Train - Loss: 0.085773 | MSE: 0.085773 | RMSE: 0.292870 | MAE: 0.201394
  Val   - Loss: 0.074767 | MSE: 0.074767 | RMSE: 0.273435 | MAE: 0.179470
============================================================
No improvement for 11 epochs

============================================================
Epoch 60/150
Learning Rate: 1.00e-03
============================================================

============================================================
Epoch 60 Summary:
  Train - Loss: 0.085769 | MSE: 0.085769 | RMSE: 0.292863 | MAE: 0.201453
  Val   - Loss: 0.082492 | MSE: 0.082492 | RMSE: 0.287214 | MAE: 0.183440
============================================================
No improvement for 12 epochs
Checkpoint saved: src/trained_weights/UMambaMag_v2_STEAD_20251109_231307/model_epoch_60.pt

============================================================
Epoch 61/150
Learning Rate: 5.00e-04
============================================================

============================================================
Epoch 61 Summary:
  Train - Loss: 0.079505 | MSE: 0.079505 | RMSE: 0.281966 | MAE: 0.193616
  Val   - Loss: 0.071626 | MSE: 0.071626 | RMSE: 0.267631 | MAE: 0.171953
============================================================
No improvement for 13 epochs

============================================================
Epoch 62/150
Learning Rate: 1.00e-03
============================================================

============================================================
Epoch 62 Summary:
  Train - Loss: 0.085457 | MSE: 0.085457 | RMSE: 0.292330 | MAE: 0.200711
  Val   - Loss: 0.078281 | MSE: 0.078281 | RMSE: 0.279787 | MAE: 0.179184
============================================================
No improvement for 14 epochs

============================================================
Epoch 63/150
Learning Rate: 1.00e-03
============================================================

============================================================
Epoch 63 Summary:
  Train - Loss: 0.085526 | MSE: 0.085526 | RMSE: 0.292448 | MAE: 0.201009
  Val   - Loss: 0.073187 | MSE: 0.073187 | RMSE: 0.270531 | MAE: 0.174105
============================================================
No improvement for 15 epochs

Early stopping triggered after 15 epochs without improvement
Best validation loss: 0.071509

Final model saved: src/trained_weights/UMambaMag_v2_STEAD_20251109_231307/model_final.pt
Training history saved: src/trained_weights/UMambaMag_v2_STEAD_20251109_231307/training_history_20251109_231307.pt

============================================================
TRAINING COMPLETED
============================================================
Best validation loss: 0.071509
Best validation RMSE: 0.267411
Final train loss: 0.085526
Final val loss: 0.073187
Total Training Time: 14:08:26
============================================================
==================================================

