2025-11-13 00:24:17,307 | seisbench | WARNING | Setting remote root to: https://seisbench.gfz.de/mirror/
Please note that this can affect your download speed.
2025-11-13 00:24:27,805 | seisbench | WARNING | Output component order not specified, defaulting to 'ZNE'.
2025-11-13 00:24:33,940 | seisbench | WARNING | Skipping preload, as cache is disabled.
2025-11-13 00:24:39,249 | seisbench | WARNING | Skipping preload, as cache is disabled.
/home/quenton.yeo/code/.venv/lib/python3.11/site-packages/torch/optim/lr_scheduler.py:60: UserWarning: The verbose parameter is deprecated. Please use get_last_lr() to access the learning rate.
  warnings.warn(

==================================================
LOADING DATA
==================================================
STEAD dataset loaded: 1265657 samples

Training umamba_mag_v3 on STEAD for 150 epochs...
Model moved to cuda:2
Training UMamba V3 Magnitude Estimator model (dual-head architecture)

============================================================
TRAINING UMAMBA V3 (DUAL-HEAD ARCHITECTURE)
============================================================
Model: UMambaMag_v3_STEAD
Scalar weight: 0.7 (primary task)
Temporal weight: 0.25 (auxiliary task)
Learning rate: 0.001
Batch size: 32
Optimizer: AdamW
Weight decay: 1e-05
Gradient clip: 1.0
Warmup epochs: 5
Early stopping patience: 15
============================================================
Total parameters: 139,330
Trainable parameters: 139,330
Train samples: 1075808
Dev samples: 63283
============================================================


============================================================
Epoch 1/150
Learning Rate: 0.001000
============================================================

============================================================
Epoch 1/150 Summary
============================================================
Training   -> Loss: 0.288140 | Scalar: 0.289083 (RMSE: 0.5377) | Temporal: 0.343129 (RMSE: 0.5858)
Validation -> Loss: 0.212608 | Scalar: 0.205166 (RMSE: 0.4530) | Temporal: 0.275967 (RMSE: 0.5253)
============================================================
✓ New best model saved! Val Loss: 0.212608

============================================================
Epoch 2/150
Learning Rate: 0.000200
============================================================

============================================================
Epoch 2/150 Summary
============================================================
Training   -> Loss: 0.213508 | Scalar: 0.210376 (RMSE: 0.4587) | Temporal: 0.264980 (RMSE: 0.5148)
Validation -> Loss: 0.177651 | Scalar: 0.171383 (RMSE: 0.4140) | Temporal: 0.230730 (RMSE: 0.4803)
============================================================
✓ New best model saved! Val Loss: 0.177651

============================================================
Epoch 3/150
Learning Rate: 0.000400
============================================================

============================================================
Epoch 3/150 Summary
============================================================
Training   -> Loss: 0.188588 | Scalar: 0.185153 (RMSE: 0.4303) | Temporal: 0.235923 (RMSE: 0.4857)
Validation -> Loss: 0.162847 | Scalar: 0.152645 (RMSE: 0.3907) | Temporal: 0.223982 (RMSE: 0.4733)
============================================================
✓ New best model saved! Val Loss: 0.162847

============================================================
Epoch 4/150
Learning Rate: 0.000600
============================================================

============================================================
Epoch 4/150 Summary
============================================================
Training   -> Loss: 0.175987 | Scalar: 0.172382 (RMSE: 0.4152) | Temporal: 0.221279 (RMSE: 0.4704)
Validation -> Loss: 0.153191 | Scalar: 0.145507 (RMSE: 0.3815) | Temporal: 0.205342 (RMSE: 0.4531)
============================================================
✓ New best model saved! Val Loss: 0.153191

============================================================
Epoch 5/150
Learning Rate: 0.000800
============================================================

============================================================
Epoch 5/150 Summary
============================================================
Training   -> Loss: 0.168341 | Scalar: 0.165237 (RMSE: 0.4065) | Temporal: 0.210699 (RMSE: 0.4590)
Validation -> Loss: 0.153166 | Scalar: 0.147156 (RMSE: 0.3836) | Temporal: 0.200626 (RMSE: 0.4479)
============================================================
✓ New best model saved! Val Loss: 0.153166

============================================================
Epoch 6/150
Learning Rate: 0.001000
============================================================

============================================================
Epoch 6/150 Summary
============================================================
Training   -> Loss: 0.158179 | Scalar: 0.154992 (RMSE: 0.3937) | Temporal: 0.198738 (RMSE: 0.4458)
Validation -> Loss: 0.139534 | Scalar: 0.131084 (RMSE: 0.3621) | Temporal: 0.191099 (RMSE: 0.4371)
============================================================
✓ New best model saved! Val Loss: 0.139534

============================================================
Epoch 7/150
Learning Rate: 0.001000
============================================================

============================================================
Epoch 7/150 Summary
============================================================
Training   -> Loss: 0.151792 | Scalar: 0.148672 (RMSE: 0.3856) | Temporal: 0.190887 (RMSE: 0.4369)
Validation -> Loss: 0.134945 | Scalar: 0.127656 (RMSE: 0.3573) | Temporal: 0.182343 (RMSE: 0.4270)
============================================================
✓ New best model saved! Val Loss: 0.134945

============================================================
Epoch 8/150
Learning Rate: 0.001000
============================================================

============================================================
Epoch 8/150 Summary
============================================================
Training   -> Loss: 0.146782 | Scalar: 0.143622 (RMSE: 0.3790) | Temporal: 0.184984 (RMSE: 0.4301)
Validation -> Loss: 0.129062 | Scalar: 0.121496 (RMSE: 0.3486) | Temporal: 0.176058 (RMSE: 0.4196)
============================================================
✓ New best model saved! Val Loss: 0.129062

============================================================
Epoch 9/150
Learning Rate: 0.001000
============================================================

============================================================
Epoch 9/150 Summary
============================================================
Training   -> Loss: 0.143803 | Scalar: 0.140810 (RMSE: 0.3752) | Temporal: 0.180944 (RMSE: 0.4254)
Validation -> Loss: 0.124625 | Scalar: 0.115970 (RMSE: 0.3405) | Temporal: 0.173785 (RMSE: 0.4169)
============================================================
✓ New best model saved! Val Loss: 0.124625

============================================================
Epoch 10/150
Learning Rate: 0.001000
============================================================

============================================================
Epoch 10/150 Summary
============================================================
Training   -> Loss: 0.140919 | Scalar: 0.137836 (RMSE: 0.3713) | Temporal: 0.177735 (RMSE: 0.4216)
Validation -> Loss: 0.125996 | Scalar: 0.118717 (RMSE: 0.3446) | Temporal: 0.171575 (RMSE: 0.4142)
============================================================
No improvement for 1 epoch(s)

============================================================
Epoch 11/150
Learning Rate: 0.001000
============================================================

============================================================
Epoch 11/150 Summary
============================================================
Training   -> Loss: 0.138508 | Scalar: 0.135716 (RMSE: 0.3684) | Temporal: 0.174028 (RMSE: 0.4172)
Validation -> Loss: 0.127012 | Scalar: 0.120161 (RMSE: 0.3466) | Temporal: 0.171600 (RMSE: 0.4142)
============================================================
No improvement for 2 epoch(s)

============================================================
Epoch 12/150
Learning Rate: 0.001000
============================================================

============================================================
Epoch 12/150 Summary
============================================================
Training   -> Loss: 0.136606 | Scalar: 0.133735 (RMSE: 0.3657) | Temporal: 0.171965 (RMSE: 0.4147)
Validation -> Loss: 0.123024 | Scalar: 0.116093 (RMSE: 0.3407) | Temporal: 0.167037 (RMSE: 0.4087)
============================================================
✓ New best model saved! Val Loss: 0.123024

============================================================
Epoch 13/150
Learning Rate: 0.001000
============================================================

============================================================
Epoch 13/150 Summary
============================================================
Training   -> Loss: 0.135129 | Scalar: 0.132171 (RMSE: 0.3636) | Temporal: 0.170437 (RMSE: 0.4128)
Validation -> Loss: 0.122355 | Scalar: 0.115483 (RMSE: 0.3398) | Temporal: 0.166067 (RMSE: 0.4075)
============================================================
✓ New best model saved! Val Loss: 0.122355

============================================================
Epoch 14/150
Learning Rate: 0.001000
============================================================

============================================================
Epoch 14/150 Summary
============================================================
Training   -> Loss: 0.134141 | Scalar: 0.131503 (RMSE: 0.3626) | Temporal: 0.168356 (RMSE: 0.4103)
Validation -> Loss: 0.124809 | Scalar: 0.120781 (RMSE: 0.3475) | Temporal: 0.161052 (RMSE: 0.4013)
============================================================
No improvement for 1 epoch(s)

============================================================
Epoch 15/150
Learning Rate: 0.001000
============================================================

============================================================
Epoch 15/150 Summary
============================================================
Training   -> Loss: 0.132056 | Scalar: 0.129298 (RMSE: 0.3596) | Temporal: 0.166187 (RMSE: 0.4077)
Validation -> Loss: 0.118328 | Scalar: 0.111657 (RMSE: 0.3342) | Temporal: 0.160671 (RMSE: 0.4008)
============================================================
✓ New best model saved! Val Loss: 0.118328

============================================================
Epoch 16/150
Learning Rate: 0.001000
============================================================

============================================================
Epoch 16/150 Summary
============================================================
Training   -> Loss: 0.130878 | Scalar: 0.128089 (RMSE: 0.3579) | Temporal: 0.164861 (RMSE: 0.4060)
Validation -> Loss: 0.117846 | Scalar: 0.110579 (RMSE: 0.3325) | Temporal: 0.161762 (RMSE: 0.4022)
============================================================
✓ New best model saved! Val Loss: 0.117846

============================================================
Epoch 17/150
Learning Rate: 0.001000
============================================================

============================================================
Epoch 17/150 Summary
============================================================
Training   -> Loss: 0.130341 | Scalar: 0.127717 (RMSE: 0.3574) | Temporal: 0.163755 (RMSE: 0.4047)
Validation -> Loss: 0.117457 | Scalar: 0.111108 (RMSE: 0.3333) | Temporal: 0.158725 (RMSE: 0.3984)
============================================================
✓ New best model saved! Val Loss: 0.117457

============================================================
Epoch 18/150
Learning Rate: 0.001000
============================================================

============================================================
Epoch 18/150 Summary
============================================================
Training   -> Loss: 0.129389 | Scalar: 0.126814 (RMSE: 0.3561) | Temporal: 0.162476 (RMSE: 0.4031)
Validation -> Loss: 0.118911 | Scalar: 0.113777 (RMSE: 0.3373) | Temporal: 0.157071 (RMSE: 0.3963)
============================================================
No improvement for 1 epoch(s)

============================================================
Epoch 19/150
Learning Rate: 0.001000
============================================================

============================================================
Epoch 19/150 Summary
============================================================
Training   -> Loss: 0.128213 | Scalar: 0.125550 (RMSE: 0.3543) | Temporal: 0.161312 (RMSE: 0.4016)
Validation -> Loss: 0.114148 | Scalar: 0.107432 (RMSE: 0.3278) | Temporal: 0.155783 (RMSE: 0.3947)
============================================================
✓ New best model saved! Val Loss: 0.114148

============================================================
Epoch 20/150
Learning Rate: 0.001000
============================================================

============================================================
Epoch 20/150 Summary
============================================================
Training   -> Loss: 0.127336 | Scalar: 0.124721 (RMSE: 0.3532) | Temporal: 0.160126 (RMSE: 0.4002)
Validation -> Loss: 0.116399 | Scalar: 0.108929 (RMSE: 0.3300) | Temporal: 0.160595 (RMSE: 0.4007)
============================================================
No improvement for 1 epoch(s)

============================================================
Epoch 21/150
Learning Rate: 0.001000
============================================================

============================================================
Epoch 21/150 Summary
============================================================
Training   -> Loss: 0.126924 | Scalar: 0.124416 (RMSE: 0.3527) | Temporal: 0.159331 (RMSE: 0.3992)
Validation -> Loss: 0.115671 | Scalar: 0.109654 (RMSE: 0.3311) | Temporal: 0.155652 (RMSE: 0.3945)
============================================================
No improvement for 2 epoch(s)

============================================================
Epoch 22/150
Learning Rate: 0.001000
============================================================

============================================================
Epoch 22/150 Summary
============================================================
Training   -> Loss: 0.126644 | Scalar: 0.124275 (RMSE: 0.3525) | Temporal: 0.158605 (RMSE: 0.3983)
Validation -> Loss: 0.116465 | Scalar: 0.111251 (RMSE: 0.3335) | Temporal: 0.154358 (RMSE: 0.3929)
============================================================
No improvement for 3 epoch(s)

============================================================
Epoch 23/150
Learning Rate: 0.001000
============================================================

============================================================
Epoch 23/150 Summary
============================================================
Training   -> Loss: 0.125544 | Scalar: 0.123098 (RMSE: 0.3509) | Temporal: 0.157501 (RMSE: 0.3969)
Validation -> Loss: 0.114557 | Scalar: 0.109281 (RMSE: 0.3306) | Temporal: 0.152240 (RMSE: 0.3902)
============================================================
No improvement for 4 epoch(s)

============================================================
Epoch 24/150
Learning Rate: 0.001000
============================================================

============================================================
Epoch 24/150 Summary
============================================================
Training   -> Loss: 0.125445 | Scalar: 0.123154 (RMSE: 0.3509) | Temporal: 0.156946 (RMSE: 0.3962)
Validation -> Loss: 0.121633 | Scalar: 0.118929 (RMSE: 0.3449) | Temporal: 0.153532 (RMSE: 0.3918)
============================================================
No improvement for 5 epoch(s)

============================================================
Epoch 25/150
Learning Rate: 0.001000
============================================================

============================================================
Epoch 25/150 Summary
============================================================
Training   -> Loss: 0.124794 | Scalar: 0.122326 (RMSE: 0.3498) | Temporal: 0.156664 (RMSE: 0.3958)
Validation -> Loss: 0.111696 | Scalar: 0.105036 (RMSE: 0.3241) | Temporal: 0.152682 (RMSE: 0.3907)
============================================================
✓ New best model saved! Val Loss: 0.111696

============================================================
Epoch 26/150
Learning Rate: 0.001000
============================================================

============================================================
Epoch 26/150 Summary
============================================================
Training   -> Loss: 0.124392 | Scalar: 0.121923 (RMSE: 0.3492) | Temporal: 0.156182 (RMSE: 0.3952)
Validation -> Loss: 0.114371 | Scalar: 0.108375 (RMSE: 0.3292) | Temporal: 0.154034 (RMSE: 0.3925)
============================================================
No improvement for 1 epoch(s)

============================================================
Epoch 27/150
Learning Rate: 0.001000
============================================================

============================================================
Epoch 27/150 Summary
============================================================
Training   -> Loss: 0.123959 | Scalar: 0.121686 (RMSE: 0.3488) | Temporal: 0.155117 (RMSE: 0.3938)
Validation -> Loss: 0.112251 | Scalar: 0.105994 (RMSE: 0.3256) | Temporal: 0.152220 (RMSE: 0.3902)
============================================================
No improvement for 2 epoch(s)

============================================================
Epoch 28/150
Learning Rate: 0.001000
============================================================

============================================================
Epoch 28/150 Summary
============================================================
Training   -> Loss: 0.123639 | Scalar: 0.121447 (RMSE: 0.3485) | Temporal: 0.154504 (RMSE: 0.3931)
Validation -> Loss: 0.111734 | Scalar: 0.105389 (RMSE: 0.3246) | Temporal: 0.151847 (RMSE: 0.3897)
============================================================
No improvement for 3 epoch(s)

============================================================
Epoch 29/150
Learning Rate: 0.001000
============================================================

============================================================
Epoch 29/150 Summary
============================================================
Training   -> Loss: 0.123006 | Scalar: 0.120622 (RMSE: 0.3473) | Temporal: 0.154280 (RMSE: 0.3928)
Validation -> Loss: 0.111361 | Scalar: 0.105007 (RMSE: 0.3240) | Temporal: 0.151425 (RMSE: 0.3891)
============================================================
✓ New best model saved! Val Loss: 0.111361

============================================================
Epoch 30/150
Learning Rate: 0.001000
============================================================

============================================================
Epoch 30/150 Summary
============================================================
Training   -> Loss: 0.122437 | Scalar: 0.120177 (RMSE: 0.3467) | Temporal: 0.153251 (RMSE: 0.3915)
Validation -> Loss: 0.117036 | Scalar: 0.113846 (RMSE: 0.3374) | Temporal: 0.149374 (RMSE: 0.3865)
============================================================
No improvement for 1 epoch(s)

============================================================
Epoch 31/150
Learning Rate: 0.001000
============================================================

============================================================
Epoch 31/150 Summary
============================================================
Training   -> Loss: 0.122209 | Scalar: 0.120090 (RMSE: 0.3465) | Temporal: 0.152583 (RMSE: 0.3906)
Validation -> Loss: 0.111462 | Scalar: 0.105050 (RMSE: 0.3241) | Temporal: 0.151705 (RMSE: 0.3895)
============================================================
No improvement for 2 epoch(s)

============================================================
Epoch 32/150
Learning Rate: 0.001000
============================================================

============================================================
Epoch 32/150 Summary
============================================================
Training   -> Loss: 0.122219 | Scalar: 0.120117 (RMSE: 0.3466) | Temporal: 0.152547 (RMSE: 0.3906)
Validation -> Loss: 0.112035 | Scalar: 0.106873 (RMSE: 0.3269) | Temporal: 0.148895 (RMSE: 0.3859)
============================================================
No improvement for 3 epoch(s)

============================================================
Epoch 33/150
Learning Rate: 0.001000
============================================================

============================================================
Epoch 33/150 Summary
============================================================
Training   -> Loss: 0.121840 | Scalar: 0.119807 (RMSE: 0.3461) | Temporal: 0.151903 (RMSE: 0.3897)
Validation -> Loss: 0.109768 | Scalar: 0.103696 (RMSE: 0.3220) | Temporal: 0.148723 (RMSE: 0.3856)
============================================================
✓ New best model saved! Val Loss: 0.109768

============================================================
Epoch 34/150
Learning Rate: 0.001000
============================================================

============================================================
Epoch 34/150 Summary
============================================================
Training   -> Loss: 0.121415 | Scalar: 0.119364 (RMSE: 0.3455) | Temporal: 0.151441 (RMSE: 0.3892)
Validation -> Loss: 0.108677 | Scalar: 0.102123 (RMSE: 0.3196) | Temporal: 0.148763 (RMSE: 0.3857)
============================================================
✓ New best model saved! Val Loss: 0.108677

============================================================
Epoch 35/150
Learning Rate: 0.001000
============================================================

============================================================
Epoch 35/150 Summary
============================================================
Training   -> Loss: 0.120852 | Scalar: 0.118749 (RMSE: 0.3446) | Temporal: 0.150910 (RMSE: 0.3885)
Validation -> Loss: 0.112812 | Scalar: 0.105569 (RMSE: 0.3249) | Temporal: 0.155656 (RMSE: 0.3945)
============================================================
No improvement for 1 epoch(s)

============================================================
Epoch 36/150
Learning Rate: 0.001000
============================================================

============================================================
Epoch 36/150 Summary
============================================================
Training   -> Loss: 0.120479 | Scalar: 0.118262 (RMSE: 0.3439) | Temporal: 0.150782 (RMSE: 0.3883)
Validation -> Loss: 0.109234 | Scalar: 0.103800 (RMSE: 0.3222) | Temporal: 0.146298 (RMSE: 0.3825)
============================================================
No improvement for 2 epoch(s)

============================================================
Epoch 37/150
Learning Rate: 0.001000
============================================================

============================================================
Epoch 37/150 Summary
============================================================
Training   -> Loss: 0.120624 | Scalar: 0.118651 (RMSE: 0.3445) | Temporal: 0.150274 (RMSE: 0.3877)
Validation -> Loss: 0.109075 | Scalar: 0.103362 (RMSE: 0.3215) | Temporal: 0.146888 (RMSE: 0.3833)
============================================================
No improvement for 3 epoch(s)

============================================================
Epoch 38/150
Learning Rate: 0.001000
============================================================

============================================================
Epoch 38/150 Summary
============================================================
Training   -> Loss: 0.120408 | Scalar: 0.118559 (RMSE: 0.3443) | Temporal: 0.149669 (RMSE: 0.3869)
Validation -> Loss: 0.103542 | Scalar: 0.095987 (RMSE: 0.3098) | Temporal: 0.145405 (RMSE: 0.3813)
============================================================
✓ New best model saved! Val Loss: 0.103542

============================================================
Epoch 39/150
Learning Rate: 0.001000
============================================================

============================================================
Epoch 39/150 Summary
============================================================
Training   -> Loss: 0.119925 | Scalar: 0.118020 (RMSE: 0.3435) | Temporal: 0.149244 (RMSE: 0.3863)
Validation -> Loss: 0.113819 | Scalar: 0.108209 (RMSE: 0.3290) | Temporal: 0.152291 (RMSE: 0.3902)
============================================================
No improvement for 1 epoch(s)

============================================================
Epoch 40/150
Learning Rate: 0.001000
============================================================

============================================================
Epoch 40/150 Summary
============================================================
Training   -> Loss: 0.119661 | Scalar: 0.117510 (RMSE: 0.3428) | Temporal: 0.149616 (RMSE: 0.3868)
Validation -> Loss: 0.112074 | Scalar: 0.106716 (RMSE: 0.3267) | Temporal: 0.149493 (RMSE: 0.3866)
============================================================
No improvement for 2 epoch(s)

============================================================
Epoch 41/150
Learning Rate: 0.001000
============================================================

============================================================
Epoch 41/150 Summary
============================================================
Training   -> Loss: 0.119125 | Scalar: 0.117084 (RMSE: 0.3422) | Temporal: 0.148664 (RMSE: 0.3856)
Validation -> Loss: 0.109968 | Scalar: 0.104083 (RMSE: 0.3226) | Temporal: 0.148438 (RMSE: 0.3853)
============================================================
No improvement for 3 epoch(s)

============================================================
Epoch 42/150
Learning Rate: 0.001000
============================================================

============================================================
Epoch 42/150 Summary
============================================================
Training   -> Loss: 0.119257 | Scalar: 0.117488 (RMSE: 0.3428) | Temporal: 0.148061 (RMSE: 0.3848)
Validation -> Loss: 0.105896 | Scalar: 0.099264 (RMSE: 0.3151) | Temporal: 0.145643 (RMSE: 0.3816)
============================================================
No improvement for 4 epoch(s)

============================================================
Epoch 43/150
Learning Rate: 0.001000
============================================================

============================================================
Epoch 43/150 Summary
============================================================
Training   -> Loss: 0.119043 | Scalar: 0.117272 (RMSE: 0.3425) | Temporal: 0.147808 (RMSE: 0.3845)
Validation -> Loss: 0.105301 | Scalar: 0.099397 (RMSE: 0.3153) | Temporal: 0.142892 (RMSE: 0.3780)
============================================================
No improvement for 5 epoch(s)

============================================================
Epoch 44/150
Learning Rate: 0.001000
============================================================

============================================================
Epoch 44/150 Summary
============================================================
Training   -> Loss: 0.119245 | Scalar: 0.117482 (RMSE: 0.3428) | Temporal: 0.148031 (RMSE: 0.3847)
Validation -> Loss: 0.105880 | Scalar: 0.099212 (RMSE: 0.3150) | Temporal: 0.145723 (RMSE: 0.3817)
============================================================
No improvement for 6 epoch(s)

============================================================
Epoch 45/150
Learning Rate: 0.000500
============================================================

============================================================
Epoch 45/150 Summary
============================================================
Training   -> Loss: 0.109765 | Scalar: 0.106971 (RMSE: 0.3271) | Temporal: 0.139541 (RMSE: 0.3736)
Validation -> Loss: 0.098986 | Scalar: 0.092620 (RMSE: 0.3043) | Temporal: 0.136606 (RMSE: 0.3696)
============================================================
✓ New best model saved! Val Loss: 0.098986

============================================================
Epoch 46/150
Learning Rate: 0.000500
============================================================

============================================================
Epoch 46/150 Summary
============================================================
Training   -> Loss: 0.109017 | Scalar: 0.106138 (RMSE: 0.3258) | Temporal: 0.138881 (RMSE: 0.3727)
Validation -> Loss: 0.098804 | Scalar: 0.092371 (RMSE: 0.3039) | Temporal: 0.136578 (RMSE: 0.3696)
============================================================
✓ New best model saved! Val Loss: 0.098804

============================================================
Epoch 47/150
Learning Rate: 0.000500
============================================================

============================================================
Epoch 47/150 Summary
============================================================
Training   -> Loss: 0.108754 | Scalar: 0.105931 (RMSE: 0.3255) | Temporal: 0.138409 (RMSE: 0.3720)
Validation -> Loss: 0.098334 | Scalar: 0.091709 (RMSE: 0.3028) | Temporal: 0.136551 (RMSE: 0.3695)
============================================================
✓ New best model saved! Val Loss: 0.098334

============================================================
Epoch 48/150
Learning Rate: 0.000500
============================================================

============================================================
Epoch 48/150 Summary
============================================================
Training   -> Loss: 0.108442 | Scalar: 0.105461 (RMSE: 0.3247) | Temporal: 0.138478 (RMSE: 0.3721)
Validation -> Loss: 0.099397 | Scalar: 0.094245 (RMSE: 0.3070) | Temporal: 0.133704 (RMSE: 0.3657)
============================================================
No improvement for 1 epoch(s)

============================================================
Epoch 49/150
Learning Rate: 0.000500
============================================================

============================================================
Epoch 49/150 Summary
============================================================
Training   -> Loss: 0.107838 | Scalar: 0.104831 (RMSE: 0.3238) | Temporal: 0.137822 (RMSE: 0.3712)
Validation -> Loss: 0.098587 | Scalar: 0.092397 (RMSE: 0.3040) | Temporal: 0.135636 (RMSE: 0.3683)
============================================================
No improvement for 2 epoch(s)

============================================================
Epoch 50/150
Learning Rate: 0.000500
============================================================

============================================================
Epoch 50/150 Summary
============================================================
Training   -> Loss: 0.107424 | Scalar: 0.104344 (RMSE: 0.3230) | Temporal: 0.137533 (RMSE: 0.3709)
Validation -> Loss: 0.098931 | Scalar: 0.092540 (RMSE: 0.3042) | Temporal: 0.136610 (RMSE: 0.3696)
============================================================
No improvement for 3 epoch(s)

============================================================
Epoch 51/150
Learning Rate: 0.000500
============================================================

============================================================
Epoch 51/150 Summary
============================================================
Training   -> Loss: 0.107489 | Scalar: 0.104453 (RMSE: 0.3232) | Temporal: 0.137486 (RMSE: 0.3708)
Validation -> Loss: 0.097667 | Scalar: 0.090989 (RMSE: 0.3016) | Temporal: 0.135901 (RMSE: 0.3686)
============================================================
✓ New best model saved! Val Loss: 0.097667

============================================================
Epoch 52/150
Learning Rate: 0.000500
============================================================

============================================================
Epoch 52/150 Summary
============================================================
Training   -> Loss: 0.107457 | Scalar: 0.104481 (RMSE: 0.3232) | Temporal: 0.137281 (RMSE: 0.3705)
Validation -> Loss: 0.095307 | Scalar: 0.087984 (RMSE: 0.2966) | Temporal: 0.134873 (RMSE: 0.3672)
============================================================
✓ New best model saved! Val Loss: 0.095307

============================================================
Epoch 53/150
Learning Rate: 0.000500
============================================================

============================================================
Epoch 53/150 Summary
============================================================
Training   -> Loss: 0.107411 | Scalar: 0.104401 (RMSE: 0.3231) | Temporal: 0.137319 (RMSE: 0.3706)
Validation -> Loss: 0.098701 | Scalar: 0.093061 (RMSE: 0.3051) | Temporal: 0.134232 (RMSE: 0.3664)
============================================================
No improvement for 1 epoch(s)

============================================================
Epoch 54/150
Learning Rate: 0.000500
============================================================

============================================================
Epoch 54/150 Summary
============================================================
Training   -> Loss: 0.107161 | Scalar: 0.104167 (RMSE: 0.3227) | Temporal: 0.136976 (RMSE: 0.3701)
Validation -> Loss: 0.096156 | Scalar: 0.089186 (RMSE: 0.2986) | Temporal: 0.134904 (RMSE: 0.3673)
============================================================
No improvement for 2 epoch(s)

============================================================
Epoch 55/150
Learning Rate: 0.000500
============================================================

============================================================
Epoch 55/150 Summary
============================================================
Training   -> Loss: 0.107222 | Scalar: 0.104263 (RMSE: 0.3229) | Temporal: 0.136952 (RMSE: 0.3701)
Validation -> Loss: 0.095835 | Scalar: 0.089048 (RMSE: 0.2984) | Temporal: 0.134006 (RMSE: 0.3661)
============================================================
No improvement for 3 epoch(s)

============================================================
Epoch 56/150
Learning Rate: 0.000500
============================================================

============================================================
Epoch 56/150 Summary
============================================================
Training   -> Loss: 0.106667 | Scalar: 0.103719 (RMSE: 0.3221) | Temporal: 0.136257 (RMSE: 0.3691)
Validation -> Loss: 0.097815 | Scalar: 0.090557 (RMSE: 0.3009) | Temporal: 0.137703 (RMSE: 0.3711)
============================================================
No improvement for 4 epoch(s)

============================================================
Epoch 57/150
Learning Rate: 0.000500
============================================================

============================================================
Epoch 57/150 Summary
============================================================
Training   -> Loss: 0.106564 | Scalar: 0.103459 (RMSE: 0.3217) | Temporal: 0.136568 (RMSE: 0.3696)
Validation -> Loss: 0.096788 | Scalar: 0.089924 (RMSE: 0.2999) | Temporal: 0.135364 (RMSE: 0.3679)
============================================================
No improvement for 5 epoch(s)

============================================================
Epoch 58/150
Learning Rate: 0.000500
============================================================

============================================================
Epoch 58/150 Summary
============================================================
Training   -> Loss: 0.106399 | Scalar: 0.103324 (RMSE: 0.3214) | Temporal: 0.136286 (RMSE: 0.3692)
Validation -> Loss: 0.096999 | Scalar: 0.090975 (RMSE: 0.3016) | Temporal: 0.133268 (RMSE: 0.3651)
============================================================
No improvement for 6 epoch(s)

============================================================
Epoch 59/150
Learning Rate: 0.000250
============================================================

============================================================
Epoch 59/150 Summary
============================================================
Training   -> Loss: 0.101969 | Scalar: 0.098459 (RMSE: 0.3138) | Temporal: 0.132189 (RMSE: 0.3636)
Validation -> Loss: 0.093891 | Scalar: 0.088116 (RMSE: 0.2968) | Temporal: 0.128840 (RMSE: 0.3589)
============================================================
✓ New best model saved! Val Loss: 0.093891

============================================================
Epoch 60/150
Learning Rate: 0.000250
============================================================

============================================================
Epoch 60/150 Summary
============================================================
Training   -> Loss: 0.101348 | Scalar: 0.097764 (RMSE: 0.3127) | Temporal: 0.131653 (RMSE: 0.3628)
Validation -> Loss: 0.091573 | Scalar: 0.084609 (RMSE: 0.2909) | Temporal: 0.129389 (RMSE: 0.3597)
============================================================
✓ New best model saved! Val Loss: 0.091573

============================================================
Epoch 61/150
Learning Rate: 0.000250
============================================================

============================================================
Epoch 61/150 Summary
============================================================
Training   -> Loss: 0.101715 | Scalar: 0.098169 (RMSE: 0.3133) | Temporal: 0.131988 (RMSE: 0.3633)
Validation -> Loss: 0.089845 | Scalar: 0.082592 (RMSE: 0.2874) | Temporal: 0.128124 (RMSE: 0.3579)
============================================================
✓ New best model saved! Val Loss: 0.089845

============================================================
Epoch 62/150
Learning Rate: 0.000250
============================================================

============================================================
Epoch 62/150 Summary
============================================================
Training   -> Loss: 0.101083 | Scalar: 0.097442 (RMSE: 0.3122) | Temporal: 0.131497 (RMSE: 0.3626)
Validation -> Loss: 0.092949 | Scalar: 0.086627 (RMSE: 0.2943) | Temporal: 0.129242 (RMSE: 0.3595)
============================================================
No improvement for 1 epoch(s)

============================================================
Epoch 63/150
Learning Rate: 0.000250
============================================================

============================================================
Epoch 63/150 Summary
============================================================
Training   -> Loss: 0.101471 | Scalar: 0.097855 (RMSE: 0.3128) | Temporal: 0.131890 (RMSE: 0.3632)
Validation -> Loss: 0.091742 | Scalar: 0.085786 (RMSE: 0.2929) | Temporal: 0.126768 (RMSE: 0.3560)
============================================================
No improvement for 2 epoch(s)

============================================================
Epoch 64/150
Learning Rate: 0.000250
============================================================

============================================================
Epoch 64/150 Summary
============================================================
Training   -> Loss: 0.101252 | Scalar: 0.097826 (RMSE: 0.3128) | Temporal: 0.131096 (RMSE: 0.3621)
Validation -> Loss: 0.092389 | Scalar: 0.085776 (RMSE: 0.2929) | Temporal: 0.129382 (RMSE: 0.3597)
============================================================
No improvement for 3 epoch(s)

============================================================
Epoch 65/150
Learning Rate: 0.000250
============================================================

============================================================
Epoch 65/150 Summary
============================================================
Training   -> Loss: 0.101181 | Scalar: 0.097699 (RMSE: 0.3126) | Temporal: 0.131167 (RMSE: 0.3622)
Validation -> Loss: 0.090391 | Scalar: 0.083157 (RMSE: 0.2884) | Temporal: 0.128724 (RMSE: 0.3588)
============================================================
No improvement for 4 epoch(s)

============================================================
Epoch 66/150
Learning Rate: 0.000250
============================================================

============================================================
Epoch 66/150 Summary
============================================================
Training   -> Loss: 0.100609 | Scalar: 0.097002 (RMSE: 0.3115) | Temporal: 0.130833 (RMSE: 0.3617)
Validation -> Loss: 0.089599 | Scalar: 0.082365 (RMSE: 0.2870) | Temporal: 0.127772 (RMSE: 0.3575)
============================================================
✓ New best model saved! Val Loss: 0.089599

============================================================
Epoch 67/150
Learning Rate: 0.000250
============================================================

============================================================
Epoch 67/150 Summary
============================================================
Training   -> Loss: 0.100409 | Scalar: 0.096554 (RMSE: 0.3107) | Temporal: 0.131284 (RMSE: 0.3623)
Validation -> Loss: 0.092404 | Scalar: 0.085841 (RMSE: 0.2930) | Temporal: 0.129260 (RMSE: 0.3595)
============================================================
No improvement for 1 epoch(s)

============================================================
Epoch 68/150
Learning Rate: 0.000250
============================================================

============================================================
Epoch 68/150 Summary
============================================================
Training   -> Loss: 0.100232 | Scalar: 0.096561 (RMSE: 0.3107) | Temporal: 0.130557 (RMSE: 0.3613)
Validation -> Loss: 0.090696 | Scalar: 0.083671 (RMSE: 0.2893) | Temporal: 0.128505 (RMSE: 0.3585)
============================================================
No improvement for 2 epoch(s)

============================================================
Epoch 69/150
Learning Rate: 0.000250
============================================================

============================================================
Epoch 69/150 Summary
============================================================
Training   -> Loss: 0.100260 | Scalar: 0.096555 (RMSE: 0.3107) | Temporal: 0.130685 (RMSE: 0.3615)
Validation -> Loss: 0.091637 | Scalar: 0.084507 (RMSE: 0.2907) | Temporal: 0.129925 (RMSE: 0.3605)
============================================================
No improvement for 3 epoch(s)

============================================================
Epoch 70/150
Learning Rate: 0.000250
============================================================

============================================================
Epoch 70/150 Summary
============================================================
Training   -> Loss: 0.100275 | Scalar: 0.096591 (RMSE: 0.3108) | Temporal: 0.130643 (RMSE: 0.3614)
Validation -> Loss: 0.091167 | Scalar: 0.084630 (RMSE: 0.2909) | Temporal: 0.127705 (RMSE: 0.3574)
============================================================
No improvement for 4 epoch(s)

============================================================
Epoch 71/150
Learning Rate: 0.000250
============================================================

============================================================
Epoch 71/150 Summary
============================================================
Training   -> Loss: 0.100407 | Scalar: 0.096894 (RMSE: 0.3113) | Temporal: 0.130325 (RMSE: 0.3610)
Validation -> Loss: 0.091652 | Scalar: 0.085272 (RMSE: 0.2920) | Temporal: 0.127848 (RMSE: 0.3576)
============================================================
No improvement for 5 epoch(s)

============================================================
Epoch 72/150
Learning Rate: 0.000250
============================================================

============================================================
Epoch 72/150 Summary
============================================================
Training   -> Loss: 0.100098 | Scalar: 0.096467 (RMSE: 0.3106) | Temporal: 0.130282 (RMSE: 0.3609)
Validation -> Loss: 0.092534 | Scalar: 0.086000 (RMSE: 0.2933) | Temporal: 0.129338 (RMSE: 0.3596)
============================================================
No improvement for 6 epoch(s)

============================================================
Epoch 73/150
Learning Rate: 0.000125
============================================================

============================================================
Epoch 73/150 Summary
============================================================
Training   -> Loss: 0.097622 | Scalar: 0.093673 (RMSE: 0.3061) | Temporal: 0.128203 (RMSE: 0.3581)
Validation -> Loss: 0.088560 | Scalar: 0.081693 (RMSE: 0.2858) | Temporal: 0.125497 (RMSE: 0.3543)
============================================================
✓ New best model saved! Val Loss: 0.088560

============================================================
Epoch 74/150
Learning Rate: 0.000125
============================================================

============================================================
Epoch 74/150 Summary
============================================================
Training   -> Loss: 0.097440 | Scalar: 0.093368 (RMSE: 0.3056) | Temporal: 0.128330 (RMSE: 0.3582)
Validation -> Loss: 0.089862 | Scalar: 0.083197 (RMSE: 0.2884) | Temporal: 0.126497 (RMSE: 0.3557)
============================================================
No improvement for 1 epoch(s)

============================================================
Epoch 75/150
Learning Rate: 0.000125
============================================================

============================================================
Epoch 75/150 Summary
============================================================
Training   -> Loss: 0.097561 | Scalar: 0.093642 (RMSE: 0.3060) | Temporal: 0.128045 (RMSE: 0.3578)
Validation -> Loss: 0.088700 | Scalar: 0.081336 (RMSE: 0.2852) | Temporal: 0.127060 (RMSE: 0.3565)
============================================================
No improvement for 2 epoch(s)

============================================================
Epoch 76/150
Learning Rate: 0.000125
============================================================

============================================================
Epoch 76/150 Summary
============================================================
Training   -> Loss: 0.097194 | Scalar: 0.093186 (RMSE: 0.3053) | Temporal: 0.127856 (RMSE: 0.3576)
Validation -> Loss: 0.091157 | Scalar: 0.084996 (RMSE: 0.2915) | Temporal: 0.126637 (RMSE: 0.3559)
============================================================
No improvement for 3 epoch(s)

============================================================
Epoch 77/150
Learning Rate: 0.000125
============================================================

============================================================
Epoch 77/150 Summary
============================================================
Training   -> Loss: 0.097207 | Scalar: 0.093155 (RMSE: 0.3052) | Temporal: 0.127995 (RMSE: 0.3578)
Validation -> Loss: 0.089308 | Scalar: 0.082410 (RMSE: 0.2871) | Temporal: 0.126487 (RMSE: 0.3556)
============================================================
No improvement for 4 epoch(s)

============================================================
Epoch 78/150
Learning Rate: 0.000125
============================================================

============================================================
Epoch 78/150 Summary
============================================================
Training   -> Loss: 0.097984 | Scalar: 0.094163 (RMSE: 0.3069) | Temporal: 0.128280 (RMSE: 0.3582)
Validation -> Loss: 0.090950 | Scalar: 0.084357 (RMSE: 0.2904) | Temporal: 0.127600 (RMSE: 0.3572)
============================================================
No improvement for 5 epoch(s)

============================================================
Epoch 79/150
Learning Rate: 0.000125
============================================================

============================================================
Epoch 79/150 Summary
============================================================
Training   -> Loss: 0.097331 | Scalar: 0.093347 (RMSE: 0.3055) | Temporal: 0.127954 (RMSE: 0.3577)
Validation -> Loss: 0.088998 | Scalar: 0.082675 (RMSE: 0.2875) | Temporal: 0.124502 (RMSE: 0.3528)
============================================================
No improvement for 6 epoch(s)

============================================================
Epoch 80/150
Learning Rate: 0.000063
============================================================

============================================================
Epoch 80/150 Summary
============================================================
Training   -> Loss: 0.096267 | Scalar: 0.092213 (RMSE: 0.3037) | Temporal: 0.126872 (RMSE: 0.3562)
Validation -> Loss: 0.087852 | Scalar: 0.081151 (RMSE: 0.2849) | Temporal: 0.124186 (RMSE: 0.3524)
============================================================
✓ New best model saved! Val Loss: 0.087852

============================================================
Epoch 81/150
Learning Rate: 0.000063
============================================================

============================================================
Epoch 81/150 Summary
============================================================
Training   -> Loss: 0.096044 | Scalar: 0.091945 (RMSE: 0.3032) | Temporal: 0.126731 (RMSE: 0.3560)
Validation -> Loss: 0.089547 | Scalar: 0.083086 (RMSE: 0.2882) | Temporal: 0.125549 (RMSE: 0.3543)
============================================================
No improvement for 1 epoch(s)

============================================================
Epoch 82/150
Learning Rate: 0.000063
============================================================

============================================================
Epoch 82/150 Summary
============================================================
Training   -> Loss: 0.095883 | Scalar: 0.091728 (RMSE: 0.3029) | Temporal: 0.126693 (RMSE: 0.3559)
Validation -> Loss: 0.087599 | Scalar: 0.080873 (RMSE: 0.2844) | Temporal: 0.123951 (RMSE: 0.3521)
============================================================
✓ New best model saved! Val Loss: 0.087599

============================================================
Epoch 83/150
Learning Rate: 0.000063
============================================================

============================================================
Epoch 83/150 Summary
============================================================
Training   -> Loss: 0.095798 | Scalar: 0.091750 (RMSE: 0.3029) | Temporal: 0.126292 (RMSE: 0.3554)
Validation -> Loss: 0.088775 | Scalar: 0.081810 (RMSE: 0.2860) | Temporal: 0.126032 (RMSE: 0.3550)
============================================================
No improvement for 1 epoch(s)

============================================================
Epoch 84/150
Learning Rate: 0.000063
============================================================

============================================================
Epoch 84/150 Summary
============================================================
Training   -> Loss: 0.095805 | Scalar: 0.091655 (RMSE: 0.3027) | Temporal: 0.126587 (RMSE: 0.3558)
Validation -> Loss: 0.087490 | Scalar: 0.080241 (RMSE: 0.2833) | Temporal: 0.125285 (RMSE: 0.3540)
============================================================
✓ New best model saved! Val Loss: 0.087490

============================================================
Epoch 85/150
Learning Rate: 0.000063
============================================================

============================================================
Epoch 85/150 Summary
============================================================
Training   -> Loss: 0.096008 | Scalar: 0.091843 (RMSE: 0.3031) | Temporal: 0.126871 (RMSE: 0.3562)
Validation -> Loss: 0.087337 | Scalar: 0.079905 (RMSE: 0.2827) | Temporal: 0.125615 (RMSE: 0.3544)
============================================================
✓ New best model saved! Val Loss: 0.087337

============================================================
Epoch 86/150
Learning Rate: 0.000063
============================================================

============================================================
Epoch 86/150 Summary
============================================================
Training   -> Loss: 0.095574 | Scalar: 0.091501 (RMSE: 0.3025) | Temporal: 0.126091 (RMSE: 0.3551)
Validation -> Loss: 0.087844 | Scalar: 0.080874 (RMSE: 0.2844) | Temporal: 0.124929 (RMSE: 0.3535)
============================================================
No improvement for 1 epoch(s)

============================================================
Epoch 87/150
Learning Rate: 0.000063
============================================================

============================================================
Epoch 87/150 Summary
============================================================
Training   -> Loss: 0.095767 | Scalar: 0.091652 (RMSE: 0.3027) | Temporal: 0.126440 (RMSE: 0.3556)
Validation -> Loss: 0.086916 | Scalar: 0.079759 (RMSE: 0.2824) | Temporal: 0.124337 (RMSE: 0.3526)
============================================================
✓ New best model saved! Val Loss: 0.086916

============================================================
Epoch 88/150
Learning Rate: 0.000063
============================================================

============================================================
Epoch 88/150 Summary
============================================================
Training   -> Loss: 0.095483 | Scalar: 0.091394 (RMSE: 0.3023) | Temporal: 0.126029 (RMSE: 0.3550)
Validation -> Loss: 0.088100 | Scalar: 0.081431 (RMSE: 0.2854) | Temporal: 0.124396 (RMSE: 0.3527)
============================================================
No improvement for 1 epoch(s)

============================================================
Epoch 89/150
Learning Rate: 0.000063
============================================================

============================================================
Epoch 89/150 Summary
============================================================
Training   -> Loss: 0.095910 | Scalar: 0.091744 (RMSE: 0.3029) | Temporal: 0.126757 (RMSE: 0.3560)
Validation -> Loss: 0.087479 | Scalar: 0.080918 (RMSE: 0.2845) | Temporal: 0.123345 (RMSE: 0.3512)
============================================================
No improvement for 2 epoch(s)

============================================================
Epoch 90/150
Learning Rate: 0.000063
============================================================

============================================================
Epoch 90/150 Summary
============================================================
Training   -> Loss: 0.095699 | Scalar: 0.091525 (RMSE: 0.3025) | Temporal: 0.126524 (RMSE: 0.3557)
Validation -> Loss: 0.087423 | Scalar: 0.080577 (RMSE: 0.2839) | Temporal: 0.124077 (RMSE: 0.3522)
============================================================
No improvement for 3 epoch(s)

============================================================
Epoch 91/150
Learning Rate: 0.000063
============================================================

============================================================
Epoch 91/150 Summary
============================================================
Training   -> Loss: 0.095477 | Scalar: 0.091264 (RMSE: 0.3021) | Temporal: 0.126369 (RMSE: 0.3555)
Validation -> Loss: 0.087374 | Scalar: 0.080276 (RMSE: 0.2833) | Temporal: 0.124722 (RMSE: 0.3532)
============================================================
No improvement for 4 epoch(s)

============================================================
Epoch 92/150
Learning Rate: 0.000063
============================================================

============================================================
Epoch 92/150 Summary
============================================================
Training   -> Loss: 0.095567 | Scalar: 0.091457 (RMSE: 0.3024) | Temporal: 0.126188 (RMSE: 0.3552)
Validation -> Loss: 0.087825 | Scalar: 0.081220 (RMSE: 0.2850) | Temporal: 0.123884 (RMSE: 0.3520)
============================================================
No improvement for 5 epoch(s)

============================================================
Epoch 93/150
Learning Rate: 0.000063
============================================================

============================================================
Epoch 93/150 Summary
============================================================
Training   -> Loss: 0.095122 | Scalar: 0.090912 (RMSE: 0.3015) | Temporal: 0.125934 (RMSE: 0.3549)
Validation -> Loss: 0.086397 | Scalar: 0.079342 (RMSE: 0.2817) | Temporal: 0.123431 (RMSE: 0.3513)
============================================================
✓ New best model saved! Val Loss: 0.086397

============================================================
Epoch 94/150
Learning Rate: 0.000063
============================================================

============================================================
Epoch 94/150 Summary
============================================================
Training   -> Loss: 0.095413 | Scalar: 0.091185 (RMSE: 0.3020) | Temporal: 0.126335 (RMSE: 0.3554)
Validation -> Loss: 0.087352 | Scalar: 0.080637 (RMSE: 0.2840) | Temporal: 0.123626 (RMSE: 0.3516)
============================================================
No improvement for 1 epoch(s)

============================================================
Epoch 95/150
Learning Rate: 0.000063
============================================================

============================================================
Epoch 95/150 Summary
============================================================
Training   -> Loss: 0.095346 | Scalar: 0.091145 (RMSE: 0.3019) | Temporal: 0.126178 (RMSE: 0.3552)
Validation -> Loss: 0.089270 | Scalar: 0.083009 (RMSE: 0.2881) | Temporal: 0.124657 (RMSE: 0.3531)
============================================================
No improvement for 2 epoch(s)

============================================================
Epoch 96/150
Learning Rate: 0.000063
============================================================

============================================================
Epoch 96/150 Summary
============================================================
Training   -> Loss: 0.095261 | Scalar: 0.091058 (RMSE: 0.3018) | Temporal: 0.126079 (RMSE: 0.3551)
Validation -> Loss: 0.086766 | Scalar: 0.079356 (RMSE: 0.2817) | Temporal: 0.124865 (RMSE: 0.3534)
============================================================
No improvement for 3 epoch(s)

============================================================
Epoch 97/150
Learning Rate: 0.000063
============================================================

============================================================
Epoch 97/150 Summary
============================================================
Training   -> Loss: 0.095253 | Scalar: 0.090994 (RMSE: 0.3017) | Temporal: 0.126227 (RMSE: 0.3553)
Validation -> Loss: 0.086221 | Scalar: 0.078846 (RMSE: 0.2808) | Temporal: 0.124117 (RMSE: 0.3523)
============================================================
✓ New best model saved! Val Loss: 0.086221

============================================================
Epoch 98/150
Learning Rate: 0.000063
============================================================

============================================================
Epoch 98/150 Summary
============================================================
Training   -> Loss: 0.095185 | Scalar: 0.090986 (RMSE: 0.3016) | Temporal: 0.125981 (RMSE: 0.3549)
Validation -> Loss: 0.088766 | Scalar: 0.082301 (RMSE: 0.2869) | Temporal: 0.124621 (RMSE: 0.3530)
============================================================
No improvement for 1 epoch(s)

============================================================
Epoch 99/150
Learning Rate: 0.000063
============================================================

============================================================
Epoch 99/150 Summary
============================================================
Training   -> Loss: 0.095302 | Scalar: 0.091170 (RMSE: 0.3019) | Temporal: 0.125931 (RMSE: 0.3549)
Validation -> Loss: 0.088408 | Scalar: 0.081318 (RMSE: 0.2852) | Temporal: 0.125942 (RMSE: 0.3549)
============================================================
No improvement for 2 epoch(s)

============================================================
Epoch 100/150
Learning Rate: 0.000063
============================================================

============================================================
Epoch 100/150 Summary
============================================================
Training   -> Loss: 0.095225 | Scalar: 0.090966 (RMSE: 0.3016) | Temporal: 0.126195 (RMSE: 0.3552)
Validation -> Loss: 0.088284 | Scalar: 0.081504 (RMSE: 0.2855) | Temporal: 0.124924 (RMSE: 0.3534)
============================================================
No improvement for 3 epoch(s)

============================================================
Epoch 101/150
Learning Rate: 0.000063
============================================================

============================================================
Epoch 101/150 Summary
============================================================
Training   -> Loss: 0.095075 | Scalar: 0.090842 (RMSE: 0.3014) | Temporal: 0.125943 (RMSE: 0.3549)
Validation -> Loss: 0.088984 | Scalar: 0.081949 (RMSE: 0.2863) | Temporal: 0.126476 (RMSE: 0.3556)
============================================================
No improvement for 4 epoch(s)

============================================================
Epoch 102/150
Learning Rate: 0.000063
============================================================

============================================================
Epoch 102/150 Summary
============================================================
Training   -> Loss: 0.095636 | Scalar: 0.091539 (RMSE: 0.3026) | Temporal: 0.126234 (RMSE: 0.3553)
Validation -> Loss: 0.088082 | Scalar: 0.081029 (RMSE: 0.2847) | Temporal: 0.125447 (RMSE: 0.3542)
============================================================
No improvement for 5 epoch(s)

============================================================
Epoch 103/150
Learning Rate: 0.000063
============================================================

============================================================
Epoch 103/150 Summary
============================================================
Training   -> Loss: 0.095320 | Scalar: 0.091244 (RMSE: 0.3021) | Temporal: 0.125798 (RMSE: 0.3547)
Validation -> Loss: 0.088289 | Scalar: 0.081494 (RMSE: 0.2855) | Temporal: 0.124974 (RMSE: 0.3535)
============================================================
No improvement for 6 epoch(s)

============================================================
Epoch 104/150
Learning Rate: 0.000031
============================================================

============================================================
Epoch 104/150 Summary
============================================================
Training   -> Loss: 0.094435 | Scalar: 0.090219 (RMSE: 0.3004) | Temporal: 0.125128 (RMSE: 0.3537)
Validation -> Loss: 0.087361 | Scalar: 0.080258 (RMSE: 0.2833) | Temporal: 0.124722 (RMSE: 0.3532)
============================================================
No improvement for 7 epoch(s)

============================================================
Epoch 105/150
Learning Rate: 0.000031
============================================================

============================================================
Epoch 105/150 Summary
============================================================
Training   -> Loss: 0.094697 | Scalar: 0.090676 (RMSE: 0.3011) | Temporal: 0.124897 (RMSE: 0.3534)
Validation -> Loss: 0.087543 | Scalar: 0.080611 (RMSE: 0.2839) | Temporal: 0.124462 (RMSE: 0.3528)
============================================================
No improvement for 8 epoch(s)

============================================================
Epoch 106/150
Learning Rate: 0.000031
============================================================

============================================================
Epoch 106/150 Summary
============================================================
Training   -> Loss: 0.094867 | Scalar: 0.090695 (RMSE: 0.3012) | Temporal: 0.125523 (RMSE: 0.3543)
Validation -> Loss: 0.086232 | Scalar: 0.079149 (RMSE: 0.2813) | Temporal: 0.123310 (RMSE: 0.3512)
============================================================
No improvement for 9 epoch(s)

============================================================
Epoch 107/150
Learning Rate: 0.000031
============================================================

============================================================
Epoch 107/150 Summary
============================================================
Training   -> Loss: 0.094776 | Scalar: 0.090579 (RMSE: 0.3010) | Temporal: 0.125483 (RMSE: 0.3542)
Validation -> Loss: 0.085756 | Scalar: 0.078827 (RMSE: 0.2808) | Temporal: 0.122308 (RMSE: 0.3497)
============================================================
✓ New best model saved! Val Loss: 0.085756

============================================================
Epoch 108/150
Learning Rate: 0.000031
============================================================

============================================================
Epoch 108/150 Summary
============================================================
Training   -> Loss: 0.094600 | Scalar: 0.090313 (RMSE: 0.3005) | Temporal: 0.125524 (RMSE: 0.3543)
Validation -> Loss: 0.087787 | Scalar: 0.080785 (RMSE: 0.2842) | Temporal: 0.124952 (RMSE: 0.3535)
============================================================
No improvement for 1 epoch(s)

============================================================
Epoch 109/150
Learning Rate: 0.000031
============================================================

============================================================
Epoch 109/150 Summary
============================================================
Training   -> Loss: 0.094396 | Scalar: 0.090078 (RMSE: 0.3001) | Temporal: 0.125368 (RMSE: 0.3541)
Validation -> Loss: 0.088534 | Scalar: 0.081924 (RMSE: 0.2862) | Temporal: 0.124751 (RMSE: 0.3532)
============================================================
No improvement for 2 epoch(s)

============================================================
Epoch 110/150
Learning Rate: 0.000031
============================================================

============================================================
Epoch 110/150 Summary
============================================================
Training   -> Loss: 0.094224 | Scalar: 0.089859 (RMSE: 0.2998) | Temporal: 0.125292 (RMSE: 0.3540)
Validation -> Loss: 0.086986 | Scalar: 0.080354 (RMSE: 0.2835) | Temporal: 0.122953 (RMSE: 0.3506)
============================================================
No improvement for 3 epoch(s)

============================================================
Epoch 111/150
Learning Rate: 0.000031
============================================================

============================================================
Epoch 111/150 Summary
============================================================
Training   -> Loss: 0.094341 | Scalar: 0.090042 (RMSE: 0.3001) | Temporal: 0.125249 (RMSE: 0.3539)
Validation -> Loss: 0.086644 | Scalar: 0.079420 (RMSE: 0.2818) | Temporal: 0.124198 (RMSE: 0.3524)
============================================================
No improvement for 4 epoch(s)

============================================================
Epoch 112/150
Learning Rate: 0.000031
============================================================

============================================================
Epoch 112/150 Summary
============================================================
Training   -> Loss: 0.094197 | Scalar: 0.089830 (RMSE: 0.2997) | Temporal: 0.125262 (RMSE: 0.3539)
Validation -> Loss: 0.086638 | Scalar: 0.079250 (RMSE: 0.2815) | Temporal: 0.124651 (RMSE: 0.3531)
============================================================
No improvement for 5 epoch(s)

============================================================
Epoch 113/150
Learning Rate: 0.000031
============================================================

============================================================
Epoch 113/150 Summary
============================================================
Training   -> Loss: 0.094493 | Scalar: 0.090243 (RMSE: 0.3004) | Temporal: 0.125291 (RMSE: 0.3540)
Validation -> Loss: 0.087207 | Scalar: 0.080281 (RMSE: 0.2833) | Temporal: 0.124042 (RMSE: 0.3522)
============================================================
No improvement for 6 epoch(s)

============================================================
Epoch 114/150
Learning Rate: 0.000016
============================================================

============================================================
Epoch 114/150 Summary
============================================================
Training   -> Loss: 0.094510 | Scalar: 0.090189 (RMSE: 0.3003) | Temporal: 0.125514 (RMSE: 0.3543)
Validation -> Loss: 0.087224 | Scalar: 0.080102 (RMSE: 0.2830) | Temporal: 0.124612 (RMSE: 0.3530)
============================================================
No improvement for 7 epoch(s)

============================================================
Epoch 115/150
Learning Rate: 0.000016
============================================================

============================================================
Epoch 115/150 Summary
============================================================
Training   -> Loss: 0.093675 | Scalar: 0.089341 (RMSE: 0.2989) | Temporal: 0.124543 (RMSE: 0.3529)
Validation -> Loss: 0.085687 | Scalar: 0.078542 (RMSE: 0.2803) | Temporal: 0.122828 (RMSE: 0.3505)
============================================================
✓ New best model saved! Val Loss: 0.085687

============================================================
Epoch 116/150
Learning Rate: 0.000016
============================================================

============================================================
Epoch 116/150 Summary
============================================================
Training   -> Loss: 0.094001 | Scalar: 0.089600 (RMSE: 0.2993) | Temporal: 0.125126 (RMSE: 0.3537)
Validation -> Loss: 0.085808 | Scalar: 0.078792 (RMSE: 0.2807) | Temporal: 0.122616 (RMSE: 0.3502)
============================================================
No improvement for 1 epoch(s)

============================================================
Epoch 117/150
Learning Rate: 0.000016
============================================================

============================================================
Epoch 117/150 Summary
============================================================
Training   -> Loss: 0.094207 | Scalar: 0.089876 (RMSE: 0.2998) | Temporal: 0.125173 (RMSE: 0.3538)
Validation -> Loss: 0.087211 | Scalar: 0.080459 (RMSE: 0.2837) | Temporal: 0.123559 (RMSE: 0.3515)
============================================================
No improvement for 2 epoch(s)

============================================================
Epoch 118/150
Learning Rate: 0.000016
============================================================

============================================================
Epoch 118/150 Summary
============================================================
Training   -> Loss: 0.094091 | Scalar: 0.089598 (RMSE: 0.2993) | Temporal: 0.125491 (RMSE: 0.3542)
Validation -> Loss: 0.086877 | Scalar: 0.079913 (RMSE: 0.2827) | Temporal: 0.123751 (RMSE: 0.3518)
============================================================
No improvement for 3 epoch(s)

============================================================
Epoch 119/150
Learning Rate: 0.000016
============================================================

============================================================
Epoch 119/150 Summary
============================================================
Training   -> Loss: 0.093765 | Scalar: 0.089376 (RMSE: 0.2990) | Temporal: 0.124807 (RMSE: 0.3533)
Validation -> Loss: 0.086335 | Scalar: 0.079339 (RMSE: 0.2817) | Temporal: 0.123192 (RMSE: 0.3510)
============================================================
No improvement for 4 epoch(s)

============================================================
Epoch 120/150
Learning Rate: 0.000016
============================================================

============================================================
Epoch 120/150 Summary
============================================================
Training   -> Loss: 0.094193 | Scalar: 0.089819 (RMSE: 0.2997) | Temporal: 0.125280 (RMSE: 0.3539)
Validation -> Loss: 0.086989 | Scalar: 0.080338 (RMSE: 0.2834) | Temporal: 0.123009 (RMSE: 0.3507)
============================================================
No improvement for 5 epoch(s)

============================================================
Epoch 121/150
Learning Rate: 0.000016
============================================================

============================================================
Epoch 121/150 Summary
============================================================
Training   -> Loss: 0.094137 | Scalar: 0.089885 (RMSE: 0.2998) | Temporal: 0.124870 (RMSE: 0.3534)
Validation -> Loss: 0.086706 | Scalar: 0.079455 (RMSE: 0.2819) | Temporal: 0.124349 (RMSE: 0.3526)
============================================================
No improvement for 6 epoch(s)

============================================================
Epoch 122/150
Learning Rate: 0.000008
============================================================

============================================================
Epoch 122/150 Summary
============================================================
Training   -> Loss: 0.093839 | Scalar: 0.089607 (RMSE: 0.2993) | Temporal: 0.124455 (RMSE: 0.3528)
Validation -> Loss: 0.086268 | Scalar: 0.079340 (RMSE: 0.2817) | Temporal: 0.122919 (RMSE: 0.3506)
============================================================
No improvement for 7 epoch(s)

============================================================
Epoch 123/150
Learning Rate: 0.000008
============================================================

============================================================
Epoch 123/150 Summary
============================================================
Training   -> Loss: 0.094103 | Scalar: 0.089729 (RMSE: 0.2995) | Temporal: 0.125170 (RMSE: 0.3538)
Validation -> Loss: 0.087054 | Scalar: 0.080035 (RMSE: 0.2829) | Temporal: 0.124115 (RMSE: 0.3523)
============================================================
No improvement for 8 epoch(s)

============================================================
Epoch 124/150
Learning Rate: 0.000008
============================================================

============================================================
Epoch 124/150 Summary
============================================================
Training   -> Loss: 0.093614 | Scalar: 0.089166 (RMSE: 0.2986) | Temporal: 0.124790 (RMSE: 0.3533)
Validation -> Loss: 0.085879 | Scalar: 0.078895 (RMSE: 0.2809) | Temporal: 0.122611 (RMSE: 0.3502)
============================================================
No improvement for 9 epoch(s)

============================================================
Epoch 125/150
Learning Rate: 0.000008
============================================================

============================================================
Epoch 125/150 Summary
============================================================
Training   -> Loss: 0.093831 | Scalar: 0.089473 (RMSE: 0.2991) | Temporal: 0.124801 (RMSE: 0.3533)
Validation -> Loss: 0.085976 | Scalar: 0.079112 (RMSE: 0.2813) | Temporal: 0.122391 (RMSE: 0.3498)
============================================================
No improvement for 10 epoch(s)

============================================================
Epoch 126/150
Learning Rate: 0.000008
============================================================

============================================================
Epoch 126/150 Summary
============================================================
Training   -> Loss: 0.093814 | Scalar: 0.089355 (RMSE: 0.2989) | Temporal: 0.125062 (RMSE: 0.3536)
Validation -> Loss: 0.086129 | Scalar: 0.078855 (RMSE: 0.2808) | Temporal: 0.123721 (RMSE: 0.3517)
============================================================
No improvement for 11 epoch(s)

============================================================
Epoch 127/150
Learning Rate: 0.000008
============================================================

============================================================
Epoch 127/150 Summary
============================================================
Training   -> Loss: 0.094034 | Scalar: 0.089706 (RMSE: 0.2995) | Temporal: 0.124958 (RMSE: 0.3535)
Validation -> Loss: 0.085655 | Scalar: 0.078793 (RMSE: 0.2807) | Temporal: 0.122000 (RMSE: 0.3493)
============================================================
✓ New best model saved! Val Loss: 0.085655

============================================================
Epoch 128/150
Learning Rate: 0.000008
============================================================

============================================================
Epoch 128/150 Summary
============================================================
Training   -> Loss: 0.093917 | Scalar: 0.089575 (RMSE: 0.2993) | Temporal: 0.124860 (RMSE: 0.3534)
Validation -> Loss: 0.086072 | Scalar: 0.079322 (RMSE: 0.2816) | Temporal: 0.122185 (RMSE: 0.3495)
============================================================
No improvement for 1 epoch(s)

============================================================
Epoch 129/150
Learning Rate: 0.000008
============================================================

============================================================
Epoch 129/150 Summary
============================================================
Training   -> Loss: 0.093705 | Scalar: 0.089342 (RMSE: 0.2989) | Temporal: 0.124661 (RMSE: 0.3531)
Validation -> Loss: 0.086552 | Scalar: 0.079524 (RMSE: 0.2820) | Temporal: 0.123540 (RMSE: 0.3515)
============================================================
No improvement for 2 epoch(s)

============================================================
Epoch 130/150
Learning Rate: 0.000008
============================================================

============================================================
Epoch 130/150 Summary
============================================================
Training   -> Loss: 0.093952 | Scalar: 0.089740 (RMSE: 0.2996) | Temporal: 0.124538 (RMSE: 0.3529)
Validation -> Loss: 0.085903 | Scalar: 0.078718 (RMSE: 0.2806) | Temporal: 0.123202 (RMSE: 0.3510)
============================================================
No improvement for 3 epoch(s)

============================================================
Epoch 131/150
Learning Rate: 0.000008
============================================================

============================================================
Epoch 131/150 Summary
============================================================
Training   -> Loss: 0.093680 | Scalar: 0.089285 (RMSE: 0.2988) | Temporal: 0.124722 (RMSE: 0.3532)
Validation -> Loss: 0.086053 | Scalar: 0.078925 (RMSE: 0.2809) | Temporal: 0.123223 (RMSE: 0.3510)
============================================================
No improvement for 4 epoch(s)

============================================================
Epoch 132/150
Learning Rate: 0.000008
============================================================

============================================================
Epoch 132/150 Summary
============================================================
Training   -> Loss: 0.093789 | Scalar: 0.089394 (RMSE: 0.2990) | Temporal: 0.124851 (RMSE: 0.3533)
Validation -> Loss: 0.087325 | Scalar: 0.080481 (RMSE: 0.2837) | Temporal: 0.123955 (RMSE: 0.3521)
============================================================
No improvement for 5 epoch(s)

============================================================
Epoch 133/150
Learning Rate: 0.000008
============================================================

============================================================
Epoch 133/150 Summary
============================================================
Training   -> Loss: 0.093983 | Scalar: 0.089684 (RMSE: 0.2995) | Temporal: 0.124814 (RMSE: 0.3533)
Validation -> Loss: 0.085428 | Scalar: 0.078567 (RMSE: 0.2803) | Temporal: 0.121725 (RMSE: 0.3489)
============================================================
✓ New best model saved! Val Loss: 0.085428

============================================================
Epoch 134/150
Learning Rate: 0.000008
============================================================

============================================================
Epoch 134/150 Summary
============================================================
Training   -> Loss: 0.093679 | Scalar: 0.089236 (RMSE: 0.2987) | Temporal: 0.124853 (RMSE: 0.3533)
Validation -> Loss: 0.086196 | Scalar: 0.079371 (RMSE: 0.2817) | Temporal: 0.122545 (RMSE: 0.3501)
============================================================
No improvement for 1 epoch(s)

============================================================
Epoch 135/150
Learning Rate: 0.000008
============================================================

============================================================
Epoch 135/150 Summary
============================================================
Training   -> Loss: 0.093949 | Scalar: 0.089644 (RMSE: 0.2994) | Temporal: 0.124790 (RMSE: 0.3533)
Validation -> Loss: 0.086282 | Scalar: 0.079322 (RMSE: 0.2816) | Temporal: 0.123026 (RMSE: 0.3508)
============================================================
No improvement for 2 epoch(s)

============================================================
Epoch 136/150
Learning Rate: 0.000008
============================================================

============================================================
Epoch 136/150 Summary
============================================================
Training   -> Loss: 0.093529 | Scalar: 0.089061 (RMSE: 0.2984) | Temporal: 0.124745 (RMSE: 0.3532)
Validation -> Loss: 0.086652 | Scalar: 0.079555 (RMSE: 0.2821) | Temporal: 0.123852 (RMSE: 0.3519)
============================================================
No improvement for 3 epoch(s)

============================================================
Epoch 137/150
Learning Rate: 0.000008
============================================================

============================================================
Epoch 137/150 Summary
============================================================
Training   -> Loss: 0.094121 | Scalar: 0.089871 (RMSE: 0.2998) | Temporal: 0.124843 (RMSE: 0.3533)
Validation -> Loss: 0.086365 | Scalar: 0.079343 (RMSE: 0.2817) | Temporal: 0.123297 (RMSE: 0.3511)
============================================================
No improvement for 4 epoch(s)

============================================================
Epoch 138/150
Learning Rate: 0.000008
============================================================

============================================================
Epoch 138/150 Summary
============================================================
Training   -> Loss: 0.093752 | Scalar: 0.089365 (RMSE: 0.2989) | Temporal: 0.124784 (RMSE: 0.3532)
Validation -> Loss: 0.085903 | Scalar: 0.078884 (RMSE: 0.2809) | Temporal: 0.122736 (RMSE: 0.3503)
============================================================
No improvement for 5 epoch(s)

============================================================
Epoch 139/150
Learning Rate: 0.000008
============================================================

============================================================
Epoch 139/150 Summary
============================================================
Training   -> Loss: 0.093916 | Scalar: 0.089649 (RMSE: 0.2994) | Temporal: 0.124646 (RMSE: 0.3531)
Validation -> Loss: 0.086887 | Scalar: 0.079809 (RMSE: 0.2825) | Temporal: 0.124083 (RMSE: 0.3523)
============================================================
No improvement for 6 epoch(s)

============================================================
Epoch 140/150
Learning Rate: 0.000004
============================================================

============================================================
Epoch 140/150 Summary
============================================================
Training   -> Loss: 0.093727 | Scalar: 0.089312 (RMSE: 0.2989) | Temporal: 0.124834 (RMSE: 0.3533)
Validation -> Loss: 0.085600 | Scalar: 0.078569 (RMSE: 0.2803) | Temporal: 0.122404 (RMSE: 0.3499)
============================================================
No improvement for 7 epoch(s)

============================================================
Epoch 141/150
Learning Rate: 0.000004
============================================================

============================================================
Epoch 141/150 Summary
============================================================
Training   -> Loss: 0.094046 | Scalar: 0.089760 (RMSE: 0.2996) | Temporal: 0.124856 (RMSE: 0.3533)
Validation -> Loss: 0.086373 | Scalar: 0.079929 (RMSE: 0.2827) | Temporal: 0.121693 (RMSE: 0.3488)
============================================================
No improvement for 8 epoch(s)

============================================================
Epoch 142/150
Learning Rate: 0.000004
============================================================

============================================================
Epoch 142/150 Summary
============================================================
Training   -> Loss: 0.093921 | Scalar: 0.089549 (RMSE: 0.2992) | Temporal: 0.124947 (RMSE: 0.3535)
Validation -> Loss: 0.087730 | Scalar: 0.080812 (RMSE: 0.2843) | Temporal: 0.124648 (RMSE: 0.3531)
============================================================
No improvement for 9 epoch(s)

============================================================
Epoch 143/150
Learning Rate: 0.000004
============================================================

============================================================
Epoch 143/150 Summary
============================================================
Training   -> Loss: 0.093886 | Scalar: 0.089530 (RMSE: 0.2992) | Temporal: 0.124861 (RMSE: 0.3534)
Validation -> Loss: 0.087221 | Scalar: 0.080407 (RMSE: 0.2836) | Temporal: 0.123742 (RMSE: 0.3518)
============================================================
No improvement for 10 epoch(s)

============================================================
Epoch 144/150
Learning Rate: 0.000004
============================================================

============================================================
Epoch 144/150 Summary
============================================================
Training   -> Loss: 0.093742 | Scalar: 0.089401 (RMSE: 0.2990) | Temporal: 0.124644 (RMSE: 0.3530)
Validation -> Loss: 0.085407 | Scalar: 0.078871 (RMSE: 0.2808) | Temporal: 0.120788 (RMSE: 0.3475)
============================================================
✓ New best model saved! Val Loss: 0.085407

============================================================
Epoch 145/150
Learning Rate: 0.000004
============================================================

============================================================
Epoch 145/150 Summary
============================================================
Training   -> Loss: 0.093807 | Scalar: 0.089321 (RMSE: 0.2989) | Temporal: 0.125131 (RMSE: 0.3537)
Validation -> Loss: 0.085586 | Scalar: 0.079043 (RMSE: 0.2811) | Temporal: 0.121024 (RMSE: 0.3479)
============================================================
No improvement for 1 epoch(s)

============================================================
Epoch 146/150
Learning Rate: 0.000004
============================================================

============================================================
Epoch 146/150 Summary
============================================================
Training   -> Loss: 0.093525 | Scalar: 0.089150 (RMSE: 0.2986) | Temporal: 0.124477 (RMSE: 0.3528)
Validation -> Loss: 0.087932 | Scalar: 0.081332 (RMSE: 0.2852) | Temporal: 0.123999 (RMSE: 0.3521)
============================================================
No improvement for 2 epoch(s)

============================================================
Epoch 147/150
Learning Rate: 0.000004
============================================================

============================================================
Epoch 147/150 Summary
============================================================
Training   -> Loss: 0.093785 | Scalar: 0.089440 (RMSE: 0.2991) | Temporal: 0.124708 (RMSE: 0.3531)
Validation -> Loss: 0.087277 | Scalar: 0.080365 (RMSE: 0.2835) | Temporal: 0.124085 (RMSE: 0.3523)
============================================================
No improvement for 3 epoch(s)

============================================================
Epoch 148/150
Learning Rate: 0.000004
============================================================

============================================================
Epoch 148/150 Summary
============================================================
Training   -> Loss: 0.093792 | Scalar: 0.089431 (RMSE: 0.2990) | Temporal: 0.124760 (RMSE: 0.3532)
Validation -> Loss: 0.085733 | Scalar: 0.078767 (RMSE: 0.2807) | Temporal: 0.122383 (RMSE: 0.3498)
============================================================
No improvement for 4 epoch(s)

============================================================
Epoch 149/150
Learning Rate: 0.000004
============================================================

============================================================
Epoch 149/150 Summary
============================================================
Training   -> Loss: 0.093654 | Scalar: 0.089221 (RMSE: 0.2987) | Temporal: 0.124798 (RMSE: 0.3533)
Validation -> Loss: 0.086006 | Scalar: 0.078699 (RMSE: 0.2805) | Temporal: 0.123666 (RMSE: 0.3517)
============================================================
No improvement for 5 epoch(s)

============================================================
Epoch 150/150
Learning Rate: 0.000004
============================================================

============================================================
Epoch 150/150 Summary
============================================================
Training   -> Loss: 0.093465 | Scalar: 0.088933 (RMSE: 0.2982) | Temporal: 0.124849 (RMSE: 0.3533)
Validation -> Loss: 0.085771 | Scalar: 0.078320 (RMSE: 0.2799) | Temporal: 0.123787 (RMSE: 0.3518)
============================================================
No improvement for 6 epoch(s)

============================================================
TRAINING COMPLETED
============================================================
Best validation loss: 0.085407
Best validation RMSE: 0.292245
Final train loss: 0.093465
Final val loss: 0.085771
Total Training Time: 31:01:09
Models saved to: src/trained_weights/UMambaMag_v3_STEAD_20251113_002428
============================================================

==================================================

