2025-11-14 07:25:57,388 | seisbench | WARNING | Setting remote root to: https://seisbench.gfz.de/mirror/
Please note that this can affect your download speed.
2025-11-14 07:26:07,479 | seisbench | WARNING | Output component order not specified, defaulting to 'ZNE'.
2025-11-14 07:26:13,544 | seisbench | WARNING | Skipping preload, as cache is disabled.
2025-11-14 07:26:18,707 | seisbench | WARNING | Skipping preload, as cache is disabled.
/home/quenton.yeo/code/.venv/lib/python3.11/site-packages/torch/optim/lr_scheduler.py:60: UserWarning: The verbose parameter is deprecated. Please use get_last_lr() to access the learning rate.
  warnings.warn(

==================================================
LOADING DATA
==================================================
STEAD dataset loaded: 1265657 samples

Training umamba_mag_v3 on STEAD for 150 epochs...
Model moved to cuda:2
Training UMamba V3 Magnitude Estimator model (dual-head architecture)

============================================================
TRAINING UMAMBA V3 (DUAL-HEAD ARCHITECTURE)
============================================================
Model: UMambaMag_v3_STEAD
Scalar weight: 0.7 (primary task)
Temporal weight: 0.25 (auxiliary task)
Learning rate: 0.001
Batch size: 32
Optimizer: AdamW
Weight decay: 1e-05
Gradient clip: 1.0
Warmup epochs: 5
Early stopping patience: 15
============================================================
Total parameters: 177,650
Trainable parameters: 177,650
Train samples: 1075808
Dev samples: 63283
============================================================


============================================================
Epoch 1/150
Learning Rate: 0.001000
============================================================

============================================================
Epoch 1/150 Summary
============================================================
Training   -> Loss: 0.286289 | Scalar: 0.287675 (RMSE: 0.5364) | Temporal: 0.339667 (RMSE: 0.5828)
Validation -> Loss: 0.203046 | Scalar: 0.197382 (RMSE: 0.4443) | Temporal: 0.259514 (RMSE: 0.5094)
============================================================
✓ New best model saved! Val Loss: 0.203046

============================================================
Epoch 2/150
Learning Rate: 0.000200
============================================================

============================================================
Epoch 2/150 Summary
============================================================
Training   -> Loss: 0.215120 | Scalar: 0.215003 (RMSE: 0.4637) | Temporal: 0.258472 (RMSE: 0.5084)
Validation -> Loss: 0.179932 | Scalar: 0.173819 (RMSE: 0.4169) | Temporal: 0.233032 (RMSE: 0.4827)
============================================================
✓ New best model saved! Val Loss: 0.179932

============================================================
Epoch 3/150
Learning Rate: 0.000400
============================================================

============================================================
Epoch 3/150 Summary
============================================================
Training   -> Loss: 0.189806 | Scalar: 0.189173 (RMSE: 0.4349) | Temporal: 0.229540 (RMSE: 0.4791)
Validation -> Loss: 0.157686 | Scalar: 0.152384 (RMSE: 0.3904) | Temporal: 0.204068 (RMSE: 0.4517)
============================================================
✓ New best model saved! Val Loss: 0.157686

============================================================
Epoch 4/150
Learning Rate: 0.000600
============================================================

============================================================
Epoch 4/150 Summary
============================================================
Training   -> Loss: 0.175081 | Scalar: 0.174393 (RMSE: 0.4176) | Temporal: 0.212023 (RMSE: 0.4605)
Validation -> Loss: 0.147784 | Scalar: 0.141529 (RMSE: 0.3762) | Temporal: 0.194854 (RMSE: 0.4414)
============================================================
✓ New best model saved! Val Loss: 0.147784

============================================================
Epoch 5/150
Learning Rate: 0.000800
============================================================

============================================================
Epoch 5/150 Summary
============================================================
Training   -> Loss: 0.166517 | Scalar: 0.166004 (RMSE: 0.4074) | Temporal: 0.201258 (RMSE: 0.4486)
Validation -> Loss: 0.151151 | Scalar: 0.146938 (RMSE: 0.3833) | Temporal: 0.193178 (RMSE: 0.4395)
============================================================
No improvement for 1 epoch(s)

============================================================
Epoch 6/150
Learning Rate: 0.001000
============================================================

============================================================
Epoch 6/150 Summary
============================================================
Training   -> Loss: 0.155539 | Scalar: 0.154649 (RMSE: 0.3933) | Temporal: 0.189140 (RMSE: 0.4349)
Validation -> Loss: 0.133004 | Scalar: 0.127092 (RMSE: 0.3565) | Temporal: 0.176160 (RMSE: 0.4197)
============================================================
✓ New best model saved! Val Loss: 0.133004

============================================================
Epoch 7/150
Learning Rate: 0.001000
============================================================

============================================================
Epoch 7/150 Summary
============================================================
Training   -> Loss: 0.149162 | Scalar: 0.148246 (RMSE: 0.3850) | Temporal: 0.181561 (RMSE: 0.4261)
Validation -> Loss: 0.139955 | Scalar: 0.133218 (RMSE: 0.3650) | Temporal: 0.186807 (RMSE: 0.4322)
============================================================
No improvement for 1 epoch(s)

============================================================
Epoch 8/150
Learning Rate: 0.001000
============================================================

============================================================
Epoch 8/150 Summary
============================================================
Training   -> Loss: 0.145123 | Scalar: 0.144070 (RMSE: 0.3796) | Temporal: 0.177097 (RMSE: 0.4208)
Validation -> Loss: 0.127543 | Scalar: 0.121338 (RMSE: 0.3483) | Temporal: 0.170425 (RMSE: 0.4128)
============================================================
✓ New best model saved! Val Loss: 0.127543

============================================================
Epoch 9/150
Learning Rate: 0.001000
============================================================

============================================================
Epoch 9/150 Summary
============================================================
Training   -> Loss: 0.141153 | Scalar: 0.140020 (RMSE: 0.3742) | Temporal: 0.172559 (RMSE: 0.4154)
Validation -> Loss: 0.123450 | Scalar: 0.118011 (RMSE: 0.3435) | Temporal: 0.163368 (RMSE: 0.4042)
============================================================
✓ New best model saved! Val Loss: 0.123450

============================================================
Epoch 10/150
Learning Rate: 0.001000
============================================================

============================================================
Epoch 10/150 Summary
============================================================
Training   -> Loss: 0.138208 | Scalar: 0.137016 (RMSE: 0.3702) | Temporal: 0.169190 (RMSE: 0.4113)
Validation -> Loss: 0.127571 | Scalar: 0.122891 (RMSE: 0.3506) | Temporal: 0.166188 (RMSE: 0.4077)
============================================================
No improvement for 1 epoch(s)

============================================================
Epoch 11/150
Learning Rate: 0.001000
============================================================

============================================================
Epoch 11/150 Summary
============================================================
Training   -> Loss: 0.135580 | Scalar: 0.134431 (RMSE: 0.3666) | Temporal: 0.165913 (RMSE: 0.4073)
Validation -> Loss: 0.118801 | Scalar: 0.111922 (RMSE: 0.3345) | Temporal: 0.161820 (RMSE: 0.4023)
============================================================
✓ New best model saved! Val Loss: 0.118801

============================================================
Epoch 12/150
Learning Rate: 0.001000
============================================================

============================================================
Epoch 12/150 Summary
============================================================
Training   -> Loss: 0.134153 | Scalar: 0.132957 (RMSE: 0.3646) | Temporal: 0.164335 (RMSE: 0.4054)
Validation -> Loss: 0.126186 | Scalar: 0.121158 (RMSE: 0.3481) | Temporal: 0.165500 (RMSE: 0.4068)
============================================================
No improvement for 1 epoch(s)

============================================================
Epoch 13/150
Learning Rate: 0.001000
============================================================

============================================================
Epoch 13/150 Summary
============================================================
Training   -> Loss: 0.132126 | Scalar: 0.131071 (RMSE: 0.3620) | Temporal: 0.161506 (RMSE: 0.4019)
Validation -> Loss: 0.115755 | Scalar: 0.109854 (RMSE: 0.3314) | Temporal: 0.155428 (RMSE: 0.3942)
============================================================
✓ New best model saved! Val Loss: 0.115755

============================================================
Epoch 14/150
Learning Rate: 0.001000
============================================================

============================================================
Epoch 14/150 Summary
============================================================
Training   -> Loss: 0.130574 | Scalar: 0.129497 (RMSE: 0.3599) | Temporal: 0.159704 (RMSE: 0.3996)
Validation -> Loss: 0.116747 | Scalar: 0.111595 (RMSE: 0.3341) | Temporal: 0.154524 (RMSE: 0.3931)
============================================================
No improvement for 1 epoch(s)

============================================================
Epoch 15/150
Learning Rate: 0.001000
============================================================

============================================================
Epoch 15/150 Summary
============================================================
Training   -> Loss: 0.129395 | Scalar: 0.128341 (RMSE: 0.3582) | Temporal: 0.158224 (RMSE: 0.3978)
Validation -> Loss: 0.114521 | Scalar: 0.108564 (RMSE: 0.3295) | Temporal: 0.154106 (RMSE: 0.3926)
============================================================
✓ New best model saved! Val Loss: 0.114521

============================================================
Epoch 16/150
Learning Rate: 0.001000
============================================================

============================================================
Epoch 16/150 Summary
============================================================
Training   -> Loss: 0.128271 | Scalar: 0.127314 (RMSE: 0.3568) | Temporal: 0.156606 (RMSE: 0.3957)
Validation -> Loss: 0.116160 | Scalar: 0.111289 (RMSE: 0.3336) | Temporal: 0.153033 (RMSE: 0.3912)
============================================================
No improvement for 1 epoch(s)

============================================================
Epoch 17/150
Learning Rate: 0.001000
============================================================

============================================================
Epoch 17/150 Summary
============================================================
Training   -> Loss: 0.126656 | Scalar: 0.125567 (RMSE: 0.3544) | Temporal: 0.155036 (RMSE: 0.3937)
Validation -> Loss: 0.111376 | Scalar: 0.106273 (RMSE: 0.3260) | Temporal: 0.147943 (RMSE: 0.3846)
============================================================
✓ New best model saved! Val Loss: 0.111376

============================================================
Epoch 18/150
Learning Rate: 0.001000
============================================================

============================================================
Epoch 18/150 Summary
============================================================
Training   -> Loss: 0.126321 | Scalar: 0.125306 (RMSE: 0.3540) | Temporal: 0.154426 (RMSE: 0.3930)
Validation -> Loss: 0.114904 | Scalar: 0.108931 (RMSE: 0.3300) | Temporal: 0.154608 (RMSE: 0.3932)
============================================================
No improvement for 1 epoch(s)

============================================================
Epoch 19/150
Learning Rate: 0.001000
============================================================

============================================================
Epoch 19/150 Summary
============================================================
Training   -> Loss: 0.124853 | Scalar: 0.123796 (RMSE: 0.3518) | Temporal: 0.152782 (RMSE: 0.3909)
Validation -> Loss: 0.112634 | Scalar: 0.108170 (RMSE: 0.3289) | Temporal: 0.147660 (RMSE: 0.3843)
============================================================
No improvement for 2 epoch(s)

============================================================
Epoch 20/150
Learning Rate: 0.001000
============================================================

============================================================
Epoch 20/150 Summary
============================================================
Training   -> Loss: 0.124992 | Scalar: 0.124177 (RMSE: 0.3524) | Temporal: 0.152273 (RMSE: 0.3902)
Validation -> Loss: 0.112475 | Scalar: 0.108359 (RMSE: 0.3292) | Temporal: 0.146495 (RMSE: 0.3827)
============================================================
No improvement for 3 epoch(s)

============================================================
Epoch 21/150
Learning Rate: 0.001000
============================================================

============================================================
Epoch 21/150 Summary
============================================================
Training   -> Loss: 0.123828 | Scalar: 0.123037 (RMSE: 0.3508) | Temporal: 0.150808 (RMSE: 0.3883)
Validation -> Loss: 0.111643 | Scalar: 0.105989 (RMSE: 0.3256) | Temporal: 0.149804 (RMSE: 0.3870)
============================================================
No improvement for 4 epoch(s)

============================================================
Epoch 22/150
Learning Rate: 0.001000
============================================================

============================================================
Epoch 22/150 Summary
============================================================
Training   -> Loss: 0.123242 | Scalar: 0.122324 (RMSE: 0.3497) | Temporal: 0.150462 (RMSE: 0.3879)
Validation -> Loss: 0.110999 | Scalar: 0.104806 (RMSE: 0.3237) | Temporal: 0.150541 (RMSE: 0.3880)
============================================================
✓ New best model saved! Val Loss: 0.110999

============================================================
Epoch 23/150
Learning Rate: 0.001000
============================================================

============================================================
Epoch 23/150 Summary
============================================================
Training   -> Loss: 0.122391 | Scalar: 0.121432 (RMSE: 0.3485) | Temporal: 0.149557 (RMSE: 0.3867)
Validation -> Loss: 0.109987 | Scalar: 0.105097 (RMSE: 0.3242) | Temporal: 0.145677 (RMSE: 0.3817)
============================================================
✓ New best model saved! Val Loss: 0.109987

============================================================
Epoch 24/150
Learning Rate: 0.001000
============================================================

============================================================
Epoch 24/150 Summary
============================================================
Training   -> Loss: 0.122162 | Scalar: 0.121344 (RMSE: 0.3483) | Temporal: 0.148884 (RMSE: 0.3859)
Validation -> Loss: 0.112811 | Scalar: 0.109363 (RMSE: 0.3307) | Temporal: 0.145028 (RMSE: 0.3808)
============================================================
No improvement for 1 epoch(s)

============================================================
Epoch 25/150
Learning Rate: 0.001000
============================================================

============================================================
Epoch 25/150 Summary
============================================================
Training   -> Loss: 0.121592 | Scalar: 0.120727 (RMSE: 0.3475) | Temporal: 0.148331 (RMSE: 0.3851)
Validation -> Loss: 0.109555 | Scalar: 0.105242 (RMSE: 0.3244) | Temporal: 0.143542 (RMSE: 0.3789)
============================================================
✓ New best model saved! Val Loss: 0.109555

============================================================
Epoch 26/150
Learning Rate: 0.001000
============================================================

============================================================
Epoch 26/150 Summary
============================================================
Training   -> Loss: 0.120618 | Scalar: 0.119800 (RMSE: 0.3461) | Temporal: 0.147030 (RMSE: 0.3834)
Validation -> Loss: 0.109722 | Scalar: 0.104462 (RMSE: 0.3232) | Temporal: 0.146395 (RMSE: 0.3826)
============================================================
No improvement for 1 epoch(s)

============================================================
Epoch 27/150
Learning Rate: 0.001000
============================================================

============================================================
Epoch 27/150 Summary
============================================================
Training   -> Loss: 0.120074 | Scalar: 0.119110 (RMSE: 0.3451) | Temporal: 0.146789 (RMSE: 0.3831)
Validation -> Loss: 0.106039 | Scalar: 0.100611 (RMSE: 0.3172) | Temporal: 0.142447 (RMSE: 0.3774)
============================================================
✓ New best model saved! Val Loss: 0.106039

============================================================
Epoch 28/150
Learning Rate: 0.001000
============================================================

============================================================
Epoch 28/150 Summary
============================================================
Training   -> Loss: 0.120226 | Scalar: 0.119370 (RMSE: 0.3455) | Temporal: 0.146669 (RMSE: 0.3830)
Validation -> Loss: 0.108441 | Scalar: 0.104416 (RMSE: 0.3231) | Temporal: 0.141401 (RMSE: 0.3760)
============================================================
No improvement for 1 epoch(s)

============================================================
Epoch 29/150
Learning Rate: 0.001000
============================================================

============================================================
Epoch 29/150 Summary
============================================================
Training   -> Loss: 0.119558 | Scalar: 0.118651 (RMSE: 0.3445) | Temporal: 0.146009 (RMSE: 0.3821)
Validation -> Loss: 0.109420 | Scalar: 0.104607 (RMSE: 0.3234) | Temporal: 0.144781 (RMSE: 0.3805)
============================================================
No improvement for 2 epoch(s)

============================================================
Epoch 30/150
Learning Rate: 0.001000
============================================================

============================================================
Epoch 30/150 Summary
============================================================
Training   -> Loss: 0.118951 | Scalar: 0.118159 (RMSE: 0.3437) | Temporal: 0.144957 (RMSE: 0.3807)
Validation -> Loss: 0.106100 | Scalar: 0.102273 (RMSE: 0.3198) | Temporal: 0.138039 (RMSE: 0.3715)
============================================================
No improvement for 3 epoch(s)

============================================================
Epoch 31/150
Learning Rate: 0.001000
============================================================

============================================================
Epoch 31/150 Summary
============================================================
Training   -> Loss: 0.118425 | Scalar: 0.117476 (RMSE: 0.3427) | Temporal: 0.144770 (RMSE: 0.3805)
Validation -> Loss: 0.110297 | Scalar: 0.105343 (RMSE: 0.3246) | Temporal: 0.146226 (RMSE: 0.3824)
============================================================
No improvement for 4 epoch(s)

============================================================
Epoch 32/150
Learning Rate: 0.001000
============================================================

============================================================
Epoch 32/150 Summary
============================================================
Training   -> Loss: 0.118356 | Scalar: 0.117548 (RMSE: 0.3429) | Temporal: 0.144292 (RMSE: 0.3799)
Validation -> Loss: 0.106901 | Scalar: 0.101866 (RMSE: 0.3192) | Temporal: 0.142378 (RMSE: 0.3773)
============================================================
No improvement for 5 epoch(s)

============================================================
Epoch 33/150
Learning Rate: 0.001000
============================================================

============================================================
Epoch 33/150 Summary
============================================================
Training   -> Loss: 0.117841 | Scalar: 0.117062 (RMSE: 0.3421) | Temporal: 0.143588 (RMSE: 0.3789)
Validation -> Loss: 0.108992 | Scalar: 0.104450 (RMSE: 0.3232) | Temporal: 0.143507 (RMSE: 0.3788)
============================================================
No improvement for 6 epoch(s)

============================================================
Epoch 34/150
Learning Rate: 0.000500
============================================================

============================================================
Epoch 34/150 Summary
============================================================
Training   -> Loss: 0.109148 | Scalar: 0.107492 (RMSE: 0.3279) | Temporal: 0.135615 (RMSE: 0.3683)
Validation -> Loss: 0.098502 | Scalar: 0.093449 (RMSE: 0.3057) | Temporal: 0.132351 (RMSE: 0.3638)
============================================================
✓ New best model saved! Val Loss: 0.098502

============================================================
Epoch 35/150
Learning Rate: 0.000500
============================================================

============================================================
Epoch 35/150 Summary
============================================================
Training   -> Loss: 0.108301 | Scalar: 0.106490 (RMSE: 0.3263) | Temporal: 0.135034 (RMSE: 0.3675)
Validation -> Loss: 0.097248 | Scalar: 0.091764 (RMSE: 0.3029) | Temporal: 0.132053 (RMSE: 0.3634)
============================================================
✓ New best model saved! Val Loss: 0.097248

============================================================
Epoch 36/150
Learning Rate: 0.000500
============================================================

============================================================
Epoch 36/150 Summary
============================================================
Training   -> Loss: 0.107550 | Scalar: 0.105783 (RMSE: 0.3252) | Temporal: 0.134009 (RMSE: 0.3661)
Validation -> Loss: 0.096984 | Scalar: 0.091899 (RMSE: 0.3031) | Temporal: 0.130620 (RMSE: 0.3614)
============================================================
✓ New best model saved! Val Loss: 0.096984

============================================================
Epoch 37/150
Learning Rate: 0.000500
============================================================

============================================================
Epoch 37/150 Summary
============================================================
Training   -> Loss: 0.106852 | Scalar: 0.104999 (RMSE: 0.3240) | Temporal: 0.133411 (RMSE: 0.3653)
Validation -> Loss: 0.098431 | Scalar: 0.093573 (RMSE: 0.3059) | Temporal: 0.131720 (RMSE: 0.3629)
============================================================
No improvement for 1 epoch(s)

============================================================
Epoch 38/150
Learning Rate: 0.000500
============================================================

============================================================
Epoch 38/150 Summary
============================================================
Training   -> Loss: 0.106311 | Scalar: 0.104351 (RMSE: 0.3230) | Temporal: 0.133060 (RMSE: 0.3648)
Validation -> Loss: 0.098834 | Scalar: 0.094569 (RMSE: 0.3075) | Temporal: 0.130542 (RMSE: 0.3613)
============================================================
No improvement for 2 epoch(s)

============================================================
Epoch 39/150
Learning Rate: 0.000500
============================================================

============================================================
Epoch 39/150 Summary
============================================================
Training   -> Loss: 0.106307 | Scalar: 0.104396 (RMSE: 0.3231) | Temporal: 0.132917 (RMSE: 0.3646)
Validation -> Loss: 0.096339 | Scalar: 0.090969 (RMSE: 0.3016) | Temporal: 0.130644 (RMSE: 0.3614)
============================================================
✓ New best model saved! Val Loss: 0.096339

============================================================
Epoch 40/150
Learning Rate: 0.000500
============================================================

============================================================
Epoch 40/150 Summary
============================================================
Training   -> Loss: 0.105999 | Scalar: 0.103983 (RMSE: 0.3225) | Temporal: 0.132841 (RMSE: 0.3645)
Validation -> Loss: 0.093849 | Scalar: 0.087860 (RMSE: 0.2964) | Temporal: 0.129389 (RMSE: 0.3597)
============================================================
✓ New best model saved! Val Loss: 0.093849

============================================================
Epoch 41/150
Learning Rate: 0.000500
============================================================

============================================================
Epoch 41/150 Summary
============================================================
Training   -> Loss: 0.105879 | Scalar: 0.103855 (RMSE: 0.3223) | Temporal: 0.132722 (RMSE: 0.3643)
Validation -> Loss: 0.097332 | Scalar: 0.091296 (RMSE: 0.3022) | Temporal: 0.133700 (RMSE: 0.3656)
============================================================
No improvement for 1 epoch(s)

============================================================
Epoch 42/150
Learning Rate: 0.000500
============================================================

============================================================
Epoch 42/150 Summary
============================================================
Training   -> Loss: 0.105446 | Scalar: 0.103491 (RMSE: 0.3217) | Temporal: 0.132008 (RMSE: 0.3633)
Validation -> Loss: 0.093615 | Scalar: 0.087617 (RMSE: 0.2960) | Temporal: 0.129135 (RMSE: 0.3594)
============================================================
✓ New best model saved! Val Loss: 0.093615

============================================================
Epoch 43/150
Learning Rate: 0.000500
============================================================

============================================================
Epoch 43/150 Summary
============================================================
Training   -> Loss: 0.106102 | Scalar: 0.104346 (RMSE: 0.3230) | Temporal: 0.132237 (RMSE: 0.3636)
Validation -> Loss: 0.096487 | Scalar: 0.090717 (RMSE: 0.3012) | Temporal: 0.131942 (RMSE: 0.3632)
============================================================
No improvement for 1 epoch(s)

============================================================
Epoch 44/150
Learning Rate: 0.000500
============================================================

============================================================
Epoch 44/150 Summary
============================================================
Training   -> Loss: 0.105336 | Scalar: 0.103417 (RMSE: 0.3216) | Temporal: 0.131776 (RMSE: 0.3630)
Validation -> Loss: 0.095263 | Scalar: 0.089672 (RMSE: 0.2995) | Temporal: 0.129969 (RMSE: 0.3605)
============================================================
No improvement for 2 epoch(s)

============================================================
Epoch 45/150
Learning Rate: 0.000500
============================================================

============================================================
Epoch 45/150 Summary
============================================================
Training   -> Loss: 0.105554 | Scalar: 0.103758 (RMSE: 0.3221) | Temporal: 0.131695 (RMSE: 0.3629)
Validation -> Loss: 0.095616 | Scalar: 0.090877 (RMSE: 0.3015) | Temporal: 0.128005 (RMSE: 0.3578)
============================================================
No improvement for 3 epoch(s)

============================================================
Epoch 46/150
Learning Rate: 0.000500
============================================================

============================================================
Epoch 46/150 Summary
============================================================
Training   -> Loss: 0.105021 | Scalar: 0.103121 (RMSE: 0.3211) | Temporal: 0.131345 (RMSE: 0.3624)
Validation -> Loss: 0.094102 | Scalar: 0.088266 (RMSE: 0.2971) | Temporal: 0.129263 (RMSE: 0.3595)
============================================================
No improvement for 4 epoch(s)

============================================================
Epoch 47/150
Learning Rate: 0.000500
============================================================

============================================================
Epoch 47/150 Summary
============================================================
Training   -> Loss: 0.104830 | Scalar: 0.102911 (RMSE: 0.3208) | Temporal: 0.131169 (RMSE: 0.3622)
Validation -> Loss: 0.094017 | Scalar: 0.089051 (RMSE: 0.2984) | Temporal: 0.126723 (RMSE: 0.3560)
============================================================
No improvement for 5 epoch(s)

============================================================
Epoch 48/150
Learning Rate: 0.000500
============================================================

============================================================
Epoch 48/150 Summary
============================================================
Training   -> Loss: 0.104975 | Scalar: 0.103128 (RMSE: 0.3211) | Temporal: 0.131142 (RMSE: 0.3621)
Validation -> Loss: 0.097043 | Scalar: 0.092127 (RMSE: 0.3035) | Temporal: 0.130216 (RMSE: 0.3609)
============================================================
No improvement for 6 epoch(s)

============================================================
Epoch 49/150
Learning Rate: 0.000250
============================================================

============================================================
Epoch 49/150 Summary
============================================================
Training   -> Loss: 0.100482 | Scalar: 0.098025 (RMSE: 0.3131) | Temporal: 0.127459 (RMSE: 0.3570)
Validation -> Loss: 0.091057 | Scalar: 0.085390 (RMSE: 0.2922) | Temporal: 0.125135 (RMSE: 0.3537)
============================================================
✓ New best model saved! Val Loss: 0.091057

============================================================
Epoch 50/150
Learning Rate: 0.000250
============================================================

============================================================
Epoch 50/150 Summary
============================================================
Training   -> Loss: 0.099471 | Scalar: 0.097006 (RMSE: 0.3115) | Temporal: 0.126269 (RMSE: 0.3553)
Validation -> Loss: 0.089739 | Scalar: 0.083866 (RMSE: 0.2896) | Temporal: 0.124130 (RMSE: 0.3523)
============================================================
✓ New best model saved! Val Loss: 0.089739

============================================================
Epoch 51/150
Learning Rate: 0.000250
============================================================

============================================================
Epoch 51/150 Summary
============================================================
Training   -> Loss: 0.099559 | Scalar: 0.097092 (RMSE: 0.3116) | Temporal: 0.126379 (RMSE: 0.3555)
Validation -> Loss: 0.091230 | Scalar: 0.086058 (RMSE: 0.2934) | Temporal: 0.123957 (RMSE: 0.3521)
============================================================
No improvement for 1 epoch(s)

============================================================
Epoch 52/150
Learning Rate: 0.000250
============================================================

============================================================
Epoch 52/150 Summary
============================================================
Training   -> Loss: 0.099190 | Scalar: 0.096564 (RMSE: 0.3107) | Temporal: 0.126380 (RMSE: 0.3555)
Validation -> Loss: 0.089579 | Scalar: 0.083836 (RMSE: 0.2895) | Temporal: 0.123577 (RMSE: 0.3515)
============================================================
✓ New best model saved! Val Loss: 0.089579

============================================================
Epoch 53/150
Learning Rate: 0.000250
============================================================

============================================================
Epoch 53/150 Summary
============================================================
Training   -> Loss: 0.098983 | Scalar: 0.096473 (RMSE: 0.3106) | Temporal: 0.125810 (RMSE: 0.3547)
Validation -> Loss: 0.090510 | Scalar: 0.084708 (RMSE: 0.2910) | Temporal: 0.124856 (RMSE: 0.3533)
============================================================
No improvement for 1 epoch(s)

============================================================
Epoch 54/150
Learning Rate: 0.000250
============================================================

============================================================
Epoch 54/150 Summary
============================================================
Training   -> Loss: 0.098657 | Scalar: 0.095993 (RMSE: 0.3098) | Temporal: 0.125846 (RMSE: 0.3547)
Validation -> Loss: 0.089858 | Scalar: 0.084080 (RMSE: 0.2900) | Temporal: 0.124010 (RMSE: 0.3522)
============================================================
No improvement for 2 epoch(s)

============================================================
Epoch 55/150
Learning Rate: 0.000250
============================================================

============================================================
Epoch 55/150 Summary
============================================================
Training   -> Loss: 0.098920 | Scalar: 0.096325 (RMSE: 0.3104) | Temporal: 0.125970 (RMSE: 0.3549)
Validation -> Loss: 0.089126 | Scalar: 0.082842 (RMSE: 0.2878) | Temporal: 0.124546 (RMSE: 0.3529)
============================================================
✓ New best model saved! Val Loss: 0.089126

============================================================
Epoch 56/150
Learning Rate: 0.000250
============================================================

============================================================
Epoch 56/150 Summary
============================================================
Training   -> Loss: 0.098566 | Scalar: 0.096012 (RMSE: 0.3099) | Temporal: 0.125430 (RMSE: 0.3542)
Validation -> Loss: 0.089811 | Scalar: 0.084229 (RMSE: 0.2902) | Temporal: 0.123403 (RMSE: 0.3513)
============================================================
No improvement for 1 epoch(s)

============================================================
Epoch 57/150
Learning Rate: 0.000250
============================================================

============================================================
Epoch 57/150 Summary
============================================================
Training   -> Loss: 0.098323 | Scalar: 0.095776 (RMSE: 0.3095) | Temporal: 0.125120 (RMSE: 0.3537)
Validation -> Loss: 0.090142 | Scalar: 0.084348 (RMSE: 0.2904) | Temporal: 0.124396 (RMSE: 0.3527)
============================================================
No improvement for 2 epoch(s)

============================================================
Epoch 58/150
Learning Rate: 0.000250
============================================================

============================================================
Epoch 58/150 Summary
============================================================
Training   -> Loss: 0.098310 | Scalar: 0.095757 (RMSE: 0.3094) | Temporal: 0.125121 (RMSE: 0.3537)
Validation -> Loss: 0.089985 | Scalar: 0.084276 (RMSE: 0.2903) | Temporal: 0.123969 (RMSE: 0.3521)
============================================================
No improvement for 3 epoch(s)

============================================================
Epoch 59/150
Learning Rate: 0.000250
============================================================

============================================================
Epoch 59/150 Summary
============================================================
Training   -> Loss: 0.098450 | Scalar: 0.095971 (RMSE: 0.3098) | Temporal: 0.125081 (RMSE: 0.3537)
Validation -> Loss: 0.091249 | Scalar: 0.086573 (RMSE: 0.2942) | Temporal: 0.122593 (RMSE: 0.3501)
============================================================
No improvement for 4 epoch(s)

============================================================
Epoch 60/150
Learning Rate: 0.000250
============================================================

============================================================
Epoch 60/150 Summary
============================================================
Training   -> Loss: 0.098306 | Scalar: 0.095694 (RMSE: 0.3093) | Temporal: 0.125281 (RMSE: 0.3540)
Validation -> Loss: 0.089796 | Scalar: 0.084247 (RMSE: 0.2903) | Temporal: 0.123289 (RMSE: 0.3511)
============================================================
No improvement for 5 epoch(s)

============================================================
Epoch 61/150
Learning Rate: 0.000250
============================================================

============================================================
Epoch 61/150 Summary
============================================================
Training   -> Loss: 0.098172 | Scalar: 0.095580 (RMSE: 0.3092) | Temporal: 0.125063 (RMSE: 0.3536)
Validation -> Loss: 0.089189 | Scalar: 0.083281 (RMSE: 0.2886) | Temporal: 0.123569 (RMSE: 0.3515)
============================================================
No improvement for 6 epoch(s)

============================================================
Epoch 62/150
Learning Rate: 0.000125
============================================================

============================================================
Epoch 62/150 Summary
============================================================
Training   -> Loss: 0.095938 | Scalar: 0.093027 (RMSE: 0.3050) | Temporal: 0.123275 (RMSE: 0.3511)
Validation -> Loss: 0.088242 | Scalar: 0.082767 (RMSE: 0.2877) | Temporal: 0.121221 (RMSE: 0.3482)
============================================================
✓ New best model saved! Val Loss: 0.088242

============================================================
Epoch 63/150
Learning Rate: 0.000125
============================================================

============================================================
Epoch 63/150 Summary
============================================================
Training   -> Loss: 0.095441 | Scalar: 0.092526 (RMSE: 0.3042) | Temporal: 0.122691 (RMSE: 0.3503)
Validation -> Loss: 0.087210 | Scalar: 0.081397 (RMSE: 0.2853) | Temporal: 0.120929 (RMSE: 0.3477)
============================================================
✓ New best model saved! Val Loss: 0.087210

============================================================
Epoch 64/150
Learning Rate: 0.000125
============================================================

============================================================
Epoch 64/150 Summary
============================================================
Training   -> Loss: 0.095810 | Scalar: 0.093024 (RMSE: 0.3050) | Temporal: 0.122772 (RMSE: 0.3504)
Validation -> Loss: 0.088031 | Scalar: 0.082282 (RMSE: 0.2868) | Temporal: 0.121736 (RMSE: 0.3489)
============================================================
No improvement for 1 epoch(s)

============================================================
Epoch 65/150
Learning Rate: 0.000125
============================================================

============================================================
Epoch 65/150 Summary
============================================================
Training   -> Loss: 0.095483 | Scalar: 0.092525 (RMSE: 0.3042) | Temporal: 0.122862 (RMSE: 0.3505)
Validation -> Loss: 0.086519 | Scalar: 0.080326 (RMSE: 0.2834) | Temporal: 0.121164 (RMSE: 0.3481)
============================================================
✓ New best model saved! Val Loss: 0.086519

============================================================
Epoch 66/150
Learning Rate: 0.000125
============================================================

============================================================
Epoch 66/150 Summary
============================================================
Training   -> Loss: 0.095042 | Scalar: 0.092089 (RMSE: 0.3035) | Temporal: 0.122319 (RMSE: 0.3497)
Validation -> Loss: 0.087670 | Scalar: 0.081621 (RMSE: 0.2857) | Temporal: 0.122142 (RMSE: 0.3495)
============================================================
No improvement for 1 epoch(s)

============================================================
Epoch 67/150
Learning Rate: 0.000125
============================================================

============================================================
Epoch 67/150 Summary
============================================================
Training   -> Loss: 0.095214 | Scalar: 0.092223 (RMSE: 0.3037) | Temporal: 0.122629 (RMSE: 0.3502)
Validation -> Loss: 0.086376 | Scalar: 0.080182 (RMSE: 0.2832) | Temporal: 0.120994 (RMSE: 0.3478)
============================================================
✓ New best model saved! Val Loss: 0.086376

============================================================
Epoch 68/150
Learning Rate: 0.000125
============================================================

============================================================
Epoch 68/150 Summary
============================================================
Training   -> Loss: 0.095342 | Scalar: 0.092347 (RMSE: 0.3039) | Temporal: 0.122794 (RMSE: 0.3504)
Validation -> Loss: 0.086858 | Scalar: 0.080463 (RMSE: 0.2837) | Temporal: 0.122137 (RMSE: 0.3495)
============================================================
No improvement for 1 epoch(s)

============================================================
Epoch 69/150
Learning Rate: 0.000125
============================================================

============================================================
Epoch 69/150 Summary
============================================================
Training   -> Loss: 0.095021 | Scalar: 0.092177 (RMSE: 0.3036) | Temporal: 0.121987 (RMSE: 0.3493)
Validation -> Loss: 0.087669 | Scalar: 0.081875 (RMSE: 0.2861) | Temporal: 0.121424 (RMSE: 0.3485)
============================================================
No improvement for 2 epoch(s)

============================================================
Epoch 70/150
Learning Rate: 0.000125
============================================================

============================================================
Epoch 70/150 Summary
============================================================
Training   -> Loss: 0.094902 | Scalar: 0.092036 (RMSE: 0.3034) | Temporal: 0.121909 (RMSE: 0.3492)
Validation -> Loss: 0.088045 | Scalar: 0.082128 (RMSE: 0.2866) | Temporal: 0.122221 (RMSE: 0.3496)
============================================================
No improvement for 3 epoch(s)

============================================================
Epoch 71/150
Learning Rate: 0.000125
============================================================

============================================================
Epoch 71/150 Summary
============================================================
Training   -> Loss: 0.095069 | Scalar: 0.092115 (RMSE: 0.3035) | Temporal: 0.122354 (RMSE: 0.3498)
Validation -> Loss: 0.086995 | Scalar: 0.081053 (RMSE: 0.2847) | Temporal: 0.121033 (RMSE: 0.3479)
============================================================
No improvement for 4 epoch(s)

============================================================
Epoch 72/150
Learning Rate: 0.000125
============================================================

============================================================
Epoch 72/150 Summary
============================================================
Training   -> Loss: 0.094847 | Scalar: 0.091901 (RMSE: 0.3032) | Temporal: 0.122064 (RMSE: 0.3494)
Validation -> Loss: 0.086899 | Scalar: 0.080502 (RMSE: 0.2837) | Temporal: 0.122193 (RMSE: 0.3496)
============================================================
No improvement for 5 epoch(s)

============================================================
Epoch 73/150
Learning Rate: 0.000125
============================================================

============================================================
Epoch 73/150 Summary
============================================================
Training   -> Loss: 0.094842 | Scalar: 0.091987 (RMSE: 0.3033) | Temporal: 0.121804 (RMSE: 0.3490)
Validation -> Loss: 0.086070 | Scalar: 0.080347 (RMSE: 0.2835) | Temporal: 0.119306 (RMSE: 0.3454)
============================================================
✓ New best model saved! Val Loss: 0.086070

============================================================
Epoch 74/150
Learning Rate: 0.000125
============================================================

============================================================
Epoch 74/150 Summary
============================================================
Training   -> Loss: 0.094581 | Scalar: 0.091546 (RMSE: 0.3026) | Temporal: 0.121996 (RMSE: 0.3493)
Validation -> Loss: 0.087055 | Scalar: 0.081270 (RMSE: 0.2851) | Temporal: 0.120663 (RMSE: 0.3474)
============================================================
No improvement for 1 epoch(s)

============================================================
Epoch 75/150
Learning Rate: 0.000125
============================================================

============================================================
Epoch 75/150 Summary
============================================================
Training   -> Loss: 0.094574 | Scalar: 0.091554 (RMSE: 0.3026) | Temporal: 0.121947 (RMSE: 0.3492)
Validation -> Loss: 0.085551 | Scalar: 0.079302 (RMSE: 0.2816) | Temporal: 0.120157 (RMSE: 0.3466)
============================================================
✓ New best model saved! Val Loss: 0.085551

============================================================
Epoch 76/150
Learning Rate: 0.000125
============================================================

============================================================
Epoch 76/150 Summary
============================================================
Training   -> Loss: 0.094867 | Scalar: 0.091907 (RMSE: 0.3032) | Temporal: 0.122129 (RMSE: 0.3495)
Validation -> Loss: 0.086698 | Scalar: 0.080669 (RMSE: 0.2840) | Temporal: 0.120918 (RMSE: 0.3477)
============================================================
No improvement for 1 epoch(s)

============================================================
Epoch 77/150
Learning Rate: 0.000125
============================================================

============================================================
Epoch 77/150 Summary
============================================================
Training   -> Loss: 0.094516 | Scalar: 0.091603 (RMSE: 0.3027) | Temporal: 0.121574 (RMSE: 0.3487)
Validation -> Loss: 0.086813 | Scalar: 0.081256 (RMSE: 0.2851) | Temporal: 0.119733 (RMSE: 0.3460)
============================================================
No improvement for 2 epoch(s)

============================================================
Epoch 78/150
Learning Rate: 0.000125
============================================================

============================================================
Epoch 78/150 Summary
============================================================
Training   -> Loss: 0.094700 | Scalar: 0.091699 (RMSE: 0.3028) | Temporal: 0.122043 (RMSE: 0.3493)
Validation -> Loss: 0.088970 | Scalar: 0.084061 (RMSE: 0.2899) | Temporal: 0.120509 (RMSE: 0.3471)
============================================================
No improvement for 3 epoch(s)

============================================================
Epoch 79/150
Learning Rate: 0.000125
============================================================

============================================================
Epoch 79/150 Summary
============================================================
Training   -> Loss: 0.094559 | Scalar: 0.091607 (RMSE: 0.3027) | Temporal: 0.121738 (RMSE: 0.3489)
Validation -> Loss: 0.085457 | Scalar: 0.079346 (RMSE: 0.2817) | Temporal: 0.119657 (RMSE: 0.3459)
============================================================
✓ New best model saved! Val Loss: 0.085457

============================================================
Epoch 80/150
Learning Rate: 0.000125
============================================================

============================================================
Epoch 80/150 Summary
============================================================
Training   -> Loss: 0.094431 | Scalar: 0.091349 (RMSE: 0.3022) | Temporal: 0.121946 (RMSE: 0.3492)
Validation -> Loss: 0.087744 | Scalar: 0.082056 (RMSE: 0.2865) | Temporal: 0.121219 (RMSE: 0.3482)
============================================================
No improvement for 1 epoch(s)

============================================================
Epoch 81/150
Learning Rate: 0.000125
============================================================

============================================================
Epoch 81/150 Summary
============================================================
Training   -> Loss: 0.094410 | Scalar: 0.091341 (RMSE: 0.3022) | Temporal: 0.121886 (RMSE: 0.3491)
Validation -> Loss: 0.086694 | Scalar: 0.080535 (RMSE: 0.2838) | Temporal: 0.121281 (RMSE: 0.3483)
============================================================
No improvement for 2 epoch(s)

============================================================
Epoch 82/150
Learning Rate: 0.000125
============================================================

============================================================
Epoch 82/150 Summary
============================================================
Training   -> Loss: 0.094174 | Scalar: 0.091000 (RMSE: 0.3017) | Temporal: 0.121896 (RMSE: 0.3491)
Validation -> Loss: 0.087426 | Scalar: 0.081736 (RMSE: 0.2859) | Temporal: 0.120845 (RMSE: 0.3476)
============================================================
No improvement for 3 epoch(s)

============================================================
Epoch 83/150
Learning Rate: 0.000125
============================================================

============================================================
Epoch 83/150 Summary
============================================================
Training   -> Loss: 0.094299 | Scalar: 0.091342 (RMSE: 0.3022) | Temporal: 0.121440 (RMSE: 0.3485)
Validation -> Loss: 0.087021 | Scalar: 0.081351 (RMSE: 0.2852) | Temporal: 0.120302 (RMSE: 0.3468)
============================================================
No improvement for 4 epoch(s)

============================================================
Epoch 84/150
Learning Rate: 0.000125
============================================================

============================================================
Epoch 84/150 Summary
============================================================
Training   -> Loss: 0.094747 | Scalar: 0.091774 (RMSE: 0.3029) | Temporal: 0.122021 (RMSE: 0.3493)
Validation -> Loss: 0.085763 | Scalar: 0.079011 (RMSE: 0.2811) | Temporal: 0.121823 (RMSE: 0.3490)
============================================================
No improvement for 5 epoch(s)

============================================================
Epoch 85/150
Learning Rate: 0.000125
============================================================

============================================================
Epoch 85/150 Summary
============================================================
Training   -> Loss: 0.094291 | Scalar: 0.091319 (RMSE: 0.3022) | Temporal: 0.121471 (RMSE: 0.3485)
Validation -> Loss: 0.085096 | Scalar: 0.078785 (RMSE: 0.2807) | Temporal: 0.119786 (RMSE: 0.3461)
============================================================
✓ New best model saved! Val Loss: 0.085096

============================================================
Epoch 86/150
Learning Rate: 0.000125
============================================================

============================================================
Epoch 86/150 Summary
============================================================
Training   -> Loss: 0.094389 | Scalar: 0.091430 (RMSE: 0.3024) | Temporal: 0.121550 (RMSE: 0.3486)
Validation -> Loss: 0.086718 | Scalar: 0.080796 (RMSE: 0.2842) | Temporal: 0.120642 (RMSE: 0.3473)
============================================================
No improvement for 1 epoch(s)

============================================================
Epoch 87/150
Learning Rate: 0.000125
============================================================

============================================================
Epoch 87/150 Summary
============================================================
Training   -> Loss: 0.093846 | Scalar: 0.090879 (RMSE: 0.3015) | Temporal: 0.120924 (RMSE: 0.3477)
Validation -> Loss: 0.086227 | Scalar: 0.080423 (RMSE: 0.2836) | Temporal: 0.119723 (RMSE: 0.3460)
============================================================
No improvement for 2 epoch(s)

============================================================
Epoch 88/150
Learning Rate: 0.000125
============================================================

============================================================
Epoch 88/150 Summary
============================================================
Training   -> Loss: 0.093843 | Scalar: 0.090850 (RMSE: 0.3014) | Temporal: 0.120994 (RMSE: 0.3478)
Validation -> Loss: 0.086591 | Scalar: 0.080919 (RMSE: 0.2845) | Temporal: 0.119792 (RMSE: 0.3461)
============================================================
No improvement for 3 epoch(s)

============================================================
Epoch 89/150
Learning Rate: 0.000125
============================================================

============================================================
Epoch 89/150 Summary
============================================================
Training   -> Loss: 0.093843 | Scalar: 0.090697 (RMSE: 0.3012) | Temporal: 0.121422 (RMSE: 0.3485)
Validation -> Loss: 0.085364 | Scalar: 0.079313 (RMSE: 0.2816) | Temporal: 0.119382 (RMSE: 0.3455)
============================================================
No improvement for 4 epoch(s)

============================================================
Epoch 90/150
Learning Rate: 0.000125
============================================================

============================================================
Epoch 90/150 Summary
============================================================
Training   -> Loss: 0.094287 | Scalar: 0.091360 (RMSE: 0.3023) | Temporal: 0.121341 (RMSE: 0.3483)
Validation -> Loss: 0.084683 | Scalar: 0.078002 (RMSE: 0.2793) | Temporal: 0.120325 (RMSE: 0.3469)
============================================================
✓ New best model saved! Val Loss: 0.084683

============================================================
Epoch 91/150
Learning Rate: 0.000125
============================================================

============================================================
Epoch 91/150 Summary
============================================================
Training   -> Loss: 0.093861 | Scalar: 0.090802 (RMSE: 0.3013) | Temporal: 0.121198 (RMSE: 0.3481)
Validation -> Loss: 0.085843 | Scalar: 0.079842 (RMSE: 0.2826) | Temporal: 0.119814 (RMSE: 0.3461)
============================================================
No improvement for 1 epoch(s)

============================================================
Epoch 92/150
Learning Rate: 0.000125
============================================================

============================================================
Epoch 92/150 Summary
============================================================
Training   -> Loss: 0.094028 | Scalar: 0.091064 (RMSE: 0.3018) | Temporal: 0.121133 (RMSE: 0.3480)
Validation -> Loss: 0.084631 | Scalar: 0.078186 (RMSE: 0.2796) | Temporal: 0.119602 (RMSE: 0.3458)
============================================================
✓ New best model saved! Val Loss: 0.084631

============================================================
Epoch 93/150
Learning Rate: 0.000125
============================================================

============================================================
Epoch 93/150 Summary
============================================================
Training   -> Loss: 0.093792 | Scalar: 0.090778 (RMSE: 0.3013) | Temporal: 0.120991 (RMSE: 0.3478)
Validation -> Loss: 0.087663 | Scalar: 0.081926 (RMSE: 0.2862) | Temporal: 0.121261 (RMSE: 0.3482)
============================================================
No improvement for 1 epoch(s)

============================================================
Epoch 94/150
Learning Rate: 0.000125
============================================================

============================================================
Epoch 94/150 Summary
============================================================
Training   -> Loss: 0.093934 | Scalar: 0.090868 (RMSE: 0.3014) | Temporal: 0.121308 (RMSE: 0.3483)
Validation -> Loss: 0.084994 | Scalar: 0.079003 (RMSE: 0.2811) | Temporal: 0.118765 (RMSE: 0.3446)
============================================================
No improvement for 2 epoch(s)

============================================================
Epoch 95/150
Learning Rate: 0.000125
============================================================

============================================================
Epoch 95/150 Summary
============================================================
Training   -> Loss: 0.093470 | Scalar: 0.090222 (RMSE: 0.3004) | Temporal: 0.121257 (RMSE: 0.3482)
Validation -> Loss: 0.085812 | Scalar: 0.079701 (RMSE: 0.2823) | Temporal: 0.120084 (RMSE: 0.3465)
============================================================
No improvement for 3 epoch(s)

============================================================
Epoch 96/150
Learning Rate: 0.000125
============================================================

============================================================
Epoch 96/150 Summary
============================================================
Training   -> Loss: 0.093705 | Scalar: 0.090674 (RMSE: 0.3011) | Temporal: 0.120934 (RMSE: 0.3478)
Validation -> Loss: 0.086813 | Scalar: 0.081330 (RMSE: 0.2852) | Temporal: 0.119526 (RMSE: 0.3457)
============================================================
No improvement for 4 epoch(s)

============================================================
Epoch 97/150
Learning Rate: 0.000125
============================================================

============================================================
Epoch 97/150 Summary
============================================================
Training   -> Loss: 0.093613 | Scalar: 0.090549 (RMSE: 0.3009) | Temporal: 0.120916 (RMSE: 0.3477)
Validation -> Loss: 0.085864 | Scalar: 0.079678 (RMSE: 0.2823) | Temporal: 0.120357 (RMSE: 0.3469)
============================================================
No improvement for 5 epoch(s)

============================================================
Epoch 98/150
Learning Rate: 0.000125
============================================================

============================================================
Epoch 98/150 Summary
============================================================
Training   -> Loss: 0.093361 | Scalar: 0.090267 (RMSE: 0.3004) | Temporal: 0.120695 (RMSE: 0.3474)
Validation -> Loss: 0.088766 | Scalar: 0.082981 (RMSE: 0.2881) | Temporal: 0.122716 (RMSE: 0.3503)
============================================================
No improvement for 6 epoch(s)

============================================================
Epoch 99/150
Learning Rate: 0.000063
============================================================

============================================================
Epoch 99/150 Summary
============================================================
Training   -> Loss: 0.092566 | Scalar: 0.089234 (RMSE: 0.2987) | Temporal: 0.120410 (RMSE: 0.3470)
Validation -> Loss: 0.085407 | Scalar: 0.079247 (RMSE: 0.2815) | Temporal: 0.119736 (RMSE: 0.3460)
============================================================
No improvement for 7 epoch(s)

============================================================
Epoch 100/150
Learning Rate: 0.000063
============================================================

============================================================
Epoch 100/150 Summary
============================================================
Training   -> Loss: 0.092402 | Scalar: 0.089098 (RMSE: 0.2985) | Temporal: 0.120133 (RMSE: 0.3466)
Validation -> Loss: 0.084847 | Scalar: 0.079197 (RMSE: 0.2814) | Temporal: 0.117635 (RMSE: 0.3430)
============================================================
No improvement for 8 epoch(s)

============================================================
Epoch 101/150
Learning Rate: 0.000063
============================================================

============================================================
Epoch 101/150 Summary
============================================================
Training   -> Loss: 0.092221 | Scalar: 0.088932 (RMSE: 0.2982) | Temporal: 0.119873 (RMSE: 0.3462)
Validation -> Loss: 0.085392 | Scalar: 0.079509 (RMSE: 0.2820) | Temporal: 0.118942 (RMSE: 0.3449)
============================================================
No improvement for 9 epoch(s)

============================================================
Epoch 102/150
Learning Rate: 0.000063
============================================================

============================================================
Epoch 102/150 Summary
============================================================
Training   -> Loss: 0.092441 | Scalar: 0.089209 (RMSE: 0.2987) | Temporal: 0.119981 (RMSE: 0.3464)
Validation -> Loss: 0.085293 | Scalar: 0.079634 (RMSE: 0.2822) | Temporal: 0.118196 (RMSE: 0.3438)
============================================================
No improvement for 10 epoch(s)

============================================================
Epoch 103/150
Learning Rate: 0.000063
============================================================

============================================================
Epoch 103/150 Summary
============================================================
Training   -> Loss: 0.092226 | Scalar: 0.089029 (RMSE: 0.2984) | Temporal: 0.119622 (RMSE: 0.3459)
Validation -> Loss: 0.084374 | Scalar: 0.078160 (RMSE: 0.2796) | Temporal: 0.118646 (RMSE: 0.3444)
============================================================
✓ New best model saved! Val Loss: 0.084374

============================================================
Epoch 104/150
Learning Rate: 0.000063
============================================================

============================================================
Epoch 104/150 Summary
============================================================
Training   -> Loss: 0.092024 | Scalar: 0.088818 (RMSE: 0.2980) | Temporal: 0.119407 (RMSE: 0.3456)
Validation -> Loss: 0.086187 | Scalar: 0.080318 (RMSE: 0.2834) | Temporal: 0.119859 (RMSE: 0.3462)
============================================================
No improvement for 1 epoch(s)

============================================================
Epoch 105/150
Learning Rate: 0.000063
============================================================

============================================================
Epoch 105/150 Summary
============================================================
Training   -> Loss: 0.092064 | Scalar: 0.088842 (RMSE: 0.2981) | Temporal: 0.119497 (RMSE: 0.3457)
Validation -> Loss: 0.086073 | Scalar: 0.080639 (RMSE: 0.2840) | Temporal: 0.118502 (RMSE: 0.3442)
============================================================
No improvement for 2 epoch(s)

============================================================
Epoch 106/150
Learning Rate: 0.000063
============================================================

============================================================
Epoch 106/150 Summary
============================================================
Training   -> Loss: 0.091999 | Scalar: 0.088607 (RMSE: 0.2977) | Temporal: 0.119898 (RMSE: 0.3463)
Validation -> Loss: 0.085400 | Scalar: 0.079648 (RMSE: 0.2822) | Temporal: 0.118587 (RMSE: 0.3444)
============================================================
No improvement for 3 epoch(s)

============================================================
Epoch 107/150
Learning Rate: 0.000063
============================================================

============================================================
Epoch 107/150 Summary
============================================================
Training   -> Loss: 0.091975 | Scalar: 0.088708 (RMSE: 0.2978) | Temporal: 0.119518 (RMSE: 0.3457)
Validation -> Loss: 0.084289 | Scalar: 0.078413 (RMSE: 0.2800) | Temporal: 0.117601 (RMSE: 0.3429)
============================================================
✓ New best model saved! Val Loss: 0.084289

============================================================
Epoch 108/150
Learning Rate: 0.000063
============================================================

============================================================
Epoch 108/150 Summary
============================================================
Training   -> Loss: 0.092301 | Scalar: 0.089191 (RMSE: 0.2986) | Temporal: 0.119470 (RMSE: 0.3456)
Validation -> Loss: 0.083369 | Scalar: 0.077066 (RMSE: 0.2776) | Temporal: 0.117691 (RMSE: 0.3431)
============================================================
✓ New best model saved! Val Loss: 0.083369

============================================================
Epoch 109/150
Learning Rate: 0.000063
============================================================

============================================================
Epoch 109/150 Summary
============================================================
Training   -> Loss: 0.092188 | Scalar: 0.088943 (RMSE: 0.2982) | Temporal: 0.119712 (RMSE: 0.3460)
Validation -> Loss: 0.083926 | Scalar: 0.078332 (RMSE: 0.2799) | Temporal: 0.116372 (RMSE: 0.3411)
============================================================
No improvement for 1 epoch(s)

============================================================
Epoch 110/150
Learning Rate: 0.000063
============================================================

============================================================
Epoch 110/150 Summary
============================================================
Training   -> Loss: 0.092291 | Scalar: 0.089005 (RMSE: 0.2983) | Temporal: 0.119949 (RMSE: 0.3463)
Validation -> Loss: 0.083815 | Scalar: 0.077460 (RMSE: 0.2783) | Temporal: 0.118372 (RMSE: 0.3441)
============================================================
No improvement for 2 epoch(s)

============================================================
Epoch 111/150
Learning Rate: 0.000063
============================================================

============================================================
Epoch 111/150 Summary
============================================================
Training   -> Loss: 0.092200 | Scalar: 0.089042 (RMSE: 0.2984) | Temporal: 0.119483 (RMSE: 0.3457)
Validation -> Loss: 0.086558 | Scalar: 0.080950 (RMSE: 0.2845) | Temporal: 0.119573 (RMSE: 0.3458)
============================================================
No improvement for 3 epoch(s)

============================================================
Epoch 112/150
Learning Rate: 0.000063
============================================================

============================================================
Epoch 112/150 Summary
============================================================
Training   -> Loss: 0.091658 | Scalar: 0.088367 (RMSE: 0.2973) | Temporal: 0.119205 (RMSE: 0.3453)
Validation -> Loss: 0.086047 | Scalar: 0.080697 (RMSE: 0.2841) | Temporal: 0.118238 (RMSE: 0.3439)
============================================================
No improvement for 4 epoch(s)

============================================================
Epoch 113/150
Learning Rate: 0.000063
============================================================

============================================================
Epoch 113/150 Summary
============================================================
Training   -> Loss: 0.092354 | Scalar: 0.089109 (RMSE: 0.2985) | Temporal: 0.119912 (RMSE: 0.3463)
Validation -> Loss: 0.085512 | Scalar: 0.079449 (RMSE: 0.2819) | Temporal: 0.119594 (RMSE: 0.3458)
============================================================
No improvement for 5 epoch(s)

============================================================
Epoch 114/150
Learning Rate: 0.000063
============================================================

============================================================
Epoch 114/150 Summary
============================================================
Training   -> Loss: 0.091520 | Scalar: 0.088217 (RMSE: 0.2970) | Temporal: 0.119072 (RMSE: 0.3451)
Validation -> Loss: 0.085043 | Scalar: 0.078980 (RMSE: 0.2810) | Temporal: 0.119027 (RMSE: 0.3450)
============================================================
No improvement for 6 epoch(s)

============================================================
Epoch 115/150
Learning Rate: 0.000031
============================================================

============================================================
Epoch 115/150 Summary
============================================================
Training   -> Loss: 0.091261 | Scalar: 0.087845 (RMSE: 0.2964) | Temporal: 0.119075 (RMSE: 0.3451)
Validation -> Loss: 0.083894 | Scalar: 0.077467 (RMSE: 0.2783) | Temporal: 0.118669 (RMSE: 0.3445)
============================================================
No improvement for 7 epoch(s)

============================================================
Epoch 116/150
Learning Rate: 0.000031
============================================================

============================================================
Epoch 116/150 Summary
============================================================
Training   -> Loss: 0.091225 | Scalar: 0.087914 (RMSE: 0.2965) | Temporal: 0.118742 (RMSE: 0.3446)
Validation -> Loss: 0.083754 | Scalar: 0.078233 (RMSE: 0.2797) | Temporal: 0.115963 (RMSE: 0.3405)
============================================================
No improvement for 8 epoch(s)

============================================================
Epoch 117/150
Learning Rate: 0.000031
============================================================

============================================================
Epoch 117/150 Summary
============================================================
Training   -> Loss: 0.091428 | Scalar: 0.088032 (RMSE: 0.2967) | Temporal: 0.119223 (RMSE: 0.3453)
Validation -> Loss: 0.083549 | Scalar: 0.077202 (RMSE: 0.2779) | Temporal: 0.118028 (RMSE: 0.3436)
============================================================
No improvement for 9 epoch(s)

============================================================
Epoch 118/150
Learning Rate: 0.000031
============================================================

============================================================
Epoch 118/150 Summary
============================================================
Training   -> Loss: 0.091235 | Scalar: 0.087859 (RMSE: 0.2964) | Temporal: 0.118934 (RMSE: 0.3449)
Validation -> Loss: 0.082720 | Scalar: 0.076272 (RMSE: 0.2762) | Temporal: 0.117317 (RMSE: 0.3425)
============================================================
✓ New best model saved! Val Loss: 0.082720

============================================================
Epoch 119/150
Learning Rate: 0.000031
============================================================

============================================================
Epoch 119/150 Summary
============================================================
Training   -> Loss: 0.090974 | Scalar: 0.087551 (RMSE: 0.2959) | Temporal: 0.118754 (RMSE: 0.3446)
Validation -> Loss: 0.083568 | Scalar: 0.077218 (RMSE: 0.2779) | Temporal: 0.118060 (RMSE: 0.3436)
============================================================
No improvement for 1 epoch(s)

============================================================
Epoch 120/150
Learning Rate: 0.000031
============================================================

============================================================
Epoch 120/150 Summary
============================================================
Training   -> Loss: 0.090988 | Scalar: 0.087621 (RMSE: 0.2960) | Temporal: 0.118615 (RMSE: 0.3444)
Validation -> Loss: 0.084228 | Scalar: 0.077819 (RMSE: 0.2790) | Temporal: 0.119018 (RMSE: 0.3450)
============================================================
No improvement for 2 epoch(s)

============================================================
Epoch 121/150
Learning Rate: 0.000031
============================================================

============================================================
Epoch 121/150 Summary
============================================================
Training   -> Loss: 0.091279 | Scalar: 0.087870 (RMSE: 0.2964) | Temporal: 0.119079 (RMSE: 0.3451)
Validation -> Loss: 0.083087 | Scalar: 0.076933 (RMSE: 0.2774) | Temporal: 0.116937 (RMSE: 0.3420)
============================================================
No improvement for 3 epoch(s)

============================================================
Epoch 122/150
Learning Rate: 0.000031
============================================================

============================================================
Epoch 122/150 Summary
============================================================
Training   -> Loss: 0.091064 | Scalar: 0.087626 (RMSE: 0.2960) | Temporal: 0.118903 (RMSE: 0.3448)
Validation -> Loss: 0.083373 | Scalar: 0.077601 (RMSE: 0.2786) | Temporal: 0.116212 (RMSE: 0.3409)
============================================================
No improvement for 4 epoch(s)

============================================================
Epoch 123/150
Learning Rate: 0.000031
============================================================

============================================================
Epoch 123/150 Summary
============================================================
Training   -> Loss: 0.090902 | Scalar: 0.087621 (RMSE: 0.2960) | Temporal: 0.118272 (RMSE: 0.3439)
Validation -> Loss: 0.084273 | Scalar: 0.078283 (RMSE: 0.2798) | Temporal: 0.117900 (RMSE: 0.3434)
============================================================
No improvement for 5 epoch(s)

============================================================
Epoch 124/150
Learning Rate: 0.000031
============================================================

============================================================
Epoch 124/150 Summary
============================================================
Training   -> Loss: 0.091156 | Scalar: 0.087829 (RMSE: 0.2964) | Temporal: 0.118704 (RMSE: 0.3445)
Validation -> Loss: 0.083868 | Scalar: 0.077876 (RMSE: 0.2791) | Temporal: 0.117422 (RMSE: 0.3427)
============================================================
No improvement for 6 epoch(s)

============================================================
Epoch 125/150
Learning Rate: 0.000016
============================================================

============================================================
Epoch 125/150 Summary
============================================================
Training   -> Loss: 0.090850 | Scalar: 0.087492 (RMSE: 0.2958) | Temporal: 0.118420 (RMSE: 0.3441)
Validation -> Loss: 0.083325 | Scalar: 0.076722 (RMSE: 0.2770) | Temporal: 0.118480 (RMSE: 0.3442)
============================================================
No improvement for 7 epoch(s)

============================================================
Epoch 126/150
Learning Rate: 0.000016
============================================================

============================================================
Epoch 126/150 Summary
============================================================
Training   -> Loss: 0.090592 | Scalar: 0.087122 (RMSE: 0.2952) | Temporal: 0.118427 (RMSE: 0.3441)
Validation -> Loss: 0.083202 | Scalar: 0.077640 (RMSE: 0.2786) | Temporal: 0.115414 (RMSE: 0.3397)
============================================================
No improvement for 8 epoch(s)

============================================================
Epoch 127/150
Learning Rate: 0.000016
============================================================

============================================================
Epoch 127/150 Summary
============================================================
Training   -> Loss: 0.090746 | Scalar: 0.087361 (RMSE: 0.2956) | Temporal: 0.118375 (RMSE: 0.3441)
Validation -> Loss: 0.083758 | Scalar: 0.077594 (RMSE: 0.2786) | Temporal: 0.117767 (RMSE: 0.3432)
============================================================
No improvement for 9 epoch(s)

============================================================
Epoch 128/150
Learning Rate: 0.000016
============================================================

============================================================
Epoch 128/150 Summary
============================================================
Training   -> Loss: 0.090735 | Scalar: 0.087307 (RMSE: 0.2955) | Temporal: 0.118480 (RMSE: 0.3442)
Validation -> Loss: 0.084309 | Scalar: 0.078290 (RMSE: 0.2798) | Temporal: 0.118024 (RMSE: 0.3435)
============================================================
No improvement for 10 epoch(s)

============================================================
Epoch 129/150
Learning Rate: 0.000016
============================================================

============================================================
Epoch 129/150 Summary
============================================================
Training   -> Loss: 0.090582 | Scalar: 0.087074 (RMSE: 0.2951) | Temporal: 0.118519 (RMSE: 0.3443)
Validation -> Loss: 0.084274 | Scalar: 0.078430 (RMSE: 0.2801) | Temporal: 0.117492 (RMSE: 0.3428)
============================================================
No improvement for 11 epoch(s)

============================================================
Epoch 130/150
Learning Rate: 0.000016
============================================================

============================================================
Epoch 130/150 Summary
============================================================
Training   -> Loss: 0.090644 | Scalar: 0.087246 (RMSE: 0.2954) | Temporal: 0.118285 (RMSE: 0.3439)
Validation -> Loss: 0.083803 | Scalar: 0.077698 (RMSE: 0.2787) | Temporal: 0.117657 (RMSE: 0.3430)
============================================================
No improvement for 12 epoch(s)

============================================================
Epoch 131/150
Learning Rate: 0.000008
============================================================

============================================================
Epoch 131/150 Summary
============================================================
Training   -> Loss: 0.090366 | Scalar: 0.086947 (RMSE: 0.2949) | Temporal: 0.118009 (RMSE: 0.3435)
Validation -> Loss: 0.083283 | Scalar: 0.077327 (RMSE: 0.2781) | Temporal: 0.116618 (RMSE: 0.3415)
============================================================
No improvement for 13 epoch(s)

============================================================
Epoch 132/150
Learning Rate: 0.000008
============================================================

============================================================
Epoch 132/150 Summary
============================================================
Training   -> Loss: 0.090909 | Scalar: 0.087612 (RMSE: 0.2960) | Temporal: 0.118324 (RMSE: 0.3440)
Validation -> Loss: 0.083613 | Scalar: 0.077317 (RMSE: 0.2781) | Temporal: 0.117966 (RMSE: 0.3435)
============================================================
No improvement for 14 epoch(s)

============================================================
Epoch 133/150
Learning Rate: 0.000008
============================================================

============================================================
Epoch 133/150 Summary
============================================================
Training   -> Loss: 0.090254 | Scalar: 0.086789 (RMSE: 0.2946) | Temporal: 0.118006 (RMSE: 0.3435)
Validation -> Loss: 0.083017 | Scalar: 0.076458 (RMSE: 0.2765) | Temporal: 0.117986 (RMSE: 0.3435)
============================================================
No improvement for 15 epoch(s)

Early stopping triggered after 15 epochs without improvement
Best validation loss: 0.082720

============================================================
TRAINING COMPLETED
============================================================
Best validation loss: 0.082720
Best validation RMSE: 0.287610
Final train loss: 0.090254
Final val loss: 0.083017
Total Training Time: 24:05:43
Models saved to: src/trained_weights/UMambaMag_v3_STEAD_20251114_072608
============================================================

==================================================

