2025-11-10 13:21:41,868 | seisbench | WARNING | Setting remote root to: https://seisbench.gfz.de/mirror/
Please note that this can affect your download speed.
2025-11-10 13:22:02,697 | seisbench | WARNING | Output component order not specified, defaulting to 'ZNE'.
2025-11-10 13:22:16,212 | seisbench | WARNING | Skipping preload, as cache is disabled.
2025-11-10 13:22:27,232 | seisbench | WARNING | Skipping preload, as cache is disabled.
/home/quenton.yeo/code/.venv/lib/python3.11/site-packages/torch/optim/lr_scheduler.py:60: UserWarning: The verbose parameter is deprecated. Please use get_last_lr() to access the learning rate.
  warnings.warn(

==================================================
LOADING DATA
==================================================
STEAD dataset loaded: 1265657 samples

Training umamba_mag_v2 on STEAD for 150 epochs...
Model moved to cuda:2
Training UMamba V2 Magnitude Estimator model (encoder-only with pooling)

============================================================
TRAINING UMAMBAMAG V2 (ENCODER-ONLY WITH POOLING)
============================================================
Model: UMambaMag_v2_STEAD
Dataset: STEAD
Batch size: 32
Learning rate: 0.001
Epochs: 150
Warmup epochs: 5
============================================================
Model is on device: cuda:2
Total parameters: 268,193
Trainable parameters: 268,193

Loading data...
Train batches: 33619
Dev batches: 1978

Saving models to: src/trained_weights/UMambaMag_v2_STEAD_20251110_132227


============================================================
Epoch 1/150
Learning Rate: 1.00e-04
============================================================

============================================================
Epoch 1 Summary:
  Train - Loss: 0.269161 | MSE: 0.269161 | RMSE: 0.518807 | MAE: 0.353789
  Val   - Loss: 0.176984 | MSE: 0.176984 | RMSE: 0.420694 | MAE: 0.283919
============================================================

✓ New best model saved! Val Loss: 0.176984

============================================================
Epoch 2/150
Learning Rate: 2.80e-04
============================================================

============================================================
Epoch 2 Summary:
  Train - Loss: 0.187236 | MSE: 0.187236 | RMSE: 0.432708 | MAE: 0.297945
  Val   - Loss: 0.145891 | MSE: 0.145891 | RMSE: 0.381957 | MAE: 0.257282
============================================================

✓ New best model saved! Val Loss: 0.145891

============================================================
Epoch 3/150
Learning Rate: 4.60e-04
============================================================

============================================================
Epoch 3 Summary:
  Train - Loss: 0.152142 | MSE: 0.152142 | RMSE: 0.390053 | MAE: 0.268464
  Val   - Loss: 0.131266 | MSE: 0.131266 | RMSE: 0.362306 | MAE: 0.236934
============================================================

✓ New best model saved! Val Loss: 0.131266

============================================================
Epoch 4/150
Learning Rate: 6.40e-04
============================================================

============================================================
Epoch 4 Summary:
  Train - Loss: 0.137433 | MSE: 0.137433 | RMSE: 0.370719 | MAE: 0.255657
  Val   - Loss: 0.113302 | MSE: 0.113302 | RMSE: 0.336603 | MAE: 0.220345
============================================================

✓ New best model saved! Val Loss: 0.113302

============================================================
Epoch 5/150
Learning Rate: 8.20e-04
============================================================

============================================================
Epoch 5 Summary:
  Train - Loss: 0.128807 | MSE: 0.128807 | RMSE: 0.358896 | MAE: 0.247745
  Val   - Loss: 0.105350 | MSE: 0.105350 | RMSE: 0.324577 | MAE: 0.214916
============================================================

✓ New best model saved! Val Loss: 0.105350
Checkpoint saved: src/trained_weights/UMambaMag_v2_STEAD_20251110_132227/model_epoch_5.pt

============================================================
Epoch 6/150
Learning Rate: 1.00e-03
============================================================

============================================================
Epoch 6 Summary:
  Train - Loss: 0.122973 | MSE: 0.122973 | RMSE: 0.350675 | MAE: 0.242196
  Val   - Loss: 0.108715 | MSE: 0.108715 | RMSE: 0.329719 | MAE: 0.219210
============================================================
No improvement for 1 epochs

============================================================
Epoch 7/150
Learning Rate: 1.00e-03
============================================================

============================================================
Epoch 7 Summary:
  Train - Loss: 0.115352 | MSE: 0.115352 | RMSE: 0.339635 | MAE: 0.234420
  Val   - Loss: 0.102135 | MSE: 0.102135 | RMSE: 0.319586 | MAE: 0.213645
============================================================

✓ New best model saved! Val Loss: 0.102135

============================================================
Epoch 8/150
Learning Rate: 1.00e-03
============================================================

============================================================
Epoch 8 Summary:
  Train - Loss: 0.110238 | MSE: 0.110238 | RMSE: 0.332020 | MAE: 0.228908
  Val   - Loss: 0.093542 | MSE: 0.093542 | RMSE: 0.305847 | MAE: 0.199534
============================================================

✓ New best model saved! Val Loss: 0.093542

============================================================
Epoch 9/150
Learning Rate: 1.00e-03
============================================================

============================================================
Epoch 9 Summary:
  Train - Loss: 0.107261 | MSE: 0.107261 | RMSE: 0.327507 | MAE: 0.225685
  Val   - Loss: 0.096851 | MSE: 0.096851 | RMSE: 0.311209 | MAE: 0.200009
============================================================
No improvement for 1 epochs

============================================================
Epoch 10/150
Learning Rate: 1.00e-03
============================================================

============================================================
Epoch 10 Summary:
  Train - Loss: 0.103711 | MSE: 0.103711 | RMSE: 0.322043 | MAE: 0.221922
  Val   - Loss: 0.090342 | MSE: 0.090342 | RMSE: 0.300569 | MAE: 0.207619
============================================================

✓ New best model saved! Val Loss: 0.090342
Checkpoint saved: src/trained_weights/UMambaMag_v2_STEAD_20251110_132227/model_epoch_10.pt

============================================================
Epoch 11/150
Learning Rate: 1.00e-03
============================================================

============================================================
Epoch 11 Summary:
  Train - Loss: 0.101690 | MSE: 0.101690 | RMSE: 0.318889 | MAE: 0.219714
  Val   - Loss: 0.087183 | MSE: 0.087183 | RMSE: 0.295267 | MAE: 0.196142
============================================================

✓ New best model saved! Val Loss: 0.087183

============================================================
Epoch 12/150
Learning Rate: 1.00e-03
============================================================

============================================================
Epoch 12 Summary:
  Train - Loss: 0.099483 | MSE: 0.099483 | RMSE: 0.315410 | MAE: 0.217406
  Val   - Loss: 0.088483 | MSE: 0.088483 | RMSE: 0.297461 | MAE: 0.200690
============================================================
No improvement for 1 epochs

============================================================
Epoch 13/150
Learning Rate: 1.00e-03
============================================================

============================================================
Epoch 13 Summary:
  Train - Loss: 0.097935 | MSE: 0.097935 | RMSE: 0.312946 | MAE: 0.215598
  Val   - Loss: 0.085818 | MSE: 0.085818 | RMSE: 0.292947 | MAE: 0.198187
============================================================

✓ New best model saved! Val Loss: 0.085818

============================================================
Epoch 14/150
Learning Rate: 1.00e-03
============================================================

============================================================
Epoch 14 Summary:
  Train - Loss: 0.096816 | MSE: 0.096816 | RMSE: 0.311153 | MAE: 0.214264
  Val   - Loss: 0.088908 | MSE: 0.088908 | RMSE: 0.298175 | MAE: 0.196222
============================================================
No improvement for 1 epochs

============================================================
Epoch 15/150
Learning Rate: 1.00e-03
============================================================

============================================================
Epoch 15 Summary:
  Train - Loss: 0.095091 | MSE: 0.095091 | RMSE: 0.308369 | MAE: 0.212762
  Val   - Loss: 0.082962 | MSE: 0.082962 | RMSE: 0.288032 | MAE: 0.185196
============================================================

✓ New best model saved! Val Loss: 0.082962
Checkpoint saved: src/trained_weights/UMambaMag_v2_STEAD_20251110_132227/model_epoch_15.pt

============================================================
Epoch 16/150
Learning Rate: 1.00e-03
============================================================

============================================================
Epoch 16 Summary:
  Train - Loss: 0.094304 | MSE: 0.094304 | RMSE: 0.307089 | MAE: 0.211556
  Val   - Loss: 0.082528 | MSE: 0.082528 | RMSE: 0.287276 | MAE: 0.196109
============================================================

✓ New best model saved! Val Loss: 0.082528

============================================================
Epoch 17/150
Learning Rate: 1.00e-03
============================================================

============================================================
Epoch 17 Summary:
  Train - Loss: 0.093342 | MSE: 0.093342 | RMSE: 0.305519 | MAE: 0.210088
  Val   - Loss: 0.080595 | MSE: 0.080595 | RMSE: 0.283892 | MAE: 0.191061
============================================================

✓ New best model saved! Val Loss: 0.080595

============================================================
Epoch 18/150
Learning Rate: 1.00e-03
============================================================

============================================================
Epoch 18 Summary:
  Train - Loss: 0.092684 | MSE: 0.092684 | RMSE: 0.304440 | MAE: 0.209592
  Val   - Loss: 0.077285 | MSE: 0.077285 | RMSE: 0.278002 | MAE: 0.182503
============================================================

✓ New best model saved! Val Loss: 0.077285

============================================================
Epoch 19/150
Learning Rate: 1.00e-03
============================================================

============================================================
Epoch 19 Summary:
  Train - Loss: 0.091404 | MSE: 0.091404 | RMSE: 0.302331 | MAE: 0.208200
  Val   - Loss: 0.080370 | MSE: 0.080370 | RMSE: 0.283495 | MAE: 0.187853
============================================================
No improvement for 1 epochs

============================================================
Epoch 20/150
Learning Rate: 1.00e-03
============================================================

============================================================
Epoch 20 Summary:
  Train - Loss: 0.090571 | MSE: 0.090571 | RMSE: 0.300950 | MAE: 0.207459
  Val   - Loss: 0.083033 | MSE: 0.083033 | RMSE: 0.288155 | MAE: 0.197661
============================================================
No improvement for 2 epochs
Checkpoint saved: src/trained_weights/UMambaMag_v2_STEAD_20251110_132227/model_epoch_20.pt

============================================================
Epoch 21/150
Learning Rate: 1.00e-03
============================================================

============================================================
Epoch 21 Summary:
  Train - Loss: 0.090088 | MSE: 0.090088 | RMSE: 0.300146 | MAE: 0.206596
  Val   - Loss: 0.082731 | MSE: 0.082731 | RMSE: 0.287630 | MAE: 0.184869
============================================================
No improvement for 3 epochs

============================================================
Epoch 22/150
Learning Rate: 1.00e-03
============================================================

============================================================
Epoch 22 Summary:
  Train - Loss: 0.089375 | MSE: 0.089375 | RMSE: 0.298956 | MAE: 0.205784
  Val   - Loss: 0.078728 | MSE: 0.078728 | RMSE: 0.280585 | MAE: 0.180928
============================================================
No improvement for 4 epochs

============================================================
Epoch 23/150
Learning Rate: 1.00e-03
============================================================

============================================================
Epoch 23 Summary:
  Train - Loss: 0.088794 | MSE: 0.088794 | RMSE: 0.297984 | MAE: 0.205202
  Val   - Loss: 0.077418 | MSE: 0.077418 | RMSE: 0.278242 | MAE: 0.179026
============================================================
No improvement for 5 epochs

============================================================
Epoch 24/150
Learning Rate: 1.00e-03
============================================================

============================================================
Epoch 24 Summary:
  Train - Loss: 0.088484 | MSE: 0.088484 | RMSE: 0.297463 | MAE: 0.204716
  Val   - Loss: 0.079796 | MSE: 0.079796 | RMSE: 0.282482 | MAE: 0.183200
============================================================
No improvement for 6 epochs

============================================================
Epoch 25/150
Learning Rate: 5.00e-04
============================================================

============================================================
Epoch 25 Summary:
  Train - Loss: 0.081318 | MSE: 0.081318 | RMSE: 0.285163 | MAE: 0.195667
  Val   - Loss: 0.070368 | MSE: 0.070368 | RMSE: 0.265270 | MAE: 0.173071
============================================================

✓ New best model saved! Val Loss: 0.070368
Checkpoint saved: src/trained_weights/UMambaMag_v2_STEAD_20251110_132227/model_epoch_25.pt

============================================================
Epoch 26/150
Learning Rate: 1.00e-03
============================================================

============================================================
Epoch 26 Summary:
  Train - Loss: 0.086765 | MSE: 0.086765 | RMSE: 0.294559 | MAE: 0.203015
  Val   - Loss: 0.077901 | MSE: 0.077901 | RMSE: 0.279108 | MAE: 0.180950
============================================================
No improvement for 1 epochs

============================================================
Epoch 27/150
Learning Rate: 1.00e-03
============================================================

============================================================
Epoch 27 Summary:
  Train - Loss: 0.086812 | MSE: 0.086812 | RMSE: 0.294639 | MAE: 0.202961
  Val   - Loss: 0.077836 | MSE: 0.077836 | RMSE: 0.278991 | MAE: 0.177644
============================================================
No improvement for 2 epochs

============================================================
Epoch 28/150
Learning Rate: 1.00e-03
============================================================

============================================================
Epoch 28 Summary:
  Train - Loss: 0.086359 | MSE: 0.086359 | RMSE: 0.293869 | MAE: 0.202513
  Val   - Loss: 0.078365 | MSE: 0.078365 | RMSE: 0.279938 | MAE: 0.177440
============================================================
No improvement for 3 epochs

============================================================
Epoch 29/150
Learning Rate: 1.00e-03
============================================================

============================================================
Epoch 29 Summary:
  Train - Loss: 0.085863 | MSE: 0.085863 | RMSE: 0.293025 | MAE: 0.201969
  Val   - Loss: 0.073914 | MSE: 0.073914 | RMSE: 0.271872 | MAE: 0.179629
============================================================
No improvement for 4 epochs

============================================================
Epoch 30/150
Learning Rate: 1.00e-03
============================================================

============================================================
Epoch 30 Summary:
  Train - Loss: 0.085585 | MSE: 0.085585 | RMSE: 0.292549 | MAE: 0.201273
  Val   - Loss: 0.079754 | MSE: 0.079754 | RMSE: 0.282407 | MAE: 0.183012
============================================================
No improvement for 5 epochs
Checkpoint saved: src/trained_weights/UMambaMag_v2_STEAD_20251110_132227/model_epoch_30.pt

============================================================
Epoch 31/150
Learning Rate: 1.00e-03
============================================================

============================================================
Epoch 31 Summary:
  Train - Loss: 0.085407 | MSE: 0.085407 | RMSE: 0.292245 | MAE: 0.200997
  Val   - Loss: 0.077018 | MSE: 0.077018 | RMSE: 0.277521 | MAE: 0.177883
============================================================
No improvement for 6 epochs

============================================================
Epoch 32/150
Learning Rate: 5.00e-04
============================================================

============================================================
Epoch 32 Summary:
  Train - Loss: 0.078422 | MSE: 0.078422 | RMSE: 0.280039 | MAE: 0.192388
  Val   - Loss: 0.069576 | MSE: 0.069576 | RMSE: 0.263772 | MAE: 0.167333
============================================================

✓ New best model saved! Val Loss: 0.069576

============================================================
Epoch 33/150
Learning Rate: 1.00e-03
============================================================

============================================================
Epoch 33 Summary:
  Train - Loss: 0.084083 | MSE: 0.084083 | RMSE: 0.289970 | MAE: 0.199731
  Val   - Loss: 0.076963 | MSE: 0.076963 | RMSE: 0.277422 | MAE: 0.178022
============================================================
No improvement for 1 epochs

============================================================
Epoch 34/150
Learning Rate: 1.00e-03
============================================================

============================================================
Epoch 34 Summary:
  Train - Loss: 0.084312 | MSE: 0.084312 | RMSE: 0.290366 | MAE: 0.199930
  Val   - Loss: 0.073995 | MSE: 0.073995 | RMSE: 0.272019 | MAE: 0.175366
============================================================
No improvement for 2 epochs

============================================================
Epoch 35/150
Learning Rate: 1.00e-03
============================================================

============================================================
Epoch 35 Summary:
  Train - Loss: 0.083988 | MSE: 0.083988 | RMSE: 0.289807 | MAE: 0.199582
  Val   - Loss: 0.074499 | MSE: 0.074499 | RMSE: 0.272945 | MAE: 0.178533
============================================================
No improvement for 3 epochs
Checkpoint saved: src/trained_weights/UMambaMag_v2_STEAD_20251110_132227/model_epoch_35.pt

============================================================
Epoch 36/150
Learning Rate: 1.00e-03
============================================================

============================================================
Epoch 36 Summary:
  Train - Loss: 0.083308 | MSE: 0.083308 | RMSE: 0.288632 | MAE: 0.198924
  Val   - Loss: 0.073964 | MSE: 0.073964 | RMSE: 0.271963 | MAE: 0.175124
============================================================
No improvement for 4 epochs

============================================================
Epoch 37/150
Learning Rate: 1.00e-03
============================================================

============================================================
Epoch 37 Summary:
  Train - Loss: 0.083614 | MSE: 0.083614 | RMSE: 0.289161 | MAE: 0.198878
  Val   - Loss: 0.072426 | MSE: 0.072426 | RMSE: 0.269121 | MAE: 0.173150
============================================================
No improvement for 5 epochs

============================================================
Epoch 38/150
Learning Rate: 1.00e-03
============================================================

============================================================
Epoch 38 Summary:
  Train - Loss: 0.083353 | MSE: 0.083353 | RMSE: 0.288710 | MAE: 0.198546
  Val   - Loss: 0.073169 | MSE: 0.073169 | RMSE: 0.270497 | MAE: 0.173237
============================================================
No improvement for 6 epochs

============================================================
Epoch 39/150
Learning Rate: 5.00e-04
============================================================

============================================================
Epoch 39 Summary:
  Train - Loss: 0.076798 | MSE: 0.076798 | RMSE: 0.277124 | MAE: 0.190124
  Val   - Loss: 0.067995 | MSE: 0.067995 | RMSE: 0.260758 | MAE: 0.167780
============================================================

✓ New best model saved! Val Loss: 0.067995

============================================================
Epoch 40/150
Learning Rate: 1.00e-03
============================================================

============================================================
Epoch 40 Summary:
  Train - Loss: 0.082422 | MSE: 0.082422 | RMSE: 0.287092 | MAE: 0.197333
  Val   - Loss: 0.072552 | MSE: 0.072552 | RMSE: 0.269355 | MAE: 0.173905
============================================================
No improvement for 1 epochs
Checkpoint saved: src/trained_weights/UMambaMag_v2_STEAD_20251110_132227/model_epoch_40.pt

============================================================
Epoch 41/150
Learning Rate: 1.00e-03
============================================================

============================================================
Epoch 41 Summary:
  Train - Loss: 0.082352 | MSE: 0.082352 | RMSE: 0.286970 | MAE: 0.197609
  Val   - Loss: 0.072203 | MSE: 0.072203 | RMSE: 0.268705 | MAE: 0.173747
============================================================
No improvement for 2 epochs

============================================================
Epoch 42/150
Learning Rate: 1.00e-03
============================================================

============================================================
Epoch 42 Summary:
  Train - Loss: 0.082004 | MSE: 0.082004 | RMSE: 0.286363 | MAE: 0.197077
  Val   - Loss: 0.077064 | MSE: 0.077064 | RMSE: 0.277603 | MAE: 0.188370
============================================================
No improvement for 3 epochs

============================================================
Epoch 43/150
Learning Rate: 1.00e-03
============================================================

============================================================
Epoch 43 Summary:
  Train - Loss: 0.081825 | MSE: 0.081825 | RMSE: 0.286051 | MAE: 0.197110
  Val   - Loss: 0.073704 | MSE: 0.073704 | RMSE: 0.271485 | MAE: 0.173053
============================================================
No improvement for 4 epochs

============================================================
Epoch 44/150
Learning Rate: 1.00e-03
============================================================

============================================================
Epoch 44 Summary:
  Train - Loss: 0.081834 | MSE: 0.081834 | RMSE: 0.286066 | MAE: 0.197105
  Val   - Loss: 0.072775 | MSE: 0.072775 | RMSE: 0.269769 | MAE: 0.177992
============================================================
No improvement for 5 epochs

============================================================
Epoch 45/150
Learning Rate: 1.00e-03
============================================================

============================================================
Epoch 45 Summary:
  Train - Loss: 0.081796 | MSE: 0.081796 | RMSE: 0.285999 | MAE: 0.196735
  Val   - Loss: 0.070474 | MSE: 0.070474 | RMSE: 0.265470 | MAE: 0.170065
============================================================
No improvement for 6 epochs
Checkpoint saved: src/trained_weights/UMambaMag_v2_STEAD_20251110_132227/model_epoch_45.pt

============================================================
Epoch 46/150
Learning Rate: 5.00e-04
============================================================

============================================================
Epoch 46 Summary:
  Train - Loss: 0.075064 | MSE: 0.075064 | RMSE: 0.273978 | MAE: 0.188415
  Val   - Loss: 0.065583 | MSE: 0.065583 | RMSE: 0.256093 | MAE: 0.167383
============================================================

✓ New best model saved! Val Loss: 0.065583

============================================================
Epoch 47/150
Learning Rate: 1.00e-03
============================================================

============================================================
Epoch 47 Summary:
  Train - Loss: 0.080764 | MSE: 0.080764 | RMSE: 0.284189 | MAE: 0.195663
  Val   - Loss: 0.072578 | MSE: 0.072578 | RMSE: 0.269404 | MAE: 0.181610
============================================================
No improvement for 1 epochs

============================================================
Epoch 48/150
Learning Rate: 1.00e-03
============================================================

============================================================
Epoch 48 Summary:
  Train - Loss: 0.081291 | MSE: 0.081291 | RMSE: 0.285116 | MAE: 0.196113
  Val   - Loss: 0.074104 | MSE: 0.074104 | RMSE: 0.272221 | MAE: 0.180073
============================================================
No improvement for 2 epochs

============================================================
Epoch 49/150
Learning Rate: 1.00e-03
============================================================

============================================================
Epoch 49 Summary:
  Train - Loss: 0.080708 | MSE: 0.080708 | RMSE: 0.284092 | MAE: 0.195457
  Val   - Loss: 0.073688 | MSE: 0.073688 | RMSE: 0.271455 | MAE: 0.180396
============================================================
No improvement for 3 epochs

============================================================
Epoch 50/150
Learning Rate: 1.00e-03
============================================================

============================================================
Epoch 50 Summary:
  Train - Loss: 0.080495 | MSE: 0.080495 | RMSE: 0.283716 | MAE: 0.195466
  Val   - Loss: 0.070592 | MSE: 0.070592 | RMSE: 0.265692 | MAE: 0.174914
============================================================
No improvement for 4 epochs
Checkpoint saved: src/trained_weights/UMambaMag_v2_STEAD_20251110_132227/model_epoch_50.pt

============================================================
Epoch 51/150
Learning Rate: 1.00e-03
============================================================

============================================================
Epoch 51 Summary:
  Train - Loss: 0.080333 | MSE: 0.080333 | RMSE: 0.283430 | MAE: 0.195124
  Val   - Loss: 0.078566 | MSE: 0.078566 | RMSE: 0.280296 | MAE: 0.187284
============================================================
No improvement for 5 epochs

============================================================
Epoch 52/150
Learning Rate: 1.00e-03
============================================================

============================================================
Epoch 52 Summary:
  Train - Loss: 0.080437 | MSE: 0.080437 | RMSE: 0.283613 | MAE: 0.195064
  Val   - Loss: 0.072772 | MSE: 0.072772 | RMSE: 0.269763 | MAE: 0.180708
============================================================
No improvement for 6 epochs

============================================================
Epoch 53/150
Learning Rate: 5.00e-04
============================================================

============================================================
Epoch 53 Summary:
  Train - Loss: 0.073839 | MSE: 0.073839 | RMSE: 0.271732 | MAE: 0.186750
  Val   - Loss: 0.064644 | MSE: 0.064644 | RMSE: 0.254251 | MAE: 0.166891
============================================================

✓ New best model saved! Val Loss: 0.064644

============================================================
Epoch 54/150
Learning Rate: 1.00e-03
============================================================

============================================================
Epoch 54 Summary:
  Train - Loss: 0.079379 | MSE: 0.079379 | RMSE: 0.281743 | MAE: 0.194034
  Val   - Loss: 0.069790 | MSE: 0.069790 | RMSE: 0.264178 | MAE: 0.170215
============================================================
No improvement for 1 epochs

============================================================
Epoch 55/150
Learning Rate: 1.00e-03
============================================================

============================================================
Epoch 55 Summary:
  Train - Loss: 0.079260 | MSE: 0.079260 | RMSE: 0.281531 | MAE: 0.194273
  Val   - Loss: 0.070109 | MSE: 0.070109 | RMSE: 0.264781 | MAE: 0.172882
============================================================
No improvement for 2 epochs
Checkpoint saved: src/trained_weights/UMambaMag_v2_STEAD_20251110_132227/model_epoch_55.pt

============================================================
Epoch 56/150
Learning Rate: 1.00e-03
============================================================

============================================================
Epoch 56 Summary:
  Train - Loss: 0.079439 | MSE: 0.079439 | RMSE: 0.281850 | MAE: 0.194086
  Val   - Loss: 0.069337 | MSE: 0.069337 | RMSE: 0.263320 | MAE: 0.169400
============================================================
No improvement for 3 epochs

============================================================
Epoch 57/150
Learning Rate: 1.00e-03
============================================================

============================================================
Epoch 57 Summary:
  Train - Loss: 0.079447 | MSE: 0.079447 | RMSE: 0.281864 | MAE: 0.194115
  Val   - Loss: 0.070483 | MSE: 0.070483 | RMSE: 0.265487 | MAE: 0.172921
============================================================
No improvement for 4 epochs

============================================================
Epoch 58/150
Learning Rate: 1.00e-03
============================================================

============================================================
Epoch 58 Summary:
  Train - Loss: 0.078979 | MSE: 0.078979 | RMSE: 0.281031 | MAE: 0.193885
  Val   - Loss: 0.070943 | MSE: 0.070943 | RMSE: 0.266351 | MAE: 0.172461
============================================================
No improvement for 5 epochs

============================================================
Epoch 59/150
Learning Rate: 1.00e-03
============================================================

============================================================
Epoch 59 Summary:
  Train - Loss: 0.078916 | MSE: 0.078916 | RMSE: 0.280920 | MAE: 0.193583
  Val   - Loss: 0.075474 | MSE: 0.075474 | RMSE: 0.274725 | MAE: 0.188371
============================================================
No improvement for 6 epochs

============================================================
Epoch 60/150
Learning Rate: 5.00e-04
============================================================

============================================================
Epoch 60 Summary:
  Train - Loss: 0.072986 | MSE: 0.072986 | RMSE: 0.270160 | MAE: 0.185757
  Val   - Loss: 0.065412 | MSE: 0.065412 | RMSE: 0.255758 | MAE: 0.163203
============================================================
No improvement for 7 epochs
Checkpoint saved: src/trained_weights/UMambaMag_v2_STEAD_20251110_132227/model_epoch_60.pt

============================================================
Epoch 61/150
Learning Rate: 1.00e-03
============================================================

============================================================
Epoch 61 Summary:
  Train - Loss: 0.078316 | MSE: 0.078316 | RMSE: 0.279850 | MAE: 0.192689
  Val   - Loss: 0.071933 | MSE: 0.071933 | RMSE: 0.268203 | MAE: 0.181904
============================================================
No improvement for 8 epochs

============================================================
Epoch 62/150
Learning Rate: 1.00e-03
============================================================

============================================================
Epoch 62 Summary:
  Train - Loss: 0.078744 | MSE: 0.078744 | RMSE: 0.280613 | MAE: 0.193044
  Val   - Loss: 0.070962 | MSE: 0.070962 | RMSE: 0.266388 | MAE: 0.175216
============================================================
No improvement for 9 epochs

============================================================
Epoch 63/150
Learning Rate: 1.00e-03
============================================================

============================================================
Epoch 63 Summary:
  Train - Loss: 0.078538 | MSE: 0.078538 | RMSE: 0.280246 | MAE: 0.193199
  Val   - Loss: 0.070705 | MSE: 0.070705 | RMSE: 0.265904 | MAE: 0.177040
============================================================
No improvement for 10 epochs

============================================================
Epoch 64/150
Learning Rate: 1.00e-03
============================================================

============================================================
Epoch 64 Summary:
  Train - Loss: 0.078324 | MSE: 0.078324 | RMSE: 0.279865 | MAE: 0.192728
  Val   - Loss: 0.069329 | MSE: 0.069329 | RMSE: 0.263303 | MAE: 0.168908
============================================================
No improvement for 11 epochs

============================================================
Epoch 65/150
Learning Rate: 1.00e-03
============================================================

============================================================
Epoch 65 Summary:
  Train - Loss: 0.078216 | MSE: 0.078216 | RMSE: 0.279671 | MAE: 0.192650
  Val   - Loss: 0.070338 | MSE: 0.070338 | RMSE: 0.265214 | MAE: 0.172994
============================================================
No improvement for 12 epochs
Checkpoint saved: src/trained_weights/UMambaMag_v2_STEAD_20251110_132227/model_epoch_65.pt

============================================================
Epoch 66/150
Learning Rate: 5.00e-04
============================================================

============================================================
Epoch 66 Summary:
  Train - Loss: 0.072320 | MSE: 0.072320 | RMSE: 0.268923 | MAE: 0.184848
  Val   - Loss: 0.064684 | MSE: 0.064684 | RMSE: 0.254330 | MAE: 0.162595
============================================================
No improvement for 13 epochs

============================================================
Epoch 67/150
Learning Rate: 1.00e-03
============================================================

============================================================
Epoch 67 Summary:
  Train - Loss: 0.077734 | MSE: 0.077734 | RMSE: 0.278808 | MAE: 0.191685
  Val   - Loss: 0.073686 | MSE: 0.073686 | RMSE: 0.271452 | MAE: 0.180947
============================================================
No improvement for 14 epochs

============================================================
Epoch 68/150
Learning Rate: 1.00e-03
============================================================

============================================================
Epoch 68 Summary:
  Train - Loss: 0.077445 | MSE: 0.077445 | RMSE: 0.278289 | MAE: 0.192013
  Val   - Loss: 0.069150 | MSE: 0.069150 | RMSE: 0.262964 | MAE: 0.169051
============================================================
No improvement for 15 epochs

Early stopping triggered after 15 epochs without improvement
Best validation loss: 0.064644

Final model saved: src/trained_weights/UMambaMag_v2_STEAD_20251110_132227/model_final.pt
Training history saved: src/trained_weights/UMambaMag_v2_STEAD_20251110_132227/training_history_20251110_132227.pt

============================================================
TRAINING COMPLETED
============================================================
Best validation loss: 0.064644
Best validation RMSE: 0.254251
Final train loss: 0.077445
Final val loss: 0.069150
Total Training Time: 21:41:17
============================================================
==================================================

