2025-11-15 07:32:11,714 | seisbench | WARNING | Setting remote root to: https://seisbench.gfz.de/mirror/
Please note that this can affect your download speed.
2025-11-15 07:32:22,281 | seisbench | WARNING | Output component order not specified, defaulting to 'ZNE'.
2025-11-15 07:32:28,503 | seisbench | WARNING | Skipping preload, as cache is disabled.
2025-11-15 07:32:33,721 | seisbench | WARNING | Skipping preload, as cache is disabled.
/home/quenton.yeo/code/.venv/lib/python3.11/site-packages/torch/optim/lr_scheduler.py:60: UserWarning: The verbose parameter is deprecated. Please use get_last_lr() to access the learning rate.
  warnings.warn(

==================================================
LOADING DATA
==================================================
STEAD dataset loaded: 1265657 samples

Training umamba_mag_v3 on STEAD for 150 epochs...
Model moved to cuda:2
Training UMamba V3 Magnitude Estimator model (dual-head architecture)

============================================================
TRAINING UMAMBA V3 (DUAL-HEAD ARCHITECTURE)
============================================================
Model: UMambaMag_v3_STEAD
Scalar weight: 0.7 (primary task)
Temporal weight: 0.25 (auxiliary task)
Learning rate: 0.001
Batch size: 32
Optimizer: AdamW
Weight decay: 1e-05
Gradient clip: 1.0
Warmup epochs: 5
Early stopping patience: 15
============================================================
Total parameters: 292,610
Trainable parameters: 292,610
Train samples: 1075808
Dev samples: 63283
============================================================


============================================================
Epoch 1/150
Learning Rate: 0.001000
============================================================

============================================================
Epoch 1/150 Summary
============================================================
Training   -> Loss: 0.268903 | Scalar: 0.276614 (RMSE: 0.5259) | Temporal: 0.301094 (RMSE: 0.5487)
Validation -> Loss: 0.187065 | Scalar: 0.186791 (RMSE: 0.4322) | Temporal: 0.225244 (RMSE: 0.4746)
============================================================
✓ New best model saved! Val Loss: 0.187065

============================================================
Epoch 2/150
Learning Rate: 0.000200
============================================================

============================================================
Epoch 2/150 Summary
============================================================
Training   -> Loss: 0.200696 | Scalar: 0.204987 (RMSE: 0.4528) | Temporal: 0.228822 (RMSE: 0.4784)
Validation -> Loss: 0.165006 | Scalar: 0.164384 (RMSE: 0.4054) | Temporal: 0.199750 (RMSE: 0.4469)
============================================================
✓ New best model saved! Val Loss: 0.165006

============================================================
Epoch 3/150
Learning Rate: 0.000400
============================================================

============================================================
Epoch 3/150 Summary
============================================================
Training   -> Loss: 0.177559 | Scalar: 0.180939 (RMSE: 0.4254) | Temporal: 0.203607 (RMSE: 0.4512)
Validation -> Loss: 0.149517 | Scalar: 0.149063 (RMSE: 0.3861) | Temporal: 0.180692 (RMSE: 0.4251)
============================================================
✓ New best model saved! Val Loss: 0.149517

============================================================
Epoch 4/150
Learning Rate: 0.000600
============================================================

============================================================
Epoch 4/150 Summary
============================================================
Training   -> Loss: 0.163744 | Scalar: 0.166577 (RMSE: 0.4081) | Temporal: 0.188561 (RMSE: 0.4342)
Validation -> Loss: 0.141243 | Scalar: 0.140367 (RMSE: 0.3747) | Temporal: 0.171943 (RMSE: 0.4147)
============================================================
✓ New best model saved! Val Loss: 0.141243

============================================================
Epoch 5/150
Learning Rate: 0.000800
============================================================

============================================================
Epoch 5/150 Summary
============================================================
Training   -> Loss: 0.155726 | Scalar: 0.158429 (RMSE: 0.3980) | Temporal: 0.179302 (RMSE: 0.4234)
Validation -> Loss: 0.136960 | Scalar: 0.133851 (RMSE: 0.3659) | Temporal: 0.173059 (RMSE: 0.4160)
============================================================
✓ New best model saved! Val Loss: 0.136960

============================================================
Epoch 6/150
Learning Rate: 0.001000
============================================================

============================================================
Epoch 6/150 Summary
============================================================
Training   -> Loss: 0.146582 | Scalar: 0.149117 (RMSE: 0.3862) | Temporal: 0.168802 (RMSE: 0.4109)
Validation -> Loss: 0.131755 | Scalar: 0.129420 (RMSE: 0.3597) | Temporal: 0.164646 (RMSE: 0.4058)
============================================================
✓ New best model saved! Val Loss: 0.131755

============================================================
Epoch 7/150
Learning Rate: 0.001000
============================================================

============================================================
Epoch 7/150 Summary
============================================================
Training   -> Loss: 0.140355 | Scalar: 0.142701 (RMSE: 0.3778) | Temporal: 0.161858 (RMSE: 0.4023)
Validation -> Loss: 0.127186 | Scalar: 0.125264 (RMSE: 0.3539) | Temporal: 0.158006 (RMSE: 0.3975)
============================================================
✓ New best model saved! Val Loss: 0.127186

============================================================
Epoch 8/150
Learning Rate: 0.001000
============================================================

============================================================
Epoch 8/150 Summary
============================================================
Training   -> Loss: 0.136604 | Scalar: 0.138926 (RMSE: 0.3727) | Temporal: 0.157423 (RMSE: 0.3968)
Validation -> Loss: 0.129216 | Scalar: 0.126359 (RMSE: 0.3555) | Temporal: 0.163059 (RMSE: 0.4038)
============================================================
No improvement for 1 epoch(s)

============================================================
Epoch 9/150
Learning Rate: 0.001000
============================================================

============================================================
Epoch 9/150 Summary
============================================================
Training   -> Loss: 0.133208 | Scalar: 0.135524 (RMSE: 0.3681) | Temporal: 0.153367 (RMSE: 0.3916)
Validation -> Loss: 0.116378 | Scalar: 0.114028 (RMSE: 0.3377) | Temporal: 0.146236 (RMSE: 0.3824)
============================================================
✓ New best model saved! Val Loss: 0.116378

============================================================
Epoch 10/150
Learning Rate: 0.001000
============================================================

============================================================
Epoch 10/150 Summary
============================================================
Training   -> Loss: 0.130050 | Scalar: 0.132026 (RMSE: 0.3634) | Temporal: 0.150527 (RMSE: 0.3880)
Validation -> Loss: 0.111979 | Scalar: 0.109633 (RMSE: 0.3311) | Temporal: 0.140941 (RMSE: 0.3754)
============================================================
✓ New best model saved! Val Loss: 0.111979

============================================================
Epoch 11/150
Learning Rate: 0.001000
============================================================

============================================================
Epoch 11/150 Summary
============================================================
Training   -> Loss: 0.127710 | Scalar: 0.129758 (RMSE: 0.3602) | Temporal: 0.147516 (RMSE: 0.3841)
Validation -> Loss: 0.110212 | Scalar: 0.107708 (RMSE: 0.3282) | Temporal: 0.139267 (RMSE: 0.3732)
============================================================
✓ New best model saved! Val Loss: 0.110212

============================================================
Epoch 12/150
Learning Rate: 0.001000
============================================================

============================================================
Epoch 12/150 Summary
============================================================
Training   -> Loss: 0.125772 | Scalar: 0.127700 (RMSE: 0.3574) | Temporal: 0.145528 (RMSE: 0.3815)
Validation -> Loss: 0.110912 | Scalar: 0.109633 (RMSE: 0.3311) | Temporal: 0.136678 (RMSE: 0.3697)
============================================================
No improvement for 1 epoch(s)

============================================================
Epoch 13/150
Learning Rate: 0.001000
============================================================

============================================================
Epoch 13/150 Summary
============================================================
Training   -> Loss: 0.124420 | Scalar: 0.126524 (RMSE: 0.3557) | Temporal: 0.143413 (RMSE: 0.3787)
Validation -> Loss: 0.113079 | Scalar: 0.110511 (RMSE: 0.3324) | Temporal: 0.142883 (RMSE: 0.3780)
============================================================
No improvement for 2 epoch(s)

============================================================
Epoch 14/150
Learning Rate: 0.001000
============================================================

============================================================
Epoch 14/150 Summary
============================================================
Training   -> Loss: 0.123303 | Scalar: 0.125396 (RMSE: 0.3541) | Temporal: 0.142101 (RMSE: 0.3770)
Validation -> Loss: 0.108037 | Scalar: 0.105451 (RMSE: 0.3247) | Temporal: 0.136885 (RMSE: 0.3700)
============================================================
✓ New best model saved! Val Loss: 0.108037

============================================================
Epoch 15/150
Learning Rate: 0.001000
============================================================

============================================================
Epoch 15/150 Summary
============================================================
Training   -> Loss: 0.121430 | Scalar: 0.123393 (RMSE: 0.3513) | Temporal: 0.140219 (RMSE: 0.3745)
Validation -> Loss: 0.108509 | Scalar: 0.105695 (RMSE: 0.3251) | Temporal: 0.138091 (RMSE: 0.3716)
============================================================
No improvement for 1 epoch(s)

============================================================
Epoch 16/150
Learning Rate: 0.001000
============================================================

============================================================
Epoch 16/150 Summary
============================================================
Training   -> Loss: 0.120849 | Scalar: 0.122910 (RMSE: 0.3506) | Temporal: 0.139249 (RMSE: 0.3732)
Validation -> Loss: 0.103700 | Scalar: 0.100820 (RMSE: 0.3175) | Temporal: 0.132504 (RMSE: 0.3640)
============================================================
✓ New best model saved! Val Loss: 0.103700

============================================================
Epoch 17/150
Learning Rate: 0.001000
============================================================

============================================================
Epoch 17/150 Summary
============================================================
Training   -> Loss: 0.119845 | Scalar: 0.121931 (RMSE: 0.3492) | Temporal: 0.137972 (RMSE: 0.3714)
Validation -> Loss: 0.112082 | Scalar: 0.110883 (RMSE: 0.3330) | Temporal: 0.137857 (RMSE: 0.3713)
============================================================
No improvement for 1 epoch(s)

============================================================
Epoch 18/150
Learning Rate: 0.001000
============================================================

============================================================
Epoch 18/150 Summary
============================================================
Training   -> Loss: 0.119079 | Scalar: 0.121080 (RMSE: 0.3480) | Temporal: 0.137293 (RMSE: 0.3705)
Validation -> Loss: 0.108495 | Scalar: 0.106749 (RMSE: 0.3267) | Temporal: 0.135084 (RMSE: 0.3675)
============================================================
No improvement for 2 epoch(s)

============================================================
Epoch 19/150
Learning Rate: 0.001000
============================================================

============================================================
Epoch 19/150 Summary
============================================================
Training   -> Loss: 0.118105 | Scalar: 0.120083 (RMSE: 0.3465) | Temporal: 0.136190 (RMSE: 0.3690)
Validation -> Loss: 0.102898 | Scalar: 0.100160 (RMSE: 0.3165) | Temporal: 0.131144 (RMSE: 0.3621)
============================================================
✓ New best model saved! Val Loss: 0.102898

============================================================
Epoch 20/150
Learning Rate: 0.001000
============================================================

============================================================
Epoch 20/150 Summary
============================================================
Training   -> Loss: 0.117202 | Scalar: 0.119165 (RMSE: 0.3452) | Temporal: 0.135149 (RMSE: 0.3676)
Validation -> Loss: 0.107020 | Scalar: 0.105278 (RMSE: 0.3245) | Temporal: 0.133299 (RMSE: 0.3651)
============================================================
No improvement for 1 epoch(s)

============================================================
Epoch 21/150
Learning Rate: 0.001000
============================================================

============================================================
Epoch 21/150 Summary
============================================================
Training   -> Loss: 0.116215 | Scalar: 0.118299 (RMSE: 0.3439) | Temporal: 0.133621 (RMSE: 0.3655)
Validation -> Loss: 0.103668 | Scalar: 0.101251 (RMSE: 0.3182) | Temporal: 0.131171 (RMSE: 0.3622)
============================================================
No improvement for 2 epoch(s)

============================================================
Epoch 22/150
Learning Rate: 0.001000
============================================================

============================================================
Epoch 22/150 Summary
============================================================
Training   -> Loss: 0.115793 | Scalar: 0.117849 (RMSE: 0.3433) | Temporal: 0.133192 (RMSE: 0.3650)
Validation -> Loss: 0.104576 | Scalar: 0.103290 (RMSE: 0.3214) | Temporal: 0.129093 (RMSE: 0.3593)
============================================================
No improvement for 3 epoch(s)

============================================================
Epoch 23/150
Learning Rate: 0.001000
============================================================

============================================================
Epoch 23/150 Summary
============================================================
Training   -> Loss: 0.115560 | Scalar: 0.117729 (RMSE: 0.3431) | Temporal: 0.132600 (RMSE: 0.3641)
Validation -> Loss: 0.107099 | Scalar: 0.107214 (RMSE: 0.3274) | Temporal: 0.128198 (RMSE: 0.3580)
============================================================
No improvement for 4 epoch(s)

============================================================
Epoch 24/150
Learning Rate: 0.001000
============================================================

============================================================
Epoch 24/150 Summary
============================================================
Training   -> Loss: 0.114659 | Scalar: 0.116763 (RMSE: 0.3417) | Temporal: 0.131699 (RMSE: 0.3629)
Validation -> Loss: 0.102874 | Scalar: 0.100133 (RMSE: 0.3164) | Temporal: 0.131121 (RMSE: 0.3621)
============================================================
✓ New best model saved! Val Loss: 0.102874

============================================================
Epoch 25/150
Learning Rate: 0.001000
============================================================

============================================================
Epoch 25/150 Summary
============================================================
Training   -> Loss: 0.114211 | Scalar: 0.116184 (RMSE: 0.3409) | Temporal: 0.131529 (RMSE: 0.3627)
Validation -> Loss: 0.104070 | Scalar: 0.103295 (RMSE: 0.3214) | Temporal: 0.127054 (RMSE: 0.3564)
============================================================
No improvement for 1 epoch(s)

============================================================
Epoch 26/150
Learning Rate: 0.001000
============================================================

============================================================
Epoch 26/150 Summary
============================================================
Training   -> Loss: 0.113439 | Scalar: 0.115417 (RMSE: 0.3397) | Temporal: 0.130586 (RMSE: 0.3614)
Validation -> Loss: 0.101535 | Scalar: 0.100137 (RMSE: 0.3164) | Temporal: 0.125756 (RMSE: 0.3546)
============================================================
✓ New best model saved! Val Loss: 0.101535

============================================================
Epoch 27/150
Learning Rate: 0.001000
============================================================

============================================================
Epoch 27/150 Summary
============================================================
Training   -> Loss: 0.113022 | Scalar: 0.115002 (RMSE: 0.3391) | Temporal: 0.130083 (RMSE: 0.3607)
Validation -> Loss: 0.104889 | Scalar: 0.104780 (RMSE: 0.3237) | Temporal: 0.126171 (RMSE: 0.3552)
============================================================
No improvement for 1 epoch(s)

============================================================
Epoch 28/150
Learning Rate: 0.001000
============================================================

============================================================
Epoch 28/150 Summary
============================================================
Training   -> Loss: 0.113025 | Scalar: 0.115170 (RMSE: 0.3394) | Temporal: 0.129622 (RMSE: 0.3600)
Validation -> Loss: 0.099833 | Scalar: 0.097804 (RMSE: 0.3127) | Temporal: 0.125481 (RMSE: 0.3542)
============================================================
✓ New best model saved! Val Loss: 0.099833

============================================================
Epoch 29/150
Learning Rate: 0.001000
============================================================

============================================================
Epoch 29/150 Summary
============================================================
Training   -> Loss: 0.112410 | Scalar: 0.114577 (RMSE: 0.3385) | Temporal: 0.128827 (RMSE: 0.3589)
Validation -> Loss: 0.100120 | Scalar: 0.097749 (RMSE: 0.3126) | Temporal: 0.126784 (RMSE: 0.3561)
============================================================
No improvement for 1 epoch(s)

============================================================
Epoch 30/150
Learning Rate: 0.001000
============================================================

============================================================
Epoch 30/150 Summary
============================================================
Training   -> Loss: 0.111781 | Scalar: 0.113785 (RMSE: 0.3373) | Temporal: 0.128527 (RMSE: 0.3585)
Validation -> Loss: 0.099406 | Scalar: 0.097943 (RMSE: 0.3130) | Temporal: 0.123383 (RMSE: 0.3513)
============================================================
✓ New best model saved! Val Loss: 0.099406

============================================================
Epoch 31/150
Learning Rate: 0.001000
============================================================

============================================================
Epoch 31/150 Summary
============================================================
Training   -> Loss: 0.111475 | Scalar: 0.113544 (RMSE: 0.3370) | Temporal: 0.127976 (RMSE: 0.3577)
Validation -> Loss: 0.101773 | Scalar: 0.100199 (RMSE: 0.3165) | Temporal: 0.126535 (RMSE: 0.3557)
============================================================
No improvement for 1 epoch(s)

============================================================
Epoch 32/150
Learning Rate: 0.001000
============================================================

============================================================
Epoch 32/150 Summary
============================================================
Training   -> Loss: 0.111477 | Scalar: 0.113693 (RMSE: 0.3372) | Temporal: 0.127568 (RMSE: 0.3572)
Validation -> Loss: 0.099883 | Scalar: 0.098441 (RMSE: 0.3138) | Temporal: 0.123897 (RMSE: 0.3520)
============================================================
No improvement for 2 epoch(s)

============================================================
Epoch 33/150
Learning Rate: 0.001000
============================================================

============================================================
Epoch 33/150 Summary
============================================================
Training   -> Loss: 0.110630 | Scalar: 0.112727 (RMSE: 0.3357) | Temporal: 0.126884 (RMSE: 0.3562)
Validation -> Loss: 0.101191 | Scalar: 0.099864 (RMSE: 0.3160) | Temporal: 0.125146 (RMSE: 0.3538)
============================================================
No improvement for 3 epoch(s)

============================================================
Epoch 34/150
Learning Rate: 0.001000
============================================================

============================================================
Epoch 34/150 Summary
============================================================
Training   -> Loss: 0.110761 | Scalar: 0.112970 (RMSE: 0.3361) | Temporal: 0.126728 (RMSE: 0.3560)
Validation -> Loss: 0.100303 | Scalar: 0.098582 (RMSE: 0.3140) | Temporal: 0.125183 (RMSE: 0.3538)
============================================================
No improvement for 4 epoch(s)

============================================================
Epoch 35/150
Learning Rate: 0.001000
============================================================

============================================================
Epoch 35/150 Summary
============================================================
Training   -> Loss: 0.110560 | Scalar: 0.112733 (RMSE: 0.3358) | Temporal: 0.126589 (RMSE: 0.3558)
Validation -> Loss: 0.099997 | Scalar: 0.098299 (RMSE: 0.3135) | Temporal: 0.124749 (RMSE: 0.3532)
============================================================
No improvement for 5 epoch(s)

============================================================
Epoch 36/150
Learning Rate: 0.001000
============================================================

============================================================
Epoch 36/150 Summary
============================================================
Training   -> Loss: 0.110285 | Scalar: 0.112551 (RMSE: 0.3355) | Temporal: 0.125998 (RMSE: 0.3550)
Validation -> Loss: 0.096459 | Scalar: 0.093865 (RMSE: 0.3064) | Temporal: 0.123012 (RMSE: 0.3507)
============================================================
✓ New best model saved! Val Loss: 0.096459

============================================================
Epoch 37/150
Learning Rate: 0.001000
============================================================

============================================================
Epoch 37/150 Summary
============================================================
Training   -> Loss: 0.109836 | Scalar: 0.111940 (RMSE: 0.3346) | Temporal: 0.125912 (RMSE: 0.3548)
Validation -> Loss: 0.100290 | Scalar: 0.098651 (RMSE: 0.3141) | Temporal: 0.124937 (RMSE: 0.3535)
============================================================
No improvement for 1 epoch(s)

============================================================
Epoch 38/150
Learning Rate: 0.001000
============================================================

============================================================
Epoch 38/150 Summary
============================================================
Training   -> Loss: 0.109962 | Scalar: 0.112279 (RMSE: 0.3351) | Temporal: 0.125465 (RMSE: 0.3542)
Validation -> Loss: 0.097284 | Scalar: 0.095746 (RMSE: 0.3094) | Temporal: 0.121046 (RMSE: 0.3479)
============================================================
No improvement for 2 epoch(s)

============================================================
Epoch 39/150
Learning Rate: 0.001000
============================================================

============================================================
Epoch 39/150 Summary
============================================================
Training   -> Loss: 0.109555 | Scalar: 0.111818 (RMSE: 0.3344) | Temporal: 0.125130 (RMSE: 0.3537)
Validation -> Loss: 0.106202 | Scalar: 0.107209 (RMSE: 0.3274) | Temporal: 0.124621 (RMSE: 0.3530)
============================================================
No improvement for 3 epoch(s)

============================================================
Epoch 40/150
Learning Rate: 0.001000
============================================================

============================================================
Epoch 40/150 Summary
============================================================
Training   -> Loss: 0.108931 | Scalar: 0.111118 (RMSE: 0.3333) | Temporal: 0.124594 (RMSE: 0.3530)
Validation -> Loss: 0.099472 | Scalar: 0.097370 (RMSE: 0.3120) | Temporal: 0.125253 (RMSE: 0.3539)
============================================================
No improvement for 4 epoch(s)

============================================================
Epoch 41/150
Learning Rate: 0.001000
============================================================

============================================================
Epoch 41/150 Summary
============================================================
Training   -> Loss: 0.108787 | Scalar: 0.110978 (RMSE: 0.3331) | Temporal: 0.124411 (RMSE: 0.3527)
Validation -> Loss: 0.097520 | Scalar: 0.096283 (RMSE: 0.3103) | Temporal: 0.120488 (RMSE: 0.3471)
============================================================
No improvement for 5 epoch(s)

============================================================
Epoch 42/150
Learning Rate: 0.001000
============================================================

============================================================
Epoch 42/150 Summary
============================================================
Training   -> Loss: 0.108181 | Scalar: 0.110326 (RMSE: 0.3322) | Temporal: 0.123811 (RMSE: 0.3519)
Validation -> Loss: 0.099164 | Scalar: 0.097705 (RMSE: 0.3126) | Temporal: 0.123083 (RMSE: 0.3508)
============================================================
No improvement for 6 epoch(s)

============================================================
Epoch 43/150
Learning Rate: 0.000500
============================================================

============================================================
Epoch 43/150 Summary
============================================================
Training   -> Loss: 0.100262 | Scalar: 0.101504 (RMSE: 0.3186) | Temporal: 0.116840 (RMSE: 0.3418)
Validation -> Loss: 0.090284 | Scalar: 0.088237 (RMSE: 0.2970) | Temporal: 0.114074 (RMSE: 0.3377)
============================================================
✓ New best model saved! Val Loss: 0.090284

============================================================
Epoch 44/150
Learning Rate: 0.000500
============================================================

============================================================
Epoch 44/150 Summary
============================================================
Training   -> Loss: 0.098881 | Scalar: 0.099943 (RMSE: 0.3161) | Temporal: 0.115681 (RMSE: 0.3401)
Validation -> Loss: 0.090458 | Scalar: 0.087818 (RMSE: 0.2963) | Temporal: 0.115944 (RMSE: 0.3405)
============================================================
No improvement for 1 epoch(s)

============================================================
Epoch 45/150
Learning Rate: 0.000500
============================================================

============================================================
Epoch 45/150 Summary
============================================================
Training   -> Loss: 0.098793 | Scalar: 0.099938 (RMSE: 0.3161) | Temporal: 0.115347 (RMSE: 0.3396)
Validation -> Loss: 0.089170 | Scalar: 0.086658 (RMSE: 0.2944) | Temporal: 0.114040 (RMSE: 0.3377)
============================================================
✓ New best model saved! Val Loss: 0.089170

============================================================
Epoch 46/150
Learning Rate: 0.000500
============================================================

============================================================
Epoch 46/150 Summary
============================================================
Training   -> Loss: 0.098234 | Scalar: 0.099315 (RMSE: 0.3151) | Temporal: 0.114855 (RMSE: 0.3389)
Validation -> Loss: 0.090969 | Scalar: 0.088267 (RMSE: 0.2971) | Temporal: 0.116728 (RMSE: 0.3417)
============================================================
No improvement for 1 epoch(s)

============================================================
Epoch 47/150
Learning Rate: 0.000500
============================================================

============================================================
Epoch 47/150 Summary
============================================================
Training   -> Loss: 0.098186 | Scalar: 0.099327 (RMSE: 0.3152) | Temporal: 0.114630 (RMSE: 0.3386)
Validation -> Loss: 0.091680 | Scalar: 0.089597 (RMSE: 0.2993) | Temporal: 0.115846 (RMSE: 0.3404)
============================================================
No improvement for 2 epoch(s)

============================================================
Epoch 48/150
Learning Rate: 0.000500
============================================================

============================================================
Epoch 48/150 Summary
============================================================
Training   -> Loss: 0.098071 | Scalar: 0.099263 (RMSE: 0.3151) | Temporal: 0.114348 (RMSE: 0.3382)
Validation -> Loss: 0.089206 | Scalar: 0.086973 (RMSE: 0.2949) | Temporal: 0.113300 (RMSE: 0.3366)
============================================================
No improvement for 3 epoch(s)

============================================================
Epoch 49/150
Learning Rate: 0.000500
============================================================

============================================================
Epoch 49/150 Summary
============================================================
Training   -> Loss: 0.097783 | Scalar: 0.098912 (RMSE: 0.3145) | Temporal: 0.114180 (RMSE: 0.3379)
Validation -> Loss: 0.089879 | Scalar: 0.087824 (RMSE: 0.2964) | Temporal: 0.113611 (RMSE: 0.3371)
============================================================
No improvement for 4 epoch(s)

============================================================
Epoch 50/150
Learning Rate: 0.000500
============================================================

============================================================
Epoch 50/150 Summary
============================================================
Training   -> Loss: 0.097841 | Scalar: 0.098883 (RMSE: 0.3145) | Temporal: 0.114492 (RMSE: 0.3384)
Validation -> Loss: 0.088433 | Scalar: 0.085951 (RMSE: 0.2932) | Temporal: 0.113068 (RMSE: 0.3363)
============================================================
✓ New best model saved! Val Loss: 0.088433

============================================================
Epoch 51/150
Learning Rate: 0.000500
============================================================

============================================================
Epoch 51/150 Summary
============================================================
Training   -> Loss: 0.097739 | Scalar: 0.098867 (RMSE: 0.3144) | Temporal: 0.114129 (RMSE: 0.3378)
Validation -> Loss: 0.088249 | Scalar: 0.085763 (RMSE: 0.2929) | Temporal: 0.112860 (RMSE: 0.3359)
============================================================
✓ New best model saved! Val Loss: 0.088249

============================================================
Epoch 52/150
Learning Rate: 0.000500
============================================================

============================================================
Epoch 52/150 Summary
============================================================
Training   -> Loss: 0.097404 | Scalar: 0.098617 (RMSE: 0.3140) | Temporal: 0.113487 (RMSE: 0.3369)
Validation -> Loss: 0.087313 | Scalar: 0.084075 (RMSE: 0.2900) | Temporal: 0.113841 (RMSE: 0.3374)
============================================================
✓ New best model saved! Val Loss: 0.087313

============================================================
Epoch 53/150
Learning Rate: 0.000500
============================================================

============================================================
Epoch 53/150 Summary
============================================================
Training   -> Loss: 0.097124 | Scalar: 0.098213 (RMSE: 0.3134) | Temporal: 0.113498 (RMSE: 0.3369)
Validation -> Loss: 0.091599 | Scalar: 0.089743 (RMSE: 0.2996) | Temporal: 0.115115 (RMSE: 0.3393)
============================================================
No improvement for 1 epoch(s)

============================================================
Epoch 54/150
Learning Rate: 0.000500
============================================================

============================================================
Epoch 54/150 Summary
============================================================
Training   -> Loss: 0.096842 | Scalar: 0.097923 (RMSE: 0.3129) | Temporal: 0.113184 (RMSE: 0.3364)
Validation -> Loss: 0.090780 | Scalar: 0.088965 (RMSE: 0.2983) | Temporal: 0.114018 (RMSE: 0.3377)
============================================================
No improvement for 2 epoch(s)

============================================================
Epoch 55/150
Learning Rate: 0.000500
============================================================

============================================================
Epoch 55/150 Summary
============================================================
Training   -> Loss: 0.096814 | Scalar: 0.097834 (RMSE: 0.3128) | Temporal: 0.113322 (RMSE: 0.3366)
Validation -> Loss: 0.089174 | Scalar: 0.086409 (RMSE: 0.2940) | Temporal: 0.114750 (RMSE: 0.3387)
============================================================
No improvement for 3 epoch(s)

============================================================
Epoch 56/150
Learning Rate: 0.000500
============================================================

============================================================
Epoch 56/150 Summary
============================================================
Training   -> Loss: 0.096596 | Scalar: 0.097461 (RMSE: 0.3122) | Temporal: 0.113491 (RMSE: 0.3369)
Validation -> Loss: 0.088117 | Scalar: 0.084546 (RMSE: 0.2908) | Temporal: 0.115742 (RMSE: 0.3402)
============================================================
No improvement for 4 epoch(s)

============================================================
Epoch 57/150
Learning Rate: 0.000500
============================================================

============================================================
Epoch 57/150 Summary
============================================================
Training   -> Loss: 0.096769 | Scalar: 0.097967 (RMSE: 0.3130) | Temporal: 0.112769 (RMSE: 0.3358)
Validation -> Loss: 0.088003 | Scalar: 0.085375 (RMSE: 0.2922) | Temporal: 0.112960 (RMSE: 0.3361)
============================================================
No improvement for 5 epoch(s)

============================================================
Epoch 58/150
Learning Rate: 0.000500
============================================================

============================================================
Epoch 58/150 Summary
============================================================
Training   -> Loss: 0.096495 | Scalar: 0.097406 (RMSE: 0.3121) | Temporal: 0.113245 (RMSE: 0.3365)
Validation -> Loss: 0.090169 | Scalar: 0.088176 (RMSE: 0.2969) | Temporal: 0.113783 (RMSE: 0.3373)
============================================================
No improvement for 6 epoch(s)

============================================================
Epoch 59/150
Learning Rate: 0.000250
============================================================

============================================================
Epoch 59/150 Summary
============================================================
Training   -> Loss: 0.092241 | Scalar: 0.092762 (RMSE: 0.3046) | Temporal: 0.109228 (RMSE: 0.3305)
Validation -> Loss: 0.084300 | Scalar: 0.081144 (RMSE: 0.2849) | Temporal: 0.109999 (RMSE: 0.3317)
============================================================
✓ New best model saved! Val Loss: 0.084300

============================================================
Epoch 60/150
Learning Rate: 0.000250
============================================================

============================================================
Epoch 60/150 Summary
============================================================
Training   -> Loss: 0.091410 | Scalar: 0.091759 (RMSE: 0.3029) | Temporal: 0.108714 (RMSE: 0.3297)
Validation -> Loss: 0.085503 | Scalar: 0.083099 (RMSE: 0.2883) | Temporal: 0.109335 (RMSE: 0.3307)
============================================================
No improvement for 1 epoch(s)

============================================================
Epoch 61/150
Learning Rate: 0.000250
============================================================

============================================================
Epoch 61/150 Summary
============================================================
Training   -> Loss: 0.091551 | Scalar: 0.091955 (RMSE: 0.3032) | Temporal: 0.108730 (RMSE: 0.3297)
Validation -> Loss: 0.083308 | Scalar: 0.080722 (RMSE: 0.2841) | Temporal: 0.107212 (RMSE: 0.3274)
============================================================
✓ New best model saved! Val Loss: 0.083308

============================================================
Epoch 62/150
Learning Rate: 0.000250
============================================================

============================================================
Epoch 62/150 Summary
============================================================
Training   -> Loss: 0.091633 | Scalar: 0.092076 (RMSE: 0.3034) | Temporal: 0.108718 (RMSE: 0.3297)
Validation -> Loss: 0.085875 | Scalar: 0.083782 (RMSE: 0.2895) | Temporal: 0.108909 (RMSE: 0.3300)
============================================================
No improvement for 1 epoch(s)

============================================================
Epoch 63/150
Learning Rate: 0.000250
============================================================

============================================================
Epoch 63/150 Summary
============================================================
Training   -> Loss: 0.091240 | Scalar: 0.091542 (RMSE: 0.3026) | Temporal: 0.108644 (RMSE: 0.3296)
Validation -> Loss: 0.083753 | Scalar: 0.081551 (RMSE: 0.2856) | Temporal: 0.106669 (RMSE: 0.3266)
============================================================
No improvement for 2 epoch(s)

============================================================
Epoch 64/150
Learning Rate: 0.000250
============================================================

============================================================
Epoch 64/150 Summary
============================================================
Training   -> Loss: 0.091190 | Scalar: 0.091455 (RMSE: 0.3024) | Temporal: 0.108685 (RMSE: 0.3297)
Validation -> Loss: 0.082551 | Scalar: 0.079820 (RMSE: 0.2825) | Temporal: 0.106708 (RMSE: 0.3267)
============================================================
✓ New best model saved! Val Loss: 0.082551

============================================================
Epoch 65/150
Learning Rate: 0.000250
============================================================

============================================================
Epoch 65/150 Summary
============================================================
Training   -> Loss: 0.090833 | Scalar: 0.091071 (RMSE: 0.3018) | Temporal: 0.108334 (RMSE: 0.3291)
Validation -> Loss: 0.085269 | Scalar: 0.082990 (RMSE: 0.2881) | Temporal: 0.108706 (RMSE: 0.3297)
============================================================
No improvement for 1 epoch(s)

============================================================
Epoch 66/150
Learning Rate: 0.000250
============================================================

============================================================
Epoch 66/150 Summary
============================================================
Training   -> Loss: 0.090889 | Scalar: 0.091232 (RMSE: 0.3020) | Temporal: 0.108105 (RMSE: 0.3288)
Validation -> Loss: 0.082582 | Scalar: 0.079734 (RMSE: 0.2824) | Temporal: 0.107072 (RMSE: 0.3272)
============================================================
No improvement for 2 epoch(s)

============================================================
Epoch 67/150
Learning Rate: 0.000250
============================================================

============================================================
Epoch 67/150 Summary
============================================================
Training   -> Loss: 0.091067 | Scalar: 0.091506 (RMSE: 0.3025) | Temporal: 0.108049 (RMSE: 0.3287)
Validation -> Loss: 0.084642 | Scalar: 0.082199 (RMSE: 0.2867) | Temporal: 0.108413 (RMSE: 0.3293)
============================================================
No improvement for 3 epoch(s)

============================================================
Epoch 68/150
Learning Rate: 0.000250
============================================================

============================================================
Epoch 68/150 Summary
============================================================
Training   -> Loss: 0.090645 | Scalar: 0.090996 (RMSE: 0.3017) | Temporal: 0.107792 (RMSE: 0.3283)
Validation -> Loss: 0.084766 | Scalar: 0.082438 (RMSE: 0.2871) | Temporal: 0.108239 (RMSE: 0.3290)
============================================================
No improvement for 4 epoch(s)

============================================================
Epoch 69/150
Learning Rate: 0.000250
============================================================

============================================================
Epoch 69/150 Summary
============================================================
Training   -> Loss: 0.090389 | Scalar: 0.090689 (RMSE: 0.3011) | Temporal: 0.107624 (RMSE: 0.3281)
Validation -> Loss: 0.083032 | Scalar: 0.080173 (RMSE: 0.2831) | Temporal: 0.107643 (RMSE: 0.3281)
============================================================
No improvement for 5 epoch(s)

============================================================
Epoch 70/150
Learning Rate: 0.000250
============================================================

============================================================
Epoch 70/150 Summary
============================================================
Training   -> Loss: 0.090717 | Scalar: 0.091092 (RMSE: 0.3018) | Temporal: 0.107812 (RMSE: 0.3283)
Validation -> Loss: 0.082853 | Scalar: 0.080105 (RMSE: 0.2830) | Temporal: 0.107119 (RMSE: 0.3273)
============================================================
No improvement for 6 epoch(s)

============================================================
Epoch 71/150
Learning Rate: 0.000125
============================================================

============================================================
Epoch 71/150 Summary
============================================================
Training   -> Loss: 0.088460 | Scalar: 0.088466 (RMSE: 0.2974) | Temporal: 0.106137 (RMSE: 0.3258)
Validation -> Loss: 0.081864 | Scalar: 0.079020 (RMSE: 0.2811) | Temporal: 0.106200 (RMSE: 0.3259)
============================================================
✓ New best model saved! Val Loss: 0.081864

============================================================
Epoch 72/150
Learning Rate: 0.000125
============================================================

============================================================
Epoch 72/150 Summary
============================================================
Training   -> Loss: 0.088444 | Scalar: 0.088393 (RMSE: 0.2973) | Temporal: 0.106277 (RMSE: 0.3260)
Validation -> Loss: 0.084011 | Scalar: 0.081315 (RMSE: 0.2852) | Temporal: 0.108362 (RMSE: 0.3292)
============================================================
No improvement for 1 epoch(s)

============================================================
Epoch 73/150
Learning Rate: 0.000125
============================================================

============================================================
Epoch 73/150 Summary
============================================================
Training   -> Loss: 0.088158 | Scalar: 0.088240 (RMSE: 0.2971) | Temporal: 0.105562 (RMSE: 0.3249)
Validation -> Loss: 0.081088 | Scalar: 0.078527 (RMSE: 0.2802) | Temporal: 0.104476 (RMSE: 0.3232)
============================================================
✓ New best model saved! Val Loss: 0.081088

============================================================
Epoch 74/150
Learning Rate: 0.000125
============================================================

============================================================
Epoch 74/150 Summary
============================================================
Training   -> Loss: 0.087938 | Scalar: 0.087950 (RMSE: 0.2966) | Temporal: 0.105491 (RMSE: 0.3248)
Validation -> Loss: 0.082414 | Scalar: 0.079471 (RMSE: 0.2819) | Temporal: 0.107135 (RMSE: 0.3273)
============================================================
No improvement for 1 epoch(s)

============================================================
Epoch 75/150
Learning Rate: 0.000125
============================================================

============================================================
Epoch 75/150 Summary
============================================================
Training   -> Loss: 0.087910 | Scalar: 0.087970 (RMSE: 0.2966) | Temporal: 0.105325 (RMSE: 0.3245)
Validation -> Loss: 0.082025 | Scalar: 0.079607 (RMSE: 0.2821) | Temporal: 0.105201 (RMSE: 0.3243)
============================================================
No improvement for 2 epoch(s)

============================================================
Epoch 76/150
Learning Rate: 0.000125
============================================================

============================================================
Epoch 76/150 Summary
============================================================
Training   -> Loss: 0.087709 | Scalar: 0.087686 (RMSE: 0.2961) | Temporal: 0.105316 (RMSE: 0.3245)
Validation -> Loss: 0.082610 | Scalar: 0.080320 (RMSE: 0.2834) | Temporal: 0.105545 (RMSE: 0.3249)
============================================================
No improvement for 3 epoch(s)

============================================================
Epoch 77/150
Learning Rate: 0.000125
============================================================

============================================================
Epoch 77/150 Summary
============================================================
Training   -> Loss: 0.088009 | Scalar: 0.087990 (RMSE: 0.2966) | Temporal: 0.105662 (RMSE: 0.3251)
Validation -> Loss: 0.082271 | Scalar: 0.079713 (RMSE: 0.2823) | Temporal: 0.105886 (RMSE: 0.3254)
============================================================
No improvement for 4 epoch(s)

============================================================
Epoch 78/150
Learning Rate: 0.000125
============================================================

============================================================
Epoch 78/150 Summary
============================================================
Training   -> Loss: 0.088053 | Scalar: 0.088011 (RMSE: 0.2967) | Temporal: 0.105781 (RMSE: 0.3252)
Validation -> Loss: 0.082052 | Scalar: 0.079666 (RMSE: 0.2823) | Temporal: 0.105143 (RMSE: 0.3243)
============================================================
No improvement for 5 epoch(s)

============================================================
Epoch 79/150
Learning Rate: 0.000125
============================================================

============================================================
Epoch 79/150 Summary
============================================================
Training   -> Loss: 0.087464 | Scalar: 0.087314 (RMSE: 0.2955) | Temporal: 0.105375 (RMSE: 0.3246)
Validation -> Loss: 0.080844 | Scalar: 0.078428 (RMSE: 0.2800) | Temporal: 0.103777 (RMSE: 0.3221)
============================================================
✓ New best model saved! Val Loss: 0.080844

============================================================
Epoch 80/150
Learning Rate: 0.000125
============================================================

============================================================
Epoch 80/150 Summary
============================================================
Training   -> Loss: 0.087756 | Scalar: 0.087806 (RMSE: 0.2963) | Temporal: 0.105168 (RMSE: 0.3243)
Validation -> Loss: 0.080612 | Scalar: 0.078064 (RMSE: 0.2794) | Temporal: 0.103867 (RMSE: 0.3223)
============================================================
✓ New best model saved! Val Loss: 0.080612

============================================================
Epoch 81/150
Learning Rate: 0.000125
============================================================

============================================================
Epoch 81/150 Summary
============================================================
Training   -> Loss: 0.087449 | Scalar: 0.087269 (RMSE: 0.2954) | Temporal: 0.105443 (RMSE: 0.3247)
Validation -> Loss: 0.081237 | Scalar: 0.078163 (RMSE: 0.2796) | Temporal: 0.106090 (RMSE: 0.3257)
============================================================
No improvement for 1 epoch(s)

============================================================
Epoch 82/150
Learning Rate: 0.000125
============================================================

============================================================
Epoch 82/150 Summary
============================================================
Training   -> Loss: 0.087518 | Scalar: 0.087552 (RMSE: 0.2959) | Temporal: 0.104927 (RMSE: 0.3239)
Validation -> Loss: 0.082136 | Scalar: 0.079590 (RMSE: 0.2821) | Temporal: 0.105691 (RMSE: 0.3251)
============================================================
No improvement for 2 epoch(s)

============================================================
Epoch 83/150
Learning Rate: 0.000125
============================================================

============================================================
Epoch 83/150 Summary
============================================================
Training   -> Loss: 0.087274 | Scalar: 0.087206 (RMSE: 0.2953) | Temporal: 0.104920 (RMSE: 0.3239)
Validation -> Loss: 0.082016 | Scalar: 0.079200 (RMSE: 0.2814) | Temporal: 0.106303 (RMSE: 0.3260)
============================================================
No improvement for 3 epoch(s)

============================================================
Epoch 84/150
Learning Rate: 0.000125
============================================================

============================================================
Epoch 84/150 Summary
============================================================
Training   -> Loss: 0.087277 | Scalar: 0.087120 (RMSE: 0.2952) | Temporal: 0.105171 (RMSE: 0.3243)
Validation -> Loss: 0.081736 | Scalar: 0.078512 (RMSE: 0.2802) | Temporal: 0.107109 (RMSE: 0.3273)
============================================================
No improvement for 4 epoch(s)

============================================================
Epoch 85/150
Learning Rate: 0.000125
============================================================

============================================================
Epoch 85/150 Summary
============================================================
Training   -> Loss: 0.087605 | Scalar: 0.087558 (RMSE: 0.2959) | Temporal: 0.105256 (RMSE: 0.3244)
Validation -> Loss: 0.081512 | Scalar: 0.078862 (RMSE: 0.2808) | Temporal: 0.105237 (RMSE: 0.3244)
============================================================
No improvement for 5 epoch(s)

============================================================
Epoch 86/150
Learning Rate: 0.000125
============================================================

============================================================
Epoch 86/150 Summary
============================================================
Training   -> Loss: 0.087207 | Scalar: 0.087113 (RMSE: 0.2951) | Temporal: 0.104912 (RMSE: 0.3239)
Validation -> Loss: 0.079402 | Scalar: 0.076196 (RMSE: 0.2760) | Temporal: 0.104260 (RMSE: 0.3229)
============================================================
✓ New best model saved! Val Loss: 0.079402

============================================================
Epoch 87/150
Learning Rate: 0.000125
============================================================

============================================================
Epoch 87/150 Summary
============================================================
Training   -> Loss: 0.087266 | Scalar: 0.087243 (RMSE: 0.2954) | Temporal: 0.104784 (RMSE: 0.3237)
Validation -> Loss: 0.080917 | Scalar: 0.077883 (RMSE: 0.2791) | Temporal: 0.105597 (RMSE: 0.3250)
============================================================
No improvement for 1 epoch(s)

============================================================
Epoch 88/150
Learning Rate: 0.000125
============================================================

============================================================
Epoch 88/150 Summary
============================================================
Training   -> Loss: 0.087254 | Scalar: 0.087055 (RMSE: 0.2951) | Temporal: 0.105260 (RMSE: 0.3244)
Validation -> Loss: 0.082009 | Scalar: 0.079309 (RMSE: 0.2816) | Temporal: 0.105973 (RMSE: 0.3255)
============================================================
No improvement for 2 epoch(s)

============================================================
Epoch 89/150
Learning Rate: 0.000125
============================================================

============================================================
Epoch 89/150 Summary
============================================================
Training   -> Loss: 0.087341 | Scalar: 0.087262 (RMSE: 0.2954) | Temporal: 0.105030 (RMSE: 0.3241)
Validation -> Loss: 0.082093 | Scalar: 0.079923 (RMSE: 0.2827) | Temporal: 0.104585 (RMSE: 0.3234)
============================================================
No improvement for 3 epoch(s)

============================================================
Epoch 90/150
Learning Rate: 0.000125
============================================================

============================================================
Epoch 90/150 Summary
============================================================
Training   -> Loss: 0.087017 | Scalar: 0.086890 (RMSE: 0.2948) | Temporal: 0.104776 (RMSE: 0.3237)
Validation -> Loss: 0.082516 | Scalar: 0.080109 (RMSE: 0.2830) | Temporal: 0.105757 (RMSE: 0.3252)
============================================================
No improvement for 4 epoch(s)

============================================================
Epoch 91/150
Learning Rate: 0.000125
============================================================

============================================================
Epoch 91/150 Summary
============================================================
Training   -> Loss: 0.086823 | Scalar: 0.086786 (RMSE: 0.2946) | Temporal: 0.104290 (RMSE: 0.3229)
Validation -> Loss: 0.082208 | Scalar: 0.079566 (RMSE: 0.2821) | Temporal: 0.106045 (RMSE: 0.3256)
============================================================
No improvement for 5 epoch(s)

============================================================
Epoch 92/150
Learning Rate: 0.000125
============================================================

============================================================
Epoch 92/150 Summary
============================================================
Training   -> Loss: 0.086991 | Scalar: 0.086914 (RMSE: 0.2948) | Temporal: 0.104602 (RMSE: 0.3234)
Validation -> Loss: 0.080311 | Scalar: 0.077494 (RMSE: 0.2784) | Temporal: 0.104258 (RMSE: 0.3229)
============================================================
No improvement for 6 epoch(s)

============================================================
Epoch 93/150
Learning Rate: 0.000063
============================================================

============================================================
Epoch 93/150 Summary
============================================================
Training   -> Loss: 0.085379 | Scalar: 0.085126 (RMSE: 0.2918) | Temporal: 0.103161 (RMSE: 0.3212)
Validation -> Loss: 0.080382 | Scalar: 0.077362 (RMSE: 0.2781) | Temporal: 0.104916 (RMSE: 0.3239)
============================================================
No improvement for 7 epoch(s)

============================================================
Epoch 94/150
Learning Rate: 0.000063
============================================================

============================================================
Epoch 94/150 Summary
============================================================
Training   -> Loss: 0.085929 | Scalar: 0.085559 (RMSE: 0.2925) | Temporal: 0.104151 (RMSE: 0.3227)
Validation -> Loss: 0.079298 | Scalar: 0.076329 (RMSE: 0.2763) | Temporal: 0.103470 (RMSE: 0.3217)
============================================================
✓ New best model saved! Val Loss: 0.079298

============================================================
Epoch 95/150
Learning Rate: 0.000063
============================================================

============================================================
Epoch 95/150 Summary
============================================================
Training   -> Loss: 0.085677 | Scalar: 0.085369 (RMSE: 0.2922) | Temporal: 0.103672 (RMSE: 0.3220)
Validation -> Loss: 0.081120 | Scalar: 0.078575 (RMSE: 0.2803) | Temporal: 0.104468 (RMSE: 0.3232)
============================================================
No improvement for 1 epoch(s)

============================================================
Epoch 96/150
Learning Rate: 0.000063
============================================================

============================================================
Epoch 96/150 Summary
============================================================
Training   -> Loss: 0.085741 | Scalar: 0.085480 (RMSE: 0.2924) | Temporal: 0.103618 (RMSE: 0.3219)
Validation -> Loss: 0.081054 | Scalar: 0.078729 (RMSE: 0.2806) | Temporal: 0.103777 (RMSE: 0.3221)
============================================================
No improvement for 2 epoch(s)

============================================================
Epoch 97/150
Learning Rate: 0.000063
============================================================

============================================================
Epoch 97/150 Summary
============================================================
Training   -> Loss: 0.085692 | Scalar: 0.085347 (RMSE: 0.2921) | Temporal: 0.103797 (RMSE: 0.3222)
Validation -> Loss: 0.080205 | Scalar: 0.077105 (RMSE: 0.2777) | Temporal: 0.104926 (RMSE: 0.3239)
============================================================
No improvement for 3 epoch(s)

============================================================
Epoch 98/150
Learning Rate: 0.000063
============================================================

============================================================
Epoch 98/150 Summary
============================================================
Training   -> Loss: 0.085431 | Scalar: 0.085102 (RMSE: 0.2917) | Temporal: 0.103440 (RMSE: 0.3216)
Validation -> Loss: 0.081787 | Scalar: 0.079152 (RMSE: 0.2813) | Temporal: 0.105524 (RMSE: 0.3248)
============================================================
No improvement for 4 epoch(s)

============================================================
Epoch 99/150
Learning Rate: 0.000063
============================================================

============================================================
Epoch 99/150 Summary
============================================================
Training   -> Loss: 0.085622 | Scalar: 0.085379 (RMSE: 0.2922) | Temporal: 0.103426 (RMSE: 0.3216)
Validation -> Loss: 0.080475 | Scalar: 0.077995 (RMSE: 0.2793) | Temporal: 0.103516 (RMSE: 0.3217)
============================================================
No improvement for 5 epoch(s)

============================================================
Epoch 100/150
Learning Rate: 0.000063
============================================================

============================================================
Epoch 100/150 Summary
============================================================
Training   -> Loss: 0.085452 | Scalar: 0.085162 (RMSE: 0.2918) | Temporal: 0.103355 (RMSE: 0.3215)
Validation -> Loss: 0.080660 | Scalar: 0.078116 (RMSE: 0.2795) | Temporal: 0.103915 (RMSE: 0.3224)
============================================================
No improvement for 6 epoch(s)

============================================================
Epoch 101/150
Learning Rate: 0.000031
============================================================

============================================================
Epoch 101/150 Summary
============================================================
Training   -> Loss: 0.085242 | Scalar: 0.084913 (RMSE: 0.2914) | Temporal: 0.103211 (RMSE: 0.3213)
Validation -> Loss: 0.080121 | Scalar: 0.077653 (RMSE: 0.2787) | Temporal: 0.103056 (RMSE: 0.3210)
============================================================
No improvement for 7 epoch(s)

============================================================
Epoch 102/150
Learning Rate: 0.000031
============================================================

============================================================
Epoch 102/150 Summary
============================================================
Training   -> Loss: 0.084697 | Scalar: 0.084233 (RMSE: 0.2902) | Temporal: 0.102938 (RMSE: 0.3208)
Validation -> Loss: 0.078997 | Scalar: 0.076068 (RMSE: 0.2758) | Temporal: 0.102996 (RMSE: 0.3209)
============================================================
✓ New best model saved! Val Loss: 0.078997

============================================================
Epoch 103/150
Learning Rate: 0.000031
============================================================

============================================================
Epoch 103/150 Summary
============================================================
Training   -> Loss: 0.084827 | Scalar: 0.084440 (RMSE: 0.2906) | Temporal: 0.102877 (RMSE: 0.3207)
Validation -> Loss: 0.079270 | Scalar: 0.076282 (RMSE: 0.2762) | Temporal: 0.103491 (RMSE: 0.3217)
============================================================
No improvement for 1 epoch(s)

============================================================
Epoch 104/150
Learning Rate: 0.000031
============================================================

============================================================
Epoch 104/150 Summary
============================================================
Training   -> Loss: 0.085007 | Scalar: 0.084588 (RMSE: 0.2908) | Temporal: 0.103183 (RMSE: 0.3212)
Validation -> Loss: 0.079851 | Scalar: 0.076765 (RMSE: 0.2771) | Temporal: 0.104460 (RMSE: 0.3232)
============================================================
No improvement for 2 epoch(s)

============================================================
Epoch 105/150
Learning Rate: 0.000031
============================================================

============================================================
Epoch 105/150 Summary
============================================================
Training   -> Loss: 0.084841 | Scalar: 0.084409 (RMSE: 0.2905) | Temporal: 0.103017 (RMSE: 0.3210)
Validation -> Loss: 0.078764 | Scalar: 0.075600 (RMSE: 0.2750) | Temporal: 0.103374 (RMSE: 0.3215)
============================================================
✓ New best model saved! Val Loss: 0.078764

============================================================
Epoch 106/150
Learning Rate: 0.000031
============================================================

============================================================
Epoch 106/150 Summary
============================================================
Training   -> Loss: 0.084809 | Scalar: 0.084399 (RMSE: 0.2905) | Temporal: 0.102919 (RMSE: 0.3208)
Validation -> Loss: 0.079590 | Scalar: 0.076579 (RMSE: 0.2767) | Temporal: 0.103941 (RMSE: 0.3224)
============================================================
No improvement for 1 epoch(s)

============================================================
Epoch 107/150
Learning Rate: 0.000031
============================================================

============================================================
Epoch 107/150 Summary
============================================================
Training   -> Loss: 0.085006 | Scalar: 0.084726 (RMSE: 0.2911) | Temporal: 0.102789 (RMSE: 0.3206)
Validation -> Loss: 0.080068 | Scalar: 0.077266 (RMSE: 0.2780) | Temporal: 0.103927 (RMSE: 0.3224)
============================================================
No improvement for 2 epoch(s)

============================================================
Epoch 108/150
Learning Rate: 0.000031
============================================================

============================================================
Epoch 108/150 Summary
============================================================
Training   -> Loss: 0.085023 | Scalar: 0.084547 (RMSE: 0.2908) | Temporal: 0.103363 (RMSE: 0.3215)
Validation -> Loss: 0.078575 | Scalar: 0.075388 (RMSE: 0.2746) | Temporal: 0.103217 (RMSE: 0.3213)
============================================================
✓ New best model saved! Val Loss: 0.078575

============================================================
Epoch 109/150
Learning Rate: 0.000031
============================================================

============================================================
Epoch 109/150 Summary
============================================================
Training   -> Loss: 0.084753 | Scalar: 0.084464 (RMSE: 0.2906) | Temporal: 0.102514 (RMSE: 0.3202)
Validation -> Loss: 0.080939 | Scalar: 0.078024 (RMSE: 0.2793) | Temporal: 0.105288 (RMSE: 0.3245)
============================================================
No improvement for 1 epoch(s)

============================================================
Epoch 110/150
Learning Rate: 0.000031
============================================================

============================================================
Epoch 110/150 Summary
============================================================
Training   -> Loss: 0.084690 | Scalar: 0.084346 (RMSE: 0.2904) | Temporal: 0.102592 (RMSE: 0.3203)
Validation -> Loss: 0.079212 | Scalar: 0.076729 (RMSE: 0.2770) | Temporal: 0.102006 (RMSE: 0.3194)
============================================================
No improvement for 2 epoch(s)

============================================================
Epoch 111/150
Learning Rate: 0.000031
============================================================

============================================================
Epoch 111/150 Summary
============================================================
Training   -> Loss: 0.084871 | Scalar: 0.084553 (RMSE: 0.2908) | Temporal: 0.102734 (RMSE: 0.3205)
Validation -> Loss: 0.080398 | Scalar: 0.077608 (RMSE: 0.2786) | Temporal: 0.104287 (RMSE: 0.3229)
============================================================
No improvement for 3 epoch(s)

============================================================
Epoch 112/150
Learning Rate: 0.000031
============================================================

============================================================
Epoch 112/150 Summary
============================================================
Training   -> Loss: 0.084851 | Scalar: 0.084411 (RMSE: 0.2905) | Temporal: 0.103053 (RMSE: 0.3210)
Validation -> Loss: 0.078871 | Scalar: 0.075827 (RMSE: 0.2754) | Temporal: 0.103170 (RMSE: 0.3212)
============================================================
No improvement for 4 epoch(s)

============================================================
Epoch 113/150
Learning Rate: 0.000031
============================================================

============================================================
Epoch 113/150 Summary
============================================================
Training   -> Loss: 0.084860 | Scalar: 0.084438 (RMSE: 0.2906) | Temporal: 0.103011 (RMSE: 0.3210)
Validation -> Loss: 0.080446 | Scalar: 0.077947 (RMSE: 0.2792) | Temporal: 0.103533 (RMSE: 0.3218)
============================================================
No improvement for 5 epoch(s)

============================================================
Epoch 114/150
Learning Rate: 0.000031
============================================================

============================================================
Epoch 114/150 Summary
============================================================
Training   -> Loss: 0.084721 | Scalar: 0.084267 (RMSE: 0.2903) | Temporal: 0.102939 (RMSE: 0.3208)
Validation -> Loss: 0.079552 | Scalar: 0.076921 (RMSE: 0.2773) | Temporal: 0.102827 (RMSE: 0.3207)
============================================================
No improvement for 6 epoch(s)

============================================================
Epoch 115/150
Learning Rate: 0.000016
============================================================

============================================================
Epoch 115/150 Summary
============================================================
Training   -> Loss: 0.084681 | Scalar: 0.084210 (RMSE: 0.2902) | Temporal: 0.102936 (RMSE: 0.3208)
Validation -> Loss: 0.080617 | Scalar: 0.077809 (RMSE: 0.2789) | Temporal: 0.104601 (RMSE: 0.3234)
============================================================
No improvement for 7 epoch(s)

============================================================
Epoch 116/150
Learning Rate: 0.000016
============================================================

============================================================
Epoch 116/150 Summary
============================================================
Training   -> Loss: 0.084262 | Scalar: 0.083714 (RMSE: 0.2893) | Temporal: 0.102649 (RMSE: 0.3204)
Validation -> Loss: 0.079525 | Scalar: 0.076750 (RMSE: 0.2770) | Temporal: 0.103200 (RMSE: 0.3212)
============================================================
No improvement for 8 epoch(s)

============================================================
Epoch 117/150
Learning Rate: 0.000016
============================================================

============================================================
Epoch 117/150 Summary
============================================================
Training   -> Loss: 0.084226 | Scalar: 0.083695 (RMSE: 0.2893) | Temporal: 0.102559 (RMSE: 0.3202)
Validation -> Loss: 0.080138 | Scalar: 0.077237 (RMSE: 0.2779) | Temporal: 0.104288 (RMSE: 0.3229)
============================================================
No improvement for 9 epoch(s)

============================================================
Epoch 118/150
Learning Rate: 0.000016
============================================================

============================================================
Epoch 118/150 Summary
============================================================
Training   -> Loss: 0.084238 | Scalar: 0.083666 (RMSE: 0.2893) | Temporal: 0.102689 (RMSE: 0.3205)
Validation -> Loss: 0.079909 | Scalar: 0.076745 (RMSE: 0.2770) | Temporal: 0.104749 (RMSE: 0.3237)
============================================================
No improvement for 10 epoch(s)

============================================================
Epoch 119/150
Learning Rate: 0.000016
============================================================

============================================================
Epoch 119/150 Summary
============================================================
Training   -> Loss: 0.084479 | Scalar: 0.083953 (RMSE: 0.2897) | Temporal: 0.102846 (RMSE: 0.3207)
Validation -> Loss: 0.080211 | Scalar: 0.077649 (RMSE: 0.2787) | Temporal: 0.103426 (RMSE: 0.3216)
============================================================
No improvement for 11 epoch(s)

============================================================
Epoch 120/150
Learning Rate: 0.000016
============================================================

============================================================
Epoch 120/150 Summary
============================================================
Training   -> Loss: 0.084339 | Scalar: 0.083807 (RMSE: 0.2895) | Temporal: 0.102699 (RMSE: 0.3205)
Validation -> Loss: 0.079401 | Scalar: 0.076488 (RMSE: 0.2766) | Temporal: 0.103437 (RMSE: 0.3216)
============================================================
No improvement for 12 epoch(s)

============================================================
Epoch 121/150
Learning Rate: 0.000008
============================================================

============================================================
Epoch 121/150 Summary
============================================================
Training   -> Loss: 0.084540 | Scalar: 0.084093 (RMSE: 0.2900) | Temporal: 0.102700 (RMSE: 0.3205)
Validation -> Loss: 0.079623 | Scalar: 0.076950 (RMSE: 0.2774) | Temporal: 0.103032 (RMSE: 0.3210)
============================================================
No improvement for 13 epoch(s)

============================================================
Epoch 122/150
Learning Rate: 0.000008
============================================================

============================================================
Epoch 122/150 Summary
============================================================
Training   -> Loss: 0.084159 | Scalar: 0.083656 (RMSE: 0.2892) | Temporal: 0.102400 (RMSE: 0.3200)
Validation -> Loss: 0.079788 | Scalar: 0.076976 (RMSE: 0.2774) | Temporal: 0.103619 (RMSE: 0.3219)
============================================================
No improvement for 14 epoch(s)

============================================================
Epoch 123/150
Learning Rate: 0.000008
============================================================

============================================================
Epoch 123/150 Summary
============================================================
Training   -> Loss: 0.084243 | Scalar: 0.083801 (RMSE: 0.2895) | Temporal: 0.102327 (RMSE: 0.3199)
Validation -> Loss: 0.079859 | Scalar: 0.077462 (RMSE: 0.2783) | Temporal: 0.102544 (RMSE: 0.3202)
============================================================
No improvement for 15 epoch(s)

Early stopping triggered after 15 epochs without improvement
Best validation loss: 0.078575

============================================================
TRAINING COMPLETED
============================================================
Best validation loss: 0.078575
Best validation RMSE: 0.280313
Final train loss: 0.084243
Final val loss: 0.079859
Total Training Time: 23:56:15
Models saved to: src/trained_weights/UMambaMag_v3_STEAD_20251115_073223
============================================================

==================================================

