2025-11-16 07:28:59,599 | seisbench | WARNING | Setting remote root to: https://seisbench.gfz.de/mirror/
Please note that this can affect your download speed.
2025-11-16 07:29:10,596 | seisbench | WARNING | Output component order not specified, defaulting to 'ZNE'.
2025-11-16 07:29:17,000 | seisbench | WARNING | Skipping preload, as cache is disabled.
2025-11-16 07:29:22,329 | seisbench | WARNING | Skipping preload, as cache is disabled.
/home/quenton.yeo/code/.venv/lib/python3.11/site-packages/torch/optim/lr_scheduler.py:60: UserWarning: The verbose parameter is deprecated. Please use get_last_lr() to access the learning rate.
  warnings.warn(

==================================================
LOADING DATA
==================================================
STEAD dataset loaded: 1265657 samples

Training umamba_mag_v3 on STEAD for 150 epochs...
Model moved to cuda:2
Training UMamba V3 Magnitude Estimator model (dual-head architecture)

============================================================
TRAINING UMAMBA V3 (DUAL-HEAD ARCHITECTURE)
============================================================
Model: UMambaMag_v3_STEAD
Scalar weight: 0.7 (primary task)
Temporal weight: 0.25 (auxiliary task)
Learning rate: 0.001
Batch size: 16
Optimizer: AdamW
Weight decay: 1e-05
Gradient clip: 1.0
Warmup epochs: 5
Early stopping patience: 15
============================================================
Total parameters: 740,930
Trainable parameters: 740,930
Train samples: 1075808
Dev samples: 63283
============================================================


============================================================
Epoch 1/150
Learning Rate: 0.001000
============================================================

============================================================
Epoch 1/150 Summary
============================================================
Training   -> Loss: 0.244554 | Scalar: 0.250143 (RMSE: 0.5001) | Temporal: 0.277819 (RMSE: 0.5271)
Validation -> Loss: 0.171361 | Scalar: 0.170016 (RMSE: 0.4123) | Temporal: 0.209397 (RMSE: 0.4576)
============================================================
✓ New best model saved! Val Loss: 0.171361

============================================================
Epoch 2/150
Learning Rate: 0.000200
============================================================

============================================================
Epoch 2/150 Summary
============================================================
Training   -> Loss: 0.187388 | Scalar: 0.191147 (RMSE: 0.4372) | Temporal: 0.214341 (RMSE: 0.4630)
Validation -> Loss: 0.152959 | Scalar: 0.151340 (RMSE: 0.3890) | Temporal: 0.188084 (RMSE: 0.4337)
============================================================
✓ New best model saved! Val Loss: 0.152959

============================================================
Epoch 3/150
Learning Rate: 0.000400
============================================================

============================================================
Epoch 3/150 Summary
============================================================
Training   -> Loss: 0.167168 | Scalar: 0.170488 (RMSE: 0.4129) | Temporal: 0.191306 (RMSE: 0.4374)
Validation -> Loss: 0.137820 | Scalar: 0.136217 (RMSE: 0.3691) | Temporal: 0.169871 (RMSE: 0.4122)
============================================================
✓ New best model saved! Val Loss: 0.137820

============================================================
Epoch 4/150
Learning Rate: 0.000600
============================================================

============================================================
Epoch 4/150 Summary
============================================================
Training   -> Loss: 0.155733 | Scalar: 0.158804 (RMSE: 0.3985) | Temporal: 0.178281 (RMSE: 0.4222)
Validation -> Loss: 0.128639 | Scalar: 0.124800 (RMSE: 0.3533) | Temporal: 0.165117 (RMSE: 0.4063)
============================================================
✓ New best model saved! Val Loss: 0.128639

============================================================
Epoch 5/150
Learning Rate: 0.000800
============================================================

============================================================
Epoch 5/150 Summary
============================================================
Training   -> Loss: 0.150835 | Scalar: 0.154538 (RMSE: 0.3931) | Temporal: 0.170632 (RMSE: 0.4131)
Validation -> Loss: 0.131818 | Scalar: 0.129368 (RMSE: 0.3597) | Temporal: 0.165040 (RMSE: 0.4063)
============================================================
No improvement for 1 epoch(s)

============================================================
Epoch 6/150
Learning Rate: 0.001000
============================================================

============================================================
Epoch 6/150 Summary
============================================================
Training   -> Loss: 0.142127 | Scalar: 0.145697 (RMSE: 0.3817) | Temporal: 0.160557 (RMSE: 0.4007)
Validation -> Loss: 0.124073 | Scalar: 0.121132 (RMSE: 0.3480) | Temporal: 0.157121 (RMSE: 0.3964)
============================================================
✓ New best model saved! Val Loss: 0.124073

============================================================
Epoch 7/150
Learning Rate: 0.001000
============================================================

============================================================
Epoch 7/150 Summary
============================================================
Training   -> Loss: 0.136660 | Scalar: 0.140112 (RMSE: 0.3743) | Temporal: 0.154328 (RMSE: 0.3928)
Validation -> Loss: 0.121369 | Scalar: 0.120233 (RMSE: 0.3467) | Temporal: 0.148826 (RMSE: 0.3858)
============================================================
✓ New best model saved! Val Loss: 0.121369

============================================================
Epoch 8/150
Learning Rate: 0.001000
============================================================

============================================================
Epoch 8/150 Summary
============================================================
Training   -> Loss: 0.132979 | Scalar: 0.136642 (RMSE: 0.3697) | Temporal: 0.149320 (RMSE: 0.3864)
Validation -> Loss: 0.111970 | Scalar: 0.110003 (RMSE: 0.3317) | Temporal: 0.139869 (RMSE: 0.3740)
============================================================
✓ New best model saved! Val Loss: 0.111970

============================================================
Epoch 9/150
Learning Rate: 0.001000
============================================================

============================================================
Epoch 9/150 Summary
============================================================
Training   -> Loss: 0.129283 | Scalar: 0.132761 (RMSE: 0.3644) | Temporal: 0.145402 (RMSE: 0.3813)
Validation -> Loss: 0.114525 | Scalar: 0.114745 (RMSE: 0.3387) | Temporal: 0.136814 (RMSE: 0.3699)
============================================================
No improvement for 1 epoch(s)

============================================================
Epoch 10/150
Learning Rate: 0.001000
============================================================

============================================================
Epoch 10/150 Summary
============================================================
Training   -> Loss: 0.127696 | Scalar: 0.131420 (RMSE: 0.3625) | Temporal: 0.142810 (RMSE: 0.3779)
Validation -> Loss: 0.124895 | Scalar: 0.128670 (RMSE: 0.3587) | Temporal: 0.139305 (RMSE: 0.3732)
============================================================
No improvement for 2 epoch(s)

============================================================
Epoch 11/150
Learning Rate: 0.001000
============================================================

============================================================
Epoch 11/150 Summary
============================================================
Training   -> Loss: 0.125622 | Scalar: 0.129295 (RMSE: 0.3596) | Temporal: 0.140460 (RMSE: 0.3748)
Validation -> Loss: 0.114681 | Scalar: 0.114542 (RMSE: 0.3384) | Temporal: 0.138006 (RMSE: 0.3715)
============================================================
No improvement for 3 epoch(s)

============================================================
Epoch 12/150
Learning Rate: 0.001000
============================================================

============================================================
Epoch 12/150 Summary
============================================================
Training   -> Loss: 0.124060 | Scalar: 0.127888 (RMSE: 0.3576) | Temporal: 0.138153 (RMSE: 0.3717)
Validation -> Loss: 0.111267 | Scalar: 0.111960 (RMSE: 0.3346) | Temporal: 0.131579 (RMSE: 0.3627)
============================================================
✓ New best model saved! Val Loss: 0.111267

============================================================
Epoch 13/150
Learning Rate: 0.001000
============================================================

============================================================
Epoch 13/150 Summary
============================================================
Training   -> Loss: 0.122611 | Scalar: 0.126399 (RMSE: 0.3555) | Temporal: 0.136529 (RMSE: 0.3695)
Validation -> Loss: 0.113372 | Scalar: 0.114254 (RMSE: 0.3380) | Temporal: 0.133577 (RMSE: 0.3655)
============================================================
No improvement for 1 epoch(s)

============================================================
Epoch 14/150
Learning Rate: 0.001000
============================================================

============================================================
Epoch 14/150 Summary
============================================================
Training   -> Loss: 0.121557 | Scalar: 0.125429 (RMSE: 0.3542) | Temporal: 0.135026 (RMSE: 0.3675)
Validation -> Loss: 0.107141 | Scalar: 0.106628 (RMSE: 0.3265) | Temporal: 0.130006 (RMSE: 0.3606)
============================================================
✓ New best model saved! Val Loss: 0.107141

============================================================
Epoch 15/150
Learning Rate: 0.001000
============================================================

============================================================
Epoch 15/150 Summary
============================================================
Training   -> Loss: 0.120703 | Scalar: 0.124790 (RMSE: 0.3533) | Temporal: 0.133402 (RMSE: 0.3652)
Validation -> Loss: 0.105641 | Scalar: 0.103940 (RMSE: 0.3224) | Temporal: 0.131530 (RMSE: 0.3627)
============================================================
✓ New best model saved! Val Loss: 0.105641

============================================================
Epoch 16/150
Learning Rate: 0.001000
============================================================

============================================================
Epoch 16/150 Summary
============================================================
Training   -> Loss: 0.119623 | Scalar: 0.123632 (RMSE: 0.3516) | Temporal: 0.132321 (RMSE: 0.3638)
Validation -> Loss: 0.105487 | Scalar: 0.105131 (RMSE: 0.3242) | Temporal: 0.127579 (RMSE: 0.3572)
============================================================
✓ New best model saved! Val Loss: 0.105487

============================================================
Epoch 17/150
Learning Rate: 0.001000
============================================================

============================================================
Epoch 17/150 Summary
============================================================
Training   -> Loss: 0.119201 | Scalar: 0.123371 (RMSE: 0.3512) | Temporal: 0.131364 (RMSE: 0.3624)
Validation -> Loss: 0.104157 | Scalar: 0.105288 (RMSE: 0.3245) | Temporal: 0.121824 (RMSE: 0.3490)
============================================================
✓ New best model saved! Val Loss: 0.104157

============================================================
Epoch 18/150
Learning Rate: 0.001000
============================================================

============================================================
Epoch 18/150 Summary
============================================================
Training   -> Loss: 0.118816 | Scalar: 0.123255 (RMSE: 0.3511) | Temporal: 0.130149 (RMSE: 0.3608)
Validation -> Loss: 0.110469 | Scalar: 0.112984 (RMSE: 0.3361) | Temporal: 0.125519 (RMSE: 0.3543)
============================================================
No improvement for 1 epoch(s)

============================================================
Epoch 19/150
Learning Rate: 0.001000
============================================================

============================================================
Epoch 19/150 Summary
============================================================
Training   -> Loss: 0.117014 | Scalar: 0.121150 (RMSE: 0.3481) | Temporal: 0.128838 (RMSE: 0.3589)
Validation -> Loss: 0.099435 | Scalar: 0.097825 (RMSE: 0.3128) | Temporal: 0.123830 (RMSE: 0.3519)
============================================================
✓ New best model saved! Val Loss: 0.099435

============================================================
Epoch 20/150
Learning Rate: 0.001000
============================================================

============================================================
Epoch 20/150 Summary
============================================================
Training   -> Loss: 0.116487 | Scalar: 0.120642 (RMSE: 0.3473) | Temporal: 0.128152 (RMSE: 0.3580)
Validation -> Loss: 0.097767 | Scalar: 0.095911 (RMSE: 0.3097) | Temporal: 0.122517 (RMSE: 0.3500)
============================================================
✓ New best model saved! Val Loss: 0.097767

============================================================
Epoch 21/150
Learning Rate: 0.001000
============================================================

============================================================
Epoch 21/150 Summary
============================================================
Training   -> Loss: 0.115738 | Scalar: 0.119956 (RMSE: 0.3463) | Temporal: 0.127076 (RMSE: 0.3565)
Validation -> Loss: 0.105277 | Scalar: 0.106531 (RMSE: 0.3264) | Temporal: 0.122823 (RMSE: 0.3505)
============================================================
No improvement for 1 epoch(s)

============================================================
Epoch 22/150
Learning Rate: 0.001000
============================================================

============================================================
Epoch 22/150 Summary
============================================================
Training   -> Loss: 0.115049 | Scalar: 0.119124 (RMSE: 0.3451) | Temporal: 0.126649 (RMSE: 0.3559)
Validation -> Loss: 0.105137 | Scalar: 0.104776 (RMSE: 0.3237) | Temporal: 0.127174 (RMSE: 0.3566)
============================================================
No improvement for 2 epoch(s)

============================================================
Epoch 23/150
Learning Rate: 0.001000
============================================================

============================================================
Epoch 23/150 Summary
============================================================
Training   -> Loss: 0.114376 | Scalar: 0.118625 (RMSE: 0.3444) | Temporal: 0.125351 (RMSE: 0.3540)
Validation -> Loss: 0.101352 | Scalar: 0.100374 (RMSE: 0.3168) | Temporal: 0.124361 (RMSE: 0.3526)
============================================================
No improvement for 3 epoch(s)

============================================================
Epoch 24/150
Learning Rate: 0.001000
============================================================

============================================================
Epoch 24/150 Summary
============================================================
Training   -> Loss: 0.114234 | Scalar: 0.118627 (RMSE: 0.3444) | Temporal: 0.124780 (RMSE: 0.3532)
Validation -> Loss: 0.101468 | Scalar: 0.101846 (RMSE: 0.3191) | Temporal: 0.120705 (RMSE: 0.3474)
============================================================
No improvement for 4 epoch(s)

============================================================
Epoch 25/150
Learning Rate: 0.001000
============================================================

============================================================
Epoch 25/150 Summary
============================================================
Training   -> Loss: 0.114006 | Scalar: 0.118344 (RMSE: 0.3440) | Temporal: 0.124660 (RMSE: 0.3531)
Validation -> Loss: 0.100516 | Scalar: 0.100290 (RMSE: 0.3167) | Temporal: 0.121251 (RMSE: 0.3482)
============================================================
No improvement for 5 epoch(s)

============================================================
Epoch 26/150
Learning Rate: 0.001000
============================================================

============================================================
Epoch 26/150 Summary
============================================================
Training   -> Loss: 0.113266 | Scalar: 0.117675 (RMSE: 0.3430) | Temporal: 0.123572 (RMSE: 0.3515)
Validation -> Loss: 0.099161 | Scalar: 0.098458 (RMSE: 0.3138) | Temporal: 0.120962 (RMSE: 0.3478)
============================================================
No improvement for 6 epoch(s)

============================================================
Epoch 27/150
Learning Rate: 0.000500
============================================================

============================================================
Epoch 27/150 Summary
============================================================
Training   -> Loss: 0.101532 | Scalar: 0.104556 (RMSE: 0.3234) | Temporal: 0.113370 (RMSE: 0.3367)
Validation -> Loss: 0.089197 | Scalar: 0.087810 (RMSE: 0.2963) | Temporal: 0.110920 (RMSE: 0.3330)
============================================================
✓ New best model saved! Val Loss: 0.089197

============================================================
Epoch 28/150
Learning Rate: 0.000500
============================================================

============================================================
Epoch 28/150 Summary
============================================================
Training   -> Loss: 0.100037 | Scalar: 0.102971 (RMSE: 0.3209) | Temporal: 0.111829 (RMSE: 0.3344)
Validation -> Loss: 0.088918 | Scalar: 0.087546 (RMSE: 0.2959) | Temporal: 0.110541 (RMSE: 0.3325)
============================================================
✓ New best model saved! Val Loss: 0.088918

============================================================
Epoch 29/150
Learning Rate: 0.000500
============================================================

============================================================
Epoch 29/150 Summary
============================================================
Training   -> Loss: 0.099031 | Scalar: 0.101818 (RMSE: 0.3191) | Temporal: 0.111035 (RMSE: 0.3332)
Validation -> Loss: 0.091752 | Scalar: 0.091628 (RMSE: 0.3027) | Temporal: 0.110452 (RMSE: 0.3323)
============================================================
No improvement for 1 epoch(s)

============================================================
Epoch 30/150
Learning Rate: 0.000500
============================================================

============================================================
Epoch 30/150 Summary
============================================================
Training   -> Loss: 0.099084 | Scalar: 0.102080 (RMSE: 0.3195) | Temporal: 0.110514 (RMSE: 0.3324)
Validation -> Loss: 0.091651 | Scalar: 0.091513 (RMSE: 0.3025) | Temporal: 0.110367 (RMSE: 0.3322)
============================================================
No improvement for 2 epoch(s)

============================================================
Epoch 31/150
Learning Rate: 0.000500
============================================================

============================================================
Epoch 31/150 Summary
============================================================
Training   -> Loss: 0.097950 | Scalar: 0.100804 (RMSE: 0.3175) | Temporal: 0.109550 (RMSE: 0.3310)
Validation -> Loss: 0.088138 | Scalar: 0.087348 (RMSE: 0.2955) | Temporal: 0.107975 (RMSE: 0.3286)
============================================================
✓ New best model saved! Val Loss: 0.088138

============================================================
Epoch 32/150
Learning Rate: 0.000500
============================================================

============================================================
Epoch 32/150 Summary
============================================================
Training   -> Loss: 0.097834 | Scalar: 0.100619 (RMSE: 0.3172) | Temporal: 0.109605 (RMSE: 0.3311)
Validation -> Loss: 0.089239 | Scalar: 0.088683 (RMSE: 0.2978) | Temporal: 0.108644 (RMSE: 0.3296)
============================================================
No improvement for 1 epoch(s)

============================================================
Epoch 33/150
Learning Rate: 0.000500
============================================================

============================================================
Epoch 33/150 Summary
============================================================
Training   -> Loss: 0.097573 | Scalar: 0.100386 (RMSE: 0.3168) | Temporal: 0.109212 (RMSE: 0.3305)
Validation -> Loss: 0.093311 | Scalar: 0.093837 (RMSE: 0.3063) | Temporal: 0.110499 (RMSE: 0.3324)
============================================================
No improvement for 2 epoch(s)

============================================================
Epoch 34/150
Learning Rate: 0.000500
============================================================

============================================================
Epoch 34/150 Summary
============================================================
Training   -> Loss: 0.097414 | Scalar: 0.100326 (RMSE: 0.3167) | Temporal: 0.108742 (RMSE: 0.3298)
Validation -> Loss: 0.086611 | Scalar: 0.084952 (RMSE: 0.2915) | Temporal: 0.108579 (RMSE: 0.3295)
============================================================
✓ New best model saved! Val Loss: 0.086611

============================================================
Epoch 35/150
Learning Rate: 0.000500
============================================================

============================================================
Epoch 35/150 Summary
============================================================
Training   -> Loss: 0.096702 | Scalar: 0.099385 (RMSE: 0.3153) | Temporal: 0.108529 (RMSE: 0.3294)
Validation -> Loss: 0.085991 | Scalar: 0.084328 (RMSE: 0.2904) | Temporal: 0.107843 (RMSE: 0.3284)
============================================================
✓ New best model saved! Val Loss: 0.085991

============================================================
Epoch 36/150
Learning Rate: 0.000500
============================================================

============================================================
Epoch 36/150 Summary
============================================================
Training   -> Loss: 0.096828 | Scalar: 0.099655 (RMSE: 0.3157) | Temporal: 0.108279 (RMSE: 0.3291)
Validation -> Loss: 0.088386 | Scalar: 0.087050 (RMSE: 0.2950) | Temporal: 0.109805 (RMSE: 0.3314)
============================================================
No improvement for 1 epoch(s)

============================================================
Epoch 37/150
Learning Rate: 0.000500
============================================================

============================================================
Epoch 37/150 Summary
============================================================
Training   -> Loss: 0.096459 | Scalar: 0.099267 (RMSE: 0.3151) | Temporal: 0.107887 (RMSE: 0.3285)
Validation -> Loss: 0.086932 | Scalar: 0.085728 (RMSE: 0.2928) | Temporal: 0.107688 (RMSE: 0.3282)
============================================================
No improvement for 2 epoch(s)

============================================================
Epoch 38/150
Learning Rate: 0.000500
============================================================

============================================================
Epoch 38/150 Summary
============================================================
Training   -> Loss: 0.096002 | Scalar: 0.098802 (RMSE: 0.3143) | Temporal: 0.107361 (RMSE: 0.3277)
Validation -> Loss: 0.086414 | Scalar: 0.085363 (RMSE: 0.2922) | Temporal: 0.106638 (RMSE: 0.3266)
============================================================
No improvement for 3 epoch(s)

============================================================
Epoch 39/150
Learning Rate: 0.000500
============================================================

============================================================
Epoch 39/150 Summary
============================================================
Training   -> Loss: 0.096094 | Scalar: 0.099002 (RMSE: 0.3146) | Temporal: 0.107171 (RMSE: 0.3274)
Validation -> Loss: 0.086922 | Scalar: 0.085754 (RMSE: 0.2928) | Temporal: 0.107577 (RMSE: 0.3280)
============================================================
No improvement for 4 epoch(s)

============================================================
Epoch 40/150
Learning Rate: 0.000500
============================================================

============================================================
Epoch 40/150 Summary
============================================================
Training   -> Loss: 0.095821 | Scalar: 0.098781 (RMSE: 0.3143) | Temporal: 0.106698 (RMSE: 0.3266)
Validation -> Loss: 0.088209 | Scalar: 0.087807 (RMSE: 0.2963) | Temporal: 0.106976 (RMSE: 0.3271)
============================================================
No improvement for 5 epoch(s)

============================================================
Epoch 41/150
Learning Rate: 0.000500
============================================================

============================================================
Epoch 41/150 Summary
============================================================
Training   -> Loss: 0.095873 | Scalar: 0.098779 (RMSE: 0.3143) | Temporal: 0.106909 (RMSE: 0.3270)
Validation -> Loss: 0.093345 | Scalar: 0.094392 (RMSE: 0.3072) | Temporal: 0.109082 (RMSE: 0.3303)
============================================================
No improvement for 6 epoch(s)

============================================================
Epoch 42/150
Learning Rate: 0.000250
============================================================

============================================================
Epoch 42/150 Summary
============================================================
Training   -> Loss: 0.090121 | Scalar: 0.092300 (RMSE: 0.3038) | Temporal: 0.102044 (RMSE: 0.3194)
Validation -> Loss: 0.083878 | Scalar: 0.083160 (RMSE: 0.2884) | Temporal: 0.102665 (RMSE: 0.3204)
============================================================
✓ New best model saved! Val Loss: 0.083878

============================================================
Epoch 43/150
Learning Rate: 0.000250
============================================================

============================================================
Epoch 43/150 Summary
============================================================
Training   -> Loss: 0.089052 | Scalar: 0.091154 (RMSE: 0.3019) | Temporal: 0.100977 (RMSE: 0.3178)
Validation -> Loss: 0.080730 | Scalar: 0.078813 (RMSE: 0.2807) | Temporal: 0.102245 (RMSE: 0.3198)
============================================================
✓ New best model saved! Val Loss: 0.080730

============================================================
Epoch 44/150
Learning Rate: 0.000250
============================================================

============================================================
Epoch 44/150 Summary
============================================================
Training   -> Loss: 0.088095 | Scalar: 0.089937 (RMSE: 0.2999) | Temporal: 0.100558 (RMSE: 0.3171)
Validation -> Loss: 0.080726 | Scalar: 0.079121 (RMSE: 0.2813) | Temporal: 0.101362 (RMSE: 0.3184)
============================================================
✓ New best model saved! Val Loss: 0.080726

============================================================
Epoch 45/150
Learning Rate: 0.000250
============================================================

============================================================
Epoch 45/150 Summary
============================================================
Training   -> Loss: 0.087771 | Scalar: 0.089509 (RMSE: 0.2992) | Temporal: 0.100459 (RMSE: 0.3170)
Validation -> Loss: 0.079156 | Scalar: 0.077060 (RMSE: 0.2776) | Temporal: 0.100853 (RMSE: 0.3176)
============================================================
✓ New best model saved! Val Loss: 0.079156

============================================================
Epoch 46/150
Learning Rate: 0.000250
============================================================

============================================================
Epoch 46/150 Summary
============================================================
Training   -> Loss: 0.087907 | Scalar: 0.089821 (RMSE: 0.2997) | Temporal: 0.100131 (RMSE: 0.3164)
Validation -> Loss: 0.081964 | Scalar: 0.081108 (RMSE: 0.2848) | Temporal: 0.100752 (RMSE: 0.3174)
============================================================
No improvement for 1 epoch(s)

============================================================
Epoch 47/150
Learning Rate: 0.000250
============================================================

============================================================
Epoch 47/150 Summary
============================================================
Training   -> Loss: 0.087098 | Scalar: 0.088765 (RMSE: 0.2979) | Temporal: 0.099850 (RMSE: 0.3160)
Validation -> Loss: 0.080047 | Scalar: 0.078929 (RMSE: 0.2809) | Temporal: 0.099186 (RMSE: 0.3149)
============================================================
No improvement for 2 epoch(s)

============================================================
Epoch 48/150
Learning Rate: 0.000250
============================================================

============================================================
Epoch 48/150 Summary
============================================================
Training   -> Loss: 0.087199 | Scalar: 0.088917 (RMSE: 0.2982) | Temporal: 0.099828 (RMSE: 0.3160)
Validation -> Loss: 0.082688 | Scalar: 0.082217 (RMSE: 0.2867) | Temporal: 0.100545 (RMSE: 0.3171)
============================================================
No improvement for 3 epoch(s)

============================================================
Epoch 49/150
Learning Rate: 0.000250
============================================================

============================================================
Epoch 49/150 Summary
============================================================
Training   -> Loss: 0.086778 | Scalar: 0.088378 (RMSE: 0.2973) | Temporal: 0.099652 (RMSE: 0.3157)
Validation -> Loss: 0.084818 | Scalar: 0.084807 (RMSE: 0.2912) | Temporal: 0.101811 (RMSE: 0.3191)
============================================================
No improvement for 4 epoch(s)

============================================================
Epoch 50/150
Learning Rate: 0.000250
============================================================

============================================================
Epoch 50/150 Summary
============================================================
Training   -> Loss: 0.086861 | Scalar: 0.088594 (RMSE: 0.2976) | Temporal: 0.099380 (RMSE: 0.3152)
Validation -> Loss: 0.085098 | Scalar: 0.085526 (RMSE: 0.2924) | Temporal: 0.100919 (RMSE: 0.3177)
============================================================
No improvement for 5 epoch(s)

============================================================
Epoch 51/150
Learning Rate: 0.000250
============================================================

============================================================
Epoch 51/150 Summary
============================================================
Training   -> Loss: 0.086876 | Scalar: 0.088560 (RMSE: 0.2976) | Temporal: 0.099537 (RMSE: 0.3155)
Validation -> Loss: 0.081235 | Scalar: 0.079883 (RMSE: 0.2826) | Temporal: 0.101268 (RMSE: 0.3182)
============================================================
No improvement for 6 epoch(s)

============================================================
Epoch 52/150
Learning Rate: 0.000125
============================================================

============================================================
Epoch 52/150 Summary
============================================================
Training   -> Loss: 0.083278 | Scalar: 0.084585 (RMSE: 0.2908) | Temporal: 0.096275 (RMSE: 0.3103)
Validation -> Loss: 0.078143 | Scalar: 0.076340 (RMSE: 0.2763) | Temporal: 0.098820 (RMSE: 0.3144)
============================================================
✓ New best model saved! Val Loss: 0.078143

============================================================
Epoch 53/150
Learning Rate: 0.000125
============================================================

============================================================
Epoch 53/150 Summary
============================================================
Training   -> Loss: 0.083091 | Scalar: 0.084267 (RMSE: 0.2903) | Temporal: 0.096417 (RMSE: 0.3105)
Validation -> Loss: 0.079387 | Scalar: 0.078310 (RMSE: 0.2798) | Temporal: 0.098282 (RMSE: 0.3135)
============================================================
No improvement for 1 epoch(s)

============================================================
Epoch 54/150
Learning Rate: 0.000125
============================================================

============================================================
Epoch 54/150 Summary
============================================================
Training   -> Loss: 0.083427 | Scalar: 0.084754 (RMSE: 0.2911) | Temporal: 0.096396 (RMSE: 0.3105)
Validation -> Loss: 0.079411 | Scalar: 0.078089 (RMSE: 0.2794) | Temporal: 0.098994 (RMSE: 0.3146)
============================================================
No improvement for 2 epoch(s)

============================================================
Epoch 55/150
Learning Rate: 0.000125
============================================================

============================================================
Epoch 55/150 Summary
============================================================
Training   -> Loss: 0.083162 | Scalar: 0.084431 (RMSE: 0.2906) | Temporal: 0.096242 (RMSE: 0.3102)
Validation -> Loss: 0.080499 | Scalar: 0.079982 (RMSE: 0.2828) | Temporal: 0.098044 (RMSE: 0.3131)
============================================================
No improvement for 3 epoch(s)

============================================================
Epoch 56/150
Learning Rate: 0.000125
============================================================

============================================================
Epoch 56/150 Summary
============================================================
Training   -> Loss: 0.082688 | Scalar: 0.083850 (RMSE: 0.2896) | Temporal: 0.095974 (RMSE: 0.3098)
Validation -> Loss: 0.078391 | Scalar: 0.077000 (RMSE: 0.2775) | Temporal: 0.097965 (RMSE: 0.3130)
============================================================
No improvement for 4 epoch(s)

============================================================
Epoch 57/150
Learning Rate: 0.000125
============================================================

============================================================
Epoch 57/150 Summary
============================================================
Training   -> Loss: 0.082600 | Scalar: 0.083836 (RMSE: 0.2895) | Temporal: 0.095658 (RMSE: 0.3093)
Validation -> Loss: 0.078418 | Scalar: 0.077078 (RMSE: 0.2776) | Temporal: 0.097855 (RMSE: 0.3128)
============================================================
No improvement for 5 epoch(s)

============================================================
Epoch 58/150
Learning Rate: 0.000125
============================================================

============================================================
Epoch 58/150 Summary
============================================================
Training   -> Loss: 0.082756 | Scalar: 0.083967 (RMSE: 0.2898) | Temporal: 0.095916 (RMSE: 0.3097)
Validation -> Loss: 0.078457 | Scalar: 0.076840 (RMSE: 0.2772) | Temporal: 0.098674 (RMSE: 0.3141)
============================================================
No improvement for 6 epoch(s)

============================================================
Epoch 59/150
Learning Rate: 0.000063
============================================================

============================================================
Epoch 59/150 Summary
============================================================
Training   -> Loss: 0.080653 | Scalar: 0.081606 (RMSE: 0.2857) | Temporal: 0.094114 (RMSE: 0.3068)
Validation -> Loss: 0.078419 | Scalar: 0.077557 (RMSE: 0.2785) | Temporal: 0.096519 (RMSE: 0.3107)
============================================================
No improvement for 7 epoch(s)

============================================================
Epoch 60/150
Learning Rate: 0.000063
============================================================

============================================================
Epoch 60/150 Summary
============================================================
Training   -> Loss: 0.080702 | Scalar: 0.081684 (RMSE: 0.2858) | Temporal: 0.094094 (RMSE: 0.3067)
Validation -> Loss: 0.077729 | Scalar: 0.076697 (RMSE: 0.2769) | Temporal: 0.096166 (RMSE: 0.3101)
============================================================
✓ New best model saved! Val Loss: 0.077729

============================================================
Epoch 61/150
Learning Rate: 0.000063
============================================================

============================================================
Epoch 61/150 Summary
============================================================
Training   -> Loss: 0.080728 | Scalar: 0.081697 (RMSE: 0.2858) | Temporal: 0.094161 (RMSE: 0.3069)
Validation -> Loss: 0.078173 | Scalar: 0.076853 (RMSE: 0.2772) | Temporal: 0.097504 (RMSE: 0.3123)
============================================================
No improvement for 1 epoch(s)

============================================================
Epoch 62/150
Learning Rate: 0.000063
============================================================

============================================================
Epoch 62/150 Summary
============================================================
Training   -> Loss: 0.080796 | Scalar: 0.081692 (RMSE: 0.2858) | Temporal: 0.094446 (RMSE: 0.3073)
Validation -> Loss: 0.076766 | Scalar: 0.075303 (RMSE: 0.2744) | Temporal: 0.096215 (RMSE: 0.3102)
============================================================
✓ New best model saved! Val Loss: 0.076766

============================================================
Epoch 63/150
Learning Rate: 0.000063
============================================================

============================================================
Epoch 63/150 Summary
============================================================
Training   -> Loss: 0.080694 | Scalar: 0.081654 (RMSE: 0.2858) | Temporal: 0.094146 (RMSE: 0.3068)
Validation -> Loss: 0.078454 | Scalar: 0.077583 (RMSE: 0.2785) | Temporal: 0.096585 (RMSE: 0.3108)
============================================================
No improvement for 1 epoch(s)

============================================================
Epoch 64/150
Learning Rate: 0.000063
============================================================

============================================================
Epoch 64/150 Summary
============================================================
Training   -> Loss: 0.080763 | Scalar: 0.081773 (RMSE: 0.2860) | Temporal: 0.094085 (RMSE: 0.3067)
Validation -> Loss: 0.079132 | Scalar: 0.078196 (RMSE: 0.2796) | Temporal: 0.097579 (RMSE: 0.3124)
============================================================
No improvement for 2 epoch(s)

============================================================
Epoch 65/150
Learning Rate: 0.000063
============================================================

============================================================
Epoch 65/150 Summary
============================================================
Training   -> Loss: 0.080440 | Scalar: 0.081396 (RMSE: 0.2853) | Temporal: 0.093852 (RMSE: 0.3064)
Validation -> Loss: 0.075970 | Scalar: 0.074549 (RMSE: 0.2730) | Temporal: 0.095140 (RMSE: 0.3084)
============================================================
✓ New best model saved! Val Loss: 0.075970

============================================================
Epoch 66/150
Learning Rate: 0.000063
============================================================

============================================================
Epoch 66/150 Summary
============================================================
Training   -> Loss: 0.080434 | Scalar: 0.081355 (RMSE: 0.2852) | Temporal: 0.093944 (RMSE: 0.3065)
Validation -> Loss: 0.075547 | Scalar: 0.074060 (RMSE: 0.2721) | Temporal: 0.094819 (RMSE: 0.3079)
============================================================
✓ New best model saved! Val Loss: 0.075547

============================================================
Epoch 67/150
Learning Rate: 0.000063
============================================================

============================================================
Epoch 67/150 Summary
============================================================
Training   -> Loss: 0.080401 | Scalar: 0.081352 (RMSE: 0.2852) | Temporal: 0.093819 (RMSE: 0.3063)
Validation -> Loss: 0.078883 | Scalar: 0.077989 (RMSE: 0.2793) | Temporal: 0.097160 (RMSE: 0.3117)
============================================================
No improvement for 1 epoch(s)

============================================================
Epoch 68/150
Learning Rate: 0.000063
============================================================

============================================================
Epoch 68/150 Summary
============================================================
Training   -> Loss: 0.080234 | Scalar: 0.081157 (RMSE: 0.2849) | Temporal: 0.093696 (RMSE: 0.3061)
Validation -> Loss: 0.077639 | Scalar: 0.076261 (RMSE: 0.2762) | Temporal: 0.097027 (RMSE: 0.3115)
============================================================
No improvement for 2 epoch(s)

============================================================
Epoch 69/150
Learning Rate: 0.000063
============================================================

============================================================
Epoch 69/150 Summary
============================================================
Training   -> Loss: 0.080396 | Scalar: 0.081388 (RMSE: 0.2853) | Temporal: 0.093697 (RMSE: 0.3061)
Validation -> Loss: 0.077041 | Scalar: 0.076242 (RMSE: 0.2761) | Temporal: 0.094686 (RMSE: 0.3077)
============================================================
No improvement for 3 epoch(s)

============================================================
Epoch 70/150
Learning Rate: 0.000063
============================================================

============================================================
Epoch 70/150 Summary
============================================================
Training   -> Loss: 0.080302 | Scalar: 0.081218 (RMSE: 0.2850) | Temporal: 0.093797 (RMSE: 0.3063)
Validation -> Loss: 0.076636 | Scalar: 0.075718 (RMSE: 0.2752) | Temporal: 0.094533 (RMSE: 0.3075)
============================================================
No improvement for 4 epoch(s)

============================================================
Epoch 71/150
Learning Rate: 0.000063
============================================================

============================================================
Epoch 71/150 Summary
============================================================
Training   -> Loss: 0.080236 | Scalar: 0.081239 (RMSE: 0.2850) | Temporal: 0.093477 (RMSE: 0.3057)
Validation -> Loss: 0.077060 | Scalar: 0.075657 (RMSE: 0.2751) | Temporal: 0.096400 (RMSE: 0.3105)
============================================================
No improvement for 5 epoch(s)

============================================================
Epoch 72/150
Learning Rate: 0.000063
============================================================

============================================================
Epoch 72/150 Summary
============================================================
Training   -> Loss: 0.079906 | Scalar: 0.080752 (RMSE: 0.2842) | Temporal: 0.093516 (RMSE: 0.3058)
Validation -> Loss: 0.076189 | Scalar: 0.074517 (RMSE: 0.2730) | Temporal: 0.096108 (RMSE: 0.3100)
============================================================
No improvement for 6 epoch(s)

============================================================
Epoch 73/150
Learning Rate: 0.000031
============================================================

============================================================
Epoch 73/150 Summary
============================================================
Training   -> Loss: 0.079101 | Scalar: 0.079857 (RMSE: 0.2826) | Temporal: 0.092805 (RMSE: 0.3046)
Validation -> Loss: 0.076599 | Scalar: 0.075077 (RMSE: 0.2740) | Temporal: 0.096179 (RMSE: 0.3101)
============================================================
No improvement for 7 epoch(s)

============================================================
Epoch 74/150
Learning Rate: 0.000031
============================================================

============================================================
Epoch 74/150 Summary
============================================================
Training   -> Loss: 0.078950 | Scalar: 0.079760 (RMSE: 0.2824) | Temporal: 0.092474 (RMSE: 0.3041)
Validation -> Loss: 0.076188 | Scalar: 0.074644 (RMSE: 0.2732) | Temporal: 0.095746 (RMSE: 0.3094)
============================================================
No improvement for 8 epoch(s)

============================================================
Epoch 75/150
Learning Rate: 0.000031
============================================================

============================================================
Epoch 75/150 Summary
============================================================
Training   -> Loss: 0.078697 | Scalar: 0.079380 (RMSE: 0.2817) | Temporal: 0.092522 (RMSE: 0.3042)
Validation -> Loss: 0.077234 | Scalar: 0.076096 (RMSE: 0.2759) | Temporal: 0.095867 (RMSE: 0.3096)
============================================================
No improvement for 9 epoch(s)

============================================================
Epoch 76/150
Learning Rate: 0.000031
============================================================

============================================================
Epoch 76/150 Summary
============================================================
Training   -> Loss: 0.079118 | Scalar: 0.079899 (RMSE: 0.2827) | Temporal: 0.092757 (RMSE: 0.3046)
Validation -> Loss: 0.076668 | Scalar: 0.075122 (RMSE: 0.2741) | Temporal: 0.096330 (RMSE: 0.3104)
============================================================
No improvement for 10 epoch(s)

============================================================
Epoch 77/150
Learning Rate: 0.000031
============================================================

============================================================
Epoch 77/150 Summary
============================================================
Training   -> Loss: 0.078781 | Scalar: 0.079475 (RMSE: 0.2819) | Temporal: 0.092596 (RMSE: 0.3043)
Validation -> Loss: 0.075503 | Scalar: 0.073699 (RMSE: 0.2715) | Temporal: 0.095653 (RMSE: 0.3093)
============================================================
✓ New best model saved! Val Loss: 0.075503

============================================================
Epoch 78/150
Learning Rate: 0.000031
============================================================

============================================================
Epoch 78/150 Summary
============================================================
Training   -> Loss: 0.078734 | Scalar: 0.079351 (RMSE: 0.2817) | Temporal: 0.092751 (RMSE: 0.3046)
Validation -> Loss: 0.074928 | Scalar: 0.073041 (RMSE: 0.2703) | Temporal: 0.095196 (RMSE: 0.3085)
============================================================
✓ New best model saved! Val Loss: 0.074928

============================================================
Epoch 79/150
Learning Rate: 0.000031
============================================================

============================================================
Epoch 79/150 Summary
============================================================
Training   -> Loss: 0.078941 | Scalar: 0.079642 (RMSE: 0.2822) | Temporal: 0.092766 (RMSE: 0.3046)
Validation -> Loss: 0.076732 | Scalar: 0.075400 (RMSE: 0.2746) | Temporal: 0.095809 (RMSE: 0.3095)
============================================================
No improvement for 1 epoch(s)

============================================================
Epoch 80/150
Learning Rate: 0.000031
============================================================

============================================================
Epoch 80/150 Summary
============================================================
Training   -> Loss: 0.078590 | Scalar: 0.079305 (RMSE: 0.2816) | Temporal: 0.092305 (RMSE: 0.3038)
Validation -> Loss: 0.077109 | Scalar: 0.075849 (RMSE: 0.2754) | Temporal: 0.096058 (RMSE: 0.3099)
============================================================
No improvement for 2 epoch(s)

============================================================
Epoch 81/150
Learning Rate: 0.000031
============================================================

============================================================
Epoch 81/150 Summary
============================================================
Training   -> Loss: 0.078702 | Scalar: 0.079415 (RMSE: 0.2818) | Temporal: 0.092448 (RMSE: 0.3041)
Validation -> Loss: 0.078025 | Scalar: 0.077406 (RMSE: 0.2782) | Temporal: 0.095363 (RMSE: 0.3088)
============================================================
No improvement for 3 epoch(s)

============================================================
Epoch 82/150
Learning Rate: 0.000031
============================================================

============================================================
Epoch 82/150 Summary
============================================================
Training   -> Loss: 0.078812 | Scalar: 0.079505 (RMSE: 0.2820) | Temporal: 0.092635 (RMSE: 0.3044)
Validation -> Loss: 0.077220 | Scalar: 0.076405 (RMSE: 0.2764) | Temporal: 0.094945 (RMSE: 0.3081)
============================================================
No improvement for 4 epoch(s)

============================================================
Epoch 83/150
Learning Rate: 0.000031
============================================================

============================================================
Epoch 83/150 Summary
============================================================
Training   -> Loss: 0.078846 | Scalar: 0.079562 (RMSE: 0.2821) | Temporal: 0.092610 (RMSE: 0.3043)
Validation -> Loss: 0.077960 | Scalar: 0.076638 (RMSE: 0.2768) | Temporal: 0.097256 (RMSE: 0.3119)
============================================================
No improvement for 5 epoch(s)

============================================================
Epoch 84/150
Learning Rate: 0.000031
============================================================

============================================================
Epoch 84/150 Summary
============================================================
Training   -> Loss: 0.078425 | Scalar: 0.078989 (RMSE: 0.2811) | Temporal: 0.092530 (RMSE: 0.3042)
Validation -> Loss: 0.076694 | Scalar: 0.075738 (RMSE: 0.2752) | Temporal: 0.094711 (RMSE: 0.3078)
============================================================
No improvement for 6 epoch(s)

============================================================
Epoch 85/150
Learning Rate: 0.000016
============================================================

============================================================
Epoch 85/150 Summary
============================================================
Training   -> Loss: 0.078133 | Scalar: 0.078683 (RMSE: 0.2805) | Temporal: 0.092220 (RMSE: 0.3037)
Validation -> Loss: 0.076597 | Scalar: 0.075728 (RMSE: 0.2752) | Temporal: 0.094350 (RMSE: 0.3072)
============================================================
No improvement for 7 epoch(s)

============================================================
Epoch 86/150
Learning Rate: 0.000016
============================================================

============================================================
Epoch 86/150 Summary
============================================================
Training   -> Loss: 0.078206 | Scalar: 0.078963 (RMSE: 0.2810) | Temporal: 0.091729 (RMSE: 0.3029)
Validation -> Loss: 0.076365 | Scalar: 0.074871 (RMSE: 0.2736) | Temporal: 0.095820 (RMSE: 0.3095)
============================================================
No improvement for 8 epoch(s)

============================================================
Epoch 87/150
Learning Rate: 0.000016
============================================================

============================================================
Epoch 87/150 Summary
============================================================
Training   -> Loss: 0.078154 | Scalar: 0.078879 (RMSE: 0.2809) | Temporal: 0.091752 (RMSE: 0.3029)
Validation -> Loss: 0.076736 | Scalar: 0.075029 (RMSE: 0.2739) | Temporal: 0.096862 (RMSE: 0.3112)
============================================================
No improvement for 9 epoch(s)

============================================================
Epoch 88/150
Learning Rate: 0.000016
============================================================

============================================================
Epoch 88/150 Summary
============================================================
Training   -> Loss: 0.077938 | Scalar: 0.078489 (RMSE: 0.2802) | Temporal: 0.091981 (RMSE: 0.3033)
Validation -> Loss: 0.075651 | Scalar: 0.073897 (RMSE: 0.2718) | Temporal: 0.095692 (RMSE: 0.3093)
============================================================
No improvement for 10 epoch(s)

============================================================
Epoch 89/150
Learning Rate: 0.000016
============================================================

============================================================
Epoch 89/150 Summary
============================================================
Training   -> Loss: 0.078015 | Scalar: 0.078561 (RMSE: 0.2803) | Temporal: 0.092088 (RMSE: 0.3035)
Validation -> Loss: 0.076652 | Scalar: 0.075420 (RMSE: 0.2746) | Temporal: 0.095433 (RMSE: 0.3089)
============================================================
No improvement for 11 epoch(s)

============================================================
Epoch 90/150
Learning Rate: 0.000016
============================================================

============================================================
Epoch 90/150 Summary
============================================================
Training   -> Loss: 0.078176 | Scalar: 0.078712 (RMSE: 0.2806) | Temporal: 0.092311 (RMSE: 0.3038)
Validation -> Loss: 0.077379 | Scalar: 0.076441 (RMSE: 0.2765) | Temporal: 0.095481 (RMSE: 0.3090)
============================================================
No improvement for 12 epoch(s)

============================================================
Epoch 91/150
Learning Rate: 0.000008
============================================================

============================================================
Epoch 91/150 Summary
============================================================
Training   -> Loss: 0.078031 | Scalar: 0.078645 (RMSE: 0.2804) | Temporal: 0.091918 (RMSE: 0.3032)
Validation -> Loss: 0.075881 | Scalar: 0.074456 (RMSE: 0.2729) | Temporal: 0.095048 (RMSE: 0.3083)
============================================================
No improvement for 13 epoch(s)

============================================================
Epoch 92/150
Learning Rate: 0.000008
============================================================

============================================================
Epoch 92/150 Summary
============================================================
Training   -> Loss: 0.077658 | Scalar: 0.078277 (RMSE: 0.2798) | Temporal: 0.091455 (RMSE: 0.3024)
Validation -> Loss: 0.077801 | Scalar: 0.076402 (RMSE: 0.2764) | Temporal: 0.097278 (RMSE: 0.3119)
============================================================
No improvement for 14 epoch(s)

============================================================
Epoch 93/150
Learning Rate: 0.000008
============================================================

============================================================
Epoch 93/150 Summary
============================================================
Training   -> Loss: 0.077781 | Scalar: 0.078350 (RMSE: 0.2799) | Temporal: 0.091744 (RMSE: 0.3029)
Validation -> Loss: 0.075738 | Scalar: 0.074323 (RMSE: 0.2726) | Temporal: 0.094849 (RMSE: 0.3080)
============================================================
No improvement for 15 epoch(s)

Early stopping triggered after 15 epochs without improvement
Best validation loss: 0.074928

============================================================
TRAINING COMPLETED
============================================================
Best validation loss: 0.074928
Best validation RMSE: 0.273729
Final train loss: 0.077781
Final val loss: 0.075738
Total Training Time: 34:20:51
Models saved to: src/trained_weights/UMambaMag_v3_STEAD_20251116_072911
============================================================

==================================================

