2025-11-09 13:55:27,465 | seisbench | WARNING | Setting remote root to: https://seisbench.gfz.de/mirror/
Please note that this can affect your download speed.
2025-11-09 13:55:42,316 | seisbench | WARNING | Output component order not specified, defaulting to 'ZNE'.
2025-11-09 13:55:52,712 | seisbench | WARNING | Skipping preload, as cache is disabled.
2025-11-09 13:56:00,695 | seisbench | WARNING | Skipping preload, as cache is disabled.
/home/quenton.yeo/code/.venv/lib/python3.11/site-packages/torch/optim/lr_scheduler.py:60: UserWarning: The verbose parameter is deprecated. Please use get_last_lr() to access the learning rate.
  warnings.warn(

==================================================
LOADING DATA
==================================================
STEAD dataset loaded: 1265657 samples

Training umamba_mag_v2 on STEAD for 150 epochs...
Model moved to cuda:0
Training UMamba V2 Magnitude Estimator model (encoder-only with pooling)

============================================================
TRAINING UMAMBAMAG V2 (ENCODER-ONLY WITH POOLING)
============================================================
Model: UMambaMag_v2_STEAD
Dataset: STEAD
Batch size: 32
Learning rate: 0.001
Epochs: 150
Warmup epochs: 5
============================================================
Model is on device: cuda:0
Total parameters: 59,121
Trainable parameters: 59,121

Loading data...
Train batches: 33619
Dev batches: 1978

Saving models to: src/trained_weights/UMambaMag_v2_STEAD_20251109_135600


============================================================
Epoch 1/150
Learning Rate: 1.00e-04
============================================================

============================================================
Epoch 1 Summary:
  Train - Loss: 0.287439 | MSE: 0.287439 | RMSE: 0.536134 | MAE: 0.369350
  Val   - Loss: 0.191594 | MSE: 0.191594 | RMSE: 0.437714 | MAE: 0.303426
============================================================

✓ New best model saved! Val Loss: 0.191594

============================================================
Epoch 2/150
Learning Rate: 2.80e-04
============================================================

============================================================
Epoch 2 Summary:
  Train - Loss: 0.199411 | MSE: 0.199411 | RMSE: 0.446554 | MAE: 0.308793
  Val   - Loss: 0.156809 | MSE: 0.156809 | RMSE: 0.395992 | MAE: 0.268498
============================================================

✓ New best model saved! Val Loss: 0.156809

============================================================
Epoch 3/150
Learning Rate: 4.60e-04
============================================================

============================================================
Epoch 3 Summary:
  Train - Loss: 0.170105 | MSE: 0.170105 | RMSE: 0.412438 | MAE: 0.284513
  Val   - Loss: 0.149012 | MSE: 0.149012 | RMSE: 0.386021 | MAE: 0.251512
============================================================

✓ New best model saved! Val Loss: 0.149012

============================================================
Epoch 4/150
Learning Rate: 6.40e-04
============================================================

============================================================
Epoch 4 Summary:
  Train - Loss: 0.153018 | MSE: 0.153018 | RMSE: 0.391175 | MAE: 0.269632
  Val   - Loss: 0.127353 | MSE: 0.127353 | RMSE: 0.356866 | MAE: 0.236405
============================================================

✓ New best model saved! Val Loss: 0.127353

============================================================
Epoch 5/150
Learning Rate: 8.20e-04
============================================================

============================================================
Epoch 5 Summary:
  Train - Loss: 0.143491 | MSE: 0.143491 | RMSE: 0.378803 | MAE: 0.261395
  Val   - Loss: 0.119834 | MSE: 0.119834 | RMSE: 0.346171 | MAE: 0.230863
============================================================

✓ New best model saved! Val Loss: 0.119834
Checkpoint saved: src/trained_weights/UMambaMag_v2_STEAD_20251109_135600/model_epoch_5.pt

============================================================
Epoch 6/150
Learning Rate: 1.00e-03
============================================================

============================================================
Epoch 6 Summary:
  Train - Loss: 0.136408 | MSE: 0.136408 | RMSE: 0.369334 | MAE: 0.255249
  Val   - Loss: 0.120789 | MSE: 0.120789 | RMSE: 0.347547 | MAE: 0.236949
============================================================
No improvement for 1 epochs

============================================================
Epoch 7/150
Learning Rate: 1.00e-03
============================================================

============================================================
Epoch 7 Summary:
  Train - Loss: 0.129223 | MSE: 0.129223 | RMSE: 0.359476 | MAE: 0.248089
  Val   - Loss: 0.112187 | MSE: 0.112187 | RMSE: 0.334944 | MAE: 0.221230
============================================================

✓ New best model saved! Val Loss: 0.112187

============================================================
Epoch 8/150
Learning Rate: 1.00e-03
============================================================

============================================================
Epoch 8 Summary:
  Train - Loss: 0.123993 | MSE: 0.123993 | RMSE: 0.352127 | MAE: 0.243060
  Val   - Loss: 0.108074 | MSE: 0.108074 | RMSE: 0.328747 | MAE: 0.222705
============================================================

✓ New best model saved! Val Loss: 0.108074

============================================================
Epoch 9/150
Learning Rate: 1.00e-03
===========================================
=================
============================================================
Epoch 9 Summary:
  Train - Loss: 0.120614 | MSE: 0.120614 | RMSE: 0.347296 | MAE: 0.239741
  Val   - Loss: 0.104893 | MSE: 0.104893 | RMSE: 0.323872 | MAE: 0.216379
============================================================

✓ New best model saved! Val Loss: 0.104893

============================================================
Epoch 10/150
Learning Rate: 1.00e-03
===========================================
=================
============================================================
Epoch 10 Summary:
  Train - Loss: 0.117286 | MSE: 0.117286 | RMSE: 0.342470 | MAE: 0.236704
  Val   - Loss: 0.101329 | MSE: 0.101329 | RMSE: 0.318323 | MAE: 0.210365
============================================================

✓ New best model saved! Val Loss: 0.101329
Checkpoint saved: src/trained_weights/UMambaMag_v2_STEAD_20251109_135600/model_epoch_10.pt

============================================================
Epoch 11/150
Learning Rate: 1.00e-03
===========================================
=================
============================================================
Epoch 11 Summary:
  Train - Loss: 0.115406 | MSE: 0.115406 | RMSE: 0.339715 | MAE: 0.234729
  Val   - Loss: 0.107215 | MSE: 0.107215 | RMSE: 0.327436 | MAE: 0.216218
============================================================
No improvement for 1 epochs

============================================================
Epoch 12/150
Learning Rate: 1.00e-03
===========================================
=================
============================================================
Epoch 12 Summary:
  Train - Loss: 0.113354 | MSE: 0.113354 | RMSE: 0.336681 | MAE: 0.232410
  Val   - Loss: 0.103942 | MSE: 0.103942 | RMSE: 0.322400 | MAE: 0.218610
============================================================
No improvement for 2 epochs

============================================================
Epoch 13/150
Learning Rate: 1.00e-03
============================================================

============================================================
Epoch 13 Summary:
  Train - Loss: 0.112757 | MSE: 0.112757 | RMSE: 0.335793 | MAE: 0.231726
  Val   - Loss: 0.102869 | MSE: 0.102869 | RMSE: 0.320731 | MAE: 0.212329
============================================================
No improvement for 3 epochs

============================================================
Epoch 14/150
Learning Rate: 1.00e-03
============================================================

============================================================
Epoch 14 Summary:
  Train - Loss: 0.111388 | MSE: 0.111388 | RMSE: 0.333749 | MAE: 0.230200
  Val   - Loss: 0.101361 | MSE: 0.101361 | RMSE: 0.318372 | MAE: 0.206343
============================================================
No improvement for 4 epochs

============================================================
Epoch 15/150
Learning Rate: 1.00e-03
============================================================

============================================================
Epoch 15 Summary:
  Train - Loss: 0.109826 | MSE: 0.109826 | RMSE: 0.331400 | MAE: 0.228416
  Val   - Loss: 0.102780 | MSE: 0.102780 | RMSE: 0.320593 | MAE: 0.209405
============================================================
No improvement for 5 epochs
Checkpoint saved: src/trained_weights/UMambaMag_v2_STEAD_20251109_135600/model_epoch_15.pt

============================================================
Epoch 16/150
Learning Rate: 1.00e-03
============================================================

============================================================
Epoch 16 Summary:
  Train - Loss: 0.109000 | MSE: 0.109000 | RMSE: 0.330152 | MAE: 0.227761
  Val   - Loss: 0.097574 | MSE: 0.097574 | RMSE: 0.312369 | MAE: 0.203573
============================================================

✓ New best model saved! Val Loss: 0.097574

============================================================
Epoch 17/150
Learning Rate: 1.00e-03
============================================================

============================================================
Epoch 17 Summary:
  Train - Loss: 0.107303 | MSE: 0.107303 | RMSE: 0.327571 | MAE: 0.226147
  Val   - Loss: 0.101651 | MSE: 0.101651 | RMSE: 0.318827 | MAE: 0.206329
============================================================
No improvement for 1 epochs

============================================================
Epoch 18/150
Learning Rate: 1.00e-03
============================================================

============================================================
Epoch 18 Summary:
  Train - Loss: 0.107533 | MSE: 0.107533 | RMSE: 0.327923 | MAE: 0.225999
  Val   - Loss: 0.092762 | MSE: 0.092762 | RMSE: 0.304569 | MAE: 0.199156
============================================================

✓ New best model saved! Val Loss: 0.092762

============================================================
Epoch 19/150
Learning Rate: 1.00e-03
============================================================

============================================================
Epoch 19 Summary:
  Train - Loss: 0.106872 | MSE: 0.106872 | RMSE: 0.326912 | MAE: 0.225383
  Val   - Loss: 0.099808 | MSE: 0.099808 | RMSE: 0.315924 | MAE: 0.206910
============================================================
No improvement for 1 epochs

============================================================
Epoch 20/150
Learning Rate: 1.00e-03
============================================================

============================================================
Epoch 20 Summary:
  Train - Loss: 0.105753 | MSE: 0.105753 | RMSE: 0.325196 | MAE: 0.224485
  Val   - Loss: 0.097451 | MSE: 0.097451 | RMSE: 0.312171 | MAE: 0.210706
============================================================
No improvement for 2 epochs
Checkpoint saved: src/trained_weights/UMambaMag_v2_STEAD_20251109_135600/model_epoch_20.pt

============================================================
Epoch 21/150
Learning Rate: 1.00e-03
============================================================

============================================================
Epoch 21 Summary:
  Train - Loss: 0.105473 | MSE: 0.105473 | RMSE: 0.324766 | MAE: 0.223702
  Val   - Loss: 0.094114 | MSE: 0.094114 | RMSE: 0.306779 | MAE: 0.198260
============================================================
No improvement for 3 epochs

============================================================
Epoch 22/150
Learning Rate: 1.00e-03
============================================================

============================================================
Epoch 22 Summary:
  Train - Loss: 0.104682 | MSE: 0.104682 | RMSE: 0.323547 | MAE: 0.222973
  Val   - Loss: 0.100359 | MSE: 0.100359 | RMSE: 0.316796 | MAE: 0.213271
============================================================
No improvement for 4 epochs

============================================================
Epoch 23/150
Learning Rate: 1.00e-03
============================================================

============================================================
Epoch 23 Summary:
  Train - Loss: 0.104071 | MSE: 0.104071 | RMSE: 0.322600 | MAE: 0.222455
  Val   - Loss: 0.091278 | MSE: 0.091278 | RMSE: 0.302122 | MAE: 0.195953
============================================================

✓ New best model saved! Val Loss: 0.091278

============================================================
Epoch 24/150
Learning Rate: 1.00e-03
============================================================

============================================================
Epoch 24 Summary:
  Train - Loss: 0.104036 | MSE: 0.104036 | RMSE: 0.322546 | MAE: 0.222162
  Val   - Loss: 0.091685 | MSE: 0.091685 | RMSE: 0.302795 | MAE: 0.203949
============================================================
No improvement for 1 epochs

============================================================
Epoch 25/150
Learning Rate: 1.00e-03
============================================================

============================================================
Epoch 25 Summary:
  Train - Loss: 0.103312 | MSE: 0.103312 | RMSE: 0.321421 | MAE: 0.221577
  Val   - Loss: 0.097420 | MSE: 0.097420 | RMSE: 0.312122 | MAE: 0.205967
============================================================
No improvement for 2 epochs
Checkpoint saved: src/trained_weights/UMambaMag_v2_STEAD_20251109_135600/model_epoch_25.pt

============================================================
Epoch 26/150
Learning Rate: 1.00e-03
============================================================

============================================================
Epoch 26 Summary:
  Train - Loss: 0.102791 | MSE: 0.102791 | RMSE: 0.320610 | MAE: 0.220972
  Val   - Loss: 0.093187 | MSE: 0.093187 | RMSE: 0.305265 | MAE: 0.201571
============================================================
No improvement for 3 epochs

============================================================
Epoch 27/150
Learning Rate: 1.00e-03
============================================================

============================================================
Epoch 27 Summary:
  Train - Loss: 0.102829 | MSE: 0.102829 | RMSE: 0.320669 | MAE: 0.220914
  Val   - Loss: 0.091894 | MSE: 0.091894 | RMSE: 0.303141 | MAE: 0.197494
============================================================
No improvement for 4 epochs

============================================================
Epoch 28/150
Learning Rate: 1.00e-03
============================================================

============================================================
Epoch 28 Summary:
  Train - Loss: 0.102365 | MSE: 0.102365 | RMSE: 0.319946 | MAE: 0.220397
  Val   - Loss: 0.088999 | MSE: 0.088999 | RMSE: 0.298327 | MAE: 0.194867
============================================================

✓ New best model saved! Val Loss: 0.088999

============================================================
Epoch 29/150
Learning Rate: 1.00e-03
============================================================

============================================================
Epoch 29 Summary:
  Train - Loss: 0.102056 | MSE: 0.102056 | RMSE: 0.319462 | MAE: 0.219956
  Val   - Loss: 0.089471 | MSE: 0.089471 | RMSE: 0.299116 | MAE: 0.198202
============================================================
No improvement for 1 epochs

============================================================
Epoch 30/150
Learning Rate: 1.00e-03
============================================================

============================================================
Epoch 30 Summary:
  Train - Loss: 0.101664 | MSE: 0.101664 | RMSE: 0.318848 | MAE: 0.219662
  Val   - Loss: 0.087660 | MSE: 0.087660 | RMSE: 0.296074 | MAE: 0.193902
============================================================

✓ New best model saved! Val Loss: 0.087660
Checkpoint saved: src/trained_weights/UMambaMag_v2_STEAD_20251109_135600/model_epoch_30.pt

============================================================
Epoch 31/150
Learning Rate: 1.00e-03
============================================================

============================================================
Epoch 31 Summary:
  Train - Loss: 0.100994 | MSE: 0.100994 | RMSE: 0.317795 | MAE: 0.219380
  Val   - Loss: 0.090014 | MSE: 0.090014 | RMSE: 0.300024 | MAE: 0.194747
============================================================
No improvement for 1 epochs

============================================================
Epoch 32/150
Learning Rate: 1.00e-03
============================================================

============================================================
Epoch 32 Summary:
  Train - Loss: 0.101413 | MSE: 0.101413 | RMSE: 0.318454 | MAE: 0.219262
  Val   - Loss: 0.088567 | MSE: 0.088567 | RMSE: 0.297601 | MAE: 0.195263
============================================================
No improvement for 2 epochs

============================================================
Epoch 33/150
Learning Rate: 1.00e-03
============================================================

============================================================
Epoch 33 Summary:
  Train - Loss: 0.100540 | MSE: 0.100540 | RMSE: 0.317081 | MAE: 0.218608
  Val   - Loss: 0.090232 | MSE: 0.090232 | RMSE: 0.300386 | MAE: 0.203606
============================================================
No improvement for 3 epochs

============================================================
Epoch 34/150
Learning Rate: 1.00e-03
============================================================

============================================================
Epoch 34 Summary:
  Train - Loss: 0.100472 | MSE: 0.100472 | RMSE: 0.316973 | MAE: 0.218470
  Val   - Loss: 0.088783 | MSE: 0.088783 | RMSE: 0.297965 | MAE: 0.193122
============================================================
No improvement for 4 epochs

============================================================
Epoch 35/150
Learning Rate: 1.00e-03
============================================================

============================================================
Epoch 35 Summary:
  Train - Loss: 0.100035 | MSE: 0.100035 | RMSE: 0.316284 | MAE: 0.218196
  Val   - Loss: 0.088021 | MSE: 0.088021 | RMSE: 0.296684 | MAE: 0.194133
============================================================
No improvement for 5 epochs
Checkpoint saved: src/trained_weights/UMambaMag_v2_STEAD_20251109_135600/model_epoch_35.pt

============================================================
Epoch 36/150
Learning Rate: 1.00e-03
============================================================

============================================================
Epoch 36 Summary:
  Train - Loss: 0.100348 | MSE: 0.100348 | RMSE: 0.316777 | MAE: 0.218015
  Val   - Loss: 0.089179 | MSE: 0.089179 | RMSE: 0.298629 | MAE: 0.195786
============================================================
No improvement for 6 epochs

============================================================
Epoch 37/150
Learning Rate: 5.00e-04
============================================================

============================================================
Epoch 37 Summary:
  Train - Loss: 0.093357 | MSE: 0.093357 | RMSE: 0.305544 | MAE: 0.210233
  Val   - Loss: 0.082566 | MSE: 0.082566 | RMSE: 0.287344 | MAE: 0.185610
============================================================

✓ New best model saved! Val Loss: 0.082566

============================================================
Epoch 38/150
Learning Rate: 1.00e-03
============================================================

============================================================
Epoch 38 Summary:
  Train - Loss: 0.099281 | MSE: 0.099281 | RMSE: 0.315090 | MAE: 0.216977
  Val   - Loss: 0.088010 | MSE: 0.088010 | RMSE: 0.296664 | MAE: 0.197183
============================================================
No improvement for 1 epochs

============================================================
Epoch 39/150
Learning Rate: 1.00e-03
============================================================

============================================================
Epoch 39 Summary:
  Train - Loss: 0.099428 | MSE: 0.099428 | RMSE: 0.315322 | MAE: 0.217182
  Val   - Loss: 0.088601 | MSE: 0.088601 | RMSE: 0.297659 | MAE: 0.199315
============================================================
No improvement for 2 epochs

============================================================
Epoch 40/150
Learning Rate: 1.00e-03
============================================================

============================================================
Epoch 40 Summary:
  Train - Loss: 0.099210 | MSE: 0.099210 | RMSE: 0.314977 | MAE: 0.217035
  Val   - Loss: 0.090400 | MSE: 0.090400 | RMSE: 0.300667 | MAE: 0.193589
============================================================
No improvement for 3 epochs
Checkpoint saved: src/trained_weights/UMambaMag_v2_STEAD_20251109_135600/model_epoch_40.pt

============================================================
Epoch 41/150
Learning Rate: 1.00e-03
============================================================

============================================================
Epoch 41 Summary:
  Train - Loss: 0.098778 | MSE: 0.098778 | RMSE: 0.314290 | MAE: 0.216652
  Val   - Loss: 0.095342 | MSE: 0.095342 | RMSE: 0.308775 | MAE: 0.205637
============================================================
No improvement for 4 epochs

============================================================
Epoch 42/150
Learning Rate: 1.00e-03
============================================================

============================================================
Epoch 42 Summary:
  Train - Loss: 0.098223 | MSE: 0.098223 | RMSE: 0.313405 | MAE: 0.215962
  Val   - Loss: 0.090024 | MSE: 0.090024 | RMSE: 0.300040 | MAE: 0.202039
============================================================
No improvement for 5 epochs

============================================================
Epoch 43/150
Learning Rate: 1.00e-03
============================================================

============================================================
Epoch 43 Summary:
  Train - Loss: 0.098503 | MSE: 0.098503 | RMSE: 0.313851 | MAE: 0.216229
  Val   - Loss: 0.088801 | MSE: 0.088801 | RMSE: 0.297995 | MAE: 0.190390
============================================================
No improvement for 6 epochs

============================================================
Epoch 44/150
Learning Rate: 5.00e-04
============================================================

============================================================
Epoch 44 Summary:
  Train - Loss: 0.092375 | MSE: 0.092375 | RMSE: 0.303932 | MAE: 0.208866
  Val   - Loss: 0.082584 | MSE: 0.082584 | RMSE: 0.287374 | MAE: 0.184908
============================================================
No improvement for 7 epochs

============================================================
Epoch 45/150
Learning Rate: 1.00e-03
============================================================

============================================================
Epoch 45 Summary:
  Train - Loss: 0.097648 | MSE: 0.097648 | RMSE: 0.312486 | MAE: 0.215232
  Val   - Loss: 0.087791 | MSE: 0.087791 | RMSE: 0.296296 | MAE: 0.191808
============================================================
No improvement for 8 epochs
Checkpoint saved: src/trained_weights/UMambaMag_v2_STEAD_20251109_135600/model_epoch_45.pt

============================================================
Epoch 46/150
Learning Rate: 1.00e-03
============================================================

============================================================
Epoch 46 Summary:
  Train - Loss: 0.098151 | MSE: 0.098151 | RMSE: 0.313291 | MAE: 0.215669
  Val   - Loss: 0.091571 | MSE: 0.091571 | RMSE: 0.302606 | MAE: 0.197698
============================================================
No improvement for 9 epochs

============================================================
Epoch 47/150
Learning Rate: 1.00e-03
============================================================

============================================================
Epoch 47 Summary:
  Train - Loss: 0.097986 | MSE: 0.097986 | RMSE: 0.313027 | MAE: 0.215533
  Val   - Loss: 0.085103 | MSE: 0.085103 | RMSE: 0.291725 | MAE: 0.192356
============================================================
No improvement for 10 epochs

============================================================
Epoch 48/150
Learning Rate: 1.00e-03
============================================================

============================================================
Epoch 48 Summary:
  Train - Loss: 0.097493 | MSE: 0.097493 | RMSE: 0.312239 | MAE: 0.215014
  Val   - Loss: 0.086467 | MSE: 0.086467 | RMSE: 0.294053 | MAE: 0.193775
============================================================
No improvement for 11 epochs

============================================================
Epoch 49/150
Learning Rate: 1.00e-03
============================================================

============================================================
Epoch 49 Summary:
  Train - Loss: 0.097592 | MSE: 0.097592 | RMSE: 0.312398 | MAE: 0.215275
  Val   - Loss: 0.086894 | MSE: 0.086894 | RMSE: 0.294778 | MAE: 0.198687
============================================================
No improvement for 12 epochs

============================================================
Epoch 50/150
Learning Rate: 5.00e-04
============================================================

============================================================
Epoch 50 Summary:
  Train - Loss: 0.091793 | MSE: 0.091793 | RMSE: 0.302974 | MAE: 0.207900
  Val   - Loss: 0.081071 | MSE: 0.081071 | RMSE: 0.284729 | MAE: 0.184710
============================================================

✓ New best model saved! Val Loss: 0.081071
Checkpoint saved: src/trained_weights/UMambaMag_v2_STEAD_20251109_135600/model_epoch_50.pt

============================================================
Epoch 51/150
Learning Rate: 1.00e-03
============================================================

============================================================
Epoch 51 Summary:
  Train - Loss: 0.096856 | MSE: 0.096856 | RMSE: 0.311216 | MAE: 0.214453
  Val   - Loss: 0.085558 | MSE: 0.085558 | RMSE: 0.292503 | MAE: 0.194698
============================================================
No improvement for 1 epochs

============================================================
Epoch 52/150
Learning Rate: 1.00e-03
============================================================

============================================================
Epoch 52 Summary:
  Train - Loss: 0.097080 | MSE: 0.097080 | RMSE: 0.311577 | MAE: 0.214491
  Val   - Loss: 0.083086 | MSE: 0.083086 | RMSE: 0.288246 | MAE: 0.196187
============================================================
No improvement for 2 epochs

============================================================
Epoch 53/150
Learning Rate: 1.00e-03
============================================================

============================================================
Epoch 53 Summary:
  Train - Loss: 0.096973 | MSE: 0.096973 | RMSE: 0.311405 | MAE: 0.214550
  Val   - Loss: 0.085758 | MSE: 0.085758 | RMSE: 0.292845 | MAE: 0.192358
============================================================
No improvement for 3 epochs

============================================================
Epoch 54/150
Learning Rate: 1.00e-03
============================================================

============================================================
Epoch 54 Summary:
  Train - Loss: 0.096478 | MSE: 0.096478 | RMSE: 0.310608 | MAE: 0.214142
  Val   - Loss: 0.085999 | MSE: 0.085999 | RMSE: 0.293256 | MAE: 0.188443
============================================================
No improvement for 4 epochs

============================================================
Epoch 55/150
Learning Rate: 1.00e-03
============================================================

============================================================
Epoch 55 Summary:
  Train - Loss: 0.096258 | MSE: 0.096258 | RMSE: 0.310255 | MAE: 0.213681
  Val   - Loss: 0.088835 | MSE: 0.088835 | RMSE: 0.298053 | MAE: 0.191728
============================================================
No improvement for 5 epochs
Checkpoint saved: src/trained_weights/UMambaMag_v2_STEAD_20251109_135600/model_epoch_55.pt

============================================================
Epoch 56/150
Learning Rate: 1.00e-03
============================================================

============================================================
Epoch 56 Summary:
  Train - Loss: 0.096499 | MSE: 0.096499 | RMSE: 0.310643 | MAE: 0.214000
  Val   - Loss: 0.082412 | MSE: 0.082412 | RMSE: 0.287075 | MAE: 0.190854
============================================================
No improvement for 6 epochs

============================================================
Epoch 57/150
Learning Rate: 5.00e-04
============================================================

============================================================
Epoch 57 Summary:
  Train - Loss: 0.090693 | MSE: 0.090693 | RMSE: 0.301153 | MAE: 0.206801
  Val   - Loss: 0.080995 | MSE: 0.080995 | RMSE: 0.284596 | MAE: 0.186795
============================================================

✓ New best model saved! Val Loss: 0.080995

============================================================
Epoch 58/150
Learning Rate: 1.00e-03
============================================================

============================================================
Epoch 58 Summary:
  Train - Loss: 0.096304 | MSE: 0.096304 | RMSE: 0.310329 | MAE: 0.213680
  Val   - Loss: 0.087760 | MSE: 0.087760 | RMSE: 0.296243 | MAE: 0.198117
============================================================
No improvement for 1 epochs

============================================================
Epoch 59/150
Learning Rate: 1.00e-03
============================================================

============================================================
Epoch 59 Summary:
  Train - Loss: 0.095769 | MSE: 0.095769 | RMSE: 0.309466 | MAE: 0.213358
  Val   - Loss: 0.083660 | MSE: 0.083660 | RMSE: 0.289240 | MAE: 0.190164
============================================================
No improvement for 2 epochs

============================================================
Epoch 60/150
Learning Rate: 1.00e-03
============================================================

============================================================
Epoch 60 Summary:
  Train - Loss: 0.096004 | MSE: 0.096004 | RMSE: 0.309846 | MAE: 0.213303
  Val   - Loss: 0.084663 | MSE: 0.084663 | RMSE: 0.290969 | MAE: 0.196678
============================================================
No improvement for 3 epochs
Checkpoint saved: src/trained_weights/UMambaMag_v2_STEAD_20251109_135600/model_epoch_60.pt

============================================================
Epoch 61/150
Learning Rate: 1.00e-03
============================================================

============================================================
Epoch 61 Summary:
  Train - Loss: 0.095835 | MSE: 0.095835 | RMSE: 0.309572 | MAE: 0.213262
  Val   - Loss: 0.083540 | MSE: 0.083540 | RMSE: 0.289033 | MAE: 0.193149
============================================================
No improvement for 4 epochs

============================================================
Epoch 62/150
Learning Rate: 1.00e-03
============================================================

============================================================
Epoch 62 Summary:
  Train - Loss: 0.095703 | MSE: 0.095703 | RMSE: 0.309360 | MAE: 0.213205
  Val   - Loss: 0.082623 | MSE: 0.082623 | RMSE: 0.287442 | MAE: 0.185693
============================================================
No improvement for 5 epochs

============================================================
Epoch 63/150
Learning Rate: 1.00e-03
============================================================

============================================================
Epoch 63 Summary:
  Train - Loss: 0.095692 | MSE: 0.095692 | RMSE: 0.309341 | MAE: 0.212952
  Val   - Loss: 0.084661 | MSE: 0.084661 | RMSE: 0.290966 | MAE: 0.192254
============================================================
No improvement for 6 epochs

============================================================
Epoch 64/150
Learning Rate: 5.00e-04
============================================================

============================================================
Epoch 64 Summary:
  Train - Loss: 0.090007 | MSE: 0.090007 | RMSE: 0.300012 | MAE: 0.205904
  Val   - Loss: 0.078948 | MSE: 0.078948 | RMSE: 0.280976 | MAE: 0.180553
============================================================

✓ New best model saved! Val Loss: 0.078948

============================================================
Epoch 65/150
Learning Rate: 1.00e-03
============================================================

============================================================
Epoch 65 Summary:
  Train - Loss: 0.095176 | MSE: 0.095176 | RMSE: 0.308506 | MAE: 0.212381
  Val   - Loss: 0.088422 | MSE: 0.088422 | RMSE: 0.297358 | MAE: 0.199616
============================================================
No improvement for 1 epochs
Checkpoint saved: src/trained_weights/UMambaMag_v2_STEAD_20251109_135600/model_epoch_65.pt

============================================================
Epoch 66/150
Learning Rate: 1.00e-03
============================================================

============================================================
Epoch 66 Summary:
  Train - Loss: 0.095325 | MSE: 0.095325 | RMSE: 0.308747 | MAE: 0.212348
  Val   - Loss: 0.084722 | MSE: 0.084722 | RMSE: 0.291070 | MAE: 0.189217
============================================================
No improvement for 2 epochs

============================================================
Epoch 67/150
Learning Rate: 1.00e-03
============================================================

============================================================
Epoch 67 Summary:
  Train - Loss: 0.095281 | MSE: 0.095281 | RMSE: 0.308676 | MAE: 0.212403
  Val   - Loss: 0.083281 | MSE: 0.083281 | RMSE: 0.288584 | MAE: 0.192372
============================================================
No improvement for 3 epochs

============================================================
Epoch 68/150
Learning Rate: 1.00e-03
============================================================

============================================================
Epoch 68 Summary:
  Train - Loss: 0.094960 | MSE: 0.094960 | RMSE: 0.308156 | MAE: 0.212322
  Val   - Loss: 0.084996 | MSE: 0.084996 | RMSE: 0.291541 | MAE: 0.193519
============================================================
No improvement for 4 epochs

============================================================
Epoch 69/150
Learning Rate: 1.00e-03
============================================================

============================================================
Epoch 69 Summary:
  Train - Loss: 0.095119 | MSE: 0.095119 | RMSE: 0.308413 | MAE: 0.212366
  Val   - Loss: 0.084502 | MSE: 0.084502 | RMSE: 0.290692 | MAE: 0.192439
============================================================
No improvement for 5 epochs

============================================================
Epoch 70/150
Learning Rate: 1.00e-03
============================================================

============================================================
Epoch 70 Summary:
  Train - Loss: 0.094939 | MSE: 0.094939 | RMSE: 0.308121 | MAE: 0.212079
  Val   - Loss: 0.084120 | MSE: 0.084120 | RMSE: 0.290035 | MAE: 0.186032
============================================================
No improvement for 6 epochs
Checkpoint saved: src/trained_weights/UMambaMag_v2_STEAD_20251109_135600/model_epoch_70.pt

============================================================
Epoch 71/150
Learning Rate: 5.00e-04
============================================================

============================================================
Epoch 71 Summary:
  Train - Loss: 0.089289 | MSE: 0.089289 | RMSE: 0.298813 | MAE: 0.205136
  Val   - Loss: 0.078962 | MSE: 0.078962 | RMSE: 0.281001 | MAE: 0.180519
============================================================
No improvement for 7 epochs

============================================================
Epoch 72/150
Learning Rate: 1.00e-03
============================================================

============================================================
Epoch 72 Summary:
  Train - Loss: 0.094111 | MSE: 0.094111 | RMSE: 0.306775 | MAE: 0.211494
  Val   - Loss: 0.083898 | MSE: 0.083898 | RMSE: 0.289651 | MAE: 0.187448
============================================================
No improvement for 8 epochs

============================================================
Epoch 73/150
Learning Rate: 1.00e-03
============================================================

============================================================
Epoch 73 Summary:
  Train - Loss: 0.094617 | MSE: 0.094617 | RMSE: 0.307599 | MAE: 0.211624
  Val   - Loss: 0.080792 | MSE: 0.080792 | RMSE: 0.284239 | MAE: 0.183359
============================================================
No improvement for 9 epochs

============================================================
Epoch 74/150
Learning Rate: 1.00e-03
============================================================

============================================================
Epoch 74 Summary:
  Train - Loss: 0.094555 | MSE: 0.094555 | RMSE: 0.307498 | MAE: 0.211885
  Val   - Loss: 0.084028 | MSE: 0.084028 | RMSE: 0.289876 | MAE: 0.186089
============================================================
No improvement for 10 epochs

============================================================
Epoch 75/150
Learning Rate: 1.00e-03
============================================================

============================================================
Epoch 75 Summary:
  Train - Loss: 0.094705 | MSE: 0.094705 | RMSE: 0.307742 | MAE: 0.211922
  Val   - Loss: 0.086611 | MSE: 0.086611 | RMSE: 0.294298 | MAE: 0.191866
============================================================
No improvement for 11 epochs
Checkpoint saved: src/trained_weights/UMambaMag_v2_STEAD_20251109_135600/model_epoch_75.pt

============================================================
Epoch 76/150
Learning Rate: 1.00e-03
============================================================

============================================================
Epoch 76 Summary:
  Train - Loss: 0.094140 | MSE: 0.094140 | RMSE: 0.306823 | MAE: 0.211416
  Val   - Loss: 0.085014 | MSE: 0.085014 | RMSE: 0.291572 | MAE: 0.187725
============================================================
No improvement for 12 epochs

============================================================
Epoch 77/150
Learning Rate: 5.00e-04
============================================================

============================================================
Epoch 77 Summary:
  Train - Loss: 0.088868 | MSE: 0.088868 | RMSE: 0.298107 | MAE: 0.204640
  Val   - Loss: 0.079804 | MSE: 0.079804 | RMSE: 0.282496 | MAE: 0.180917
============================================================
No improvement for 13 epochs

============================================================
Epoch 78/150
Learning Rate: 1.00e-03
============================================================

============================================================
Epoch 78 Summary:
  Train - Loss: 0.094142 | MSE: 0.094142 | RMSE: 0.306826 | MAE: 0.211142
  Val   - Loss: 0.083109 | MSE: 0.083109 | RMSE: 0.288286 | MAE: 0.196364
============================================================
No improvement for 14 epochs

============================================================
Epoch 79/150
Learning Rate: 1.00e-03
============================================================

============================================================
Epoch 79 Summary:
  Train - Loss: 0.094323 | MSE: 0.094323 | RMSE: 0.307121 | MAE: 0.211333
  Val   - Loss: 0.081156 | MSE: 0.081156 | RMSE: 0.284879 | MAE: 0.185664
============================================================
No improvement for 15 epochs

Early stopping triggered after 15 epochs without improvement
Best validation loss: 0.078948

Final model saved: src/trained_weights/UMambaMag_v2_STEAD_20251109_135600/model_final.pt
Training history saved: src/trained_weights/UMambaMag_v2_STEAD
================
============================================================
Epoch 80 Summary:
  Train - Loss: 0.091155 | MSE: 0.091155 | RMSE: 0.301920 | MAE: 0.208351
  Val   - Loss: 0.080474 | MSE: 0.080474 | RMSE: 0.283679 | MAE: 0.185201
============================================================
No improvement for 8 epochs
Checkpoint saved: src/trained_weights/UMambaMag_v2_STEAD_20251109_133756/model_epoch_80.pt

============================================================
Epoch 81/150
Learning Rate: 1.00
=================================================
===============
============================================================
Epoch 81 Summary:
  Train - Loss: 0.091175 | MSE: 0.091175 | RMSE: 0.301951 | MAE: 0.208321
  Val   - Loss: 0.083233 | MSE: 0.083233 | RMSE: 0.288501 | MAE: 0.197173
============================================================
No improvement for 9 epochs

============================================================
Epoch 82/150
Learning Rate: 1.00e-03
=============
================================
==============
============================================================
Epoch 82 Summary:
  Train - Loss: 0.091103 | MSE: 0.091103 | RMSE: 0.301832 | MAE: 0.208429
  Val   - Loss: 0.083326 | MSE: 0.083326 | RMSE: 0.288662 | MAE: 0.186914
============================================================
No improvement for 10 epochs

============================================================
Epoch 83/150
Learning Rate: 1.00e-03
============
=================================
==============
============================================================
Epoch 83 Summary:
  Train - Loss: 0.091270 | MSE: 0.091270 | RMSE: 0.302110 | MAE: 0.208379
  Val   - Loss: 0.082810 | MSE: 0.082810 | RMSE: 0.287767 | MAE: 0.197673
============================================================
No improvement for 11 epochs

============================================================
Epoch 84/150
Learning Rate: 1.00e-03
===========
==================================
==============
============================================================
Epoch 84 Summary:
  Train - Loss: 0.090974 | MSE: 0.090974 | RMSE: 0.301620 | MAE: 0.208385
  Val   - Loss: 0.077365 | MSE: 0.077365 | RMSE: 0.278147 | MAE: 0.181501
============================================================
No improvement for 12 epochs

============================================================
Epoch 85/150
Learning Rate: 5.00e-04
==========
==================================================
============================================================
Epoch 85 Summary:
  Train - Loss: 0.085759 | MSE: 0.085759 | RMSE: 0.292847 | MAE: 0.201653
  Val   - Loss: 0.075522 | MSE: 0.075522 | RMSE: 0.274813 | MAE: 0.177020
============================================================

✓ New best model saved! Val Loss: 0.075522
Checkpoint saved: src/trained_weights/UMambaMag_v2_STEAD_20251109_133756/model_epoch_85.pt

============================================================
Epoch 86/150
Learning Rate: 1
============================================================
Epoch 8
============================================================
Epoch 86 Summary:
  Train - Loss: 0.090439 | MSE: 0.090439 | RMSE: 0.300730 | MAE: 0.207461
  Val   - Loss: 0.079053 | MSE: 0.079053 | RMSE: 0.281164 | MAE: 0.189022
============================================================
No improvement for 1 epochs

============================================================
Epoch 87/150
Learning Rate: 1
============================================================
Epoch 8
============================================================
Epoch 87 Summary:
  Train - Loss: 0.090483 | MSE: 0.090483 | RMSE: 0.300804 | MAE: 0.207950
  Val   - Loss: 0.091067 | MSE: 0.091067 | RMSE: 0.301773 | MAE: 0.204260
============================================================
No improvement for 2 epochs

============================================================
Epoch 88/150
Learning Rate: 1
============================================================
Epoch 8
============================================================
Epoch 88 Summary:
  Train - Loss: 0.090940 | MSE: 0.090940 | RMSE: 0.301562 | MAE: 0.208001
  Val   - Loss: 0.080717 | MSE: 0.080717 | RMSE: 0.284108 | MAE: 0.185148
============================================================
No improvement for 3 epochs

============================================================
Epoch 89/150
Learning Rate: 1.00e-03
==========
==================================================
============================================================
Epoch 89 Summary:
  Train - Loss: 0.091692 | MSE: 0.091692 | RMSE: 0.302807 | MAE: 0.208182
  Val   - Loss: 0.078421 | MSE: 0.078421 | RMSE: 0.280037 | MAE: 0.185749
============================================================
No improvement for 4 epochs

============================================================
Epoch 90/150
Learning Rate: 1.00e-03
==========
==================================================
============================================================
Epoch 90 Summary:
  Train - Loss: 0.091004 | MSE: 0.091004 | RMSE: 0.301669 | MAE: 0.207941
  Val   - Loss: 0.079652 | MSE: 0.079652 | RMSE: 0.282227 | MAE: 0.182846
============================================================
No improvement for 5 epochs
Checkpoint saved: src/trained_weights/UMambaMag_v2_STEAD_20251109_133756/model_epoch_90.pt

============================================================
Epoch 91/150
Learning Rate: 1.00e-03
==========
==================================================
============================================================
Epoch 91 Summary:
  Train - Loss: 0.090369 | MSE: 0.090369 | RMSE: 0.300615 | MAE: 0.207405
  Val   - Loss: 0.077545 | MSE: 0.077545 | RMSE: 0.278470 | MAE: 0.178511
============================================================
No improvement for 6 epochs

============================================================
Epoch 92/150
Learning Rate: 5.00e-04
==========
==================================================
============================================================
Epoch 92 Summary:
  Train - Loss: 0.085717 | MSE: 0.085717 | RMSE: 0.292774 | MAE: 0.201380
  Val   - Loss: 0.074203 | MSE: 0.074203 | RMSE: 0.272403 | MAE: 0.177323
============================================================

✓ New best model saved! Val Loss: 0.074203

============================================================
Epoch 93/150
Learning Rate: 1
============================================================
Epoch 9
============================================================
Epoch 93 Summary:
  Train - Loss: 0.090427 | MSE: 0.090427 | RMSE: 0.300711 | MAE: 0.207156
  Val   - Loss: 0.078696 | MSE: 0.078696 | RMSE: 0.280528 | MAE: 0.179779
============================================================
No improvement for 1 epochs

============================================================
Epoch 94/150
Learning Rate: 1
============================================================
Epoch 9
============================================================
Epoch 94 Summary:
  Train - Loss: 0.090439 | MSE: 0.090439 | RMSE: 0.300731 | MAE: 0.207430
  Val   - Loss: 0.082367 | MSE: 0.082367 | RMSE: 0.286996 | MAE: 0.184679
============================================================
No improvement for 2 epochs

============================================================
Epoch 95/150
Learning Rate: 1
============================================================
Epoch 9
============================================================
Epoch 95 Summary:
  Train - Loss: 0.090582 | MSE: 0.090582 | RMSE: 0.300968 | MAE: 0.207473
  Val   - Loss: 0.081213 | MSE: 0.081213 | RMSE: 0.284979 | MAE: 0.185621
============================================================
No improvement for 3 epochs
Checkpoint saved: src/trained_weights/UMambaMag_v2_STEAD_20251109_133756/model_epoch_95.pt

============================================================
Epoch 96/150
Learning Rate: 1
============================================================
Epoch 9
============================================================
Epoch 96 Summary:
  Train - Loss: 0.090516 | MSE: 0.090516 | RMSE: 0.300859 | MAE: 0.207299
  Val   - Loss: 0.079521 | MSE: 0.079521 | RMSE: 0.281994 | MAE: 0.183720
============================================================
No improvement for 4 epochs

============================================================
Epoch 97/150
Learning Rate: 1
============================================================
Epoch 9
============================================================
Epoch 97 Summary:
  Train - Loss: 0.089982 | MSE: 0.089982 | RMSE: 0.299969 | MAE: 0.207024
  Val   - Loss: 0.076766 | MSE: 0.076766 | RMSE: 0.277067 | MAE: 0.180213
============================================================
No improvement for 5 epochs

============================================================
Epoch 98/150
Learning Rate: 1
============================================================
Epoch 9
============================================================
Epoch 98 Summary:
  Train - Loss: 0.089932 | MSE: 0.089932 | RMSE: 0.299887 | MAE: 0.206922
  Val   - Loss: 0.081682 | MSE: 0.081682 | RMSE: 0.285801 | MAE: 0.193551
============================================================
No improvement for 6 epochs

============================================================
Epoch 99/150
Learning Rate: 5.
============================================================
Epoch 
============================================================
Epoch 99 Summary:
  Train - Loss: 0.084781 | MSE: 0.084781 | RMSE: 0.291172 | MAE: 0.200678
  Val   - Loss: 0.073771 | MSE: 0.073771 | RMSE: 0.271609 | MAE: 0.175819
============================================================

✓ New best model saved! Val Loss: 0.073771

============================================================
Epoch 100/150

============================================================
Epoch 100 Summary:
  Tr
============================================================
Epoch 100 Summary:
  Train - Loss: 0.089523 | MSE: 0.089523 | RMSE: 0.299204 | MAE: 0.206526
  Val   - Loss: 0.081840 | MSE: 0.081840 | RMSE: 0.286077 | MAE: 0.192401
============================================================
No improvement for 1 epochs
Checkpoint saved: src/trained_weights/UMambaMag_v2_STEAD_20251109_133756/model_epoch_100.pt

============================================================
Epoch 101/150
L
============================================================
Epoch 101 Summary:
  T
============================================================
Epoch 101 Summary:
  Train - Loss: 0.089893 | MSE: 0.089893 | RMSE: 0.299822 | MAE: 0.206830
  Val   - Loss: 0.081670 | MSE: 0.081670 | RMSE: 0.285779 | MAE: 0.191703
============================================================
No improvement for 2 epochs

============================================================
Epoch 102/150
Learning Rate: 1.00
============================================================
Epoc
============================================================
Epoch 102 Summary:
  Train - Loss: 0.090105 | MSE: 0.090105 | RMSE: 0.300174 | MAE: 0.207115
  Val   - Loss: 0.082098 | MSE: 0.082098 | RMSE: 0.286527 | MAE: 0.193466
============================================================
No improvement for 3 epochs

============================================================
Epoch 103/150
Learning Rate: 1.00
============================================================
Epoc
============================================================
Epoch 103 Summary:
  Train - Loss: 0.089605 | MSE: 0.089605 | RMSE: 0.299341 | MAE: 0.206792
  Val   - Loss: 0.079212 | MSE: 0.079212 | RMSE: 0.281447 | MAE: 0.183215
============================================================
No improvement for 4 epochs

============================================================
Epoch 104/150
Learning Rate: 1.00
============================================================
Epoc
============================================================
Epoch 104 Summary:
  Train - Loss: 0.089957 | MSE: 0.089957 | RMSE: 0.299929 | MAE: 0.206880
  Val   - Loss: 0.078939 | MSE: 0.078939 | RMSE: 0.280961 | MAE: 0.187482
============================================================
No improvement for 5 epochs

============================================================
Epoch 105/150
Learning Rate: 1.00
============================================================
Epoc
============================================================
Epoch 105 Summary:
  Train - Loss: 0.089737 | MSE: 0.089737 | RMSE: 0.299561 | MAE: 0.206547
  Val   - Loss: 0.078024 | MSE: 0.078024 | RMSE: 0.279327 | MAE: 0.178670
============================================================
No improvement for 6 epochs
Checkpoint saved: src/trained_weights/UMambaMag_v2_STEAD_20251109_133756/model_epoch_105.pt

============================================================
Epoch 106/150
Learning Rate: 5.00
============================================================
Epoc
============================================================
Epoch 106 Summary:
  Train - Loss: 0.084889 | MSE: 0.084889 | RMSE: 0.291357 | MAE: 0.200393
  Val   - Loss: 0.074526 | MSE: 0.074526 | RMSE: 0.272995 | MAE: 0.176693
============================================================
No improvement for 7 epochs

============================================================
Epoch 107/150
Learning Rate: 1.00
============================================================
Epoc
============================================================
Epoch 107 Summary:
  Train - Loss: 0.089439 | MSE: 0.089439 | RMSE: 0.299063 | MAE: 0.206067
  Val   - Loss: 0.076685 | MSE: 0.076685 | RMSE: 0.276920 | MAE: 0.180039
============================================================
No improvement for 8 epochs

============================================================
Epoch 108/150
Learning Rate: 1.00
============================================================
Epoc
============================================================
Epoch 108 Summary:
  Train - Loss: 0.089360 | MSE: 0.089360 | RMSE: 0.298932 | MAE: 0.206153
  Val   - Loss: 0.078110 | MSE: 0.078110 | RMSE: 0.279482 | MAE: 0.178591
============================================================
No improvement for 9 epochs

============================================================
Epoch 109/150
Learning Rate: 1.00
============================================================
Epoc
============================================================
Epoch 109 Summary:
  Train - Loss: 0.089572 | MSE: 0.089572 | RMSE: 0.299286 | MAE: 0.206266
  Val   - Loss: 0.077177 | MSE: 0.077177 | RMSE: 0.277808 | MAE: 0.185039
============================================================
No improvement for 10 epochs

============================================================
Epoch 110/150
Learning Rate: 1.0
============================================================
Epoch
============================================================
Epoch 110 Summary:
  Train - Loss: 0.089302 | MSE: 0.089302 | RMSE: 0.298835 | MAE: 0.206340
  Val   - Loss: 0.080541 | MSE: 0.080541 | RMSE: 0.283797 | MAE: 0.184231
============================================================
No improvement for 11 epochs
Checkpoint saved: src/trained_weights/UMambaMag_v2_STEAD_20251109_133756/model_epoch_110.pt

============================================================
Epoch 111/150
Learning Rate: 1.
============================================================
Epoch 
============================================================
Epoch 111 Summary:
  Train - Loss: 0.089461 | MSE: 0.089461 | RMSE: 0.299101 | MAE: 0.206255
  Val   - Loss: 0.078228 | MSE: 0.078228 | RMSE: 0.279694 | MAE: 0.180471
============================================================
No improvement for 12 epochs

============================================================
Epoch 112/150
Learning Rate: 5.
============================================================
Epoch 
============================================================
Epoch 112 Summary:
  Train - Loss: 0.084306 | MSE: 0.084306 | RMSE: 0.290355 | MAE: 0.200031
  Val   - Loss: 0.075132 | MSE: 0.075132 | RMSE: 0.274102 | MAE: 0.177538
============================================================
No improvement for 13 epochs

============================================================
Epoch 113/150
Learning Rate: 1.
============================================================
Epoch 
============================================================
Epoch 113 Summary:
  Train - Loss: 0.088640 | MSE: 0.088640 | RMSE: 0.297724 | MAE: 0.205526
  Val   - Loss: 0.081380 | MSE: 0.081380 | RMSE: 0.285272 | MAE: 0.190360
============================================================
No improvement for 14 epochs

============================================================
Epoch 114/150
Learning Rate: 1.
============================================================
Epoch 
============================================================
Epoch 114 Summary:
  Train - Loss: 0.089268 | MSE: 0.089268 | RMSE: 0.298778 | MAE: 0.206240
  Val   - Loss: 0.079660 | MSE: 0.079660 | RMSE: 0.282241 | MAE: 0.187020
============================================================
No improvement for 15 epochs

Early stopping triggered after 15 epochs without improvement
Best validation loss: 0.073771

============================================================
Epoch 115 Summary:
  Train - Loss: 0.090371 | MSE: 0.090371 | RMSE: 0.300618 | MAE: 0.207108
  Val   - Loss: 0.079906 | MSE: 0.079906 | RMSE: 0.282677 | MAE: 0.185658
============================================================
No improvement for 14 epochs
Checkpoint saved: src/trained_weights/UMambaMag_v2_STEAD_20251109_132754/model_epoch_115.pt

============================================================
Epoch 116/150
Learning Rate: 1.00e-03
============================================================

============================================================
Epoch 116 Summary:
  Train - Loss: 0.090349 | MSE: 0.090349 | RMSE: 0.300581 | MAE: 0.207317
  Val   - Loss: 0.081512 | MSE: 0.081512 | RMSE: 0.285503 | MAE: 0.188266
============================================================
No improvement for 15 epochs

Early stopping triggered after 15 epochs without improvement
Best validation loss: 0.074466

Final model saved: src/trained_weights/UMambaMag_v2_STEAD_20251109_132754/model_final.pt
Training history saved: src/trained_weights/UMambaMag_v2_STEAD_20251109_132754/training_history_20251109_132754.pt

============================================================
TRAINING COMPLETED
============================================================
Best validation loss: 0.074466
Best validation RMSE: 0.272884
Final train loss: 0.090349
Final val loss: 0.081512
Total Training Time: 54:09:14
============================================================
==================================================

