2025-11-11 09:46:53,957 | seisbench | WARNING | Setting remote root to: https://seisbench.gfz.de/mirror/
Please note that this can affect your download speed.
2025-11-11 09:47:05,234 | seisbench | WARNING | Output component order not specified, defaulting to 'ZNE'.
2025-11-11 09:47:12,109 | seisbench | WARNING | Skipping preload, as cache is disabled.
2025-11-11 09:47:17,581 | seisbench | WARNING | Skipping preload, as cache is disabled.
/home/quenton.yeo/code/.venv/lib/python3.11/site-packages/torch/optim/lr_scheduler.py:60: UserWarning: The verbose parameter is deprecated. Please use get_last_lr() to access the learning rate.
  warnings.warn(

==================================================
LOADING DATA
==================================================
STEAD dataset loaded: 1265657 samples

Training umamba_mag_v2 on STEAD for 150 epochs...
Model moved to cuda:0
Training UMamba V2 Magnitude Estimator model (encoder-only with pooling)

============================================================
TRAINING UMAMBAMAG V2 (ENCODER-ONLY WITH POOLING)
============================================================
Model: UMambaMag_v2_STEAD
Dataset: STEAD
Batch size: 32
Learning rate: 0.001
Epochs: 150
Warmup epochs: 5
============================================================
Model is on device: cuda:0
Total parameters: 403,685
Trainable parameters: 403,685

Loading data...
Train batches: 33619
Dev batches: 1978

Saving models to: src/trained_weights/UMambaMag_v2_STEAD_20251111_094717


============================================================
Epoch 1/150
Learning Rate: 1.00e-04
============================================================

============================================================
Epoch 1 Summary:
  Train - Loss: 0.248028 | MSE: 0.248028 | RMSE: 0.498024 | MAE: 0.338941
  Val   - Loss: 0.163074 | MSE: 0.163074 | RMSE: 0.403825 | MAE: 0.269996
============================================================

✓ New best model saved! Val Loss: 0.163074

============================================================
Epoch 2/150
Learning Rate: 2.80e-04
============================================================

============================================================
Epoch 2 Summary:
  Train - Loss: 0.176693 | MSE: 0.176693 | RMSE: 0.420349 | MAE: 0.288165
  Val   - Loss: 0.144995 | MSE: 0.144995 | RMSE: 0.380783 | MAE: 0.257185
============================================================

✓ New best model saved! Val Loss: 0.144995

============================================================
Epoch 3/150
Learning Rate: 4.60e-04
============================================================

============================================================
Epoch 3 Summary:
  Train - Loss: 0.153192 | MSE: 0.153192 | RMSE: 0.391397 | MAE: 0.269371
  Val   - Loss: 0.133075 | MSE: 0.133075 | RMSE: 0.364794 | MAE: 0.241149
============================================================

✓ New best model saved! Val Loss: 0.133075

============================================================
Epoch 4/150
Learning Rate: 6.40e-04
============================================================

============================================================
Epoch 4 Summary:
  Train - Loss: 0.140979 | MSE: 0.140979 | RMSE: 0.375471 | MAE: 0.259004
  Val   - Loss: 0.123599 | MSE: 0.123599 | RMSE: 0.351567 | MAE: 0.229817
============================================================

✓ New best model saved! Val Loss: 0.123599

============================================================
Epoch 5/150
Learning Rate: 8.20e-04
============================================================

============================================================
Epoch 5 Summary:
  Train - Loss: 0.131821 | MSE: 0.131821 | RMSE: 0.363072 | MAE: 0.251168
  Val   - Loss: 0.109039 | MSE: 0.109039 | RMSE: 0.330210 | MAE: 0.219046
============================================================

✓ New best model saved! Val Loss: 0.109039
Checkpoint saved: src/trained_weights/UMambaMag_v2_STEAD_20251111_094717/model_epoch_5.pt

============================================================
Epoch 6/150
Learning Rate: 1.00e-03
============================================================

============================================================
Epoch 6 Summary:
  Train - Loss: 0.126484 | MSE: 0.126484 | RMSE: 0.355646 | MAE: 0.245763
  Val   - Loss: 0.110837 | MSE: 0.110837 | RMSE: 0.332921 | MAE: 0.218829
============================================================
No improvement for 1 epochs

============================================================
Epoch 7/150
Learning Rate: 1.00e-03
============================================================

============================================================
Epoch 7 Summary:
  Train - Loss: 0.117673 | MSE: 0.117673 | RMSE: 0.343034 | MAE: 0.237442
  Val   - Loss: 0.098123 | MSE: 0.098123 | RMSE: 0.313245 | MAE: 0.207774
============================================================

✓ New best model saved! Val Loss: 0.098123

============================================================
Epoch 8/150
Learning Rate: 1.00e-03
============================================================

============================================================
Epoch 8 Summary:
  Train - Loss: 0.113177 | MSE: 0.113177 | RMSE: 0.336418 | MAE: 0.232282
  Val   - Loss: 0.100331 | MSE: 0.100331 | RMSE: 0.316750 | MAE: 0.207611
============================================================
No improvement for 1 epochs

============================================================
Epoch 9/150
Learning Rate: 1.00e-03
============================================================

============================================================
Epoch 9 Summary:
  Train - Loss: 0.108466 | MSE: 0.108466 | RMSE: 0.329342 | MAE: 0.227522
  Val   - Loss: 0.093785 | MSE: 0.093785 | RMSE: 0.306243 | MAE: 0.203431
============================================================

✓ New best model saved! Val Loss: 0.093785

============================================================
Epoch 10/150
Learning Rate: 1.00e-03
============================================================

============================================================
Epoch 10 Summary:
  Train - Loss: 0.104837 | MSE: 0.104837 | RMSE: 0.323786 | MAE: 0.223454
  Val   - Loss: 0.091923 | MSE: 0.091923 | RMSE: 0.303188 | MAE: 0.199463
============================================================

✓ New best model saved! Val Loss: 0.091923
Checkpoint saved: src/trained_weights/UMambaMag_v2_STEAD_20251111_094717/model_epoch_10.pt

============================================================
Epoch 11/150
Learning Rate: 1.00e-03
============================================================

============================================================
Epoch 11 Summary:
  Train - Loss: 0.102681 | MSE: 0.102681 | RMSE: 0.320438 | MAE: 0.220839
  Val   - Loss: 0.087333 | MSE: 0.087333 | RMSE: 0.295522 | MAE: 0.199819
============================================================

✓ New best model saved! Val Loss: 0.087333

============================================================
Epoch 12/150
Learning Rate: 1.00e-03
============================================================

============================================================
Epoch 12 Summary:
  Train - Loss: 0.100359 | MSE: 0.100359 | RMSE: 0.316795 | MAE: 0.218538
  Val   - Loss: 0.085942 | MSE: 0.085942 | RMSE: 0.293158 | MAE: 0.194332
============================================================

✓ New best model saved! Val Loss: 0.085942

============================================================
Epoch 13/150
Learning Rate: 1.00e-03
============================================================

============================================================
Epoch 13 Summary:
  Train - Loss: 0.098420 | MSE: 0.098420 | RMSE: 0.313719 | MAE: 0.216222
  Val   - Loss: 0.083448 | MSE: 0.083448 | RMSE: 0.288873 | MAE: 0.189813
============================================================

✓ New best model saved! Val Loss: 0.083448

============================================================
Epoch 14/150
Learning Rate: 1.00e-03
============================================================

============================================================
Epoch 14 Summary:
  Train - Loss: 0.096160 | MSE: 0.096160 | RMSE: 0.310097 | MAE: 0.213827
  Val   - Loss: 0.088447 | MSE: 0.088447 | RMSE: 0.297401 | MAE: 0.193918
============================================================
No improvement for 1 epochs

============================================================
Epoch 15/150
Learning Rate: 1.00e-03
============================================================

============================================================
Epoch 15 Summary:
  Train - Loss: 0.095055 | MSE: 0.095055 | RMSE: 0.308309 | MAE: 0.212397
  Val   - Loss: 0.084729 | MSE: 0.084729 | RMSE: 0.291083 | MAE: 0.194546
============================================================
No improvement for 2 epochs
Checkpoint saved: src/trained_weights/UMambaMag_v2_STEAD_20251111_094717/model_epoch_15.pt

============================================================
Epoch 16/150
Learning Rate: 1.00e-03
============================================================

============================================================
Epoch 16 Summary:
  Train - Loss: 0.093774 | MSE: 0.093774 | RMSE: 0.306226 | MAE: 0.211057
  Val   - Loss: 0.081210 | MSE: 0.081210 | RMSE: 0.284973 | MAE: 0.184602
============================================================

✓ New best model saved! Val Loss: 0.081210

============================================================
Epoch 17/150
Learning Rate: 1.00e-03
============================================================

============================================================
Epoch 17 Summary:
  Train - Loss: 0.092135 | MSE: 0.092135 | RMSE: 0.303538 | MAE: 0.209382
  Val   - Loss: 0.084628 | MSE: 0.084628 | RMSE: 0.290909 | MAE: 0.189491
============================================================
No improvement for 1 epochs

============================================================
Epoch 18/150
Learning Rate: 1.00e-03
============================================================

============================================================
Epoch 18 Summary:
  Train - Loss: 0.091805 | MSE: 0.091805 | RMSE: 0.302994 | MAE: 0.208671
  Val   - Loss: 0.080878 | MSE: 0.080878 | RMSE: 0.284390 | MAE: 0.190995
============================================================

✓ New best model saved! Val Loss: 0.080878

============================================================
Epoch 19/150
Learning Rate: 1.00e-03
============================================================

============================================================
Epoch 19 Summary:
  Train - Loss: 0.090187 | MSE: 0.090187 | RMSE: 0.300312 | MAE: 0.207242
  Val   - Loss: 0.077347 | MSE: 0.077347 | RMSE: 0.278113 | MAE: 0.180908
============================================================

✓ New best model saved! Val Loss: 0.077347

============================================================
Epoch 20/150
Learning Rate: 1.00e-03
============================================================

============================================================
Epoch 20 Summary:
  Train - Loss: 0.089624 | MSE: 0.089624 | RMSE: 0.299373 | MAE: 0.206455
  Val   - Loss: 0.081477 | MSE: 0.081477 | RMSE: 0.285442 | MAE: 0.191486
============================================================
No improvement for 1 epochs
Checkpoint saved: src/trained_weights/UMambaMag_v2_STEAD_20251111_094717/model_epoch_20.pt

============================================================
Epoch 21/150
Learning Rate: 1.00e-03
============================================================

============================================================
Epoch 21 Summary:
  Train - Loss: 0.088900 | MSE: 0.088900 | RMSE: 0.298160 | MAE: 0.205488
  Val   - Loss: 0.077135 | MSE: 0.077135 | RMSE: 0.277731 | MAE: 0.185307
============================================================

✓ New best model saved! Val Loss: 0.077135

============================================================
Epoch 22/150
Learning Rate: 1.00e-03
============================================================

============================================================
Epoch 22 Summary:
  Train - Loss: 0.088399 | MSE: 0.088399 | RMSE: 0.297320 | MAE: 0.204831
  Val   - Loss: 0.077670 | MSE: 0.077670 | RMSE: 0.278693 | MAE: 0.186734
============================================================
No improvement for 1 epochs

============================================================
Epoch 23/150
Learning Rate: 1.00e-03
============================================================

============================================================
Epoch 23 Summary:
  Train - Loss: 0.087570 | MSE: 0.087570 | RMSE: 0.295922 | MAE: 0.203861
  Val   - Loss: 0.076668 | MSE: 0.076668 | RMSE: 0.276889 | MAE: 0.178509
============================================================

✓ New best model saved! Val Loss: 0.076668

============================================================
Epoch 24/150
Learning Rate: 1.00e-03
============================================================

============================================================
Epoch 24 Summary:
  Train - Loss: 0.086702 | MSE: 0.086702 | RMSE: 0.294452 | MAE: 0.202873
  Val   - Loss: 0.075807 | MSE: 0.075807 | RMSE: 0.275331 | MAE: 0.183592
============================================================

✓ New best model saved! Val Loss: 0.075807

============================================================
Epoch 25/150
Learning Rate: 1.00e-03
============================================================

============================================================
Epoch 25 Summary:
  Train - Loss: 0.086458 | MSE: 0.086458 | RMSE: 0.294037 | MAE: 0.202606
  Val   - Loss: 0.078298 | MSE: 0.078298 | RMSE: 0.279818 | MAE: 0.179266
============================================================
No improvement for 1 epochs
Checkpoint saved: src/trained_weights/UMambaMag_v2_STEAD_20251111_094717/model_epoch_25.pt

============================================================
Epoch 26/150
Learning Rate: 1.00e-03
============================================================

============================================================
Epoch 26 Summary:
  Train - Loss: 0.085679 | MSE: 0.085679 | RMSE: 0.292709 | MAE: 0.201736
  Val   - Loss: 0.075943 | MSE: 0.075943 | RMSE: 0.275577 | MAE: 0.177089
============================================================
No improvement for 2 epochs

============================================================
Epoch 27/150
Learning Rate: 1.00e-03
============================================================

============================================================
Epoch 27 Summary:
  Train - Loss: 0.085309 | MSE: 0.085309 | RMSE: 0.292078 | MAE: 0.201249
  Val   - Loss: 0.073612 | MSE: 0.073612 | RMSE: 0.271316 | MAE: 0.175354
============================================================

✓ New best model saved! Val Loss: 0.073612

============================================================
Epoch 28/150
Learning Rate: 1.00e-03
============================================================

============================================================
Epoch 28 Summary:
  Train - Loss: 0.084481 | MSE: 0.084481 | RMSE: 0.290657 | MAE: 0.200346
  Val   - Loss: 0.073900 | MSE: 0.073900 | RMSE: 0.271846 | MAE: 0.178026
============================================================
No improvement for 1 epochs

============================================================
Epoch 29/150
Learning Rate: 1.00e-03
============================================================

============================================================
Epoch 29 Summary:
  Train - Loss: 0.084477 | MSE: 0.084477 | RMSE: 0.290650 | MAE: 0.200126
  Val   - Loss: 0.073181 | MSE: 0.073181 | RMSE: 0.270520 | MAE: 0.178553
============================================================

✓ New best model saved! Val Loss: 0.073181

============================================================
Epoch 30/150
Learning Rate: 1.00e-03
============================================================

============================================================
Epoch 30 Summary:
  Train - Loss: 0.083627 | MSE: 0.083627 | RMSE: 0.289184 | MAE: 0.199343
  Val   - Loss: 0.073400 | MSE: 0.073400 | RMSE: 0.270925 | MAE: 0.174319
============================================================
No improvement for 1 epochs
Checkpoint saved: src/trained_weights/UMambaMag_v2_STEAD_20251111_094717/model_epoch_30.pt

============================================================
Epoch 31/150
Learning Rate: 1.00e-03
============================================================

============================================================
Epoch 31 Summary:
  Train - Loss: 0.083443 | MSE: 0.083443 | RMSE: 0.288865 | MAE: 0.199080
  Val   - Loss: 0.072534 | MSE: 0.072534 | RMSE: 0.269321 | MAE: 0.178725
============================================================

✓ New best model saved! Val Loss: 0.072534

============================================================
Epoch 32/150
Learning Rate: 1.00e-03
============================================================

============================================================
Epoch 32 Summary:
  Train - Loss: 0.082751 | MSE: 0.082751 | RMSE: 0.287665 | MAE: 0.198496
  Val   - Loss: 0.076137 | MSE: 0.076137 | RMSE: 0.275929 | MAE: 0.178999
============================================================
No improvement for 1 epochs

============================================================
Epoch 33/150
Learning Rate: 1.00e-03
============================================================

============================================================
Epoch 33 Summary:
  Train - Loss: 0.082897 | MSE: 0.082897 | RMSE: 0.287918 | MAE: 0.198154
  Val   - Loss: 0.071426 | MSE: 0.071426 | RMSE: 0.267256 | MAE: 0.176450
============================================================

✓ New best model saved! Val Loss: 0.071426

============================================================
Epoch 34/150
Learning Rate: 1.00e-03
============================================================

============================================================
Epoch 34 Summary:
  Train - Loss: 0.081970 | MSE: 0.081970 | RMSE: 0.286304 | MAE: 0.197445
  Val   - Loss: 0.074576 | MSE: 0.074576 | RMSE: 0.273086 | MAE: 0.176498
============================================================
No improvement for 1 epochs

============================================================
Epoch 35/150
Learning Rate: 1.00e-03
============================================================

============================================================
Epoch 35 Summary:
  Train - Loss: 0.082275 | MSE: 0.082275 | RMSE: 0.286836 | MAE: 0.197273
  Val   - Loss: 0.071391 | MSE: 0.071391 | RMSE: 0.267191 | MAE: 0.174684
============================================================

✓ New best model saved! Val Loss: 0.071391
Checkpoint saved: src/trained_weights/UMambaMag_v2_STEAD_20251111_094717/model_epoch_35.pt

============================================================
Epoch 36/150
Learning Rate: 1.00e-03
============================================================

============================================================
Epoch 36 Summary:
  Train - Loss: 0.081602 | MSE: 0.081602 | RMSE: 0.285660 | MAE: 0.196871
  Val   - Loss: 0.076076 | MSE: 0.076076 | RMSE: 0.275819 | MAE: 0.188980
============================================================
No improvement for 1 epochs

============================================================
Epoch 37/150
Learning Rate: 1.00e-03
============================================================

============================================================
Epoch 37 Summary:
  Train - Loss: 0.081241 | MSE: 0.081241 | RMSE: 0.285028 | MAE: 0.196536
  Val   - Loss: 0.071618 | MSE: 0.071618 | RMSE: 0.267616 | MAE: 0.170811
============================================================
No improvement for 2 epochs

============================================================
Epoch 38/150
Learning Rate: 1.00e-03
============================================================

============================================================
Epoch 38 Summary:
  Train - Loss: 0.080593 | MSE: 0.080593 | RMSE: 0.283890 | MAE: 0.195871
  Val   - Loss: 0.073691 | MSE: 0.073691 | RMSE: 0.271462 | MAE: 0.181433
============================================================
No improvement for 3 epochs

============================================================
Epoch 39/150
Learning Rate: 1.00e-03
============================================================

============================================================
Epoch 39 Summary:
  Train - Loss: 0.080474 | MSE: 0.080474 | RMSE: 0.283679 | MAE: 0.195651
  Val   - Loss: 0.069760 | MSE: 0.069760 | RMSE: 0.264121 | MAE: 0.169867
============================================================

✓ New best model saved! Val Loss: 0.069760

============================================================
Epoch 40/150
Learning Rate: 1.00e-03
============================================================

============================================================
Epoch 40 Summary:
  Train - Loss: 0.080016 | MSE: 0.080016 | RMSE: 0.282872 | MAE: 0.194994
  Val   - Loss: 0.068909 | MSE: 0.068909 | RMSE: 0.262505 | MAE: 0.169551
============================================================

✓ New best model saved! Val Loss: 0.068909
Checkpoint saved: src/trained_weights/UMambaMag_v2_STEAD_20251111_094717/model_epoch_40.pt

============================================================
Epoch 41/150
Learning Rate: 1.00e-03
============================================================

============================================================
Epoch 41 Summary:
  Train - Loss: 0.080266 | MSE: 0.080266 | RMSE: 0.283312 | MAE: 0.194856
  Val   - Loss: 0.068662 | MSE: 0.068662 | RMSE: 0.262035 | MAE: 0.169047
============================================================

✓ New best model saved! Val Loss: 0.068662

============================================================
Epoch 42/150
Learning Rate: 1.00e-03
============================================================

============================================================
Epoch 42 Summary:
  Train - Loss: 0.079350 | MSE: 0.079350 | RMSE: 0.281691 | MAE: 0.194136
  Val   - Loss: 0.069305 | MSE: 0.069305 | RMSE: 0.263258 | MAE: 0.171365
============================================================
No improvement for 1 epochs

============================================================
Epoch 43/150
Learning Rate: 1.00e-03
============================================================

============================================================
Epoch 43 Summary:
  Train - Loss: 0.081451 | MSE: 0.081451 | RMSE: 0.285395 | MAE: 0.194305
  Val   - Loss: 0.069501 | MSE: 0.069501 | RMSE: 0.263631 | MAE: 0.170548
============================================================
No improvement for 2 epochs

============================================================
Epoch 44/150
Learning Rate: 1.00e-03
============================================================

============================================================
Epoch 44 Summary:
  Train - Loss: 0.079054 | MSE: 0.079054 | RMSE: 0.281165 | MAE: 0.193892
  Val   - Loss: 0.073262 | MSE: 0.073262 | RMSE: 0.270670 | MAE: 0.177547
============================================================
No improvement for 3 epochs

============================================================
Epoch 45/150
Learning Rate: 1.00e-03
============================================================

============================================================
Epoch 45 Summary:
  Train - Loss: 0.078974 | MSE: 0.078974 | RMSE: 0.281023 | MAE: 0.193658
  Val   - Loss: 0.070981 | MSE: 0.070981 | RMSE: 0.266422 | MAE: 0.174707
============================================================
No improvement for 4 epochs
Checkpoint saved: src/trained_weights/UMambaMag_v2_STEAD_20251111_094717/model_epoch_45.pt

============================================================
Epoch 46/150
Learning Rate: 1.00e-03
============================================================

============================================================
Epoch 46 Summary:
  Train - Loss: 0.078641 | MSE: 0.078641 | RMSE: 0.280430 | MAE: 0.193342
  Val   - Loss: 0.069889 | MSE: 0.069889 | RMSE: 0.264366 | MAE: 0.169771
============================================================
No improvement for 5 epochs

============================================================
Epoch 47/150
Learning Rate: 1.00e-03
============================================================

============================================================
Epoch 47 Summary:
  Train - Loss: 0.078146 | MSE: 0.078146 | RMSE: 0.279545 | MAE: 0.193018
  Val   - Loss: 0.070432 | MSE: 0.070432 | RMSE: 0.265390 | MAE: 0.180104
============================================================
No improvement for 6 epochs

============================================================
Epoch 48/150
Learning Rate: 5.00e-04
============================================================

============================================================
Epoch 48 Summary:
  Train - Loss: 0.073410 | MSE: 0.073410 | RMSE: 0.270943 | MAE: 0.186449
  Val   - Loss: 0.064106 | MSE: 0.064106 | RMSE: 0.253192 | MAE: 0.163612
============================================================

✓ New best model saved! Val Loss: 0.064106

============================================================
Epoch 49/150
Learning Rate: 1.00e-03
============================================================

============================================================
Epoch 49 Summary:
  Train - Loss: 0.080826 | MSE: 0.080826 | RMSE: 0.284300 | MAE: 0.192127
  Val   - Loss: 0.069178 | MSE: 0.069178 | RMSE: 0.263017 | MAE: 0.172008
============================================================
No improvement for 1 epochs

============================================================
Epoch 50/150
Learning Rate: 1.00e-03
============================================================

============================================================
Epoch 50 Summary:
  Train - Loss: 0.077661 | MSE: 0.077661 | RMSE: 0.278676 | MAE: 0.192357
  Val   - Loss: 0.068817 | MSE: 0.068817 | RMSE: 0.262330 | MAE: 0.170065
============================================================
No improvement for 2 epochs
Checkpoint saved: src/trained_weights/UMambaMag_v2_STEAD_20251111_094717/model_epoch_50.pt

============================================================
Epoch 51/150
Learning Rate: 1.00e-03
============================================================

============================================================
Epoch 51 Summary:
  Train - Loss: 0.077829 | MSE: 0.077829 | RMSE: 0.278978 | MAE: 0.192198
  Val   - Loss: 0.066821 | MSE: 0.066821 | RMSE: 0.258497 | MAE: 0.164633
============================================================
No improvement for 3 epochs

============================================================
Epoch 52/150
Learning Rate: 1.00e-03
============================================================

============================================================
Epoch 52 Summary:
  Train - Loss: 0.077285 | MSE: 0.077285 | RMSE: 0.278001 | MAE: 0.191624
  Val   - Loss: 0.069957 | MSE: 0.069957 | RMSE: 0.264493 | MAE: 0.169033
============================================================
No improvement for 4 epochs

============================================================
Epoch 53/150
Learning Rate: 1.00e-03
============================================================

============================================================
Epoch 53 Summary:
  Train - Loss: 0.077372 | MSE: 0.077372 | RMSE: 0.278159 | MAE: 0.191795
  Val   - Loss: 0.069613 | MSE: 0.069613 | RMSE: 0.263842 | MAE: 0.167005
============================================================
No improvement for 5 epochs

============================================================
Epoch 54/150
Learning Rate: 1.00e-03
============================================================

============================================================
Epoch 54 Summary:
  Train - Loss: 0.077195 | MSE: 0.077195 | RMSE: 0.277840 | MAE: 0.191470
  Val   - Loss: 0.069484 | MSE: 0.069484 | RMSE: 0.263598 | MAE: 0.176537
============================================================
No improvement for 6 epochs

============================================================
Epoch 55/150
Learning Rate: 5.00e-04
============================================================

============================================================
Epoch 55 Summary:
  Train - Loss: 0.072147 | MSE: 0.072147 | RMSE: 0.268602 | MAE: 0.184792
  Val   - Loss: 0.064443 | MSE: 0.064443 | RMSE: 0.253857 | MAE: 0.162550
============================================================
No improvement for 7 epochs
Checkpoint saved: src/trained_weights/UMambaMag_v2_STEAD_20251111_094717/model_epoch_55.pt

============================================================
Epoch 56/150
Learning Rate: 1.00e-03
============================================================

============================================================
Epoch 56 Summary:
  Train - Loss: 0.076306 | MSE: 0.076306 | RMSE: 0.276235 | MAE: 0.190485
  Val   - Loss: 0.069037 | MSE: 0.069037 | RMSE: 0.262750 | MAE: 0.169621
============================================================
No improvement for 8 epochs

============================================================
Epoch 57/150
Learning Rate: 1.00e-03
============================================================

============================================================
Epoch 57 Summary:
  Train - Loss: 0.076270 | MSE: 0.076270 | RMSE: 0.276171 | MAE: 0.190622
  Val   - Loss: 0.068572 | MSE: 0.068572 | RMSE: 0.261863 | MAE: 0.166421
============================================================
No improvement for 9 epochs

============================================================
Epoch 58/150
Learning Rate: 1.00e-03
============================================================

============================================================
Epoch 58 Summary:
  Train - Loss: 0.076309 | MSE: 0.076309 | RMSE: 0.276241 | MAE: 0.190373
  Val   - Loss: 0.067810 | MSE: 0.067810 | RMSE: 0.260403 | MAE: 0.166837
============================================================
No improvement for 10 epochs

============================================================
Epoch 59/150
Learning Rate: 1.00e-03
============================================================

============================================================
Epoch 59 Summary:
  Train - Loss: 0.076195 | MSE: 0.076195 | RMSE: 0.276034 | MAE: 0.190093
  Val   - Loss: 0.067316 | MSE: 0.067316 | RMSE: 0.259454 | MAE: 0.166292
============================================================
No improvement for 11 epochs

============================================================
Epoch 60/150
Learning Rate: 1.00e-03
============================================================

============================================================
Epoch 60 Summary:
  Train - Loss: 0.076309 | MSE: 0.076309 | RMSE: 0.276241 | MAE: 0.190394
  Val   - Loss: 0.067189 | MSE: 0.067189 | RMSE: 0.259209 | MAE: 0.168059
============================================================
No improvement for 12 epochs
Checkpoint saved: src/trained_weights/UMambaMag_v2_STEAD_20251111_094717/model_epoch_60.pt

============================================================
Epoch 61/150
Learning Rate: 5.00e-04
============================================================

============================================================
Epoch 61 Summary:
  Train - Loss: 0.071138 | MSE: 0.071138 | RMSE: 0.266717 | MAE: 0.183677
  Val   - Loss: 0.066189 | MSE: 0.066189 | RMSE: 0.257272 | MAE: 0.168472
============================================================
No improvement for 13 epochs

============================================================
Epoch 62/150
Learning Rate: 1.00e-03
============================================================

============================================================
Epoch 62 Summary:
  Train - Loss: 0.075274 | MSE: 0.075274 | RMSE: 0.274362 | MAE: 0.189049
  Val   - Loss: 0.067456 | MSE: 0.067456 | RMSE: 0.259724 | MAE: 0.165445
============================================================
No improvement for 14 epochs

============================================================
Epoch 63/150
Learning Rate: 1.00e-03
============================================================

============================================================
Epoch 63 Summary:
  Train - Loss: 0.075298 | MSE: 0.075298 | RMSE: 0.274404 | MAE: 0.189456
  Val   - Loss: 0.066826 | MSE: 0.066826 | RMSE: 0.258507 | MAE: 0.165083
============================================================
No improvement for 15 epochs

Early stopping triggered after 15 epochs without improvement
Best validation loss: 0.064106

Final model saved: src/trained_weights/UMambaMag_v2_STEAD_20251111_094717/model_final.pt
Training history saved: src/trained_weights/UMambaMag_v2_STEAD_20251111_094717/training_history_20251111_094717.pt

============================================================
TRAINING COMPLETED
============================================================
Best validation loss: 0.064106
Best validation RMSE: 0.253192
Final train loss: 0.075298
Final val loss: 0.066826
Total Training Time: 19:20:26
============================================================
==================================================

