2025-11-18 13:05:01,862 | seisbench | WARNING | Setting remote root to: https://seisbench.gfz.de/mirror/
Please note that this can affect your download speed.
2025-11-18 13:05:11,918 | seisbench | WARNING | Output component order not specified, defaulting to 'ZNE'.
2025-11-18 13:05:17,913 | seisbench | WARNING | Skipping preload, as cache is disabled.
2025-11-18 13:05:23,014 | seisbench | WARNING | Skipping preload, as cache is disabled.
/home/quenton.yeo/code/.venv/lib/python3.11/site-packages/torch/optim/lr_scheduler.py:60: UserWarning: The verbose parameter is deprecated. Please use get_last_lr() to access the learning rate.
  warnings.warn(

==================================================
LOADING DATA
==================================================
STEAD dataset loaded: 1265657 samples

Training umamba_mag_v3 on STEAD for 150 epochs...
Model moved to cuda:2
Training UMamba V3 Magnitude Estimator model (dual-head architecture)

============================================================
TRAINING UMAMBA V3 (DUAL-HEAD ARCHITECTURE)
============================================================
Model: UMambaMag_v3_STEAD
Scalar weight: 0.7 (primary task)
Temporal weight: 0.25 (auxiliary task)
Learning rate: 0.001
Batch size: 32
Optimizer: AdamW
Weight decay: 1e-05
Gradient clip: 1.0
Warmup epochs: 5
Early stopping patience: 15
============================================================
Total parameters: 215,970
Trainable parameters: 215,970
Train samples: 1075808
Dev samples: 63283
============================================================


============================================================
Epoch 1/150
Learning Rate: 0.001000
============================================================

============================================================
Epoch 1/150 Summary
============================================================
Training   -> Loss: 0.275821 | Scalar: 0.282075 (RMSE: 0.5311) | Temporal: 0.313476 (RMSE: 0.5599)
Validation -> Loss: 0.189360 | Scalar: 0.186756 (RMSE: 0.4322) | Temporal: 0.234523 (RMSE: 0.4843)
============================================================
✓ New best model saved! Val Loss: 0.189360

============================================================
Epoch 2/150
Learning Rate: 0.000200
============================================================

============================================================
Epoch 2/150 Summary
============================================================
Training   -> Loss: 0.200527 | Scalar: 0.203364 (RMSE: 0.4510) | Temporal: 0.232689 (RMSE: 0.4824)
Validation -> Loss: 0.164420 | Scalar: 0.161982 (RMSE: 0.4025) | Temporal: 0.204130 (RMSE: 0.4518)
============================================================
✓ New best model saved! Val Loss: 0.164420

============================================================
Epoch 3/150
Learning Rate: 0.000400
============================================================

============================================================
Epoch 3/150 Summary
============================================================
Training   -> Loss: 0.177490 | Scalar: 0.179826 (RMSE: 0.4241) | Temporal: 0.206444 (RMSE: 0.4544)
Validation -> Loss: 0.150937 | Scalar: 0.148490 (RMSE: 0.3853) | Temporal: 0.187975 (RMSE: 0.4336)
============================================================
✓ New best model saved! Val Loss: 0.150937

============================================================
Epoch 4/150
Learning Rate: 0.000600
============================================================

============================================================
Epoch 4/150 Summary
============================================================
Training   -> Loss: 0.165844 | Scalar: 0.167955 (RMSE: 0.4098) | Temporal: 0.193099 (RMSE: 0.4394)
Validation -> Loss: 0.143649 | Scalar: 0.141845 (RMSE: 0.3766) | Temporal: 0.177432 (RMSE: 0.4212)
============================================================
✓ New best model saved! Val Loss: 0.143649

============================================================
Epoch 5/150
Learning Rate: 0.000800
============================================================

============================================================
Epoch 5/150 Summary
============================================================
Training   -> Loss: 0.159099 | Scalar: 0.161165 (RMSE: 0.4015) | Temporal: 0.185133 (RMSE: 0.4303)
Validation -> Loss: 0.129727 | Scalar: 0.125883 (RMSE: 0.3548) | Temporal: 0.166433 (RMSE: 0.4080)
============================================================
✓ New best model saved! Val Loss: 0.129727

============================================================
Epoch 6/150
Learning Rate: 0.001000
============================================================

============================================================
Epoch 6/150 Summary
============================================================
Training   -> Loss: 0.148749 | Scalar: 0.150156 (RMSE: 0.3875) | Temporal: 0.174560 (RMSE: 0.4178)
Validation -> Loss: 0.134031 | Scalar: 0.132901 (RMSE: 0.3646) | Temporal: 0.164002 (RMSE: 0.4050)
============================================================
No improvement for 1 epoch(s)

============================================================
Epoch 7/150
Learning Rate: 0.001000
============================================================

============================================================
Epoch 7/150 Summary
============================================================
Training   -> Loss: 0.142644 | Scalar: 0.143794 (RMSE: 0.3792) | Temporal: 0.167951 (RMSE: 0.4098)
Validation -> Loss: 0.122391 | Scalar: 0.117051 (RMSE: 0.3421) | Temporal: 0.161821 (RMSE: 0.4023)
============================================================
✓ New best model saved! Val Loss: 0.122391

============================================================
Epoch 8/150
Learning Rate: 0.001000
============================================================

============================================================
Epoch 8/150 Summary
============================================================
Training   -> Loss: 0.138990 | Scalar: 0.140222 (RMSE: 0.3745) | Temporal: 0.163340 (RMSE: 0.4042)
Validation -> Loss: 0.122095 | Scalar: 0.118099 (RMSE: 0.3437) | Temporal: 0.157704 (RMSE: 0.3971)
============================================================
✓ New best model saved! Val Loss: 0.122095

============================================================
Epoch 9/150
Learning Rate: 0.001000
============================================================

============================================================
Epoch 9/150 Summary
============================================================
Training   -> Loss: 0.135207 | Scalar: 0.136328 (RMSE: 0.3692) | Temporal: 0.159110 (RMSE: 0.3989)
Validation -> Loss: 0.124013 | Scalar: 0.120626 (RMSE: 0.3473) | Temporal: 0.158300 (RMSE: 0.3979)
============================================================
No improvement for 1 epoch(s)

============================================================
Epoch 10/150
Learning Rate: 0.001000
============================================================

============================================================
Epoch 10/150 Summary
============================================================
Training   -> Loss: 0.132733 | Scalar: 0.133779 (RMSE: 0.3658) | Temporal: 0.156351 (RMSE: 0.3954)
Validation -> Loss: 0.116263 | Scalar: 0.111798 (RMSE: 0.3344) | Temporal: 0.152020 (RMSE: 0.3899)
============================================================
✓ New best model saved! Val Loss: 0.116263

============================================================
Epoch 11/150
Learning Rate: 0.001000
============================================================

============================================================
Epoch 11/150 Summary
============================================================
Training   -> Loss: 0.130226 | Scalar: 0.131257 (RMSE: 0.3623) | Temporal: 0.153384 (RMSE: 0.3916)
Validation -> Loss: 0.116476 | Scalar: 0.111873 (RMSE: 0.3345) | Temporal: 0.152658 (RMSE: 0.3907)
============================================================
No improvement for 1 epoch(s)

============================================================
Epoch 12/150
Learning Rate: 0.001000
============================================================

============================================================
Epoch 12/150 Summary
============================================================
Training   -> Loss: 0.128265 | Scalar: 0.129235 (RMSE: 0.3595) | Temporal: 0.151201 (RMSE: 0.3888)
Validation -> Loss: 0.112408 | Scalar: 0.109438 (RMSE: 0.3308) | Temporal: 0.143207 (RMSE: 0.3784)
============================================================
✓ New best model saved! Val Loss: 0.112408

============================================================
Epoch 13/150
Learning Rate: 0.001000
============================================================

============================================================
Epoch 13/150 Summary
============================================================
Training   -> Loss: 0.127179 | Scalar: 0.128284 (RMSE: 0.3582) | Temporal: 0.149523 (RMSE: 0.3867)
Validation -> Loss: 0.121042 | Scalar: 0.117086 (RMSE: 0.3422) | Temporal: 0.156326 (RMSE: 0.3954)
============================================================
No improvement for 1 epoch(s)

============================================================
Epoch 14/150
Learning Rate: 0.001000
============================================================

============================================================
Epoch 14/150 Summary
============================================================
Training   -> Loss: 0.125941 | Scalar: 0.126876 (RMSE: 0.3562) | Temporal: 0.148509 (RMSE: 0.3854)
Validation -> Loss: 0.116514 | Scalar: 0.114168 (RMSE: 0.3379) | Temporal: 0.146386 (RMSE: 0.3826)
============================================================
No improvement for 2 epoch(s)

============================================================
Epoch 15/150
Learning Rate: 0.001000
============================================================

============================================================
Epoch 15/150 Summary
============================================================
Training   -> Loss: 0.124757 | Scalar: 0.125927 (RMSE: 0.3549) | Temporal: 0.146431 (RMSE: 0.3827)
Validation -> Loss: 0.113221 | Scalar: 0.110722 (RMSE: 0.3327) | Temporal: 0.142862 (RMSE: 0.3780)
============================================================
No improvement for 3 epoch(s)

============================================================
Epoch 16/150
Learning Rate: 0.001000
============================================================

============================================================
Epoch 16/150 Summary
============================================================
Training   -> Loss: 0.123546 | Scalar: 0.124568 (RMSE: 0.3529) | Temporal: 0.145394 (RMSE: 0.3813)
Validation -> Loss: 0.108734 | Scalar: 0.105608 (RMSE: 0.3250) | Temporal: 0.139236 (RMSE: 0.3731)
============================================================
✓ New best model saved! Val Loss: 0.108734

============================================================
Epoch 17/150
Learning Rate: 0.001000
============================================================

============================================================
Epoch 17/150 Summary
============================================================
Training   -> Loss: 0.122710 | Scalar: 0.123892 (RMSE: 0.3520) | Temporal: 0.143942 (RMSE: 0.3794)
Validation -> Loss: 0.109909 | Scalar: 0.108392 (RMSE: 0.3292) | Temporal: 0.136139 (RMSE: 0.3690)
============================================================
No improvement for 1 epoch(s)

============================================================
Epoch 18/150
Learning Rate: 0.001000
============================================================

============================================================
Epoch 18/150 Summary
============================================================
Training   -> Loss: 0.122238 | Scalar: 0.123449 (RMSE: 0.3514) | Temporal: 0.143295 (RMSE: 0.3785)
Validation -> Loss: 0.108790 | Scalar: 0.105881 (RMSE: 0.3254) | Temporal: 0.138695 (RMSE: 0.3724)
============================================================
No improvement for 2 epoch(s)

============================================================
Epoch 19/150
Learning Rate: 0.001000
============================================================

============================================================
Epoch 19/150 Summary
============================================================
Training   -> Loss: 0.121289 | Scalar: 0.122338 (RMSE: 0.3498) | Temporal: 0.142611 (RMSE: 0.3776)
Validation -> Loss: 0.109911 | Scalar: 0.107343 (RMSE: 0.3276) | Temporal: 0.139082 (RMSE: 0.3729)
============================================================
No improvement for 3 epoch(s)

============================================================
Epoch 20/150
Learning Rate: 0.001000
============================================================

============================================================
Epoch 20/150 Summary
============================================================
Training   -> Loss: 0.120823 | Scalar: 0.122043 (RMSE: 0.3493) | Temporal: 0.141570 (RMSE: 0.3763)
Validation -> Loss: 0.107096 | Scalar: 0.104431 (RMSE: 0.3232) | Temporal: 0.135976 (RMSE: 0.3687)
============================================================
✓ New best model saved! Val Loss: 0.107096

============================================================
Epoch 21/150
Learning Rate: 0.001000
============================================================

============================================================
Epoch 21/150 Summary
============================================================
Training   -> Loss: 0.119652 | Scalar: 0.120729 (RMSE: 0.3475) | Temporal: 0.140565 (RMSE: 0.3749)
Validation -> Loss: 0.103666 | Scalar: 0.099233 (RMSE: 0.3150) | Temporal: 0.136812 (RMSE: 0.3699)
============================================================
✓ New best model saved! Val Loss: 0.103666

============================================================
Epoch 22/150
Learning Rate: 0.001000
============================================================

============================================================
Epoch 22/150 Summary
============================================================
Training   -> Loss: 0.119082 | Scalar: 0.120298 (RMSE: 0.3468) | Temporal: 0.139492 (RMSE: 0.3735)
Validation -> Loss: 0.101564 | Scalar: 0.097691 (RMSE: 0.3126) | Temporal: 0.132722 (RMSE: 0.3643)
============================================================
✓ New best model saved! Val Loss: 0.101564

============================================================
Epoch 23/150
Learning Rate: 0.001000
============================================================

============================================================
Epoch 23/150 Summary
============================================================
Training   -> Loss: 0.118221 | Scalar: 0.119368 (RMSE: 0.3455) | Temporal: 0.138653 (RMSE: 0.3724)
Validation -> Loss: 0.102865 | Scalar: 0.099992 (RMSE: 0.3162) | Temporal: 0.131483 (RMSE: 0.3626)
============================================================
No improvement for 1 epoch(s)

============================================================
Epoch 24/150
Learning Rate: 0.001000
============================================================

============================================================
Epoch 24/150 Summary
============================================================
Training   -> Loss: 0.118455 | Scalar: 0.119695 (RMSE: 0.3460) | Temporal: 0.138671 (RMSE: 0.3724)
Validation -> Loss: 0.103527 | Scalar: 0.098858 (RMSE: 0.3144) | Temporal: 0.137305 (RMSE: 0.3705)
============================================================
No improvement for 2 epoch(s)

============================================================
Epoch 25/150
Learning Rate: 0.001000
============================================================

============================================================
Epoch 25/150 Summary
============================================================
Training   -> Loss: 0.117712 | Scalar: 0.119004 (RMSE: 0.3450) | Temporal: 0.137639 (RMSE: 0.3710)
Validation -> Loss: 0.105480 | Scalar: 0.101429 (RMSE: 0.3185) | Temporal: 0.137920 (RMSE: 0.3714)
============================================================
No improvement for 3 epoch(s)

============================================================
Epoch 26/150
Learning Rate: 0.001000
============================================================

============================================================
Epoch 26/150 Summary
============================================================
Training   -> Loss: 0.117455 | Scalar: 0.118653 (RMSE: 0.3445) | Temporal: 0.137594 (RMSE: 0.3709)
Validation -> Loss: 0.105813 | Scalar: 0.103386 (RMSE: 0.3215) | Temporal: 0.133771 (RMSE: 0.3657)
============================================================
No improvement for 4 epoch(s)

============================================================
Epoch 27/150
Learning Rate: 0.001000
============================================================

============================================================
Epoch 27/150 Summary
============================================================
Training   -> Loss: 0.116977 | Scalar: 0.118015 (RMSE: 0.3435) | Temporal: 0.137466 (RMSE: 0.3708)
Validation -> Loss: 0.106127 | Scalar: 0.103343 (RMSE: 0.3215) | Temporal: 0.135147 (RMSE: 0.3676)
============================================================
No improvement for 5 epoch(s)

============================================================
Epoch 28/150
Learning Rate: 0.001000
============================================================

============================================================
Epoch 28/150 Summary
============================================================
Training   -> Loss: 0.116749 | Scalar: 0.118086 (RMSE: 0.3436) | Temporal: 0.136357 (RMSE: 0.3693)
Validation -> Loss: 0.109437 | Scalar: 0.106227 (RMSE: 0.3259) | Temporal: 0.140313 (RMSE: 0.3746)
============================================================
No improvement for 6 epoch(s)

============================================================
Epoch 29/150
Learning Rate: 0.000500
============================================================

============================================================
Epoch 29/150 Summary
============================================================
Training   -> Loss: 0.107642 | Scalar: 0.108026 (RMSE: 0.3287) | Temporal: 0.128095 (RMSE: 0.3579)
Validation -> Loss: 0.094136 | Scalar: 0.090715 (RMSE: 0.3012) | Temporal: 0.122540 (RMSE: 0.3501)
============================================================
✓ New best model saved! Val Loss: 0.094136

============================================================
Epoch 30/150
Learning Rate: 0.000500
============================================================

============================================================
Epoch 30/150 Summary
============================================================
Training   -> Loss: 0.106156 | Scalar: 0.106348 (RMSE: 0.3261) | Temporal: 0.126850 (RMSE: 0.3562)
Validation -> Loss: 0.094928 | Scalar: 0.092392 (RMSE: 0.3040) | Temporal: 0.121012 (RMSE: 0.3479)
============================================================
No improvement for 1 epoch(s)

============================================================
Epoch 31/150
Learning Rate: 0.000500
============================================================

============================================================
Epoch 31/150 Summary
============================================================
Training   -> Loss: 0.105724 | Scalar: 0.105899 (RMSE: 0.3254) | Temporal: 0.126378 (RMSE: 0.3555)
Validation -> Loss: 0.092914 | Scalar: 0.088855 (RMSE: 0.2981) | Temporal: 0.122860 (RMSE: 0.3505)
============================================================
✓ New best model saved! Val Loss: 0.092914

============================================================
Epoch 32/150
Learning Rate: 0.000500
============================================================

============================================================
Epoch 32/150 Summary
============================================================
Training   -> Loss: 0.105245 | Scalar: 0.105346 (RMSE: 0.3246) | Temporal: 0.126011 (RMSE: 0.3550)
Validation -> Loss: 0.093786 | Scalar: 0.090115 (RMSE: 0.3002) | Temporal: 0.122821 (RMSE: 0.3505)
============================================================
No improvement for 1 epoch(s)

============================================================
Epoch 33/150
Learning Rate: 0.000500
============================================================

============================================================
Epoch 33/150 Summary
============================================================
Training   -> Loss: 0.104846 | Scalar: 0.104946 (RMSE: 0.3240) | Temporal: 0.125534 (RMSE: 0.3543)
Validation -> Loss: 0.094212 | Scalar: 0.090690 (RMSE: 0.3011) | Temporal: 0.122916 (RMSE: 0.3506)
============================================================
No improvement for 2 epoch(s)

============================================================
Epoch 34/150
Learning Rate: 0.000500
============================================================

============================================================
Epoch 34/150 Summary
============================================================
Training   -> Loss: 0.104621 | Scalar: 0.104673 (RMSE: 0.3235) | Temporal: 0.125399 (RMSE: 0.3541)
Validation -> Loss: 0.096256 | Scalar: 0.092866 (RMSE: 0.3047) | Temporal: 0.125002 (RMSE: 0.3536)
============================================================
No improvement for 3 epoch(s)

============================================================
Epoch 35/150
Learning Rate: 0.000500
============================================================

============================================================
Epoch 35/150 Summary
============================================================
Training   -> Loss: 0.104478 | Scalar: 0.104590 (RMSE: 0.3234) | Temporal: 0.125062 (RMSE: 0.3536)
Validation -> Loss: 0.093126 | Scalar: 0.089134 (RMSE: 0.2986) | Temporal: 0.122930 (RMSE: 0.3506)
============================================================
No improvement for 4 epoch(s)

============================================================
Epoch 36/150
Learning Rate: 0.000500
============================================================

============================================================
Epoch 36/150 Summary
============================================================
Training   -> Loss: 0.104669 | Scalar: 0.104821 (RMSE: 0.3238) | Temporal: 0.125179 (RMSE: 0.3538)
Validation -> Loss: 0.095164 | Scalar: 0.091953 (RMSE: 0.3032) | Temporal: 0.123188 (RMSE: 0.3510)
============================================================
No improvement for 5 epoch(s)

============================================================
Epoch 37/150
Learning Rate: 0.000500
============================================================

============================================================
Epoch 37/150 Summary
============================================================
Training   -> Loss: 0.103916 | Scalar: 0.103985 (RMSE: 0.3225) | Temporal: 0.124506 (RMSE: 0.3529)
Validation -> Loss: 0.094532 | Scalar: 0.091955 (RMSE: 0.3032) | Temporal: 0.120654 (RMSE: 0.3474)
============================================================
No improvement for 6 epoch(s)

============================================================
Epoch 38/150
Learning Rate: 0.000250
============================================================

============================================================
Epoch 38/150 Summary
============================================================
Training   -> Loss: 0.099140 | Scalar: 0.098678 (RMSE: 0.3141) | Temporal: 0.120264 (RMSE: 0.3468)
Validation -> Loss: 0.088961 | Scalar: 0.084926 (RMSE: 0.2914) | Temporal: 0.118052 (RMSE: 0.3436)
============================================================
✓ New best model saved! Val Loss: 0.088961

============================================================
Epoch 39/150
Learning Rate: 0.000250
============================================================

============================================================
Epoch 39/150 Summary
============================================================
Training   -> Loss: 0.098993 | Scalar: 0.098465 (RMSE: 0.3138) | Temporal: 0.120270 (RMSE: 0.3468)
Validation -> Loss: 0.088043 | Scalar: 0.084612 (RMSE: 0.2909) | Temporal: 0.115260 (RMSE: 0.3395)
============================================================
✓ New best model saved! Val Loss: 0.088043

============================================================
Epoch 40/150
Learning Rate: 0.000250
============================================================

============================================================
Epoch 40/150 Summary
============================================================
Training   -> Loss: 0.098634 | Scalar: 0.098067 (RMSE: 0.3132) | Temporal: 0.119946 (RMSE: 0.3463)
Validation -> Loss: 0.089052 | Scalar: 0.085404 (RMSE: 0.2922) | Temporal: 0.117077 (RMSE: 0.3422)
============================================================
No improvement for 1 epoch(s)

============================================================
Epoch 41/150
Learning Rate: 0.000250
============================================================

============================================================
Epoch 41/150 Summary
============================================================
Training   -> Loss: 0.098525 | Scalar: 0.097946 (RMSE: 0.3130) | Temporal: 0.119853 (RMSE: 0.3462)
Validation -> Loss: 0.088461 | Scalar: 0.084269 (RMSE: 0.2903) | Temporal: 0.117892 (RMSE: 0.3434)
============================================================
No improvement for 2 epoch(s)

============================================================
Epoch 42/150
Learning Rate: 0.000250
============================================================

============================================================
Epoch 42/150 Summary
============================================================
Training   -> Loss: 0.098088 | Scalar: 0.097559 (RMSE: 0.3123) | Temporal: 0.119185 (RMSE: 0.3452)
Validation -> Loss: 0.087805 | Scalar: 0.083287 (RMSE: 0.2886) | Temporal: 0.118017 (RMSE: 0.3435)
============================================================
✓ New best model saved! Val Loss: 0.087805

============================================================
Epoch 43/150
Learning Rate: 0.000250
============================================================

============================================================
Epoch 43/150 Summary
============================================================
Training   -> Loss: 0.097749 | Scalar: 0.097033 (RMSE: 0.3115) | Temporal: 0.119306 (RMSE: 0.3454)
Validation -> Loss: 0.088651 | Scalar: 0.084768 (RMSE: 0.2911) | Temporal: 0.117253 (RMSE: 0.3424)
============================================================
No improvement for 1 epoch(s)

============================================================
Epoch 44/150
Learning Rate: 0.000250
============================================================

============================================================
Epoch 44/150 Summary
============================================================
Training   -> Loss: 0.098002 | Scalar: 0.097533 (RMSE: 0.3123) | Temporal: 0.118917 (RMSE: 0.3448)
Validation -> Loss: 0.087202 | Scalar: 0.083485 (RMSE: 0.2889) | Temporal: 0.115051 (RMSE: 0.3392)
============================================================
✓ New best model saved! Val Loss: 0.087202

============================================================
Epoch 45/150
Learning Rate: 0.000250
============================================================

============================================================
Epoch 45/150 Summary
============================================================
Training   -> Loss: 0.097576 | Scalar: 0.096867 (RMSE: 0.3112) | Temporal: 0.119074 (RMSE: 0.3451)
Validation -> Loss: 0.088052 | Scalar: 0.083881 (RMSE: 0.2896) | Temporal: 0.117340 (RMSE: 0.3425)
============================================================
No improvement for 1 epoch(s)

============================================================
Epoch 46/150
Learning Rate: 0.000250
============================================================

============================================================
Epoch 46/150 Summary
============================================================
Training   -> Loss: 0.097165 | Scalar: 0.096522 (RMSE: 0.3107) | Temporal: 0.118396 (RMSE: 0.3441)
Validation -> Loss: 0.090069 | Scalar: 0.086889 (RMSE: 0.2948) | Temporal: 0.116985 (RMSE: 0.3420)
============================================================
No improvement for 2 epoch(s)

============================================================
Epoch 47/150
Learning Rate: 0.000250
============================================================

============================================================
Epoch 47/150 Summary
============================================================
Training   -> Loss: 0.097355 | Scalar: 0.096796 (RMSE: 0.3111) | Temporal: 0.118393 (RMSE: 0.3441)
Validation -> Loss: 0.088191 | Scalar: 0.084443 (RMSE: 0.2906) | Temporal: 0.116323 (RMSE: 0.3411)
============================================================
No improvement for 3 epoch(s)

============================================================
Epoch 48/150
Learning Rate: 0.000250
============================================================

============================================================
Epoch 48/150 Summary
============================================================
Training   -> Loss: 0.097594 | Scalar: 0.097017 (RMSE: 0.3115) | Temporal: 0.118729 (RMSE: 0.3446)
Validation -> Loss: 0.088831 | Scalar: 0.084461 (RMSE: 0.2906) | Temporal: 0.118833 (RMSE: 0.3447)
============================================================
No improvement for 4 epoch(s)

============================================================
Epoch 49/150
Learning Rate: 0.000250
============================================================

============================================================
Epoch 49/150 Summary
============================================================
Training   -> Loss: 0.097220 | Scalar: 0.096429 (RMSE: 0.3105) | Temporal: 0.118880 (RMSE: 0.3448)
Validation -> Loss: 0.087723 | Scalar: 0.083408 (RMSE: 0.2888) | Temporal: 0.117350 (RMSE: 0.3426)
============================================================
No improvement for 5 epoch(s)

============================================================
Epoch 50/150
Learning Rate: 0.000250
============================================================

============================================================
Epoch 50/150 Summary
============================================================
Training   -> Loss: 0.097357 | Scalar: 0.096693 (RMSE: 0.3110) | Temporal: 0.118690 (RMSE: 0.3445)
Validation -> Loss: 0.087463 | Scalar: 0.083870 (RMSE: 0.2896) | Temporal: 0.115014 (RMSE: 0.3391)
============================================================
No improvement for 6 epoch(s)

============================================================
Epoch 51/150
Learning Rate: 0.000125
============================================================

============================================================
Epoch 51/150 Summary
============================================================
Training   -> Loss: 0.095127 | Scalar: 0.094264 (RMSE: 0.3070) | Temporal: 0.116570 (RMSE: 0.3414)
Validation -> Loss: 0.086510 | Scalar: 0.082700 (RMSE: 0.2876) | Temporal: 0.114478 (RMSE: 0.3383)
============================================================
✓ New best model saved! Val Loss: 0.086510

============================================================
Epoch 52/150
Learning Rate: 0.000125
============================================================

============================================================
Epoch 52/150 Summary
============================================================
Training   -> Loss: 0.094704 | Scalar: 0.093809 (RMSE: 0.3063) | Temporal: 0.116151 (RMSE: 0.3408)
Validation -> Loss: 0.085625 | Scalar: 0.081495 (RMSE: 0.2855) | Temporal: 0.114317 (RMSE: 0.3381)
============================================================
✓ New best model saved! Val Loss: 0.085625

============================================================
Epoch 53/150
Learning Rate: 0.000125
============================================================

============================================================
Epoch 53/150 Summary
============================================================
Training   -> Loss: 0.094478 | Scalar: 0.093525 (RMSE: 0.3058) | Temporal: 0.116043 (RMSE: 0.3407)
Validation -> Loss: 0.086787 | Scalar: 0.082146 (RMSE: 0.2866) | Temporal: 0.117139 (RMSE: 0.3423)
============================================================
No improvement for 1 epoch(s)

============================================================
Epoch 54/150
Learning Rate: 0.000125
============================================================

============================================================
Epoch 54/150 Summary
============================================================
Training   -> Loss: 0.094115 | Scalar: 0.093080 (RMSE: 0.3051) | Temporal: 0.115836 (RMSE: 0.3403)
Validation -> Loss: 0.086069 | Scalar: 0.082153 (RMSE: 0.2866) | Temporal: 0.114250 (RMSE: 0.3380)
============================================================
No improvement for 2 epoch(s)

============================================================
Epoch 55/150
Learning Rate: 0.000125
============================================================

============================================================
Epoch 55/150 Summary
============================================================
Training   -> Loss: 0.094143 | Scalar: 0.093182 (RMSE: 0.3053) | Temporal: 0.115665 (RMSE: 0.3401)
Validation -> Loss: 0.085564 | Scalar: 0.081714 (RMSE: 0.2859) | Temporal: 0.113455 (RMSE: 0.3368)
============================================================
✓ New best model saved! Val Loss: 0.085564

============================================================
Epoch 56/150
Learning Rate: 0.000125
============================================================

============================================================
Epoch 56/150 Summary
============================================================
Training   -> Loss: 0.094114 | Scalar: 0.093120 (RMSE: 0.3052) | Temporal: 0.115721 (RMSE: 0.3402)
Validation -> Loss: 0.085948 | Scalar: 0.081732 (RMSE: 0.2859) | Temporal: 0.114945 (RMSE: 0.3390)
============================================================
No improvement for 1 epoch(s)

============================================================
Epoch 57/150
Learning Rate: 0.000125
============================================================

============================================================
Epoch 57/150 Summary
============================================================
Training   -> Loss: 0.094116 | Scalar: 0.093150 (RMSE: 0.3052) | Temporal: 0.115641 (RMSE: 0.3401)
Validation -> Loss: 0.086558 | Scalar: 0.082137 (RMSE: 0.2866) | Temporal: 0.116247 (RMSE: 0.3410)
============================================================
No improvement for 2 epoch(s)

============================================================
Epoch 58/150
Learning Rate: 0.000125
============================================================

============================================================
Epoch 58/150 Summary
============================================================
Training   -> Loss: 0.094283 | Scalar: 0.093410 (RMSE: 0.3056) | Temporal: 0.115585 (RMSE: 0.3400)
Validation -> Loss: 0.085873 | Scalar: 0.082277 (RMSE: 0.2868) | Temporal: 0.113116 (RMSE: 0.3363)
============================================================
No improvement for 3 epoch(s)

============================================================
Epoch 59/150
Learning Rate: 0.000125
============================================================

============================================================
Epoch 59/150 Summary
============================================================
Training   -> Loss: 0.093610 | Scalar: 0.092635 (RMSE: 0.3044) | Temporal: 0.115064 (RMSE: 0.3392)
Validation -> Loss: 0.084908 | Scalar: 0.080715 (RMSE: 0.2841) | Temporal: 0.113630 (RMSE: 0.3371)
============================================================
✓ New best model saved! Val Loss: 0.084908

============================================================
Epoch 60/150
Learning Rate: 0.000125
============================================================

============================================================
Epoch 60/150 Summary
============================================================
Training   -> Loss: 0.093731 | Scalar: 0.092738 (RMSE: 0.3045) | Temporal: 0.115256 (RMSE: 0.3395)
Validation -> Loss: 0.086329 | Scalar: 0.082584 (RMSE: 0.2874) | Temporal: 0.114083 (RMSE: 0.3378)
============================================================
No improvement for 1 epoch(s)

============================================================
Epoch 61/150
Learning Rate: 0.000125
============================================================

============================================================
Epoch 61/150 Summary
============================================================
Training   -> Loss: 0.093568 | Scalar: 0.092639 (RMSE: 0.3044) | Temporal: 0.114881 (RMSE: 0.3389)
Validation -> Loss: 0.085519 | Scalar: 0.081279 (RMSE: 0.2851) | Temporal: 0.114496 (RMSE: 0.3384)
============================================================
No improvement for 2 epoch(s)

============================================================
Epoch 62/150
Learning Rate: 0.000125
============================================================

============================================================
Epoch 62/150 Summary
============================================================
Training   -> Loss: 0.093432 | Scalar: 0.092325 (RMSE: 0.3039) | Temporal: 0.115217 (RMSE: 0.3394)
Validation -> Loss: 0.085248 | Scalar: 0.080936 (RMSE: 0.2845) | Temporal: 0.114374 (RMSE: 0.3382)
============================================================
No improvement for 3 epoch(s)

============================================================
Epoch 63/150
Learning Rate: 0.000125
============================================================

============================================================
Epoch 63/150 Summary
============================================================
Training   -> Loss: 0.093451 | Scalar: 0.092451 (RMSE: 0.3041) | Temporal: 0.114942 (RMSE: 0.3390)
Validation -> Loss: 0.085836 | Scalar: 0.081516 (RMSE: 0.2855) | Temporal: 0.115101 (RMSE: 0.3393)
============================================================
No improvement for 4 epoch(s)

============================================================
Epoch 64/150
Learning Rate: 0.000125
============================================================

============================================================
Epoch 64/150 Summary
============================================================
Training   -> Loss: 0.093575 | Scalar: 0.092611 (RMSE: 0.3043) | Temporal: 0.114989 (RMSE: 0.3391)
Validation -> Loss: 0.083641 | Scalar: 0.079194 (RMSE: 0.2814) | Temporal: 0.112822 (RMSE: 0.3359)
============================================================
✓ New best model saved! Val Loss: 0.083641

============================================================
Epoch 65/150
Learning Rate: 0.000125
============================================================

============================================================
Epoch 65/150 Summary
============================================================
Training   -> Loss: 0.093275 | Scalar: 0.092173 (RMSE: 0.3036) | Temporal: 0.115015 (RMSE: 0.3391)
Validation -> Loss: 0.084462 | Scalar: 0.080444 (RMSE: 0.2836) | Temporal: 0.112604 (RMSE: 0.3356)
============================================================
No improvement for 1 epoch(s)

============================================================
Epoch 66/150
Learning Rate: 0.000125
============================================================

============================================================
Epoch 66/150 Summary
============================================================
Training   -> Loss: 0.093265 | Scalar: 0.092129 (RMSE: 0.3035) | Temporal: 0.115100 (RMSE: 0.3393)
Validation -> Loss: 0.085009 | Scalar: 0.080903 (RMSE: 0.2844) | Temporal: 0.113508 (RMSE: 0.3369)
============================================================
No improvement for 2 epoch(s)

============================================================
Epoch 67/150
Learning Rate: 0.000125
============================================================

============================================================
Epoch 67/150 Summary
============================================================
Training   -> Loss: 0.093633 | Scalar: 0.092699 (RMSE: 0.3045) | Temporal: 0.114974 (RMSE: 0.3391)
Validation -> Loss: 0.083987 | Scalar: 0.079503 (RMSE: 0.2820) | Temporal: 0.113337 (RMSE: 0.3367)
============================================================
No improvement for 3 epoch(s)

============================================================
Epoch 68/150
Learning Rate: 0.000125
============================================================

============================================================
Epoch 68/150 Summary
============================================================
Training   -> Loss: 0.093034 | Scalar: 0.092014 (RMSE: 0.3033) | Temporal: 0.114497 (RMSE: 0.3384)
Validation -> Loss: 0.084553 | Scalar: 0.080453 (RMSE: 0.2836) | Temporal: 0.112944 (RMSE: 0.3361)
============================================================
No improvement for 4 epoch(s)

============================================================
Epoch 69/150
Learning Rate: 0.000125
============================================================

============================================================
Epoch 69/150 Summary
============================================================
Training   -> Loss: 0.093538 | Scalar: 0.092460 (RMSE: 0.3041) | Temporal: 0.115265 (RMSE: 0.3395)
Validation -> Loss: 0.085399 | Scalar: 0.081664 (RMSE: 0.2858) | Temporal: 0.112936 (RMSE: 0.3361)
============================================================
No improvement for 5 epoch(s)

============================================================
Epoch 70/150
Learning Rate: 0.000125
============================================================

============================================================
Epoch 70/150 Summary
============================================================
Training   -> Loss: 0.093214 | Scalar: 0.092009 (RMSE: 0.3033) | Temporal: 0.115229 (RMSE: 0.3395)
Validation -> Loss: 0.084337 | Scalar: 0.079706 (RMSE: 0.2823) | Temporal: 0.114171 (RMSE: 0.3379)
============================================================
No improvement for 6 epoch(s)

============================================================
Epoch 71/150
Learning Rate: 0.000063
============================================================

============================================================
Epoch 71/150 Summary
============================================================
Training   -> Loss: 0.092303 | Scalar: 0.091139 (RMSE: 0.3019) | Temporal: 0.114025 (RMSE: 0.3377)
Validation -> Loss: 0.082963 | Scalar: 0.078312 (RMSE: 0.2798) | Temporal: 0.112580 (RMSE: 0.3355)
============================================================
✓ New best model saved! Val Loss: 0.082963

============================================================
Epoch 72/150
Learning Rate: 0.000063
============================================================

============================================================
Epoch 72/150 Summary
============================================================
Training   -> Loss: 0.091580 | Scalar: 0.090243 (RMSE: 0.3004) | Temporal: 0.113640 (RMSE: 0.3371)
Validation -> Loss: 0.083293 | Scalar: 0.078790 (RMSE: 0.2807) | Temporal: 0.112558 (RMSE: 0.3355)
============================================================
No improvement for 1 epoch(s)

============================================================
Epoch 73/150
Learning Rate: 0.000063
============================================================

============================================================
Epoch 73/150 Summary
============================================================
Training   -> Loss: 0.092121 | Scalar: 0.090926 (RMSE: 0.3015) | Temporal: 0.113890 (RMSE: 0.3375)
Validation -> Loss: 0.083707 | Scalar: 0.079741 (RMSE: 0.2824) | Temporal: 0.111556 (RMSE: 0.3340)
============================================================
No improvement for 2 epoch(s)

============================================================
Epoch 74/150
Learning Rate: 0.000063
============================================================

============================================================
Epoch 74/150 Summary
============================================================
Training   -> Loss: 0.091387 | Scalar: 0.090073 (RMSE: 0.3001) | Temporal: 0.113342 (RMSE: 0.3367)
Validation -> Loss: 0.082524 | Scalar: 0.078204 (RMSE: 0.2796) | Temporal: 0.111127 (RMSE: 0.3334)
============================================================
✓ New best model saved! Val Loss: 0.082524

============================================================
Epoch 75/150
Learning Rate: 0.000063
============================================================

============================================================
Epoch 75/150 Summary
============================================================
Training   -> Loss: 0.091579 | Scalar: 0.090296 (RMSE: 0.3005) | Temporal: 0.113489 (RMSE: 0.3369)
Validation -> Loss: 0.082282 | Scalar: 0.077749 (RMSE: 0.2788) | Temporal: 0.111433 (RMSE: 0.3338)
============================================================
✓ New best model saved! Val Loss: 0.082282

============================================================
Epoch 76/150
Learning Rate: 0.000063
============================================================

============================================================
Epoch 76/150 Summary
============================================================
Training   -> Loss: 0.091342 | Scalar: 0.090113 (RMSE: 0.3002) | Temporal: 0.113053 (RMSE: 0.3362)
Validation -> Loss: 0.083322 | Scalar: 0.079011 (RMSE: 0.2811) | Temporal: 0.112057 (RMSE: 0.3347)
============================================================
No improvement for 1 epoch(s)

============================================================
Epoch 77/150
Learning Rate: 0.000063
============================================================

============================================================
Epoch 77/150 Summary
============================================================
Training   -> Loss: 0.091766 | Scalar: 0.090492 (RMSE: 0.3008) | Temporal: 0.113686 (RMSE: 0.3372)
Validation -> Loss: 0.083339 | Scalar: 0.078919 (RMSE: 0.2809) | Temporal: 0.112384 (RMSE: 0.3352)
============================================================
No improvement for 2 epoch(s)

============================================================
Epoch 78/150
Learning Rate: 0.000063
============================================================

============================================================
Epoch 78/150 Summary
============================================================
Training   -> Loss: 0.091491 | Scalar: 0.090249 (RMSE: 0.3004) | Temporal: 0.113266 (RMSE: 0.3365)
Validation -> Loss: 0.084903 | Scalar: 0.080962 (RMSE: 0.2845) | Temporal: 0.112920 (RMSE: 0.3360)
============================================================
No improvement for 3 epoch(s)

============================================================
Epoch 79/150
Learning Rate: 0.000063
============================================================

============================================================
Epoch 79/150 Summary
============================================================
Training   -> Loss: 0.091663 | Scalar: 0.090509 (RMSE: 0.3008) | Temporal: 0.113226 (RMSE: 0.3365)
Validation -> Loss: 0.083982 | Scalar: 0.079787 (RMSE: 0.2825) | Temporal: 0.112525 (RMSE: 0.3354)
============================================================
No improvement for 4 epoch(s)

============================================================
Epoch 80/150
Learning Rate: 0.000063
============================================================

============================================================
Epoch 80/150 Summary
============================================================
Training   -> Loss: 0.091536 | Scalar: 0.090116 (RMSE: 0.3002) | Temporal: 0.113821 (RMSE: 0.3374)
Validation -> Loss: 0.083658 | Scalar: 0.079455 (RMSE: 0.2819) | Temporal: 0.112158 (RMSE: 0.3349)
============================================================
No improvement for 5 epoch(s)

============================================================
Epoch 81/150
Learning Rate: 0.000063
============================================================

============================================================
Epoch 81/150 Summary
============================================================
Training   -> Loss: 0.091725 | Scalar: 0.090475 (RMSE: 0.3008) | Temporal: 0.113570 (RMSE: 0.3370)
Validation -> Loss: 0.082747 | Scalar: 0.078133 (RMSE: 0.2795) | Temporal: 0.112213 (RMSE: 0.3350)
============================================================
No improvement for 6 epoch(s)

============================================================
Epoch 82/150
Learning Rate: 0.000031
============================================================

============================================================
Epoch 82/150 Summary
============================================================
Training   -> Loss: 0.090641 | Scalar: 0.089339 (RMSE: 0.2989) | Temporal: 0.112416 (RMSE: 0.3353)
Validation -> Loss: 0.082110 | Scalar: 0.077594 (RMSE: 0.2786) | Temporal: 0.111179 (RMSE: 0.3334)
============================================================
✓ New best model saved! Val Loss: 0.082110

============================================================
Epoch 83/150
Learning Rate: 0.000031
============================================================

============================================================
Epoch 83/150 Summary
============================================================
Training   -> Loss: 0.090455 | Scalar: 0.089048 (RMSE: 0.2984) | Temporal: 0.112486 (RMSE: 0.3354)
Validation -> Loss: 0.081635 | Scalar: 0.077336 (RMSE: 0.2781) | Temporal: 0.109999 (RMSE: 0.3317)
============================================================
✓ New best model saved! Val Loss: 0.081635

============================================================
Epoch 84/150
Learning Rate: 0.000031
============================================================

============================================================
Epoch 84/150 Summary
============================================================
Training   -> Loss: 0.090383 | Scalar: 0.088958 (RMSE: 0.2983) | Temporal: 0.112450 (RMSE: 0.3353)
Validation -> Loss: 0.082176 | Scalar: 0.077910 (RMSE: 0.2791) | Temporal: 0.110557 (RMSE: 0.3325)
============================================================
No improvement for 1 epoch(s)

============================================================
Epoch 85/150
Learning Rate: 0.000031
============================================================

============================================================
Epoch 85/150 Summary
============================================================
Training   -> Loss: 0.090686 | Scalar: 0.089198 (RMSE: 0.2987) | Temporal: 0.112988 (RMSE: 0.3361)
Validation -> Loss: 0.082043 | Scalar: 0.077427 (RMSE: 0.2783) | Temporal: 0.111377 (RMSE: 0.3337)
============================================================
No improvement for 2 epoch(s)

============================================================
Epoch 86/150
Learning Rate: 0.000031
============================================================

============================================================
Epoch 86/150 Summary
============================================================
Training   -> Loss: 0.090879 | Scalar: 0.089466 (RMSE: 0.2991) | Temporal: 0.113011 (RMSE: 0.3362)
Validation -> Loss: 0.083752 | Scalar: 0.079464 (RMSE: 0.2819) | Temporal: 0.112510 (RMSE: 0.3354)
============================================================
No improvement for 3 epoch(s)

============================================================
Epoch 87/150
Learning Rate: 0.000031
============================================================

============================================================
Epoch 87/150 Summary
============================================================
Training   -> Loss: 0.090311 | Scalar: 0.088828 (RMSE: 0.2980) | Temporal: 0.112527 (RMSE: 0.3355)
Validation -> Loss: 0.083089 | Scalar: 0.078959 (RMSE: 0.2810) | Temporal: 0.111273 (RMSE: 0.3336)
============================================================
No improvement for 4 epoch(s)

============================================================
Epoch 88/150
Learning Rate: 0.000031
============================================================

============================================================
Epoch 88/150 Summary
============================================================
Training   -> Loss: 0.090696 | Scalar: 0.089336 (RMSE: 0.2989) | Temporal: 0.112642 (RMSE: 0.3356)
Validation -> Loss: 0.082192 | Scalar: 0.077773 (RMSE: 0.2789) | Temporal: 0.111005 (RMSE: 0.3332)
============================================================
No improvement for 5 epoch(s)

============================================================
Epoch 89/150
Learning Rate: 0.000031
============================================================

============================================================
Epoch 89/150 Summary
============================================================
Training   -> Loss: 0.090401 | Scalar: 0.088991 (RMSE: 0.2983) | Temporal: 0.112429 (RMSE: 0.3353)
Validation -> Loss: 0.082562 | Scalar: 0.077915 (RMSE: 0.2791) | Temporal: 0.112088 (RMSE: 0.3348)
============================================================
No improvement for 6 epoch(s)

============================================================
Epoch 90/150
Learning Rate: 0.000016
============================================================

============================================================
Epoch 90/150 Summary
============================================================
Training   -> Loss: 0.090106 | Scalar: 0.088568 (RMSE: 0.2976) | Temporal: 0.112435 (RMSE: 0.3353)
Validation -> Loss: 0.083082 | Scalar: 0.078684 (RMSE: 0.2805) | Temporal: 0.112012 (RMSE: 0.3347)
============================================================
No improvement for 7 epoch(s)

============================================================
Epoch 91/150
Learning Rate: 0.000016
============================================================

============================================================
Epoch 91/150 Summary
============================================================
Training   -> Loss: 0.090386 | Scalar: 0.089048 (RMSE: 0.2984) | Temporal: 0.112210 (RMSE: 0.3350)
Validation -> Loss: 0.082378 | Scalar: 0.078042 (RMSE: 0.2794) | Temporal: 0.110994 (RMSE: 0.3332)
============================================================
No improvement for 8 epoch(s)

============================================================
Epoch 92/150
Learning Rate: 0.000016
============================================================

============================================================
Epoch 92/150 Summary
============================================================
Training   -> Loss: 0.089979 | Scalar: 0.088528 (RMSE: 0.2975) | Temporal: 0.112037 (RMSE: 0.3347)
Validation -> Loss: 0.083266 | Scalar: 0.078966 (RMSE: 0.2810) | Temporal: 0.111958 (RMSE: 0.3346)
============================================================
No improvement for 9 epoch(s)

============================================================
Epoch 93/150
Learning Rate: 0.000016
============================================================

============================================================
Epoch 93/150 Summary
============================================================
Training   -> Loss: 0.090033 | Scalar: 0.088645 (RMSE: 0.2977) | Temporal: 0.111925 (RMSE: 0.3346)
Validation -> Loss: 0.082022 | Scalar: 0.077897 (RMSE: 0.2791) | Temporal: 0.109976 (RMSE: 0.3316)
============================================================
No improvement for 10 epoch(s)

============================================================
Epoch 94/150
Learning Rate: 0.000016
============================================================

============================================================
Epoch 94/150 Summary
============================================================
Training   -> Loss: 0.089884 | Scalar: 0.088292 (RMSE: 0.2971) | Temporal: 0.112319 (RMSE: 0.3351)
Validation -> Loss: 0.082150 | Scalar: 0.077660 (RMSE: 0.2787) | Temporal: 0.111153 (RMSE: 0.3334)
============================================================
No improvement for 11 epoch(s)

============================================================
Epoch 95/150
Learning Rate: 0.000016
============================================================

============================================================
Epoch 95/150 Summary
============================================================
Training   -> Loss: 0.090139 | Scalar: 0.088693 (RMSE: 0.2978) | Temporal: 0.112216 (RMSE: 0.3350)
Validation -> Loss: 0.082422 | Scalar: 0.077735 (RMSE: 0.2788) | Temporal: 0.112030 (RMSE: 0.3347)
============================================================
No improvement for 12 epoch(s)

============================================================
Epoch 96/150
Learning Rate: 0.000008
============================================================

============================================================
Epoch 96/150 Summary
============================================================
Training   -> Loss: 0.090053 | Scalar: 0.088539 (RMSE: 0.2976) | Temporal: 0.112303 (RMSE: 0.3351)
Validation -> Loss: 0.083047 | Scalar: 0.079066 (RMSE: 0.2812) | Temporal: 0.110805 (RMSE: 0.3329)
============================================================
No improvement for 13 epoch(s)

============================================================
Epoch 97/150
Learning Rate: 0.000008
============================================================

============================================================
Epoch 97/150 Summary
============================================================
Training   -> Loss: 0.089913 | Scalar: 0.088415 (RMSE: 0.2973) | Temporal: 0.112090 (RMSE: 0.3348)
Validation -> Loss: 0.082447 | Scalar: 0.077838 (RMSE: 0.2790) | Temporal: 0.111843 (RMSE: 0.3344)
============================================================
No improvement for 14 epoch(s)

============================================================
Epoch 98/150
Learning Rate: 0.000008
============================================================

============================================================
Epoch 98/150 Summary
============================================================
Training   -> Loss: 0.090053 | Scalar: 0.088538 (RMSE: 0.2976) | Temporal: 0.112307 (RMSE: 0.3351)
Validation -> Loss: 0.083361 | Scalar: 0.078892 (RMSE: 0.2809) | Temporal: 0.112548 (RMSE: 0.3355)
============================================================
No improvement for 15 epoch(s)

Early stopping triggered after 15 epochs without improvement
Best validation loss: 0.081635

============================================================
TRAINING COMPLETED
============================================================
Best validation loss: 0.081635
Best validation RMSE: 0.285718
Final train loss: 0.090053
Final val loss: 0.083361
Total Training Time: 17:01:12
Models saved to: src/trained_weights/UMambaMag_v3_STEAD_20251118_130512
============================================================

==================================================

