2025-11-05 13:14:59,743 | seisbench | WARNING | Setting remote root to: https://seisbench.gfz.de/mirror/
Please note that this can affect your download speed.
2025-11-05 13:15:09,550 | seisbench | WARNING | Output component order not specified, defaulting to 'ZNE'.
2025-11-05 13:15:15,414 | seisbench | WARNING | Skipping preload, as cache is disabled.
2025-11-05 13:15:20,383 | seisbench | WARNING | Skipping preload, as cache is disabled.
/home/quenton.yeo/code/.venv/lib/python3.11/site-packages/torch/optim/lr_scheduler.py:60: UserWarning: The verbose parameter is deprecated. Please use get_last_lr() to access the learning rate.
  warnings.warn(

==================================================
LOADING DATA
==================================================
STEAD dataset loaded: 1265657 samples

Training umamba_mag_v2 on STEAD for 150 epochs...
Model moved to cuda:1
Training UMamba V2 Magnitude Estimator model (encoder-only with pooling)

============================================================
TRAINING UMAMBAMAG V2 (ENCODER-ONLY WITH POOLING)
============================================================
Model: UMambaMag_v2_STEAD
Dataset: STEAD
Batch size: 32
Learning rate: 0.001
Epochs: 150
Warmup epochs: 5
============================================================
Model is on device: cuda:1
Total parameters: 114,673
Trainable parameters: 114,673

Loading data...
Train batches: 33619
Dev batches: 1978

Saving models to: src/trained_weights/UMambaMag_v2_STEAD_20251105_131520


============================================================
Epoch 1/150
Learning Rate: 1.00e-04
============================================================

============================================================
Epoch 1 Summary:
  Train - Loss: 0.283887 | MSE: 0.283887 | RMSE: 0.532811 | MAE: 0.366747
  Val   - Loss: 0.186235 | MSE: 0.186235 | RMSE: 0.431549 | MAE: 0.296106
============================================================

✓ New best model saved! Val Loss: 0.186235

============================================================
Epoch 2/150
Learning Rate: 2.80e-04
============================================================

============================================================
Epoch 2 Summary:
  Train - Loss: 0.189880 | MSE: 0.189880 | RMSE: 0.435753 | MAE: 0.300364
  Val   - Loss: 0.145260 | MSE: 0.145260 | RMSE: 0.381130 | MAE: 0.261623
============================================================

✓ New best model saved! Val Loss: 0.145260

============================================================
Epoch 3/150
Learning Rate: 4.60e-04
============================================================

============================================================
Epoch 3 Summary:
  Train - Loss: 0.158631 | MSE: 0.158631 | RMSE: 0.398285 | MAE: 0.275729
  Val   - Loss: 0.128098 | MSE: 0.128098 | RMSE: 0.357908 | MAE: 0.239929
============================================================

✓ New best model saved! Val Loss: 0.128098

============================================================
Epoch 4/150
Learning Rate: 6.40e-04
============================================================

============================================================
Epoch 4 Summary:
  Train - Loss: 0.143110 | MSE: 0.143110 | RMSE: 0.378299 | MAE: 0.261734
  Val   - Loss: 0.118984 | MSE: 0.118984 | RMSE: 0.344940 | MAE: 0.224692
============================================================

✓ New best model saved! Val Loss: 0.118984

============================================================
Epoch 5/150
Learning Rate: 8.20e-04
============================================================

============================================================
Epoch 5 Summary:
  Train - Loss: 0.133948 | MSE: 0.133948 | RMSE: 0.365989 | MAE: 0.253140
  Val   - Loss: 0.115519 | MSE: 0.115519 | RMSE: 0.339882 | MAE: 0.226708
============================================================

✓ New best model saved! Val Loss: 0.115519
Checkpoint saved: src/trained_weights/UMambaMag_v2_STEAD_20251105_131520/model_epoch_5.pt

============================================================
Epoch 6/150
Learning Rate: 1.00e-03
============================================================

============================================================
Epoch 6 Summary:
  Train - Loss: 0.128000 | MSE: 0.128000 | RMSE: 0.357771 | MAE: 0.247688
  Val   - Loss: 0.107258 | MSE: 0.107258 | RMSE: 0.327503 | MAE: 0.220712
============================================================

✓ New best model saved! Val Loss: 0.107258

============================================================
Epoch 7/150
Learning Rate: 1.00e-03
============================================================

============================================================
Epoch 7 Summary:
  Train - Loss: 0.121078 | MSE: 0.121078 | RMSE: 0.347963 | MAE: 0.240889
  Val   - Loss: 0.101535 | MSE: 0.101535 | RMSE: 0.318646 | MAE: 0.212014
============================================================

✓ New best model saved! Val Loss: 0.101535

============================================================
Epoch 8/150
Learning Rate: 1.00e-03
============================================================

============================================================
Epoch 8 Summary:
  Train - Loss: 0.116386 | MSE: 0.116386 | RMSE: 0.341154 | MAE: 0.236029
  Val   - Loss: 0.095464 | MSE: 0.095464 | RMSE: 0.308972 | MAE: 0.204982
============================================================

✓ New best model saved! Val Loss: 0.095464

============================================================
Epoch 9/150
Learning Rate: 1.00e-03
============================================================

============================================================
Epoch 9 Summary:
  Train - Loss: 0.112564 | MSE: 0.112564 | RMSE: 0.335505 | MAE: 0.231782
  Val   - Loss: 0.096676 | MSE: 0.096676 | RMSE: 0.310927 | MAE: 0.203967
============================================================
No improvement for 1 epochs

============================================================
Epoch 10/150
Learning Rate: 1.00e-03
============================================================

============================================================
Epoch 10 Summary:
  Train - Loss: 0.110025 | MSE: 0.110025 | RMSE: 0.331701 | MAE: 0.228865
  Val   - Loss: 0.099220 | MSE: 0.099220 | RMSE: 0.314993 | MAE: 0.207137
============================================================
No improvement for 2 epochs
Checkpoint saved: src/trained_weights/UMambaMag_v2_STEAD_20251105_131520/model_epoch_10.pt

============================================================
Epoch 11/150
Learning Rate: 1.00e-03
============================================================

============================================================
Epoch 11 Summary:
  Train - Loss: 0.107536 | MSE: 0.107536 | RMSE: 0.327926 | MAE: 0.226310
  Val   - Loss: 0.095860 | MSE: 0.095860 | RMSE: 0.309613 | MAE: 0.203755
============================================================
No improvement for 3 epochs

============================================================
Epoch 12/150
Learning Rate: 1.00e-03
============================================================

============================================================
Epoch 12 Summary:
  Train - Loss: 0.105746 | MSE: 0.105746 | RMSE: 0.325186 | MAE: 0.224365
  Val   - Loss: 0.093268 | MSE: 0.093268 | RMSE: 0.305397 | MAE: 0.199170
============================================================

✓ New best model saved! Val Loss: 0.093268

============================================================
Epoch 13/150
Learning Rate: 1.00e-03
============================================================

============================================================
Epoch 13 Summary:
  Train - Loss: 0.104429 | MSE: 0.104429 | RMSE: 0.323155 | MAE: 0.223021
  Val   - Loss: 0.088771 | MSE: 0.088771 | RMSE: 0.297945 | MAE: 0.199948
============================================================

✓ New best model saved! Val Loss: 0.088771

============================================================
Epoch 14/150
Learning Rate: 1.00e-03
============================================================

============================================================
Epoch 14 Summary:
  Train - Loss: 0.102831 | MSE: 0.102831 | RMSE: 0.320673 | MAE: 0.221062
  Val   - Loss: 0.091983 | MSE: 0.091983 | RMSE: 0.303288 | MAE: 0.203206
============================================================
No improvement for 1 epochs

============================================================
Epoch 15/150
Learning Rate: 1.00e-03
============================================================

============================================================
Epoch 15 Summary:
  Train - Loss: 0.101646 | MSE: 0.101646 | RMSE: 0.318819 | MAE: 0.219704
  Val   - Loss: 0.087608 | MSE: 0.087608 | RMSE: 0.295987 | MAE: 0.194135
============================================================

✓ New best model saved! Val Loss: 0.087608
Checkpoint saved: src/trained_weights/UMambaMag_v2_STEAD_20251105_131520/model_epoch_15.pt

============================================================
Epoch 16/150
Learning Rate: 1.00e-03
============================================================

============================================================
Epoch 16 Summary:
  Train - Loss: 0.100597 | MSE: 0.100597 | RMSE: 0.317170 | MAE: 0.218606
  Val   - Loss: 0.084923 | MSE: 0.084923 | RMSE: 0.291416 | MAE: 0.190688
============================================================

✓ New best model saved! Val Loss: 0.084923

============================================================
Epoch 17/150
Learning Rate: 1.00e-03
============================================================

============================================================
Epoch 17 Summary:
  Train - Loss: 0.099503 | MSE: 0.099503 | RMSE: 0.315441 | MAE: 0.217751
  Val   - Loss: 0.089577 | MSE: 0.089577 | RMSE: 0.299295 | MAE: 0.201101
============================================================
No improvement for 1 epochs

============================================================
Epoch 18/150
Learning Rate: 1.00e-03
============================================================

============================================================
Epoch 18 Summary:
  Train - Loss: 0.099069 | MSE: 0.099069 | RMSE: 0.314752 | MAE: 0.216818
  Val   - Loss: 0.086229 | MSE: 0.086229 | RMSE: 0.293647 | MAE: 0.188615
============================================================
No improvement for 2 epochs

============================================================
Epoch 19/150
Learning Rate: 1.00e-03
============================================================

============================================================
Epoch 19 Summary:
  Train - Loss: 0.098168 | MSE: 0.098168 | RMSE: 0.313318 | MAE: 0.215811
  Val   - Loss: 0.085432 | MSE: 0.085432 | RMSE: 0.292287 | MAE: 0.190034
============================================================
No improvement for 3 epochs

============================================================
Epoch 20/150
Learning Rate: 1.00e-03
============================================================

============================================================
Epoch 20 Summary:
  Train - Loss: 0.097476 | MSE: 0.097476 | RMSE: 0.312211 | MAE: 0.215227
  Val   - Loss: 0.090477 | MSE: 0.090477 | RMSE: 0.300795 | MAE: 0.193018
============================================================
No improvement for 4 epochs
Checkpoint saved: src/trained_weights/UMambaMag_v2_STEAD_20251105_131520/model_epoch_20.pt

============================================================
Epoch 21/150
Learning Rate: 1.00e-03
============================================================

============================================================
Epoch 21 Summary:
  Train - Loss: 0.096928 | MSE: 0.096928 | RMSE: 0.311333 | MAE: 0.214318
  Val   - Loss: 0.086657 | MSE: 0.086657 | RMSE: 0.294376 | MAE: 0.192981
============================================================
No improvement for 5 epochs

============================================================
Epoch 22/150
Learning Rate: 1.00e-03
============================================================

============================================================
Epoch 22 Summary:
  Train - Loss: 0.096221 | MSE: 0.096221 | RMSE: 0.310195 | MAE: 0.213455
  Val   - Loss: 0.084267 | MSE: 0.084267 | RMSE: 0.290287 | MAE: 0.190256
============================================================

✓ New best model saved! Val Loss: 0.084267

============================================================
Epoch 23/150
Learning Rate: 1.00e-03
============================================================

============================================================
Epoch 23 Summary:
  Train - Loss: 0.095848 | MSE: 0.095848 | RMSE: 0.309593 | MAE: 0.213034
  Val   - Loss: 0.084222 | MSE: 0.084222 | RMSE: 0.290210 | MAE: 0.189369
============================================================

✓ New best model saved! Val Loss: 0.084222

============================================================
Epoch 24/150
Learning Rate: 1.00e-03
============================================================

============================================================
Epoch 24 Summary:
  Train - Loss: 0.095510 | MSE: 0.095510 | RMSE: 0.309047 | MAE: 0.212635
  Val   - Loss: 0.083302 | MSE: 0.083302 | RMSE: 0.288621 | MAE: 0.193227
============================================================

✓ New best model saved! Val Loss: 0.083302

============================================================
Epoch 25/150
Learning Rate: 1.00e-03
============================================================

============================================================
Epoch 25 Summary:
  Train - Loss: 0.094230 | MSE: 0.094230 | RMSE: 0.306969 | MAE: 0.211549
  Val   - Loss: 0.081414 | MSE: 0.081414 | RMSE: 0.285331 | MAE: 0.183189
============================================================

✓ New best model saved! Val Loss: 0.081414
Checkpoint saved: src/trained_weights/UMambaMag_v2_STEAD_20251105_131520/model_epoch_25.pt

============================================================
Epoch 26/150
Learning Rate: 1.00e-03
============================================================

============================================================
Epoch 26 Summary:
  Train - Loss: 0.094098 | MSE: 0.094098 | RMSE: 0.306754 | MAE: 0.211300
  Val   - Loss: 0.082688 | MSE: 0.082688 | RMSE: 0.287556 | MAE: 0.186437
============================================================
No improvement for 1 epochs

============================================================
Epoch 27/150
Learning Rate: 1.00e-03
============================================================

============================================================
Epoch 27 Summary:
  Train - Loss: 0.093937 | MSE: 0.093937 | RMSE: 0.306491 | MAE: 0.210766
  Val   - Loss: 0.082705 | MSE: 0.082705 | RMSE: 0.287585 | MAE: 0.184781
============================================================
No improvement for 2 epochs

============================================================
Epoch 28/150
Learning Rate: 1.00e-03
============================================================

============================================================
Epoch 28 Summary:
  Train - Loss: 0.093519 | MSE: 0.093519 | RMSE: 0.305808 | MAE: 0.210451
  Val   - Loss: 0.080563 | MSE: 0.080563 | RMSE: 0.283836 | MAE: 0.185449
============================================================

✓ New best model saved! Val Loss: 0.080563

============================================================
Epoch 29/150
Learning Rate: 1.00e-03
============================================================

============================================================
Epoch 29 Summary:
  Train - Loss: 0.093405 | MSE: 0.093405 | RMSE: 0.305623 | MAE: 0.210002
  Val   - Loss: 0.082141 | MSE: 0.082141 | RMSE: 0.286602 | MAE: 0.184276
============================================================
No improvement for 1 epochs

============================================================
Epoch 30/150
Learning Rate: 1.00e-03
============================================================

============================================================
Epoch 30 Summary:
  Train - Loss: 0.092742 | MSE: 0.092742 | RMSE: 0.304537 | MAE: 0.209499
  Val   - Loss: 0.080340 | MSE: 0.080340 | RMSE: 0.283443 | MAE: 0.189901
============================================================

✓ New best model saved! Val Loss: 0.080340
Checkpoint saved: src/trained_weights/UMambaMag_v2_STEAD_20251105_131520/model_epoch_30.pt

============================================================
Epoch 31/150
Learning Rate: 1.00e-03
============================================================

============================================================
Epoch 31 Summary:
  Train - Loss: 0.092394 | MSE: 0.092394 | RMSE: 0.303963 | MAE: 0.209195
  Val   - Loss: 0.080122 | MSE: 0.080122 | RMSE: 0.283058 | MAE: 0.181509
============================================================

✓ New best model saved! Val Loss: 0.080122

============================================================
Epoch 32/150
Learning Rate: 1.00e-03
============================================================

============================================================
Epoch 32 Summary:
  Train - Loss: 0.092072 | MSE: 0.092072 | RMSE: 0.303434 | MAE: 0.208665
  Val   - Loss: 0.082270 | MSE: 0.082270 | RMSE: 0.286827 | MAE: 0.184461
============================================================
No improvement for 1 epochs

============================================================
Epoch 33/150
Learning Rate: 1.00e-03
============================================================

============================================================
Epoch 33 Summary:
  Train - Loss: 0.091724 | MSE: 0.091724 | RMSE: 0.302860 | MAE: 0.208464
  Val   - Loss: 0.078387 | MSE: 0.078387 | RMSE: 0.279977 | MAE: 0.184918
============================================================

✓ New best model saved! Val Loss: 0.078387

============================================================
Epoch 34/150
Learning Rate: 1.00e-03
============================================================

============================================================
Epoch 34 Summary:
  Train - Loss: 0.091229 | MSE: 0.091229 | RMSE: 0.302041 | MAE: 0.207798
  Val   - Loss: 0.078885 | MSE: 0.078885 | RMSE: 0.280866 | MAE: 0.184155
============================================================
No improvement for 1 epochs

============================================================
Epoch 35/150
Learning Rate: 1.00e-03
============================================================

============================================================
Epoch 35 Summary:
  Train - Loss: 0.091043 | MSE: 0.091043 | RMSE: 0.301734 | MAE: 0.207504
  Val   - Loss: 0.083224 | MSE: 0.083224 | RMSE: 0.288486 | MAE: 0.189295
============================================================
No improvement for 2 epochs
Checkpoint saved: src/trained_weights/UMambaMag_v2_STEAD_20251105_131520/model_epoch_35.pt

============================================================
Epoch 36/150
Learning Rate: 1.00e-03
============================================================

============================================================
Epoch 36 Summary:
  Train - Loss: 0.090868 | MSE: 0.090868 | RMSE: 0.301443 | MAE: 0.207315
  Val   - Loss: 0.078221 | MSE: 0.078221 | RMSE: 0.279681 | MAE: 0.181551
============================================================

✓ New best model saved! Val Loss: 0.078221

============================================================
Epoch 37/150
Learning Rate: 1.00e-03
============================================================

============================================================
Epoch 37 Summary:
  Train - Loss: 0.090510 | MSE: 0.090510 | RMSE: 0.300849 | MAE: 0.207109
  Val   - Loss: 0.082647 | MSE: 0.082647 | RMSE: 0.287484 | MAE: 0.191228
============================================================
No improvement for 1 epochs

============================================================
Epoch 38/150
Learning Rate: 1.00e-03
============================================================

============================================================
Epoch 38 Summary:
  Train - Loss: 0.090822 | MSE: 0.090822 | RMSE: 0.301366 | MAE: 0.206985
  Val   - Loss: 0.080284 | MSE: 0.080284 | RMSE: 0.283344 | MAE: 0.182789
============================================================
No improvement for 2 epochs

============================================================
Epoch 39/150
Learning Rate: 1.00e-03
============================================================

============================================================
Epoch 39 Summary:
  Train - Loss: 0.090510 | MSE: 0.090510 | RMSE: 0.300848 | MAE: 0.206498
  Val   - Loss: 0.078741 | MSE: 0.078741 | RMSE: 0.280609 | MAE: 0.180928
============================================================
No improvement for 3 epochs

============================================================
Epoch 40/150
Learning Rate: 1.00e-03
============================================================

============================================================
Epoch 40 Summary:
  Train - Loss: 0.090072 | MSE: 0.090072 | RMSE: 0.300120 | MAE: 0.206081
  Val   - Loss: 0.079052 | MSE: 0.079052 | RMSE: 0.281161 | MAE: 0.187982
============================================================
No improvement for 4 epochs
Checkpoint saved: src/trained_weights/UMambaMag_v2_STEAD_20251105_131520/model_epoch_40.pt

============================================================
Epoch 41/150
Learning Rate: 1.00e-03
============================================================

============================================================
Epoch 41 Summary:
  Train - Loss: 0.090179 | MSE: 0.090179 | RMSE: 0.300298 | MAE: 0.206136
  Val   - Loss: 0.080172 | MSE: 0.080172 | RMSE: 0.283146 | MAE: 0.189507
============================================================
No improvement for 5 epochs

============================================================
Epoch 42/150
Learning Rate: 1.00e-03
============================================================

============================================================
Epoch 42 Summary:
  Train - Loss: 0.089443 | MSE: 0.089443 | RMSE: 0.299070 | MAE: 0.205455
  Val   - Loss: 0.080072 | MSE: 0.080072 | RMSE: 0.282969 | MAE: 0.183189
============================================================
No improvement for 6 epochs

============================================================
Epoch 43/150
Learning Rate: 5.00e-04
============================================================

============================================================
Epoch 43 Summary:
  Train - Loss: 0.082732 | MSE: 0.082732 | RMSE: 0.287631 | MAE: 0.197299
  Val   - Loss: 0.072128 | MSE: 0.072128 | RMSE: 0.268566 | MAE: 0.173150
============================================================

✓ New best model saved! Val Loss: 0.072128

============================================================
Epoch 44/150
Learning Rate: 1.00e-03
============================================================

============================================================
Epoch 44 Summary:
  Train - Loss: 0.088719 | MSE: 0.088719 | RMSE: 0.297857 | MAE: 0.204801
  Val   - Loss: 0.081396 | MSE: 0.081396 | RMSE: 0.285300 | MAE: 0.184778
============================================================
No improvement for 1 epochs

============================================================
Epoch 45/150
Learning Rate: 1.00e-03
============================================================

============================================================
Epoch 45 Summary:
  Train - Loss: 0.088941 | MSE: 0.088941 | RMSE: 0.298230 | MAE: 0.204855
  Val   - Loss: 0.075863 | MSE: 0.075863 | RMSE: 0.275432 | MAE: 0.178545
============================================================
No improvement for 2 epochs
Checkpoint saved: src/trained_weights/UMambaMag_v2_STEAD_20251105_131520/model_epoch_45.pt

============================================================
Epoch 46/150
Learning Rate: 1.00e-03
============================================================

============================================================
Epoch 46 Summary:
  Train - Loss: 0.088496 | MSE: 0.088496 | RMSE: 0.297483 | MAE: 0.204595
  Val   - Loss: 0.082149 | MSE: 0.082149 | RMSE: 0.286617 | MAE: 0.198085
============================================================
No improvement for 3 epochs

============================================================
Epoch 47/150
Learning Rate: 1.00e-03
============================================================

============================================================
Epoch 47 Summary:
  Train - Loss: 0.088329 | MSE: 0.088329 | RMSE: 0.297202 | MAE: 0.204324
  Val   - Loss: 0.078092 | MSE: 0.078092 | RMSE: 0.279450 | MAE: 0.180563
============================================================
No improvement for 4 epochs

============================================================
Epoch 48/150
Learning Rate: 1.00e-03
============================================================

============================================================
Epoch 48 Summary:
  Train - Loss: 0.087999 | MSE: 0.087999 | RMSE: 0.296647 | MAE: 0.204023
  Val   - Loss: 0.074047 | MSE: 0.074047 | RMSE: 0.272116 | MAE: 0.175822
============================================================
No improvement for 5 epochs

============================================================
Epoch 49/150
Learning Rate: 1.00e-03
============================================================

============================================================
Epoch 49 Summary:
  Train - Loss: 0.087737 | MSE: 0.087737 | RMSE: 0.296205 | MAE: 0.203956
  Val   - Loss: 0.080325 | MSE: 0.080325 | RMSE: 0.283417 | MAE: 0.186946
============================================================
No improvement for 6 epochs

============================================================
Epoch 50/150
Learning Rate: 5.00e-04
============================================================

============================================================
Epoch 50 Summary:
  Train - Loss: 0.081618 | MSE: 0.081618 | RMSE: 0.285689 | MAE: 0.196100
  Val   - Loss: 0.070214 | MSE: 0.070214 | RMSE: 0.264980 | MAE: 0.169585
============================================================

✓ New best model saved! Val Loss: 0.070214
Checkpoint saved: src/trained_weights/UMambaMag_v2_STEAD_20251105_131520/model_epoch_50.pt

============================================================
Epoch 51/150
Learning Rate: 1.00e-03
============================================================

============================================================
Epoch 51 Summary:
  Train - Loss: 0.087121 | MSE: 0.087121 | RMSE: 0.295162 | MAE: 0.202925
  Val   - Loss: 0.075217 | MSE: 0.075217 | RMSE: 0.274257 | MAE: 0.181608
============================================================
No improvement for 1 epochs

============================================================
Epoch 52/150
Learning Rate: 1.00e-03
============================================================

============================================================
Epoch 52 Summary:
  Train - Loss: 0.087588 | MSE: 0.087588 | RMSE: 0.295952 | MAE: 0.203341
  Val   - Loss: 0.077457 | MSE: 0.077457 | RMSE: 0.278311 | MAE: 0.180849
============================================================
No improvement for 2 epochs

============================================================
Epoch 53/150
Learning Rate: 1.00e-03
============================================================

============================================================
Epoch 53 Summary:
  Train - Loss: 0.087471 | MSE: 0.087471 | RMSE: 0.295756 | MAE: 0.203472
  Val   - Loss: 0.076846 | MSE: 0.076846 | RMSE: 0.277212 | MAE: 0.178608
============================================================
No improvement for 3 epochs

============================================================
Epoch 54/150
Learning Rate: 1.00e-03
============================================================

============================================================
Epoch 54 Summary:
  Train - Loss: 0.087262 | MSE: 0.087262 | RMSE: 0.295402 | MAE: 0.203034
  Val   - Loss: 0.077114 | MSE: 0.077114 | RMSE: 0.277694 | MAE: 0.180865
============================================================
No improvement for 4 epochs

============================================================
Epoch 55/150
Learning Rate: 1.00e-03
============================================================

============================================================
Epoch 55 Summary:
  Train - Loss: 0.086858 | MSE: 0.086858 | RMSE: 0.294718 | MAE: 0.202744
  Val   - Loss: 0.078524 | MSE: 0.078524 | RMSE: 0.280221 | MAE: 0.182814
============================================================
No improvement for 5 epochs
Checkpoint saved: src/trained_weights/UMambaMag_v2_STEAD_20251105_131520/model_epoch_55.pt

============================================================
Epoch 56/150
Learning Rate: 1.00e-03
============================================================

============================================================
Epoch 56 Summary:
  Train - Loss: 0.086700 | MSE: 0.086700 | RMSE: 0.294448 | MAE: 0.202393
  Val   - Loss: 0.080989 | MSE: 0.080989 | RMSE: 0.284585 | MAE: 0.185203
============================================================
No improvement for 6 epochs

============================================================
Epoch 57/150
Learning Rate: 5.00e-04
============================================================

============================================================
Epoch 57 Summary:
  Train - Loss: 0.080532 | MSE: 0.080532 | RMSE: 0.283781 | MAE: 0.194673
  Val   - Loss: 0.070554 | MSE: 0.070554 | RMSE: 0.265620 | MAE: 0.169087
============================================================
No improvement for 7 epochs

============================================================
Epoch 58/150
Learning Rate: 1.00e-03
============================================================

============================================================
Epoch 58 Summary:
  Train - Loss: 0.086391 | MSE: 0.086391 | RMSE: 0.293924 | MAE: 0.201783
  Val   - Loss: 0.074334 | MSE: 0.074334 | RMSE: 0.272642 | MAE: 0.175697
============================================================
No improvement for 8 epochs

============================================================
Epoch 59/150
Learning Rate: 1.00e-03
============================================================

============================================================
Epoch 59 Summary:
  Train - Loss: 0.086296 | MSE: 0.086296 | RMSE: 0.293761 | MAE: 0.201992
  Val   - Loss: 0.077873 | MSE: 0.077873 | RMSE: 0.279058 | MAE: 0.181336
============================================================
No improvement for 9 epochs

============================================================
Epoch 60/150
Learning Rate: 1.00e-03
============================================================

============================================================
Epoch 60 Summary:
  Train - Loss: 0.086512 | MSE: 0.086512 | RMSE: 0.294129 | MAE: 0.202302
  Val   - Loss: 0.074833 | MSE: 0.074833 | RMSE: 0.273555 | MAE: 0.179294
============================================================
No improvement for 10 epochs
Checkpoint saved: src/trained_weights/UMambaMag_v2_STEAD_20251105_131520/model_epoch_60.pt

============================================================
Epoch 61/150
Learning Rate: 1.00e-03
============================================================

============================================================
Epoch 61 Summary:
  Train - Loss: 0.086138 | MSE: 0.086138 | RMSE: 0.293493 | MAE: 0.201881
  Val   - Loss: 0.076771 | MSE: 0.076771 | RMSE: 0.277076 | MAE: 0.178949
============================================================
No improvement for 11 epochs

============================================================
Epoch 62/150
Learning Rate: 1.00e-03
============================================================

============================================================
Epoch 62 Summary:
  Train - Loss: 0.085854 | MSE: 0.085854 | RMSE: 0.293009 | MAE: 0.201677
  Val   - Loss: 0.073949 | MSE: 0.073949 | RMSE: 0.271935 | MAE: 0.177501
============================================================
No improvement for 12 epochs

============================================================
Epoch 63/150
Learning Rate: 5.00e-04
============================================================

============================================================
Epoch 63 Summary:
  Train - Loss: 0.079788 | MSE: 0.079788 | RMSE: 0.282467 | MAE: 0.193921
  Val   - Loss: 0.071594 | MSE: 0.071594 | RMSE: 0.267571 | MAE: 0.176959
============================================================
No improvement for 13 epochs

============================================================
Epoch 64/150
Learning Rate: 1.00e-03
============================================================

============================================================
Epoch 64 Summary:
  Train - Loss: 0.085225 | MSE: 0.085225 | RMSE: 0.291933 | MAE: 0.200810
  Val   - Loss: 0.075319 | MSE: 0.075319 | RMSE: 0.274443 | MAE: 0.179263
============================================================
No improvement for 14 epochs

============================================================
Epoch 65/150
Learning Rate: 1.00e-03
============================================================

============================================================
Epoch 65 Summary:
  Train - Loss: 0.085586 | MSE: 0.085586 | RMSE: 0.292550 | MAE: 0.201214
  Val   - Loss: 0.075346 | MSE: 0.075346 | RMSE: 0.274492 | MAE: 0.175243
============================================================
No improvement for 15 epochs

Early stopping triggered after 15 epochs without improvement
Best validation loss: 0.070214

Final model saved: src/trained_weights/UMambaMag_v2_STEAD_20251105_131520/model_final.pt
Training history saved: src/trained_weights/UMambaMag_v2_STEAD_20251105_131520/training_history_20251105_131520.pt

============================================================
TRAINING COMPLETED
============================================================
Best validation loss: 0.070214
Best validation RMSE: 0.264980
Final train loss: 0.085586
Final val loss: 0.075346
Total Training Time: 11:23:28
============================================================
==================================================

