2025-11-06 00:38:57,726 | seisbench | WARNING | Setting remote root to: https://seisbench.gfz.de/mirror/
Please note that this can affect your download speed.
2025-11-06 00:39:07,713 | seisbench | WARNING | Output component order not specified, defaulting to 'ZNE'.
2025-11-06 00:39:13,753 | seisbench | WARNING | Skipping preload, as cache is disabled.
2025-11-06 00:39:19,029 | seisbench | WARNING | Skipping preload, as cache is disabled.
/home/quenton.yeo/code/.venv/lib/python3.11/site-packages/torch/optim/lr_scheduler.py:60: UserWarning: The verbose parameter is deprecated. Please use get_last_lr() to access the learning rate.
  warnings.warn(

==================================================
LOADING DATA
==================================================
STEAD dataset loaded: 1265657 samples

Training umamba_mag_v2 on STEAD for 150 epochs...
Model moved to cuda:1
Training UMamba V2 Magnitude Estimator model (encoder-only with pooling)

============================================================
TRAINING UMAMBAMAG V2 (ENCODER-ONLY WITH POOLING)
============================================================
Model: UMambaMag_v2_STEAD
Dataset: STEAD
Batch size: 32
Learning rate: 0.001
Epochs: 150
Warmup epochs: 5
============================================================
Model is on device: cuda:1
Total parameters: 152,993
Trainable parameters: 152,993

Loading data...
Train batches: 33619
Dev batches: 1978

Saving models to: src/trained_weights/UMambaMag_v2_STEAD_20251106_003919


============================================================
Epoch 1/150
Learning Rate: 1.00e-04
============================================================

============================================================
Epoch 1 Summary:
  Train - Loss: 0.271469 | MSE: 0.271469 | RMSE: 0.521027 | MAE: 0.355576
  Val   - Loss: 0.172986 | MSE: 0.172986 | RMSE: 0.415915 | MAE: 0.276986
============================================================

✓ New best model saved! Val Loss: 0.172986

============================================================
Epoch 2/150
Learning Rate: 2.80e-04
============================================================

============================================================
Epoch 2 Summary:
  Train - Loss: 0.179941 | MSE: 0.179941 | RMSE: 0.424194 | MAE: 0.291850
  Val   - Loss: 0.142897 | MSE: 0.142897 | RMSE: 0.378017 | MAE: 0.253954
============================================================

✓ New best model saved! Val Loss: 0.142897

============================================================
Epoch 3/150
Learning Rate: 4.60e-04
============================================================

============================================================
Epoch 3 Summary:
  Train - Loss: 0.151571 | MSE: 0.151571 | RMSE: 0.389321 | MAE: 0.268354
  Val   - Loss: 0.123044 | MSE: 0.123044 | RMSE: 0.350776 | MAE: 0.232732
============================================================

✓ New best model saved! Val Loss: 0.123044

============================================================
Epoch 4/150
Learning Rate: 6.40e-04
============================================================

============================================================
Epoch 4 Summary:
  Train - Loss: 0.138547 | MSE: 0.138547 | RMSE: 0.372219 | MAE: 0.257089
  Val   - Loss: 0.117492 | MSE: 0.117492 | RMSE: 0.342771 | MAE: 0.229923
============================================================

✓ New best model saved! Val Loss: 0.117492

============================================================
Epoch 5/150
Learning Rate: 8.20e-04
============================================================

============================================================
Epoch 5 Summary:
  Train - Loss: 0.130927 | MSE: 0.130927 | RMSE: 0.361839 | MAE: 0.249800
  Val   - Loss: 0.112718 | MSE: 0.112718 | RMSE: 0.335735 | MAE: 0.229466
============================================================

✓ New best model saved! Val Loss: 0.112718
Checkpoint saved: src/trained_weights/UMambaMag_v2_STEAD_20251106_003919/model_epoch_5.pt

============================================================
Epoch 6/150
Learning Rate: 1.00e-03
============================================================

============================================================
Epoch 6 Summary:
  Train - Loss: 0.126060 | MSE: 0.126060 | RMSE: 0.355050 | MAE: 0.245699
  Val   - Loss: 0.109315 | MSE: 0.109315 | RMSE: 0.330628 | MAE: 0.217249
============================================================

✓ New best model saved! Val Loss: 0.109315

============================================================
Epoch 7/150
Learning Rate: 1.00e-03
============================================================

============================================================
Epoch 7 Summary:
  Train - Loss: 0.119446 | MSE: 0.119446 | RMSE: 0.345609 | MAE: 0.238700
  Val   - Loss: 0.107639 | MSE: 0.107639 | RMSE: 0.328084 | MAE: 0.209913
============================================================

✓ New best model saved! Val Loss: 0.107639

============================================================
Epoch 8/150
Learning Rate: 1.00e-03
============================================================

============================================================
Epoch 8 Summary:
  Train - Loss: 0.114519 | MSE: 0.114519 | RMSE: 0.338406 | MAE: 0.233807
  Val   - Loss: 0.100221 | MSE: 0.100221 | RMSE: 0.316577 | MAE: 0.214620
============================================================

✓ New best model saved! Val Loss: 0.100221

============================================================
Epoch 9/150
Learning Rate: 1.00e-03
============================================================

============================================================
Epoch 9 Summary:
  Train - Loss: 0.110958 | MSE: 0.110958 | RMSE: 0.333103 | MAE: 0.229827
  Val   - Loss: 0.095330 | MSE: 0.095330 | RMSE: 0.308756 | MAE: 0.202737
============================================================

✓ New best model saved! Val Loss: 0.095330

============================================================
Epoch 10/150
Learning Rate: 1.00e-03
============================================================

============================================================
Epoch 10 Summary:
  Train - Loss: 0.108275 | MSE: 0.108275 | RMSE: 0.329052 | MAE: 0.226855
  Val   - Loss: 0.093989 | MSE: 0.093989 | RMSE: 0.306576 | MAE: 0.200842
============================================================

✓ New best model saved! Val Loss: 0.093989
Checkpoint saved: src/trained_weights/UMambaMag_v2_STEAD_20251106_003919/model_epoch_10.pt

============================================================
Epoch 11/150
Learning Rate: 1.00e-03
============================================================

============================================================
Epoch 11 Summary:
  Train - Loss: 0.105374 | MSE: 0.105374 | RMSE: 0.324614 | MAE: 0.224095
  Val   - Loss: 0.095287 | MSE: 0.095287 | RMSE: 0.308686 | MAE: 0.203929
============================================================
No improvement for 1 epochs

============================================================
Epoch 12/150
Learning Rate: 1.00e-03
============================================================

============================================================
Epoch 12 Summary:
  Train - Loss: 0.103861 | MSE: 0.103861 | RMSE: 0.322275 | MAE: 0.222039
  Val   - Loss: 0.089536 | MSE: 0.089536 | RMSE: 0.299226 | MAE: 0.198507
============================================================

✓ New best model saved! Val Loss: 0.089536

============================================================
Epoch 13/150
Learning Rate: 1.00e-03
============================================================

============================================================
Epoch 13 Summary:
  Train - Loss: 0.101912 | MSE: 0.101912 | RMSE: 0.319236 | MAE: 0.220249
  Val   - Loss: 0.087832 | MSE: 0.087832 | RMSE: 0.296365 | MAE: 0.195692
============================================================

✓ New best model saved! Val Loss: 0.087832

============================================================
Epoch 14/150
Learning Rate: 1.00e-03
============================================================

============================================================
Epoch 14 Summary:
  Train - Loss: 0.100533 | MSE: 0.100533 | RMSE: 0.317069 | MAE: 0.218686
  Val   - Loss: 0.087889 | MSE: 0.087889 | RMSE: 0.296461 | MAE: 0.197636
============================================================
No improvement for 1 epochs

============================================================
Epoch 15/150
Learning Rate: 1.00e-03
============================================================

============================================================
Epoch 15 Summary:
  Train - Loss: 0.099397 | MSE: 0.099397 | RMSE: 0.315273 | MAE: 0.217280
  Val   - Loss: 0.085418 | MSE: 0.085418 | RMSE: 0.292264 | MAE: 0.190705
============================================================

✓ New best model saved! Val Loss: 0.085418
Checkpoint saved: src/trained_weights/UMambaMag_v2_STEAD_20251106_003919/model_epoch_15.pt

============================================================
Epoch 16/150
Learning Rate: 1.00e-03
============================================================

============================================================
Epoch 16 Summary:
  Train - Loss: 0.098429 | MSE: 0.098429 | RMSE: 0.313733 | MAE: 0.216023
  Val   - Loss: 0.088903 | MSE: 0.088903 | RMSE: 0.298166 | MAE: 0.194033
============================================================
No improvement for 1 epochs

============================================================
Epoch 17/150
Learning Rate: 1.00e-03
============================================================

============================================================
Epoch 17 Summary:
  Train - Loss: 0.096833 | MSE: 0.096833 | RMSE: 0.311180 | MAE: 0.214440
  Val   - Loss: 0.087091 | MSE: 0.087091 | RMSE: 0.295113 | MAE: 0.190230
============================================================
No improvement for 2 epochs

============================================================
Epoch 18/150
Learning Rate: 1.00e-03
============================================================

============================================================
Epoch 18 Summary:
  Train - Loss: 0.096579 | MSE: 0.096579 | RMSE: 0.310772 | MAE: 0.214049
  Val   - Loss: 0.085151 | MSE: 0.085151 | RMSE: 0.291807 | MAE: 0.193623
============================================================

✓ New best model saved! Val Loss: 0.085151

============================================================
Epoch 19/150
Learning Rate: 1.00e-03
============================================================

============================================================
Epoch 19 Summary:
  Train - Loss: 0.095952 | MSE: 0.095952 | RMSE: 0.309761 | MAE: 0.213243
  Val   - Loss: 0.083065 | MSE: 0.083065 | RMSE: 0.288210 | MAE: 0.185618
============================================================

✓ New best model saved! Val Loss: 0.083065

============================================================
Epoch 20/150
Learning Rate: 1.00e-03
============================================================

============================================================
Epoch 20 Summary:
  Train - Loss: 0.094980 | MSE: 0.094980 | RMSE: 0.308188 | MAE: 0.212148
  Val   - Loss: 0.084390 | MSE: 0.084390 | RMSE: 0.290499 | MAE: 0.196557
============================================================
No improvement for 1 epochs
Checkpoint saved: src/trained_weights/UMambaMag_v2_STEAD_20251106_003919/model_epoch_20.pt

============================================================
Epoch 21/150
Learning Rate: 1.00e-03
============================================================

============================================================
Epoch 21 Summary:
  Train - Loss: 0.094453 | MSE: 0.094453 | RMSE: 0.307332 | MAE: 0.211620
  Val   - Loss: 0.085842 | MSE: 0.085842 | RMSE: 0.292987 | MAE: 0.185431
============================================================
No improvement for 2 epochs

============================================================
Epoch 22/150
Learning Rate: 1.00e-03
============================================================

============================================================
Epoch 22 Summary:
  Train - Loss: 0.094181 | MSE: 0.094181 | RMSE: 0.306889 | MAE: 0.211029
  Val   - Loss: 0.082188 | MSE: 0.082188 | RMSE: 0.286685 | MAE: 0.185133
============================================================

✓ New best model saved! Val Loss: 0.082188

============================================================
Epoch 23/150
Learning Rate: 1.00e-03
============================================================

============================================================
Epoch 23 Summary:
  Train - Loss: 0.092982 | MSE: 0.092982 | RMSE: 0.304929 | MAE: 0.210071
  Val   - Loss: 0.082668 | MSE: 0.082668 | RMSE: 0.287521 | MAE: 0.187496
============================================================
No improvement for 1 epochs

============================================================
Epoch 24/150
Learning Rate: 1.00e-03
============================================================

============================================================
Epoch 24 Summary:
  Train - Loss: 0.093094 | MSE: 0.093094 | RMSE: 0.305113 | MAE: 0.209939
  Val   - Loss: 0.079927 | MSE: 0.079927 | RMSE: 0.282714 | MAE: 0.185113
============================================================

✓ New best model saved! Val Loss: 0.079927

============================================================
Epoch 25/150
Learning Rate: 1.00e-03
============================================================

============================================================
Epoch 25 Summary:
  Train - Loss: 0.092425 | MSE: 0.092425 | RMSE: 0.304014 | MAE: 0.208945
  Val   - Loss: 0.086457 | MSE: 0.086457 | RMSE: 0.294036 | MAE: 0.187603
============================================================
No improvement for 1 epochs
Checkpoint saved: src/trained_weights/UMambaMag_v2_STEAD_20251106_003919/model_epoch_25.pt

============================================================
Epoch 26/150
Learning Rate: 1.00e-03
============================================================

============================================================
Epoch 26 Summary:
  Train - Loss: 0.091933 | MSE: 0.091933 | RMSE: 0.303204 | MAE: 0.208653
  Val   - Loss: 0.078708 | MSE: 0.078708 | RMSE: 0.280550 | MAE: 0.185298
============================================================

✓ New best model saved! Val Loss: 0.078708

============================================================
Epoch 27/150
Learning Rate: 1.00e-03
============================================================

============================================================
Epoch 27 Summary:
  Train - Loss: 0.091387 | MSE: 0.091387 | RMSE: 0.302302 | MAE: 0.208038
  Val   - Loss: 0.080476 | MSE: 0.080476 | RMSE: 0.283682 | MAE: 0.183749
============================================================
No improvement for 1 epochs

============================================================
Epoch 28/150
Learning Rate: 1.00e-03
============================================================

============================================================
Epoch 28 Summary:
  Train - Loss: 0.091046 | MSE: 0.091046 | RMSE: 0.301739 | MAE: 0.207618
  Val   - Loss: 0.079770 | MSE: 0.079770 | RMSE: 0.282436 | MAE: 0.186479
============================================================
No improvement for 2 epochs

============================================================
Epoch 29/150
Learning Rate: 1.00e-03
============================================================

============================================================
Epoch 29 Summary:
  Train - Loss: 0.090597 | MSE: 0.090597 | RMSE: 0.300994 | MAE: 0.206873
  Val   - Loss: 0.078895 | MSE: 0.078895 | RMSE: 0.280883 | MAE: 0.182011
============================================================
No improvement for 3 epochs

============================================================
Epoch 30/150
Learning Rate: 1.00e-03
============================================================

============================================================
Epoch 30 Summary:
  Train - Loss: 0.090202 | MSE: 0.090202 | RMSE: 0.300336 | MAE: 0.206607
  Val   - Loss: 0.077181 | MSE: 0.077181 | RMSE: 0.277814 | MAE: 0.178465
============================================================

✓ New best model saved! Val Loss: 0.077181
Checkpoint saved: src/trained_weights/UMambaMag_v2_STEAD_20251106_003919/model_epoch_30.pt

============================================================
Epoch 31/150
Learning Rate: 1.00e-03
============================================================

============================================================
Epoch 31 Summary:
  Train - Loss: 0.090276 | MSE: 0.090276 | RMSE: 0.300460 | MAE: 0.206519
  Val   - Loss: 0.085269 | MSE: 0.085269 | RMSE: 0.292009 | MAE: 0.195291
============================================================
No improvement for 1 epochs

============================================================
Epoch 32/150
Learning Rate: 1.00e-03
============================================================

============================================================
Epoch 32 Summary:
  Train - Loss: 0.089707 | MSE: 0.089707 | RMSE: 0.299511 | MAE: 0.205963
  Val   - Loss: 0.080176 | MSE: 0.080176 | RMSE: 0.283154 | MAE: 0.183894
============================================================
No improvement for 2 epochs

============================================================
Epoch 33/150
Learning Rate: 1.00e-03
============================================================

============================================================
Epoch 33 Summary:
  Train - Loss: 0.089372 | MSE: 0.089372 | RMSE: 0.298951 | MAE: 0.205553
  Val   - Loss: 0.078127 | MSE: 0.078127 | RMSE: 0.279512 | MAE: 0.177548
============================================================
No improvement for 3 epochs

============================================================
Epoch 34/150
Learning Rate: 1.00e-03
============================================================

============================================================
Epoch 34 Summary:
  Train - Loss: 0.089154 | MSE: 0.089154 | RMSE: 0.298587 | MAE: 0.205329
  Val   - Loss: 0.078209 | MSE: 0.078209 | RMSE: 0.279658 | MAE: 0.186678
============================================================
No improvement for 4 epochs

============================================================
Epoch 35/150
Learning Rate: 1.00e-03
============================================================

============================================================
Epoch 35 Summary:
  Train - Loss: 0.089067 | MSE: 0.089067 | RMSE: 0.298440 | MAE: 0.204862
  Val   - Loss: 0.084042 | MSE: 0.084042 | RMSE: 0.289899 | MAE: 0.185005
============================================================
No improvement for 5 epochs
Checkpoint saved: src/trained_weights/UMambaMag_v2_STEAD_20251106_003919/model_epoch_35.pt

============================================================
Epoch 36/150
Learning Rate: 1.00e-03
============================================================

============================================================
Epoch 36 Summary:
  Train - Loss: 0.088235 | MSE: 0.088235 | RMSE: 0.297044 | MAE: 0.204394
  Val   - Loss: 0.075576 | MSE: 0.075576 | RMSE: 0.274911 | MAE: 0.178431
============================================================

✓ New best model saved! Val Loss: 0.075576

============================================================
Epoch 37/150
Learning Rate: 1.00e-03
============================================================

============================================================
Epoch 37 Summary:
  Train - Loss: 0.087897 | MSE: 0.087897 | RMSE: 0.296475 | MAE: 0.204197
  Val   - Loss: 0.082758 | MSE: 0.082758 | RMSE: 0.287676 | MAE: 0.196734
============================================================
No improvement for 1 epochs

============================================================
Epoch 38/150
Learning Rate: 1.00e-03
============================================================

============================================================
Epoch 38 Summary:
  Train - Loss: 0.087845 | MSE: 0.087845 | RMSE: 0.296386 | MAE: 0.203830
  Val   - Loss: 0.077679 | MSE: 0.077679 | RMSE: 0.278709 | MAE: 0.188415
============================================================
No improvement for 2 epochs

============================================================
Epoch 39/150
Learning Rate: 1.00e-03
============================================================

============================================================
Epoch 39 Summary:
  Train - Loss: 0.087682 | MSE: 0.087682 | RMSE: 0.296112 | MAE: 0.203513
  Val   - Loss: 0.078542 | MSE: 0.078542 | RMSE: 0.280254 | MAE: 0.181791
============================================================
No improvement for 3 epochs

============================================================
Epoch 40/150
Learning Rate: 1.00e-03
============================================================

============================================================
Epoch 40 Summary:
  Train - Loss: 0.087805 | MSE: 0.087805 | RMSE: 0.296319 | MAE: 0.203443
  Val   - Loss: 0.075669 | MSE: 0.075669 | RMSE: 0.275080 | MAE: 0.178690
============================================================
No improvement for 4 epochs
Checkpoint saved: src/trained_weights/UMambaMag_v2_STEAD_20251106_003919/model_epoch_40.pt

============================================================
Epoch 41/150
Learning Rate: 1.00e-03
============================================================

============================================================
Epoch 41 Summary:
  Train - Loss: 0.087043 | MSE: 0.087043 | RMSE: 0.295030 | MAE: 0.202839
  Val   - Loss: 0.076159 | MSE: 0.076159 | RMSE: 0.275969 | MAE: 0.181686
============================================================
No improvement for 5 epochs

============================================================
Epoch 42/150
Learning Rate: 1.00e-03
============================================================

============================================================
Epoch 42 Summary:
  Train - Loss: 0.086847 | MSE: 0.086847 | RMSE: 0.294698 | MAE: 0.202934
  Val   - Loss: 0.075374 | MSE: 0.075374 | RMSE: 0.274542 | MAE: 0.176803
============================================================

✓ New best model saved! Val Loss: 0.075374

============================================================
Epoch 43/150
Learning Rate: 1.00e-03
============================================================

============================================================
Epoch 43 Summary:
  Train - Loss: 0.087363 | MSE: 0.087363 | RMSE: 0.295572 | MAE: 0.202772
  Val   - Loss: 0.074593 | MSE: 0.074593 | RMSE: 0.273117 | MAE: 0.177445
============================================================

✓ New best model saved! Val Loss: 0.074593

============================================================
Epoch 44/150
Learning Rate: 1.00e-03
============================================================

============================================================
Epoch 44 Summary:
  Train - Loss: 0.086355 | MSE: 0.086355 | RMSE: 0.293863 | MAE: 0.202429
  Val   - Loss: 0.077032 | MSE: 0.077032 | RMSE: 0.277547 | MAE: 0.183605
============================================================
No improvement for 1 epochs

============================================================
Epoch 45/150
Learning Rate: 1.00e-03
============================================================

============================================================
Epoch 45 Summary:
  Train - Loss: 0.086146 | MSE: 0.086146 | RMSE: 0.293507 | MAE: 0.202044
  Val   - Loss: 0.077550 | MSE: 0.077550 | RMSE: 0.278478 | MAE: 0.177327
============================================================
No improvement for 2 epochs
Checkpoint saved: src/trained_weights/UMambaMag_v2_STEAD_20251106_003919/model_epoch_45.pt

============================================================
Epoch 46/150
Learning Rate: 1.00e-03
============================================================

============================================================
Epoch 46 Summary:
  Train - Loss: 0.085956 | MSE: 0.085956 | RMSE: 0.293183 | MAE: 0.201900
  Val   - Loss: 0.078186 | MSE: 0.078186 | RMSE: 0.279618 | MAE: 0.183047
============================================================
No improvement for 3 epochs

============================================================
Epoch 47/150
Learning Rate: 1.00e-03
============================================================

============================================================
Epoch 47 Summary:
  Train - Loss: 0.085708 | MSE: 0.085708 | RMSE: 0.292760 | MAE: 0.201501
  Val   - Loss: 0.076816 | MSE: 0.076816 | RMSE: 0.277157 | MAE: 0.177763
============================================================
No improvement for 4 epochs

============================================================
Epoch 48/150
Learning Rate: 1.00e-03
============================================================

============================================================
Epoch 48 Summary:
  Train - Loss: 0.085646 | MSE: 0.085646 | RMSE: 0.292653 | MAE: 0.201174
  Val   - Loss: 0.076410 | MSE: 0.076410 | RMSE: 0.276424 | MAE: 0.180016
============================================================
No improvement for 5 epochs

============================================================
Epoch 49/150
Learning Rate: 1.00e-03
============================================================

============================================================
Epoch 49 Summary:
  Train - Loss: 0.085710 | MSE: 0.085710 | RMSE: 0.292762 | MAE: 0.201204
  Val   - Loss: 0.075670 | MSE: 0.075670 | RMSE: 0.275081 | MAE: 0.178214
============================================================
No improvement for 6 epochs

============================================================
Epoch 50/150
Learning Rate: 5.00e-04
============================================================

============================================================
Epoch 50 Summary:
  Train - Loss: 0.079399 | MSE: 0.079399 | RMSE: 0.281778 | MAE: 0.193338
  Val   - Loss: 0.068757 | MSE: 0.068757 | RMSE: 0.262215 | MAE: 0.172670
============================================================

✓ New best model saved! Val Loss: 0.068757
Checkpoint saved: src/trained_weights/UMambaMag_v2_STEAD_20251106_003919/model_epoch_50.pt

============================================================
Epoch 51/150
Learning Rate: 1.00e-03
============================================================

============================================================
Epoch 51 Summary:
  Train - Loss: 0.084901 | MSE: 0.084901 | RMSE: 0.291377 | MAE: 0.200552
  Val   - Loss: 0.075377 | MSE: 0.075377 | RMSE: 0.274549 | MAE: 0.176676
============================================================
No improvement for 1 epochs

============================================================
Epoch 52/150
Learning Rate: 1.00e-03
============================================================

============================================================
Epoch 52 Summary:
  Train - Loss: 0.084886 | MSE: 0.084886 | RMSE: 0.291353 | MAE: 0.200283
  Val   - Loss: 0.075235 | MSE: 0.075235 | RMSE: 0.274291 | MAE: 0.178603
============================================================
No improvement for 2 epochs

============================================================
Epoch 53/150
Learning Rate: 1.00e-03
============================================================

============================================================
Epoch 53 Summary:
  Train - Loss: 0.084770 | MSE: 0.084770 | RMSE: 0.291154 | MAE: 0.200383
  Val   - Loss: 0.076860 | MSE: 0.076860 | RMSE: 0.277236 | MAE: 0.179838
============================================================
No improvement for 3 epochs

============================================================
Epoch 54/150
Learning Rate: 1.00e-03
============================================================

============================================================
Epoch 54 Summary:
  Train - Loss: 0.084933 | MSE: 0.084933 | RMSE: 0.291432 | MAE: 0.200208
  Val   - Loss: 0.074086 | MSE: 0.074086 | RMSE: 0.272187 | MAE: 0.174763
============================================================
No improvement for 4 epochs

============================================================
Epoch 55/150
Learning Rate: 1.00e-03
============================================================

============================================================
Epoch 55 Summary:
  Train - Loss: 0.084501 | MSE: 0.084501 | RMSE: 0.290691 | MAE: 0.199770
  Val   - Loss: 0.077634 | MSE: 0.077634 | RMSE: 0.278629 | MAE: 0.179710
============================================================
No improvement for 5 epochs
Checkpoint saved: src/trained_weights/UMambaMag_v2_STEAD_20251106_003919/model_epoch_55.pt

============================================================
Epoch 56/150
Learning Rate: 1.00e-03
============================================================

============================================================
Epoch 56 Summary:
  Train - Loss: 0.084360 | MSE: 0.084360 | RMSE: 0.290449 | MAE: 0.199873
  Val   - Loss: 0.075003 | MSE: 0.075003 | RMSE: 0.273867 | MAE: 0.175565
============================================================
No improvement for 6 epochs

============================================================
Epoch 57/150
Learning Rate: 5.00e-04
============================================================

============================================================
Epoch 57 Summary:
  Train - Loss: 0.078165 | MSE: 0.078165 | RMSE: 0.279580 | MAE: 0.191922
  Val   - Loss: 0.071223 | MSE: 0.071223 | RMSE: 0.266876 | MAE: 0.171056
============================================================
No improvement for 7 epochs

============================================================
Epoch 58/150
Learning Rate: 1.00e-03
============================================================

============================================================
Epoch 58 Summary:
  Train - Loss: 0.084032 | MSE: 0.084032 | RMSE: 0.289883 | MAE: 0.199178
  Val   - Loss: 0.074478 | MSE: 0.074478 | RMSE: 0.272907 | MAE: 0.176459
============================================================
No improvement for 8 epochs

============================================================
Epoch 59/150
Learning Rate: 1.00e-03
============================================================

============================================================
Epoch 59 Summary:
  Train - Loss: 0.084022 | MSE: 0.084022 | RMSE: 0.289866 | MAE: 0.199505
  Val   - Loss: 0.072652 | MSE: 0.072652 | RMSE: 0.269541 | MAE: 0.172034
============================================================
No improvement for 9 epochs

============================================================
Epoch 60/150
Learning Rate: 1.00e-03
============================================================

============================================================
Epoch 60 Summary:
  Train - Loss: 0.083446 | MSE: 0.083446 | RMSE: 0.288869 | MAE: 0.199034
  Val   - Loss: 0.072869 | MSE: 0.072869 | RMSE: 0.269942 | MAE: 0.174170
============================================================
No improvement for 10 epochs
Checkpoint saved: src/trained_weights/UMambaMag_v2_STEAD_20251106_003919/model_epoch_60.pt

============================================================
Epoch 61/150
Learning Rate: 1.00e-03
============================================================

============================================================
Epoch 61 Summary:
  Train - Loss: 0.084351 | MSE: 0.084351 | RMSE: 0.290432 | MAE: 0.199378
  Val   - Loss: 0.072342 | MSE: 0.072342 | RMSE: 0.268965 | MAE: 0.171935
============================================================
No improvement for 11 epochs

============================================================
Epoch 62/150
Learning Rate: 1.00e-03
============================================================

============================================================
Epoch 62 Summary:
  Train - Loss: 0.083407 | MSE: 0.083407 | RMSE: 0.288802 | MAE: 0.198817
  Val   - Loss: 0.073984 | MSE: 0.073984 | RMSE: 0.271999 | MAE: 0.177244
============================================================
No improvement for 12 epochs

============================================================
Epoch 63/150
Learning Rate: 5.00e-04
============================================================

============================================================
Epoch 63 Summary:
  Train - Loss: 0.077776 | MSE: 0.077776 | RMSE: 0.278883 | MAE: 0.191140
  Val   - Loss: 0.068158 | MSE: 0.068158 | RMSE: 0.261070 | MAE: 0.171514
============================================================

✓ New best model saved! Val Loss: 0.068158

============================================================
Epoch 64/150
Learning Rate: 1.00e-03
============================================================

============================================================
Epoch 64 Summary:
  Train - Loss: 0.083017 | MSE: 0.083017 | RMSE: 0.288127 | MAE: 0.198204
  Val   - Loss: 0.076394 | MSE: 0.076394 | RMSE: 0.276394 | MAE: 0.178263
============================================================
No improvement for 1 epochs

============================================================
Epoch 65/150
Learning Rate: 1.00e-03
============================================================

============================================================
Epoch 65 Summary:
  Train - Loss: 0.083120 | MSE: 0.083120 | RMSE: 0.288306 | MAE: 0.198103
  Val   - Loss: 0.073353 | MSE: 0.073353 | RMSE: 0.270837 | MAE: 0.174276
============================================================
No improvement for 2 epochs
Checkpoint saved: src/trained_weights/UMambaMag_v2_STEAD_20251106_003919/model_epoch_65.pt

============================================================
Epoch 66/150
Learning Rate: 1.00e-03
============================================================

============================================================
Epoch 66 Summary:
  Train - Loss: 0.083106 | MSE: 0.083106 | RMSE: 0.288281 | MAE: 0.198312
  Val   - Loss: 0.075730 | MSE: 0.075730 | RMSE: 0.275191 | MAE: 0.175290
============================================================
No improvement for 3 epochs

============================================================
Epoch 67/150
Learning Rate: 1.00e-03
============================================================

============================================================
Epoch 67 Summary:
  Train - Loss: 0.082979 | MSE: 0.082979 | RMSE: 0.288061 | MAE: 0.198196
  Val   - Loss: 0.076146 | MSE: 0.076146 | RMSE: 0.275945 | MAE: 0.184610
============================================================
No improvement for 4 epochs

============================================================
Epoch 68/150
Learning Rate: 1.00e-03
============================================================

============================================================
Epoch 68 Summary:
  Train - Loss: 0.082934 | MSE: 0.082934 | RMSE: 0.287982 | MAE: 0.198269
  Val   - Loss: 0.074010 | MSE: 0.074010 | RMSE: 0.272049 | MAE: 0.174432
============================================================
No improvement for 5 epochs

============================================================
Epoch 69/150
Learning Rate: 1.00e-03
============================================================

============================================================
Epoch 69 Summary:
  Train - Loss: 0.082766 | MSE: 0.082766 | RMSE: 0.287690 | MAE: 0.198011
  Val   - Loss: 0.072240 | MSE: 0.072240 | RMSE: 0.268774 | MAE: 0.174144
============================================================
No improvement for 6 epochs

============================================================
Epoch 70/150
Learning Rate: 5.00e-04
============================================================

============================================================
Epoch 70 Summary:
  Train - Loss: 0.076710 | MSE: 0.076710 | RMSE: 0.276966 | MAE: 0.190204
  Val   - Loss: 0.068109 | MSE: 0.068109 | RMSE: 0.260977 | MAE: 0.169145
============================================================

✓ New best model saved! Val Loss: 0.068109
Checkpoint saved: src/trained_weights/UMambaMag_v2_STEAD_20251106_003919/model_epoch_70.pt

============================================================
Epoch 71/150
Learning Rate: 1.00e-03
============================================================

============================================================
Epoch 71 Summary:
  Train - Loss: 0.082470 | MSE: 0.082470 | RMSE: 0.287177 | MAE: 0.197384
  Val   - Loss: 0.074612 | MSE: 0.074612 | RMSE: 0.273152 | MAE: 0.183507
============================================================
No improvement for 1 epochs

============================================================
Epoch 72/150
Learning Rate: 1.00e-03
============================================================

============================================================
Epoch 72 Summary:
  Train - Loss: 0.082224 | MSE: 0.082224 | RMSE: 0.286747 | MAE: 0.197262
  Val   - Loss: 0.075010 | MSE: 0.075010 | RMSE: 0.273880 | MAE: 0.177292
============================================================
No improvement for 2 epochs

============================================================
Epoch 73/150
Learning Rate: 1.00e-03
============================================================

============================================================
Epoch 73 Summary:
  Train - Loss: 0.082639 | MSE: 0.082639 | RMSE: 0.287470 | MAE: 0.197371
  Val   - Loss: 0.075421 | MSE: 0.075421 | RMSE: 0.274628 | MAE: 0.178928
============================================================
No improvement for 3 epochs

============================================================
Epoch 74/150
Learning Rate: 1.00e-03
============================================================

============================================================
Epoch 74 Summary:
  Train - Loss: 0.082344 | MSE: 0.082344 | RMSE: 0.286957 | MAE: 0.197287
  Val   - Loss: 0.071124 | MSE: 0.071124 | RMSE: 0.266691 | MAE: 0.175048
============================================================
No improvement for 4 epochs

============================================================
Epoch 75/150
Learning Rate: 1.00e-03
============================================================

============================================================
Epoch 75 Summary:
  Train - Loss: 0.082187 | MSE: 0.082187 | RMSE: 0.286682 | MAE: 0.197194
  Val   - Loss: 0.073739 | MSE: 0.073739 | RMSE: 0.271550 | MAE: 0.180309
============================================================
No improvement for 5 epochs
Checkpoint saved: src/trained_weights/UMambaMag_v2_STEAD_20251106_003919/model_epoch_75.pt

============================================================
Epoch 76/150
Learning Rate: 1.00e-03
============================================================

============================================================
Epoch 76 Summary:
  Train - Loss: 0.081955 | MSE: 0.081955 | RMSE: 0.286278 | MAE: 0.196955
  Val   - Loss: 0.072607 | MSE: 0.072607 | RMSE: 0.269456 | MAE: 0.174649
============================================================
No improvement for 6 epochs

============================================================
Epoch 77/150
Learning Rate: 5.00e-04
============================================================

============================================================
Epoch 77 Summary:
  Train - Loss: 0.076177 | MSE: 0.076177 | RMSE: 0.276003 | MAE: 0.189511
  Val   - Loss: 0.068871 | MSE: 0.068871 | RMSE: 0.262434 | MAE: 0.168197
============================================================
No improvement for 7 epochs

============================================================
Epoch 78/150
Learning Rate: 1.00e-03
============================================================

============================================================
Epoch 78 Summary:
  Train - Loss: 0.081621 | MSE: 0.081621 | RMSE: 0.285693 | MAE: 0.196419
  Val   - Loss: 0.079928 | MSE: 0.079928 | RMSE: 0.282716 | MAE: 0.187879
============================================================
No improvement for 8 epochs

============================================================
Epoch 79/150
Learning Rate: 1.00e-03
============================================================

============================================================
Epoch 79 Summary:
  Train - Loss: 0.081764 | MSE: 0.081764 | RMSE: 0.285943 | MAE: 0.196491
  Val   - Loss: 0.075290 | MSE: 0.075290 | RMSE: 0.274391 | MAE: 0.177152
============================================================
No improvement for 9 epochs

============================================================
Epoch 80/150
Learning Rate: 1.00e-03
============================================================

============================================================
Epoch 80 Summary:
  Train - Loss: 0.081434 | MSE: 0.081434 | RMSE: 0.285366 | MAE: 0.196314
  Val   - Loss: 0.073086 | MSE: 0.073086 | RMSE: 0.270344 | MAE: 0.173044
============================================================
No improvement for 10 epochs
Checkpoint saved: src/trained_weights/UMambaMag_v2_STEAD_20251106_003919/model_epoch_80.pt

============================================================
Epoch 81/150
Learning Rate: 1.00e-03
============================================================

============================================================
Epoch 81 Summary:
  Train - Loss: 0.081589 | MSE: 0.081589 | RMSE: 0.285639 | MAE: 0.196549
  Val   - Loss: 0.076944 | MSE: 0.076944 | RMSE: 0.277388 | MAE: 0.181994
============================================================
No improvement for 11 epochs

============================================================
Epoch 82/150
Learning Rate: 1.00e-03
============================================================

============================================================
Epoch 82 Summary:
  Train - Loss: 0.081276 | MSE: 0.081276 | RMSE: 0.285090 | MAE: 0.196221
  Val   - Loss: 0.072355 | MSE: 0.072355 | RMSE: 0.268989 | MAE: 0.176163
============================================================
No improvement for 12 epochs

============================================================
Epoch 83/150
Learning Rate: 5.00e-04
============================================================

============================================================
Epoch 83 Summary:
  Train - Loss: 0.075683 | MSE: 0.075683 | RMSE: 0.275105 | MAE: 0.188980
  Val   - Loss: 0.068142 | MSE: 0.068142 | RMSE: 0.261040 | MAE: 0.166105
============================================================
No improvement for 13 epochs

============================================================
Epoch 84/150
Learning Rate: 1.00e-03
============================================================

============================================================
Epoch 84 Summary:
  Train - Loss: 0.080959 | MSE: 0.080959 | RMSE: 0.284533 | MAE: 0.195718
  Val   - Loss: 0.071848 | MSE: 0.071848 | RMSE: 0.268044 | MAE: 0.171961
============================================================
No improvement for 14 epochs

============================================================
Epoch 85/150
Learning Rate: 1.00e-03
============================================================

============================================================
Epoch 85 Summary:
  Train - Loss: 0.081008 | MSE: 0.081008 | RMSE: 0.284619 | MAE: 0.196018
  Val   - Loss: 0.073159 | MSE: 0.073159 | RMSE: 0.270480 | MAE: 0.175437
============================================================
No improvement for 15 epochs

Early stopping triggered after 15 epochs without improvement
Best validation loss: 0.068109

Final model saved: src/trained_weights/UMambaMag_v2_STEAD_20251106_003919/model_final.pt
Training history saved: src/trained_weights/UMambaMag_v2_STEAD_20251106_003919/training_history_20251106_003919.pt

============================================================
TRAINING COMPLETED
============================================================
Best validation loss: 0.068109
Best validation RMSE: 0.260977
Final train loss: 0.081008
Final val loss: 0.073159
Total Training Time: 16:06:30
============================================================
==================================================

