2025-11-19 06:06:42,921 | seisbench | WARNING | Setting remote root to: https://seisbench.gfz.de/mirror/
Please note that this can affect your download speed.
2025-11-19 06:06:52,940 | seisbench | WARNING | Output component order not specified, defaulting to 'ZNE'.
2025-11-19 06:06:58,975 | seisbench | WARNING | Skipping preload, as cache is disabled.
2025-11-19 06:07:04,088 | seisbench | WARNING | Skipping preload, as cache is disabled.
/home/quenton.yeo/code/.venv/lib/python3.11/site-packages/torch/optim/lr_scheduler.py:60: UserWarning: The verbose parameter is deprecated. Please use get_last_lr() to access the learning rate.
  warnings.warn(

==================================================
LOADING DATA
==================================================
STEAD dataset loaded: 1265657 samples

Training umamba_mag_v3 on STEAD for 150 epochs...
Model moved to cuda:2
Training UMamba V3 Magnitude Estimator model (dual-head architecture)

============================================================
TRAINING UMAMBA V3 (DUAL-HEAD ARCHITECTURE)
============================================================
Model: UMambaMag_v3_STEAD
Scalar weight: 0.7 (primary task)
Temporal weight: 0.25 (auxiliary task)
Learning rate: 0.001
Batch size: 32
Optimizer: AdamW
Weight decay: 1e-05
Gradient clip: 1.0
Warmup epochs: 5
Early stopping patience: 15
============================================================
Total parameters: 215,970
Trainable parameters: 215,970
Train samples: 1075808
Dev samples: 63283
============================================================


============================================================
Epoch 1/150
Learning Rate: 0.001000
============================================================

============================================================
Epoch 1/150 Summary
============================================================
Training   -> Loss: 0.272275 | Scalar: 0.277902 (RMSE: 0.5272) | Temporal: 0.310974 (RMSE: 0.5577)
Validation -> Loss: 0.190920 | Scalar: 0.188661 (RMSE: 0.4344) | Temporal: 0.235430 (RMSE: 0.4852)
============================================================
✓ New best model saved! Val Loss: 0.190920

============================================================
Epoch 2/150
Learning Rate: 0.000200
============================================================

============================================================
Epoch 2/150 Summary
============================================================
Training   -> Loss: 0.199701 | Scalar: 0.201844 (RMSE: 0.4493) | Temporal: 0.233642 (RMSE: 0.4834)
Validation -> Loss: 0.161760 | Scalar: 0.158265 (RMSE: 0.3978) | Temporal: 0.203897 (RMSE: 0.4515)
============================================================
✓ New best model saved! Val Loss: 0.161760

============================================================
Epoch 3/150
Learning Rate: 0.000400
============================================================

============================================================
Epoch 3/150 Summary
============================================================
Training   -> Loss: 0.178069 | Scalar: 0.179316 (RMSE: 0.4235) | Temporal: 0.210194 (RMSE: 0.4585)
Validation -> Loss: 0.155171 | Scalar: 0.153543 (RMSE: 0.3918) | Temporal: 0.190766 (RMSE: 0.4368)
============================================================
✓ New best model saved! Val Loss: 0.155171

============================================================
Epoch 4/150
Learning Rate: 0.000600
============================================================

============================================================
Epoch 4/150 Summary
============================================================
Training   -> Loss: 0.166802 | Scalar: 0.167625 (RMSE: 0.4094) | Temporal: 0.197859 (RMSE: 0.4448)
Validation -> Loss: 0.144819 | Scalar: 0.141362 (RMSE: 0.3760) | Temporal: 0.183463 (RMSE: 0.4283)
============================================================
✓ New best model saved! Val Loss: 0.144819

============================================================
Epoch 5/150
Learning Rate: 0.000800
============================================================

============================================================
Epoch 5/150 Summary
============================================================
Training   -> Loss: 0.160235 | Scalar: 0.161346 (RMSE: 0.4017) | Temporal: 0.189171 (RMSE: 0.4349)
Validation -> Loss: 0.139955 | Scalar: 0.136552 (RMSE: 0.3695) | Temporal: 0.177475 (RMSE: 0.4213)
============================================================
✓ New best model saved! Val Loss: 0.139955

============================================================
Epoch 6/150
Learning Rate: 0.001000
============================================================

============================================================
Epoch 6/150 Summary
============================================================
Training   -> Loss: 0.150462 | Scalar: 0.151266 (RMSE: 0.3889) | Temporal: 0.178301 (RMSE: 0.4223)
Validation -> Loss: 0.157332 | Scalar: 0.154615 (RMSE: 0.3932) | Temporal: 0.196408 (RMSE: 0.4432)
============================================================
No improvement for 1 epoch(s)

============================================================
Epoch 7/150
Learning Rate: 0.001000
============================================================

============================================================
Epoch 7/150 Summary
============================================================
Training   -> Loss: 0.144247 | Scalar: 0.144874 (RMSE: 0.3806) | Temporal: 0.171340 (RMSE: 0.4139)
Validation -> Loss: 0.128377 | Scalar: 0.124362 (RMSE: 0.3526) | Temporal: 0.165296 (RMSE: 0.4066)
============================================================
✓ New best model saved! Val Loss: 0.128377

============================================================
Epoch 8/150
Learning Rate: 0.001000
============================================================

============================================================
Epoch 8/150 Summary
============================================================
Training   -> Loss: 0.139899 | Scalar: 0.140456 (RMSE: 0.3748) | Temporal: 0.166319 (RMSE: 0.4078)
Validation -> Loss: 0.120792 | Scalar: 0.117611 (RMSE: 0.3429) | Temporal: 0.153857 (RMSE: 0.3922)
============================================================
✓ New best model saved! Val Loss: 0.120792

============================================================
Epoch 9/150
Learning Rate: 0.001000
============================================================

============================================================
Epoch 9/150 Summary
============================================================
Training   -> Loss: 0.135887 | Scalar: 0.136300 (RMSE: 0.3692) | Temporal: 0.161908 (RMSE: 0.4024)
Validation -> Loss: 0.123129 | Scalar: 0.118745 (RMSE: 0.3446) | Temporal: 0.160028 (RMSE: 0.4000)
============================================================
No improvement for 1 epoch(s)

============================================================
Epoch 10/150
Learning Rate: 0.001000
============================================================

============================================================
Epoch 10/150 Summary
============================================================
Training   -> Loss: 0.133378 | Scalar: 0.133626 (RMSE: 0.3655) | Temporal: 0.159359 (RMSE: 0.3992)
Validation -> Loss: 0.127446 | Scalar: 0.126774 (RMSE: 0.3561) | Temporal: 0.154818 (RMSE: 0.3935)
============================================================
No improvement for 2 epoch(s)

============================================================
Epoch 11/150
Learning Rate: 0.001000
============================================================

============================================================
Epoch 11/150 Summary
============================================================
Training   -> Loss: 0.131005 | Scalar: 0.131296 (RMSE: 0.3623) | Temporal: 0.156390 (RMSE: 0.3955)
Validation -> Loss: 0.123003 | Scalar: 0.121063 (RMSE: 0.3479) | Temporal: 0.153035 (RMSE: 0.3912)
============================================================
No improvement for 3 epoch(s)

============================================================
Epoch 12/150
Learning Rate: 0.001000
============================================================

============================================================
Epoch 12/150 Summary
============================================================
Training   -> Loss: 0.129130 | Scalar: 0.129561 (RMSE: 0.3599) | Temporal: 0.153750 (RMSE: 0.3921)
Validation -> Loss: 0.126698 | Scalar: 0.124688 (RMSE: 0.3531) | Temporal: 0.157664 (RMSE: 0.3971)
============================================================
No improvement for 4 epoch(s)

============================================================
Epoch 13/150
Learning Rate: 0.001000
============================================================

============================================================
Epoch 13/150 Summary
============================================================
Training   -> Loss: 0.127443 | Scalar: 0.127762 (RMSE: 0.3574) | Temporal: 0.152039 (RMSE: 0.3899)
Validation -> Loss: 0.112518 | Scalar: 0.108365 (RMSE: 0.3292) | Temporal: 0.146652 (RMSE: 0.3830)
============================================================
✓ New best model saved! Val Loss: 0.112518

============================================================
Epoch 14/150
Learning Rate: 0.001000
============================================================

============================================================
Epoch 14/150 Summary
============================================================
Training   -> Loss: 0.126246 | Scalar: 0.126634 (RMSE: 0.3559) | Temporal: 0.150407 (RMSE: 0.3878)
Validation -> Loss: 0.115406 | Scalar: 0.110627 (RMSE: 0.3326) | Temporal: 0.151868 (RMSE: 0.3897)
============================================================
No improvement for 1 epoch(s)

============================================================
Epoch 15/150
Learning Rate: 0.001000
============================================================

============================================================
Epoch 15/150 Summary
============================================================
Training   -> Loss: 0.124615 | Scalar: 0.124986 (RMSE: 0.3535) | Temporal: 0.148497 (RMSE: 0.3854)
Validation -> Loss: 0.110537 | Scalar: 0.106980 (RMSE: 0.3271) | Temporal: 0.142605 (RMSE: 0.3776)
============================================================
✓ New best model saved! Val Loss: 0.110537

============================================================
Epoch 16/150
Learning Rate: 0.001000
============================================================

============================================================
Epoch 16/150 Summary
============================================================
Training   -> Loss: 0.123585 | Scalar: 0.124017 (RMSE: 0.3522) | Temporal: 0.147090 (RMSE: 0.3835)
Validation -> Loss: 0.110454 | Scalar: 0.106463 (RMSE: 0.3263) | Temporal: 0.143719 (RMSE: 0.3791)
============================================================
✓ New best model saved! Val Loss: 0.110454

============================================================
Epoch 17/150
Learning Rate: 0.001000
============================================================

============================================================
Epoch 17/150 Summary
============================================================
Training   -> Loss: 0.122662 | Scalar: 0.123026 (RMSE: 0.3508) | Temporal: 0.146174 (RMSE: 0.3823)
Validation -> Loss: 0.110583 | Scalar: 0.107094 (RMSE: 0.3273) | Temporal: 0.142467 (RMSE: 0.3774)
============================================================
No improvement for 1 epoch(s)

============================================================
Epoch 18/150
Learning Rate: 0.001000
============================================================

============================================================
Epoch 18/150 Summary
============================================================
Training   -> Loss: 0.121496 | Scalar: 0.121783 (RMSE: 0.3490) | Temporal: 0.144991 (RMSE: 0.3808)
Validation -> Loss: 0.107409 | Scalar: 0.103708 (RMSE: 0.3220) | Temporal: 0.139255 (RMSE: 0.3732)
============================================================
✓ New best model saved! Val Loss: 0.107409

============================================================
Epoch 19/150
Learning Rate: 0.001000
============================================================

============================================================
Epoch 19/150 Summary
============================================================
Training   -> Loss: 0.120336 | Scalar: 0.120776 (RMSE: 0.3475) | Temporal: 0.143173 (RMSE: 0.3784)
Validation -> Loss: 0.105815 | Scalar: 0.102185 (RMSE: 0.3197) | Temporal: 0.137142 (RMSE: 0.3703)
============================================================
✓ New best model saved! Val Loss: 0.105815

============================================================
Epoch 20/150
Learning Rate: 0.001000
============================================================

============================================================
Epoch 20/150 Summary
============================================================
Training   -> Loss: 0.119733 | Scalar: 0.120196 (RMSE: 0.3467) | Temporal: 0.142384 (RMSE: 0.3773)
Validation -> Loss: 0.107959 | Scalar: 0.105252 (RMSE: 0.3244) | Temporal: 0.137130 (RMSE: 0.3703)
============================================================
No improvement for 1 epoch(s)

============================================================
Epoch 21/150
Learning Rate: 0.001000
============================================================

============================================================
Epoch 21/150 Summary
============================================================
Training   -> Loss: 0.119128 | Scalar: 0.119603 (RMSE: 0.3458) | Temporal: 0.141623 (RMSE: 0.3763)
Validation -> Loss: 0.109840 | Scalar: 0.106490 (RMSE: 0.3263) | Temporal: 0.141191 (RMSE: 0.3758)
============================================================
No improvement for 2 epoch(s)

============================================================
Epoch 22/150
Learning Rate: 0.001000
============================================================

============================================================
Epoch 22/150 Summary
============================================================
Training   -> Loss: 0.118960 | Scalar: 0.119554 (RMSE: 0.3458) | Temporal: 0.141089 (RMSE: 0.3756)
Validation -> Loss: 0.100183 | Scalar: 0.096554 (RMSE: 0.3107) | Temporal: 0.130381 (RMSE: 0.3611)
============================================================
✓ New best model saved! Val Loss: 0.100183

============================================================
Epoch 23/150
Learning Rate: 0.001000
============================================================

============================================================
Epoch 23/150 Summary
============================================================
Training   -> Loss: 0.118236 | Scalar: 0.118774 (RMSE: 0.3446) | Temporal: 0.140377 (RMSE: 0.3747)
Validation -> Loss: 0.104442 | Scalar: 0.101242 (RMSE: 0.3182) | Temporal: 0.134290 (RMSE: 0.3665)
============================================================
No improvement for 1 epoch(s)

============================================================
Epoch 24/150
Learning Rate: 0.001000
============================================================

============================================================
Epoch 24/150 Summary
============================================================
Training   -> Loss: 0.117749 | Scalar: 0.118345 (RMSE: 0.3440) | Temporal: 0.139628 (RMSE: 0.3737)
Validation -> Loss: 0.102060 | Scalar: 0.098606 (RMSE: 0.3140) | Temporal: 0.132144 (RMSE: 0.3635)
============================================================
No improvement for 2 epoch(s)

============================================================
Epoch 25/150
Learning Rate: 0.001000
============================================================

============================================================
Epoch 25/150 Summary
============================================================
Training   -> Loss: 0.116852 | Scalar: 0.117426 (RMSE: 0.3427) | Temporal: 0.138613 (RMSE: 0.3723)
Validation -> Loss: 0.104490 | Scalar: 0.100431 (RMSE: 0.3169) | Temporal: 0.136753 (RMSE: 0.3698)
============================================================
No improvement for 3 epoch(s)

============================================================
Epoch 26/150
Learning Rate: 0.001000
============================================================

============================================================
Epoch 26/150 Summary
============================================================
Training   -> Loss: 0.116734 | Scalar: 0.117447 (RMSE: 0.3427) | Temporal: 0.138084 (RMSE: 0.3716)
Validation -> Loss: 0.103621 | Scalar: 0.098888 (RMSE: 0.3145) | Temporal: 0.137596 (RMSE: 0.3709)
============================================================
No improvement for 4 epoch(s)

============================================================
Epoch 27/150
Learning Rate: 0.001000
============================================================

============================================================
Epoch 27/150 Summary
============================================================
Training   -> Loss: 0.115873 | Scalar: 0.116279 (RMSE: 0.3410) | Temporal: 0.137911 (RMSE: 0.3714)
Validation -> Loss: 0.103962 | Scalar: 0.100121 (RMSE: 0.3164) | Temporal: 0.135510 (RMSE: 0.3681)
============================================================
No improvement for 5 epoch(s)

============================================================
Epoch 28/150
Learning Rate: 0.001000
============================================================

============================================================
Epoch 28/150 Summary
============================================================
Training   -> Loss: 0.115235 | Scalar: 0.115779 (RMSE: 0.3403) | Temporal: 0.136758 (RMSE: 0.3698)
Validation -> Loss: 0.101766 | Scalar: 0.098270 (RMSE: 0.3135) | Temporal: 0.131907 (RMSE: 0.3632)
============================================================
No improvement for 6 epoch(s)

============================================================
Epoch 29/150
Learning Rate: 0.000500
============================================================

============================================================
Epoch 29/150 Summary
============================================================
Training   -> Loss: 0.106649 | Scalar: 0.106385 (RMSE: 0.3262) | Temporal: 0.128716 (RMSE: 0.3588)
Validation -> Loss: 0.094941 | Scalar: 0.090798 (RMSE: 0.3013) | Temporal: 0.125529 (RMSE: 0.3543)
============================================================
✓ New best model saved! Val Loss: 0.094941

============================================================
Epoch 30/150
Learning Rate: 0.000500
============================================================

============================================================
Epoch 30/150 Summary
============================================================
Training   -> Loss: 0.105304 | Scalar: 0.104858 (RMSE: 0.3238) | Temporal: 0.127614 (RMSE: 0.3572)
Validation -> Loss: 0.093323 | Scalar: 0.088562 (RMSE: 0.2976) | Temporal: 0.125316 (RMSE: 0.3540)
============================================================
✓ New best model saved! Val Loss: 0.093323

============================================================
Epoch 31/150
Learning Rate: 0.000500
============================================================

============================================================
Epoch 31/150 Summary
============================================================
Training   -> Loss: 0.104935 | Scalar: 0.104340 (RMSE: 0.3230) | Temporal: 0.127588 (RMSE: 0.3572)
Validation -> Loss: 0.098389 | Scalar: 0.096317 (RMSE: 0.3104) | Temporal: 0.123868 (RMSE: 0.3519)
============================================================
No improvement for 1 epoch(s)

============================================================
Epoch 32/150
Learning Rate: 0.000500
============================================================

============================================================
Epoch 32/150 Summary
============================================================
Training   -> Loss: 0.104372 | Scalar: 0.103819 (RMSE: 0.3222) | Temporal: 0.126795 (RMSE: 0.3561)
Validation -> Loss: 0.094224 | Scalar: 0.090756 (RMSE: 0.3013) | Temporal: 0.122781 (RMSE: 0.3504)
============================================================
No improvement for 2 epoch(s)

============================================================
Epoch 33/150
Learning Rate: 0.000500
============================================================

============================================================
Epoch 33/150 Summary
============================================================
Training   -> Loss: 0.103999 | Scalar: 0.103368 (RMSE: 0.3215) | Temporal: 0.126564 (RMSE: 0.3558)
Validation -> Loss: 0.093216 | Scalar: 0.089313 (RMSE: 0.2989) | Temporal: 0.122787 (RMSE: 0.3504)
============================================================
✓ New best model saved! Val Loss: 0.093216

============================================================
Epoch 34/150
Learning Rate: 0.000500
============================================================

============================================================
Epoch 34/150 Summary
============================================================
Training   -> Loss: 0.103588 | Scalar: 0.102990 (RMSE: 0.3209) | Temporal: 0.125979 (RMSE: 0.3549)
Validation -> Loss: 0.093874 | Scalar: 0.089271 (RMSE: 0.2988) | Temporal: 0.125535 (RMSE: 0.3543)
============================================================
No improvement for 1 epoch(s)

============================================================
Epoch 35/150
Learning Rate: 0.000500
============================================================

============================================================
Epoch 35/150 Summary
============================================================
Training   -> Loss: 0.103464 | Scalar: 0.102766 (RMSE: 0.3206) | Temporal: 0.126110 (RMSE: 0.3551)
Validation -> Loss: 0.090694 | Scalar: 0.086218 (RMSE: 0.2936) | Temporal: 0.121365 (RMSE: 0.3484)
============================================================
✓ New best model saved! Val Loss: 0.090694

============================================================
Epoch 36/150
Learning Rate: 0.000500
============================================================

============================================================
Epoch 36/150 Summary
============================================================
Training   -> Loss: 0.103087 | Scalar: 0.102491 (RMSE: 0.3201) | Temporal: 0.125374 (RMSE: 0.3541)
Validation -> Loss: 0.094667 | Scalar: 0.090886 (RMSE: 0.3015) | Temporal: 0.124186 (RMSE: 0.3524)
============================================================
No improvement for 1 epoch(s)

============================================================
Epoch 37/150
Learning Rate: 0.000500
============================================================

============================================================
Epoch 37/150 Summary
============================================================
Training   -> Loss: 0.102890 | Scalar: 0.102242 (RMSE: 0.3198) | Temporal: 0.125282 (RMSE: 0.3540)
Validation -> Loss: 0.094832 | Scalar: 0.091371 (RMSE: 0.3023) | Temporal: 0.123490 (RMSE: 0.3514)
============================================================
No improvement for 2 epoch(s)

============================================================
Epoch 38/150
Learning Rate: 0.000500
============================================================

============================================================
Epoch 38/150 Summary
============================================================
Training   -> Loss: 0.102380 | Scalar: 0.101709 (RMSE: 0.3189) | Temporal: 0.124735 (RMSE: 0.3532)
Validation -> Loss: 0.092799 | Scalar: 0.089194 (RMSE: 0.2987) | Temporal: 0.121454 (RMSE: 0.3485)
============================================================
No improvement for 3 epoch(s)

============================================================
Epoch 39/150
Learning Rate: 0.000500
============================================================

============================================================
Epoch 39/150 Summary
============================================================
Training   -> Loss: 0.102450 | Scalar: 0.101781 (RMSE: 0.3190) | Temporal: 0.124811 (RMSE: 0.3533)
Validation -> Loss: 0.090906 | Scalar: 0.086247 (RMSE: 0.2937) | Temporal: 0.122134 (RMSE: 0.3495)
============================================================
No improvement for 4 epoch(s)

============================================================
Epoch 40/150
Learning Rate: 0.000500
============================================================

============================================================
Epoch 40/150 Summary
============================================================
Training   -> Loss: 0.102372 | Scalar: 0.101837 (RMSE: 0.3191) | Temporal: 0.124344 (RMSE: 0.3526)
Validation -> Loss: 0.092291 | Scalar: 0.088382 (RMSE: 0.2973) | Temporal: 0.121693 (RMSE: 0.3488)
============================================================
No improvement for 5 epoch(s)

============================================================
Epoch 41/150
Learning Rate: 0.000500
============================================================

============================================================
Epoch 41/150 Summary
============================================================
Training   -> Loss: 0.102110 | Scalar: 0.101429 (RMSE: 0.3185) | Temporal: 0.124439 (RMSE: 0.3528)
Validation -> Loss: 0.093507 | Scalar: 0.089322 (RMSE: 0.2989) | Temporal: 0.123925 (RMSE: 0.3520)
============================================================
No improvement for 6 epoch(s)

============================================================
Epoch 42/150
Learning Rate: 0.000250
============================================================

============================================================
Epoch 42/150 Summary
============================================================
Training   -> Loss: 0.097668 | Scalar: 0.096539 (RMSE: 0.3107) | Temporal: 0.120363 (RMSE: 0.3469)
Validation -> Loss: 0.088033 | Scalar: 0.083405 (RMSE: 0.2888) | Temporal: 0.118598 (RMSE: 0.3444)
============================================================
✓ New best model saved! Val Loss: 0.088033

============================================================
Epoch 43/150
Learning Rate: 0.000250
============================================================

============================================================
Epoch 43/150 Summary
============================================================
Training   -> Loss: 0.097084 | Scalar: 0.095763 (RMSE: 0.3095) | Temporal: 0.120200 (RMSE: 0.3467)
Validation -> Loss: 0.090899 | Scalar: 0.087593 (RMSE: 0.2960) | Temporal: 0.118337 (RMSE: 0.3440)
============================================================
No improvement for 1 epoch(s)

============================================================
Epoch 44/150
Learning Rate: 0.000250
============================================================

============================================================
Epoch 44/150 Summary
============================================================
Training   -> Loss: 0.096929 | Scalar: 0.095669 (RMSE: 0.3093) | Temporal: 0.119842 (RMSE: 0.3462)
Validation -> Loss: 0.089813 | Scalar: 0.086052 (RMSE: 0.2933) | Temporal: 0.118307 (RMSE: 0.3440)
============================================================
No improvement for 2 epoch(s)

============================================================
Epoch 45/150
Learning Rate: 0.000250
============================================================

============================================================
Epoch 45/150 Summary
============================================================
Training   -> Loss: 0.096545 | Scalar: 0.095373 (RMSE: 0.3088) | Temporal: 0.119136 (RMSE: 0.3452)
Validation -> Loss: 0.086405 | Scalar: 0.081825 (RMSE: 0.2861) | Temporal: 0.116507 (RMSE: 0.3413)
============================================================
✓ New best model saved! Val Loss: 0.086405

============================================================
Epoch 46/150
Learning Rate: 0.000250
============================================================

============================================================
Epoch 46/150 Summary
============================================================
Training   -> Loss: 0.096547 | Scalar: 0.095379 (RMSE: 0.3088) | Temporal: 0.119128 (RMSE: 0.3451)
Validation -> Loss: 0.087970 | Scalar: 0.084092 (RMSE: 0.2900) | Temporal: 0.116423 (RMSE: 0.3412)
============================================================
No improvement for 1 epoch(s)

============================================================
Epoch 47/150
Learning Rate: 0.000250
============================================================

============================================================
Epoch 47/150 Summary
============================================================
Training   -> Loss: 0.096630 | Scalar: 0.095378 (RMSE: 0.3088) | Temporal: 0.119461 (RMSE: 0.3456)
Validation -> Loss: 0.088234 | Scalar: 0.084130 (RMSE: 0.2901) | Temporal: 0.117374 (RMSE: 0.3426)
============================================================
No improvement for 2 epoch(s)

============================================================
Epoch 48/150
Learning Rate: 0.000250
============================================================

============================================================
Epoch 48/150 Summary
============================================================
Training   -> Loss: 0.096348 | Scalar: 0.095126 (RMSE: 0.3084) | Temporal: 0.119041 (RMSE: 0.3450)
Validation -> Loss: 0.088210 | Scalar: 0.083708 (RMSE: 0.2893) | Temporal: 0.118455 (RMSE: 0.3442)
============================================================
No improvement for 3 epoch(s)

============================================================
Epoch 49/150
Learning Rate: 0.000250
============================================================

============================================================
Epoch 49/150 Summary
============================================================
Training   -> Loss: 0.096059 | Scalar: 0.094855 (RMSE: 0.3080) | Temporal: 0.118641 (RMSE: 0.3444)
Validation -> Loss: 0.087587 | Scalar: 0.083155 (RMSE: 0.2884) | Temporal: 0.117514 (RMSE: 0.3428)
============================================================
No improvement for 4 epoch(s)

============================================================
Epoch 50/150
Learning Rate: 0.000250
============================================================

============================================================
Epoch 50/150 Summary
============================================================
Training   -> Loss: 0.095745 | Scalar: 0.094391 (RMSE: 0.3072) | Temporal: 0.118685 (RMSE: 0.3445)
Validation -> Loss: 0.087494 | Scalar: 0.083167 (RMSE: 0.2884) | Temporal: 0.117106 (RMSE: 0.3422)
============================================================
No improvement for 5 epoch(s)

============================================================
Epoch 51/150
Learning Rate: 0.000250
============================================================

============================================================
Epoch 51/150 Summary
============================================================
Training   -> Loss: 0.095684 | Scalar: 0.094232 (RMSE: 0.3070) | Temporal: 0.118884 (RMSE: 0.3448)
Validation -> Loss: 0.088960 | Scalar: 0.084676 (RMSE: 0.2910) | Temporal: 0.118750 (RMSE: 0.3446)
============================================================
No improvement for 6 epoch(s)

============================================================
Epoch 52/150
Learning Rate: 0.000125
============================================================

============================================================
Epoch 52/150 Summary
============================================================
Training   -> Loss: 0.093466 | Scalar: 0.091843 (RMSE: 0.3031) | Temporal: 0.116704 (RMSE: 0.3416)
Validation -> Loss: 0.086254 | Scalar: 0.082272 (RMSE: 0.2868) | Temporal: 0.114655 (RMSE: 0.3386)
============================================================
✓ New best model saved! Val Loss: 0.086254

============================================================
Epoch 53/150
Learning Rate: 0.000125
============================================================

============================================================
Epoch 53/150 Summary
============================================================
Training   -> Loss: 0.093121 | Scalar: 0.091457 (RMSE: 0.3024) | Temporal: 0.116404 (RMSE: 0.3412)
Validation -> Loss: 0.086356 | Scalar: 0.081922 (RMSE: 0.2862) | Temporal: 0.116046 (RMSE: 0.3407)
============================================================
No improvement for 1 epoch(s)

============================================================
Epoch 54/150
Learning Rate: 0.000125
============================================================

============================================================
Epoch 54/150 Summary
============================================================
Training   -> Loss: 0.093287 | Scalar: 0.091643 (RMSE: 0.3027) | Temporal: 0.116545 (RMSE: 0.3414)
Validation -> Loss: 0.085445 | Scalar: 0.080874 (RMSE: 0.2844) | Temporal: 0.115333 (RMSE: 0.3396)
============================================================
✓ New best model saved! Val Loss: 0.085445

============================================================
Epoch 55/150
Learning Rate: 0.000125
============================================================

============================================================
Epoch 55/150 Summary
============================================================
Training   -> Loss: 0.093353 | Scalar: 0.091780 (RMSE: 0.3030) | Temporal: 0.116426 (RMSE: 0.3412)
Validation -> Loss: 0.085474 | Scalar: 0.081198 (RMSE: 0.2850) | Temporal: 0.114542 (RMSE: 0.3384)
============================================================
No improvement for 1 epoch(s)

============================================================
Epoch 56/150
Learning Rate: 0.000125
============================================================

============================================================
Epoch 56/150 Summary
============================================================
Training   -> Loss: 0.092783 | Scalar: 0.091169 (RMSE: 0.3019) | Temporal: 0.115858 (RMSE: 0.3404)
Validation -> Loss: 0.085891 | Scalar: 0.081702 (RMSE: 0.2858) | Temporal: 0.114798 (RMSE: 0.3388)
============================================================
No improvement for 2 epoch(s)

============================================================
Epoch 57/150
Learning Rate: 0.000125
============================================================

============================================================
Epoch 57/150 Summary
============================================================
Training   -> Loss: 0.092682 | Scalar: 0.091068 (RMSE: 0.3018) | Temporal: 0.115737 (RMSE: 0.3402)
Validation -> Loss: 0.084106 | Scalar: 0.079773 (RMSE: 0.2824) | Temporal: 0.113060 (RMSE: 0.3362)
============================================================
✓ New best model saved! Val Loss: 0.084106

============================================================
Epoch 58/150
Learning Rate: 0.000125
============================================================

============================================================
Epoch 58/150 Summary
============================================================
Training   -> Loss: 0.092730 | Scalar: 0.090933 (RMSE: 0.3016) | Temporal: 0.116309 (RMSE: 0.3410)
Validation -> Loss: 0.084100 | Scalar: 0.078678 (RMSE: 0.2805) | Temporal: 0.116102 (RMSE: 0.3407)
============================================================
✓ New best model saved! Val Loss: 0.084100

============================================================
Epoch 59/150
Learning Rate: 0.000125
============================================================

============================================================
Epoch 59/150 Summary
============================================================
Training   -> Loss: 0.092751 | Scalar: 0.091139 (RMSE: 0.3019) | Temporal: 0.115816 (RMSE: 0.3403)
Validation -> Loss: 0.085106 | Scalar: 0.080479 (RMSE: 0.2837) | Temporal: 0.115084 (RMSE: 0.3392)
============================================================
No improvement for 1 epoch(s)

============================================================
Epoch 60/150
Learning Rate: 0.000125
============================================================

============================================================
Epoch 60/150 Summary
============================================================
Training   -> Loss: 0.092566 | Scalar: 0.090854 (RMSE: 0.3014) | Temporal: 0.115871 (RMSE: 0.3404)
Validation -> Loss: 0.084095 | Scalar: 0.079887 (RMSE: 0.2826) | Temporal: 0.112695 (RMSE: 0.3357)
============================================================
✓ New best model saved! Val Loss: 0.084095

============================================================
Epoch 61/150
Learning Rate: 0.000125
============================================================

============================================================
Epoch 61/150 Summary
============================================================
Training   -> Loss: 0.092317 | Scalar: 0.090531 (RMSE: 0.3009) | Temporal: 0.115779 (RMSE: 0.3403)
Validation -> Loss: 0.085666 | Scalar: 0.081418 (RMSE: 0.2853) | Temporal: 0.114692 (RMSE: 0.3387)
============================================================
No improvement for 1 epoch(s)

============================================================
Epoch 62/150
Learning Rate: 0.000125
============================================================

============================================================
Epoch 62/150 Summary
============================================================
Training   -> Loss: 0.092229 | Scalar: 0.090661 (RMSE: 0.3011) | Temporal: 0.115066 (RMSE: 0.3392)
Validation -> Loss: 0.086540 | Scalar: 0.082463 (RMSE: 0.2872) | Temporal: 0.115260 (RMSE: 0.3395)
============================================================
No improvement for 2 epoch(s)

============================================================
Epoch 63/150
Learning Rate: 0.000125
============================================================

============================================================
Epoch 63/150 Summary
============================================================
Training   -> Loss: 0.092553 | Scalar: 0.090953 (RMSE: 0.3016) | Temporal: 0.115542 (RMSE: 0.3399)
Validation -> Loss: 0.084738 | Scalar: 0.080344 (RMSE: 0.2834) | Temporal: 0.113987 (RMSE: 0.3376)
============================================================
No improvement for 3 epoch(s)

============================================================
Epoch 64/150
Learning Rate: 0.000125
============================================================

============================================================
Epoch 64/150 Summary
============================================================
Training   -> Loss: 0.092414 | Scalar: 0.090756 (RMSE: 0.3013) | Temporal: 0.115541 (RMSE: 0.3399)
Validation -> Loss: 0.084631 | Scalar: 0.079695 (RMSE: 0.2823) | Temporal: 0.115378 (RMSE: 0.3397)
============================================================
No improvement for 4 epoch(s)

============================================================
Epoch 65/150
Learning Rate: 0.000125
============================================================

============================================================
Epoch 65/150 Summary
============================================================
Training   -> Loss: 0.091923 | Scalar: 0.090175 (RMSE: 0.3003) | Temporal: 0.115200 (RMSE: 0.3394)
Validation -> Loss: 0.084567 | Scalar: 0.080253 (RMSE: 0.2833) | Temporal: 0.113558 (RMSE: 0.3370)
============================================================
No improvement for 5 epoch(s)

============================================================
Epoch 66/150
Learning Rate: 0.000125
============================================================

============================================================
Epoch 66/150 Summary
============================================================
Training   -> Loss: 0.092109 | Scalar: 0.090396 (RMSE: 0.3007) | Temporal: 0.115329 (RMSE: 0.3396)
Validation -> Loss: 0.084845 | Scalar: 0.079965 (RMSE: 0.2828) | Temporal: 0.115479 (RMSE: 0.3398)
============================================================
No improvement for 6 epoch(s)

============================================================
Epoch 67/150
Learning Rate: 0.000063
============================================================

============================================================
Epoch 67/150 Summary
============================================================
Training   -> Loss: 0.091090 | Scalar: 0.089170 (RMSE: 0.2986) | Temporal: 0.114685 (RMSE: 0.3387)
Validation -> Loss: 0.083092 | Scalar: 0.078603 (RMSE: 0.2804) | Temporal: 0.112278 (RMSE: 0.3351)
============================================================
✓ New best model saved! Val Loss: 0.083092

============================================================
Epoch 68/150
Learning Rate: 0.000063
============================================================

============================================================
Epoch 68/150 Summary
============================================================
Training   -> Loss: 0.090454 | Scalar: 0.088547 (RMSE: 0.2976) | Temporal: 0.113885 (RMSE: 0.3375)
Validation -> Loss: 0.082474 | Scalar: 0.077989 (RMSE: 0.2793) | Temporal: 0.111525 (RMSE: 0.3340)
============================================================
✓ New best model saved! Val Loss: 0.082474

============================================================
Epoch 69/150
Learning Rate: 0.000063
============================================================

============================================================
Epoch 69/150 Summary
============================================================
Training   -> Loss: 0.090738 | Scalar: 0.088857 (RMSE: 0.2981) | Temporal: 0.114152 (RMSE: 0.3379)
Validation -> Loss: 0.084678 | Scalar: 0.080182 (RMSE: 0.2832) | Temporal: 0.114200 (RMSE: 0.3379)
============================================================
No improvement for 1 epoch(s)

============================================================
Epoch 70/150
Learning Rate: 0.000063
============================================================

============================================================
Epoch 70/150 Summary
============================================================
Training   -> Loss: 0.090764 | Scalar: 0.088846 (RMSE: 0.2981) | Temporal: 0.114288 (RMSE: 0.3381)
Validation -> Loss: 0.084001 | Scalar: 0.079374 (RMSE: 0.2817) | Temporal: 0.113756 (RMSE: 0.3373)
============================================================
No improvement for 2 epoch(s)

============================================================
Epoch 71/150
Learning Rate: 0.000063
============================================================

============================================================
Epoch 71/150 Summary
============================================================
Training   -> Loss: 0.090926 | Scalar: 0.089105 (RMSE: 0.2985) | Temporal: 0.114211 (RMSE: 0.3380)
Validation -> Loss: 0.083708 | Scalar: 0.078766 (RMSE: 0.2807) | Temporal: 0.114288 (RMSE: 0.3381)
============================================================
No improvement for 3 epoch(s)

============================================================
Epoch 72/150
Learning Rate: 0.000063
============================================================

============================================================
Epoch 72/150 Summary
============================================================
Training   -> Loss: 0.090809 | Scalar: 0.088908 (RMSE: 0.2982) | Temporal: 0.114295 (RMSE: 0.3381)
Validation -> Loss: 0.083399 | Scalar: 0.078761 (RMSE: 0.2806) | Temporal: 0.113066 (RMSE: 0.3363)
============================================================
No improvement for 4 epoch(s)

============================================================
Epoch 73/150
Learning Rate: 0.000063
============================================================

============================================================
Epoch 73/150 Summary
============================================================
Training   -> Loss: 0.090681 | Scalar: 0.088826 (RMSE: 0.2980) | Temporal: 0.114013 (RMSE: 0.3377)
Validation -> Loss: 0.084414 | Scalar: 0.079606 (RMSE: 0.2821) | Temporal: 0.114759 (RMSE: 0.3388)
============================================================
No improvement for 5 epoch(s)

============================================================
Epoch 74/150
Learning Rate: 0.000063
============================================================

============================================================
Epoch 74/150 Summary
============================================================
Training   -> Loss: 0.090622 | Scalar: 0.088718 (RMSE: 0.2979) | Temporal: 0.114077 (RMSE: 0.3378)
Validation -> Loss: 0.083945 | Scalar: 0.079624 (RMSE: 0.2822) | Temporal: 0.112832 (RMSE: 0.3359)
============================================================
No improvement for 6 epoch(s)

============================================================
Epoch 75/150
Learning Rate: 0.000031
============================================================

============================================================
Epoch 75/150 Summary
============================================================
Training   -> Loss: 0.089860 | Scalar: 0.087934 (RMSE: 0.2965) | Temporal: 0.113222 (RMSE: 0.3365)
Validation -> Loss: 0.083234 | Scalar: 0.078946 (RMSE: 0.2810) | Temporal: 0.111886 (RMSE: 0.3345)
============================================================
No improvement for 7 epoch(s)

============================================================
Epoch 76/150
Learning Rate: 0.000031
============================================================

============================================================
Epoch 76/150 Summary
============================================================
Training   -> Loss: 0.089844 | Scalar: 0.087729 (RMSE: 0.2962) | Temporal: 0.113735 (RMSE: 0.3372)
Validation -> Loss: 0.083469 | Scalar: 0.078824 (RMSE: 0.2808) | Temporal: 0.113169 (RMSE: 0.3364)
============================================================
No improvement for 8 epoch(s)

============================================================
Epoch 77/150
Learning Rate: 0.000031
============================================================

============================================================
Epoch 77/150 Summary
============================================================
Training   -> Loss: 0.089809 | Scalar: 0.087860 (RMSE: 0.2964) | Temporal: 0.113228 (RMSE: 0.3365)
Validation -> Loss: 0.082651 | Scalar: 0.077944 (RMSE: 0.2792) | Temporal: 0.112360 (RMSE: 0.3352)
============================================================
No improvement for 9 epoch(s)

============================================================
Epoch 78/150
Learning Rate: 0.000031
============================================================

============================================================
Epoch 78/150 Summary
============================================================
Training   -> Loss: 0.089911 | Scalar: 0.088009 (RMSE: 0.2967) | Temporal: 0.113220 (RMSE: 0.3365)
Validation -> Loss: 0.083550 | Scalar: 0.078568 (RMSE: 0.2803) | Temporal: 0.114211 (RMSE: 0.3380)
============================================================
No improvement for 10 epoch(s)

============================================================
Epoch 79/150
Learning Rate: 0.000031
============================================================

============================================================
Epoch 79/150 Summary
============================================================
Training   -> Loss: 0.089959 | Scalar: 0.087948 (RMSE: 0.2966) | Temporal: 0.113584 (RMSE: 0.3370)
Validation -> Loss: 0.083435 | Scalar: 0.078764 (RMSE: 0.2806) | Temporal: 0.113200 (RMSE: 0.3365)
============================================================
No improvement for 11 epoch(s)

============================================================
Epoch 80/150
Learning Rate: 0.000031
============================================================

============================================================
Epoch 80/150 Summary
============================================================
Training   -> Loss: 0.089897 | Scalar: 0.087851 (RMSE: 0.2964) | Temporal: 0.113607 (RMSE: 0.3371)
Validation -> Loss: 0.081521 | Scalar: 0.076394 (RMSE: 0.2764) | Temporal: 0.112183 (RMSE: 0.3349)
============================================================
✓ New best model saved! Val Loss: 0.081521

============================================================
Epoch 81/150
Learning Rate: 0.000031
============================================================

============================================================
Epoch 81/150 Summary
============================================================
Training   -> Loss: 0.089726 | Scalar: 0.087772 (RMSE: 0.2963) | Temporal: 0.113143 (RMSE: 0.3364)
Validation -> Loss: 0.084073 | Scalar: 0.079998 (RMSE: 0.2828) | Temporal: 0.112299 (RMSE: 0.3351)
============================================================
No improvement for 1 epoch(s)

============================================================
Epoch 82/150
Learning Rate: 0.000031
============================================================

============================================================
Epoch 82/150 Summary
============================================================
Training   -> Loss: 0.089444 | Scalar: 0.087392 (RMSE: 0.2956) | Temporal: 0.113079 (RMSE: 0.3363)
Validation -> Loss: 0.082693 | Scalar: 0.078194 (RMSE: 0.2796) | Temporal: 0.111829 (RMSE: 0.3344)
============================================================
No improvement for 2 epoch(s)

============================================================
Epoch 83/150
Learning Rate: 0.000031
============================================================

============================================================
Epoch 83/150 Summary
============================================================
Training   -> Loss: 0.089616 | Scalar: 0.087691 (RMSE: 0.2961) | Temporal: 0.112930 (RMSE: 0.3361)
Validation -> Loss: 0.082053 | Scalar: 0.077258 (RMSE: 0.2780) | Temporal: 0.111890 (RMSE: 0.3345)
============================================================
No improvement for 3 epoch(s)

============================================================
Epoch 84/150
Learning Rate: 0.000031
============================================================

============================================================
Epoch 84/150 Summary
============================================================
Training   -> Loss: 0.089860 | Scalar: 0.087811 (RMSE: 0.2963) | Temporal: 0.113571 (RMSE: 0.3370)
Validation -> Loss: 0.083635 | Scalar: 0.078772 (RMSE: 0.2807) | Temporal: 0.113975 (RMSE: 0.3376)
============================================================
No improvement for 4 epoch(s)

============================================================
Epoch 85/150
Learning Rate: 0.000031
============================================================

============================================================
Epoch 85/150 Summary
============================================================
Training   -> Loss: 0.089783 | Scalar: 0.087722 (RMSE: 0.2962) | Temporal: 0.113511 (RMSE: 0.3369)
Validation -> Loss: 0.083898 | Scalar: 0.079298 (RMSE: 0.2816) | Temporal: 0.113556 (RMSE: 0.3370)
============================================================
No improvement for 5 epoch(s)

============================================================
Epoch 86/150
Learning Rate: 0.000031
============================================================

============================================================
Epoch 86/150 Summary
============================================================
Training   -> Loss: 0.089676 | Scalar: 0.087807 (RMSE: 0.2963) | Temporal: 0.112842 (RMSE: 0.3359)
Validation -> Loss: 0.081117 | Scalar: 0.076174 (RMSE: 0.2760) | Temporal: 0.111181 (RMSE: 0.3334)
============================================================
✓ New best model saved! Val Loss: 0.081117

============================================================
Epoch 87/150
Learning Rate: 0.000031
============================================================

============================================================
Epoch 87/150 Summary
============================================================
Training   -> Loss: 0.089856 | Scalar: 0.087932 (RMSE: 0.2965) | Temporal: 0.113213 (RMSE: 0.3365)
Validation -> Loss: 0.083677 | Scalar: 0.079624 (RMSE: 0.2822) | Temporal: 0.111761 (RMSE: 0.3343)
============================================================
No improvement for 1 epoch(s)

============================================================
Epoch 88/150
Learning Rate: 0.000031
============================================================

============================================================
Epoch 88/150 Summary
============================================================
Training   -> Loss: 0.089693 | Scalar: 0.087836 (RMSE: 0.2964) | Temporal: 0.112832 (RMSE: 0.3359)
Validation -> Loss: 0.083310 | Scalar: 0.078621 (RMSE: 0.2804) | Temporal: 0.113104 (RMSE: 0.3363)
============================================================
No improvement for 2 epoch(s)

============================================================
Epoch 89/150
Learning Rate: 0.000031
============================================================

============================================================
Epoch 89/150 Summary
============================================================
Training   -> Loss: 0.089627 | Scalar: 0.087713 (RMSE: 0.2962) | Temporal: 0.112912 (RMSE: 0.3360)
Validation -> Loss: 0.082004 | Scalar: 0.077162 (RMSE: 0.2778) | Temporal: 0.111965 (RMSE: 0.3346)
============================================================
No improvement for 3 epoch(s)

============================================================
Epoch 90/150
Learning Rate: 0.000031
============================================================

============================================================
Epoch 90/150 Summary
============================================================
Training   -> Loss: 0.089767 | Scalar: 0.087833 (RMSE: 0.2964) | Temporal: 0.113133 (RMSE: 0.3364)
Validation -> Loss: 0.083454 | Scalar: 0.079130 (RMSE: 0.2813) | Temporal: 0.112253 (RMSE: 0.3350)
============================================================
No improvement for 4 epoch(s)

============================================================
Epoch 91/150
Learning Rate: 0.000031
============================================================

============================================================
Epoch 91/150 Summary
============================================================
Training   -> Loss: 0.089644 | Scalar: 0.087592 (RMSE: 0.2960) | Temporal: 0.113321 (RMSE: 0.3366)
Validation -> Loss: 0.083539 | Scalar: 0.079594 (RMSE: 0.2821) | Temporal: 0.111294 (RMSE: 0.3336)
============================================================
No improvement for 5 epoch(s)

============================================================
Epoch 92/150
Learning Rate: 0.000031
============================================================

============================================================
Epoch 92/150 Summary
============================================================
Training   -> Loss: 0.089566 | Scalar: 0.087584 (RMSE: 0.2959) | Temporal: 0.113026 (RMSE: 0.3362)
Validation -> Loss: 0.083626 | Scalar: 0.078937 (RMSE: 0.2810) | Temporal: 0.113481 (RMSE: 0.3369)
============================================================
No improvement for 6 epoch(s)

============================================================
Epoch 93/150
Learning Rate: 0.000016
============================================================

============================================================
Epoch 93/150 Summary
============================================================
Training   -> Loss: 0.089233 | Scalar: 0.087225 (RMSE: 0.2953) | Temporal: 0.112703 (RMSE: 0.3357)
Validation -> Loss: 0.083416 | Scalar: 0.078882 (RMSE: 0.2809) | Temporal: 0.112793 (RMSE: 0.3358)
============================================================
No improvement for 7 epoch(s)

============================================================
Epoch 94/150
Learning Rate: 0.000016
============================================================

============================================================
Epoch 94/150 Summary
============================================================
Training   -> Loss: 0.089373 | Scalar: 0.087305 (RMSE: 0.2955) | Temporal: 0.113038 (RMSE: 0.3362)
Validation -> Loss: 0.083091 | Scalar: 0.078954 (RMSE: 0.2810) | Temporal: 0.111293 (RMSE: 0.3336)
============================================================
No improvement for 8 epoch(s)

============================================================
Epoch 95/150
Learning Rate: 0.000016
============================================================

============================================================
Epoch 95/150 Summary
============================================================
Training   -> Loss: 0.089271 | Scalar: 0.087166 (RMSE: 0.2952) | Temporal: 0.113020 (RMSE: 0.3362)
Validation -> Loss: 0.082559 | Scalar: 0.078077 (RMSE: 0.2794) | Temporal: 0.111618 (RMSE: 0.3341)
============================================================
No improvement for 9 epoch(s)

============================================================
Epoch 96/150
Learning Rate: 0.000016
============================================================

============================================================
Epoch 96/150 Summary
============================================================
Training   -> Loss: 0.089377 | Scalar: 0.087280 (RMSE: 0.2954) | Temporal: 0.113122 (RMSE: 0.3363)
Validation -> Loss: 0.082349 | Scalar: 0.077742 (RMSE: 0.2788) | Temporal: 0.111717 (RMSE: 0.3342)
============================================================
No improvement for 10 epoch(s)

============================================================
Epoch 97/150
Learning Rate: 0.000016
============================================================

============================================================
Epoch 97/150 Summary
============================================================
Training   -> Loss: 0.088989 | Scalar: 0.086850 (RMSE: 0.2947) | Temporal: 0.112778 (RMSE: 0.3358)
Validation -> Loss: 0.082849 | Scalar: 0.077897 (RMSE: 0.2791) | Temporal: 0.113285 (RMSE: 0.3366)
============================================================
No improvement for 11 epoch(s)

============================================================
Epoch 98/150
Learning Rate: 0.000016
============================================================

============================================================
Epoch 98/150 Summary
============================================================
Training   -> Loss: 0.088970 | Scalar: 0.086866 (RMSE: 0.2947) | Temporal: 0.112656 (RMSE: 0.3356)
Validation -> Loss: 0.082361 | Scalar: 0.078036 (RMSE: 0.2793) | Temporal: 0.110944 (RMSE: 0.3331)
============================================================
No improvement for 12 epoch(s)

============================================================
Epoch 99/150
Learning Rate: 0.000008
============================================================

============================================================
Epoch 99/150 Summary
============================================================
Training   -> Loss: 0.089037 | Scalar: 0.086851 (RMSE: 0.2947) | Temporal: 0.112967 (RMSE: 0.3361)
Validation -> Loss: 0.082135 | Scalar: 0.077420 (RMSE: 0.2782) | Temporal: 0.111762 (RMSE: 0.3343)
============================================================
No improvement for 13 epoch(s)

============================================================
Epoch 100/150
Learning Rate: 0.000008
============================================================

============================================================
Epoch 100/150 Summary
============================================================
Training   -> Loss: 0.089074 | Scalar: 0.087016 (RMSE: 0.2950) | Temporal: 0.112649 (RMSE: 0.3356)
Validation -> Loss: 0.082758 | Scalar: 0.078070 (RMSE: 0.2794) | Temporal: 0.112436 (RMSE: 0.3353)
============================================================
No improvement for 14 epoch(s)

============================================================
Epoch 101/150
Learning Rate: 0.000008
============================================================

============================================================
Epoch 101/150 Summary
============================================================
Training   -> Loss: 0.088931 | Scalar: 0.086770 (RMSE: 0.2946) | Temporal: 0.112767 (RMSE: 0.3358)
Validation -> Loss: 0.081988 | Scalar: 0.077025 (RMSE: 0.2775) | Temporal: 0.112281 (RMSE: 0.3351)
============================================================
No improvement for 15 epoch(s)

Early stopping triggered after 15 epochs without improvement
Best validation loss: 0.081117

============================================================
TRAINING COMPLETED
============================================================
Best validation loss: 0.081117
Best validation RMSE: 0.284810
Final train loss: 0.088931
Final val loss: 0.081988
Total Training Time: 17:32:43
Models saved to: src/trained_weights/UMambaMag_v3_STEAD_20251119_060653
============================================================

==================================================

