2025-11-06 16:45:55,480 | seisbench | WARNING | Setting remote root to: https://seisbench.gfz.de/mirror/
Please note that this can affect your download speed.
2025-11-06 16:46:05,416 | seisbench | WARNING | Output component order not specified, defaulting to 'ZNE'.
2025-11-06 16:46:11,364 | seisbench | WARNING | Skipping preload, as cache is disabled.
2025-11-06 16:46:16,373 | seisbench | WARNING | Skipping preload, as cache is disabled.
/home/quenton.yeo/code/.venv/lib/python3.11/site-packages/torch/optim/lr_scheduler.py:60: UserWarning: The verbose parameter is deprecated. Please use get_last_lr() to access the learning rate.
  warnings.warn(

==================================================
LOADING DATA
==================================================
STEAD dataset loaded: 1265657 samples

Training umamba_mag_v2 on STEAD for 150 epochs...
Model moved to cuda:1
Training UMamba V2 Magnitude Estimator model (encoder-only with pooling)

============================================================
TRAINING UMAMBAMAG V2 (ENCODER-ONLY WITH POOLING)
============================================================
Model: UMambaMag_v2_STEAD
Dataset: STEAD
Batch size: 32
Learning rate: 0.001
Epochs: 150
Warmup epochs: 5
============================================================
Model is on device: cuda:1
Total parameters: 267,953
Trainable parameters: 267,953

Loading data...
Train batches: 33619
Dev batches: 1978

Saving models to: src/trained_weights/UMambaMag_v2_STEAD_20251106_164616


============================================================
Epoch 1/150
Learning Rate: 1.00e-04
============================================================

============================================================
Epoch 1 Summary:
  Train - Loss: 0.267591 | MSE: 0.267591 | RMSE: 0.517292 | MAE: 0.351524
  Val   - Loss: 0.172228 | MSE: 0.172228 | RMSE: 0.415004 | MAE: 0.281395
============================================================

✓ New best model saved! Val Loss: 0.172228

============================================================
Epoch 2/150
Learning Rate: 2.80e-04
============================================================

============================================================
Epoch 2 Summary:
  Train - Loss: 0.178600 | MSE: 0.178600 | RMSE: 0.422611 | MAE: 0.290658
  Val   - Loss: 0.146375 | MSE: 0.146375 | RMSE: 0.382590 | MAE: 0.257954
============================================================

✓ New best model saved! Val Loss: 0.146375

============================================================
Epoch 3/150
Learning Rate: 4.60e-04
============================================================

============================================================
Epoch 3 Summary:
  Train - Loss: 0.149724 | MSE: 0.149724 | RMSE: 0.386942 | MAE: 0.265809
  Val   - Loss: 0.125066 | MSE: 0.125066 | RMSE: 0.353647 | MAE: 0.239271
============================================================

✓ New best model saved! Val Loss: 0.125066

============================================================
Epoch 4/150
Learning Rate: 6.40e-04
============================================================

============================================================
Epoch 4 Summary:
  Train - Loss: 0.136134 | MSE: 0.136134 | RMSE: 0.368964 | MAE: 0.253872
  Val   - Loss: 0.119882 | MSE: 0.119882 | RMSE: 0.346240 | MAE: 0.234188
============================================================

✓ New best model saved! Val Loss: 0.119882

============================================================
Epoch 5/150
Learning Rate: 8.20e-04
============================================================

============================================================
Epoch 5 Summary:
  Train - Loss: 0.127707 | MSE: 0.127707 | RMSE: 0.357361 | MAE: 0.246468
  Val   - Loss: 0.109617 | MSE: 0.109617 | RMSE: 0.331084 | MAE: 0.220422
============================================================

✓ New best model saved! Val Loss: 0.109617
Checkpoint saved: src/trained_weights/UMambaMag_v2_STEAD_20251106_164616/model_epoch_5.pt

============================================================
Epoch 6/150
Learning Rate: 1.00e-03
============================================================

============================================================
Epoch 6 Summary:
  Train - Loss: 0.122792 | MSE: 0.122792 | RMSE: 0.350417 | MAE: 0.241838
  Val   - Loss: 0.103179 | MSE: 0.103179 | RMSE: 0.321214 | MAE: 0.213695
============================================================

✓ New best model saved! Val Loss: 0.103179

============================================================
Epoch 7/150
Learning Rate: 1.00e-03
============================================================

============================================================
Epoch 7 Summary:
  Train - Loss: 0.115175 | MSE: 0.115175 | RMSE: 0.339375 | MAE: 0.234221
  Val   - Loss: 0.105490 | MSE: 0.105490 | RMSE: 0.324792 | MAE: 0.219742
============================================================
No improvement for 1 epochs

============================================================
Epoch 8/150
Learning Rate: 1.00e-03
============================================================

============================================================
Epoch 8 Summary:
  Train - Loss: 0.110811 | MSE: 0.110811 | RMSE: 0.332883 | MAE: 0.229170
  Val   - Loss: 0.097868 | MSE: 0.097868 | RMSE: 0.312839 | MAE: 0.203238
============================================================

✓ New best model saved! Val Loss: 0.097868

============================================================
Epoch 9/150
Learning Rate: 1.00e-03
============================================================

============================================================
Epoch 9 Summary:
  Train - Loss: 0.106977 | MSE: 0.106977 | RMSE: 0.327074 | MAE: 0.225299
  Val   - Loss: 0.096669 | MSE: 0.096669 | RMSE: 0.310917 | MAE: 0.205057
============================================================

✓ New best model saved! Val Loss: 0.096669

============================================================
Epoch 10/150
Learning Rate: 1.00e-03
============================================================

============================================================
Epoch 10 Summary:
  Train - Loss: 0.104398 | MSE: 0.104398 | RMSE: 0.323107 | MAE: 0.222853
  Val   - Loss: 0.091146 | MSE: 0.091146 | RMSE: 0.301904 | MAE: 0.201831
============================================================

✓ New best model saved! Val Loss: 0.091146
Checkpoint saved: src/trained_weights/UMambaMag_v2_STEAD_20251106_164616/model_epoch_10.pt

============================================================
Epoch 11/150
Learning Rate: 1.00e-03
============================================================

============================================================
Epoch 11 Summary:
  Train - Loss: 0.101971 | MSE: 0.101971 | RMSE: 0.319330 | MAE: 0.220090
  Val   - Loss: 0.091297 | MSE: 0.091297 | RMSE: 0.302153 | MAE: 0.201196
============================================================
No improvement for 1 epochs

============================================================
Epoch 12/150
Learning Rate: 1.00e-03
============================================================

============================================================
Epoch 12 Summary:
  Train - Loss: 0.100331 | MSE: 0.100331 | RMSE: 0.316751 | MAE: 0.218032
  Val   - Loss: 0.088511 | MSE: 0.088511 | RMSE: 0.297508 | MAE: 0.191756
============================================================

✓ New best model saved! Val Loss: 0.088511

============================================================
Epoch 13/150
Learning Rate: 1.00e-03
============================================================

============================================================
Epoch 13 Summary:
  Train - Loss: 0.098750 | MSE: 0.098750 | RMSE: 0.314245 | MAE: 0.216302
  Val   - Loss: 0.089185 | MSE: 0.089185 | RMSE: 0.298639 | MAE: 0.192828
============================================================
No improvement for 1 epochs

============================================================
Epoch 14/150
Learning Rate: 1.00e-03
============================================================

============================================================
Epoch 14 Summary:
  Train - Loss: 0.097320 | MSE: 0.097320 | RMSE: 0.311961 | MAE: 0.214577
  Val   - Loss: 0.086108 | MSE: 0.086108 | RMSE: 0.293441 | MAE: 0.196205
============================================================

✓ New best model saved! Val Loss: 0.086108

============================================================
Epoch 15/150
Learning Rate: 1.00e-03
============================================================

============================================================
Epoch 15 Summary:
  Train - Loss: 0.096032 | MSE: 0.096032 | RMSE: 0.309890 | MAE: 0.213251
  Val   - Loss: 0.088452 | MSE: 0.088452 | RMSE: 0.297409 | MAE: 0.189185
============================================================
No improvement for 1 epochs
Checkpoint saved: src/trained_weights/UMambaMag_v2_STEAD_20251106_164616/model_epoch_15.pt

============================================================
Epoch 16/150
Learning Rate: 1.00e-03
============================================================

============================================================
Epoch 16 Summary:
  Train - Loss: 0.094864 | MSE: 0.094864 | RMSE: 0.308000 | MAE: 0.212051
  Val   - Loss: 0.081462 | MSE: 0.081462 | RMSE: 0.285415 | MAE: 0.186237
============================================================

✓ New best model saved! Val Loss: 0.081462

============================================================
Epoch 17/150
Learning Rate: 1.00e-03
============================================================

============================================================
Epoch 17 Summary:
  Train - Loss: 0.093802 | MSE: 0.093802 | RMSE: 0.306272 | MAE: 0.211028
  Val   - Loss: 0.079173 | MSE: 0.079173 | RMSE: 0.281376 | MAE: 0.189398
============================================================

✓ New best model saved! Val Loss: 0.079173

============================================================
Epoch 18/150
Learning Rate: 1.00e-03
============================================================

============================================================
Epoch 18 Summary:
  Train - Loss: 0.093582 | MSE: 0.093582 | RMSE: 0.305911 | MAE: 0.210296
  Val   - Loss: 0.081470 | MSE: 0.081470 | RMSE: 0.285429 | MAE: 0.183074
============================================================
No improvement for 1 epochs

============================================================
Epoch 19/150
Learning Rate: 1.00e-03
============================================================

============================================================
Epoch 19 Summary:
  Train - Loss: 0.092339 | MSE: 0.092339 | RMSE: 0.303873 | MAE: 0.209110
  Val   - Loss: 0.085904 | MSE: 0.085904 | RMSE: 0.293094 | MAE: 0.190635
============================================================
No improvement for 2 epochs

============================================================
Epoch 20/150
Learning Rate: 1.00e-03
============================================================

============================================================
Epoch 20 Summary:
  Train - Loss: 0.091607 | MSE: 0.091607 | RMSE: 0.302667 | MAE: 0.208373
  Val   - Loss: 0.080080 | MSE: 0.080080 | RMSE: 0.282984 | MAE: 0.192008
============================================================
No improvement for 3 epochs
Checkpoint saved: src/trained_weights/UMambaMag_v2_STEAD_20251106_164616/model_epoch_20.pt

============================================================
Epoch 21/150
Learning Rate: 1.00e-03
============================================================

============================================================
Epoch 21 Summary:
  Train - Loss: 0.090785 | MSE: 0.090785 | RMSE: 0.301305 | MAE: 0.207320
  Val   - Loss: 0.079348 | MSE: 0.079348 | RMSE: 0.281687 | MAE: 0.187631
============================================================
No improvement for 4 epochs

============================================================
Epoch 22/150
Learning Rate: 1.00e-03
============================================================

============================================================
Epoch 22 Summary:
  Train - Loss: 0.090357 | MSE: 0.090357 | RMSE: 0.300594 | MAE: 0.206837
  Val   - Loss: 0.083599 | MSE: 0.083599 | RMSE: 0.289136 | MAE: 0.194871
============================================================
No improvement for 5 epochs

============================================================
Epoch 23/150
Learning Rate: 1.00e-03
============================================================

============================================================
Epoch 23 Summary:
  Train - Loss: 0.089721 | MSE: 0.089721 | RMSE: 0.299534 | MAE: 0.206128
  Val   - Loss: 0.077319 | MSE: 0.077319 | RMSE: 0.278062 | MAE: 0.184925
============================================================

✓ New best model saved! Val Loss: 0.077319

============================================================
Epoch 24/150
Learning Rate: 1.00e-03
============================================================

============================================================
Epoch 24 Summary:
  Train - Loss: 0.089112 | MSE: 0.089112 | RMSE: 0.298516 | MAE: 0.205560
  Val   - Loss: 0.081922 | MSE: 0.081922 | RMSE: 0.286219 | MAE: 0.188331
============================================================
No improvement for 1 epochs

============================================================
Epoch 25/150
Learning Rate: 1.00e-03
============================================================

============================================================
Epoch 25 Summary:
  Train - Loss: 0.088390 | MSE: 0.088390 | RMSE: 0.297304 | MAE: 0.204699
  Val   - Loss: 0.083700 | MSE: 0.083700 | RMSE: 0.289309 | MAE: 0.184678
============================================================
No improvement for 2 epochs
Checkpoint saved: src/trained_weights/UMambaMag_v2_STEAD_20251106_164616/model_epoch_25.pt

============================================================
Epoch 26/150
Learning Rate: 1.00e-03
============================================================

============================================================
Epoch 26 Summary:
  Train - Loss: 0.088283 | MSE: 0.088283 | RMSE: 0.297124 | MAE: 0.204467
  Val   - Loss: 0.076599 | MSE: 0.076599 | RMSE: 0.276764 | MAE: 0.178700
============================================================

✓ New best model saved! Val Loss: 0.076599

============================================================
Epoch 27/150
Learning Rate: 1.00e-03
============================================================

============================================================
Epoch 27 Summary:
  Train - Loss: 0.087620 | MSE: 0.087620 | RMSE: 0.296006 | MAE: 0.203818
  Val   - Loss: 0.076970 | MSE: 0.076970 | RMSE: 0.277434 | MAE: 0.185074
============================================================
No improvement for 1 epochs

============================================================
Epoch 28/150
Learning Rate: 1.00e-03
============================================================

============================================================
Epoch 28 Summary:
  Train - Loss: 0.087647 | MSE: 0.087647 | RMSE: 0.296052 | MAE: 0.203357
  Val   - Loss: 0.077382 | MSE: 0.077382 | RMSE: 0.278175 | MAE: 0.179662
============================================================
No improvement for 2 epochs

============================================================
Epoch 29/150
Learning Rate: 1.00e-03
============================================================

============================================================
Epoch 29 Summary:
  Train - Loss: 0.086945 | MSE: 0.086945 | RMSE: 0.294864 | MAE: 0.202983
  Val   - Loss: 0.075954 | MSE: 0.075954 | RMSE: 0.275597 | MAE: 0.181965
============================================================

✓ New best model saved! Val Loss: 0.075954

============================================================
Epoch 30/150
Learning Rate: 1.00e-03
============================================================

============================================================
Epoch 30 Summary:
  Train - Loss: 0.086672 | MSE: 0.086672 | RMSE: 0.294402 | MAE: 0.202722
  Val   - Loss: 0.076210 | MSE: 0.076210 | RMSE: 0.276061 | MAE: 0.187442
============================================================
No improvement for 1 epochs
Checkpoint saved: src/trained_weights/UMambaMag_v2_STEAD_20251106_164616/model_epoch_30.pt

============================================================
Epoch 31/150
Learning Rate: 1.00e-03
============================================================

============================================================
Epoch 31 Summary:
  Train - Loss: 0.086167 | MSE: 0.086167 | RMSE: 0.293542 | MAE: 0.202051
  Val   - Loss: 0.078336 | MSE: 0.078336 | RMSE: 0.279886 | MAE: 0.182653
============================================================
No improvement for 2 epochs

============================================================
Epoch 32/150
Learning Rate: 1.00e-03
============================================================

============================================================
Epoch 32 Summary:
  Train - Loss: 0.085514 | MSE: 0.085514 | RMSE: 0.292428 | MAE: 0.201469
  Val   - Loss: 0.079316 | MSE: 0.079316 | RMSE: 0.281631 | MAE: 0.186270
============================================================
No improvement for 3 epochs

============================================================
Epoch 33/150
Learning Rate: 1.00e-03
============================================================

============================================================
Epoch 33 Summary:
  Train - Loss: 0.085261 | MSE: 0.085261 | RMSE: 0.291994 | MAE: 0.201074
  Val   - Loss: 0.075869 | MSE: 0.075869 | RMSE: 0.275443 | MAE: 0.178139
============================================================

✓ New best model saved! Val Loss: 0.075869

============================================================
Epoch 34/150
Learning Rate: 1.00e-03
============================================================

============================================================
Epoch 34 Summary:
  Train - Loss: 0.085119 | MSE: 0.085119 | RMSE: 0.291752 | MAE: 0.200919
  Val   - Loss: 0.076745 | MSE: 0.076745 | RMSE: 0.277028 | MAE: 0.181400
============================================================
No improvement for 1 epochs

============================================================
Epoch 35/150
Learning Rate: 1.00e-03
============================================================

============================================================
Epoch 35 Summary:
  Train - Loss: 0.084655 | MSE: 0.084655 | RMSE: 0.290956 | MAE: 0.200406
  Val   - Loss: 0.075453 | MSE: 0.075453 | RMSE: 0.274687 | MAE: 0.182723
============================================================

✓ New best model saved! Val Loss: 0.075453
Checkpoint saved: src/trained_weights/UMambaMag_v2_STEAD_20251106_164616/model_epoch_35.pt

============================================================
Epoch 36/150
Learning Rate: 1.00e-03
============================================================

============================================================
Epoch 36 Summary:
  Train - Loss: 0.084251 | MSE: 0.084251 | RMSE: 0.290260 | MAE: 0.199959
  Val   - Loss: 0.074857 | MSE: 0.074857 | RMSE: 0.273600 | MAE: 0.186019
============================================================

✓ New best model saved! Val Loss: 0.074857

============================================================
Epoch 37/150
Learning Rate: 1.00e-03
============================================================

============================================================
Epoch 37 Summary:
  Train - Loss: 0.084043 | MSE: 0.084043 | RMSE: 0.289902 | MAE: 0.199845
  Val   - Loss: 0.072896 | MSE: 0.072896 | RMSE: 0.269993 | MAE: 0.172805
============================================================

✓ New best model saved! Val Loss: 0.072896

============================================================
Epoch 38/150
Learning Rate: 1.00e-03
============================================================

============================================================
Epoch 38 Summary:
  Train - Loss: 0.083815 | MSE: 0.083815 | RMSE: 0.289509 | MAE: 0.199491
  Val   - Loss: 0.077481 | MSE: 0.077481 | RMSE: 0.278354 | MAE: 0.178435
============================================================
No improvement for 1 epochs

============================================================
Epoch 39/150
Learning Rate: 1.00e-03
============================================================

============================================================
Epoch 39 Summary:
  Train - Loss: 0.083447 | MSE: 0.083447 | RMSE: 0.288873 | MAE: 0.198933
  Val   - Loss: 0.073044 | MSE: 0.073044 | RMSE: 0.270266 | MAE: 0.173701
============================================================
No improvement for 2 epochs

============================================================
Epoch 40/150
Learning Rate: 1.00e-03
============================================================

============================================================
Epoch 40 Summary:
  Train - Loss: 0.083323 | MSE: 0.083323 | RMSE: 0.288657 | MAE: 0.198659
  Val   - Loss: 0.072960 | MSE: 0.072960 | RMSE: 0.270111 | MAE: 0.174918
============================================================
No improvement for 3 epochs
Checkpoint saved: src/trained_weights/UMambaMag_v2_STEAD_20251106_164616/model_epoch_40.pt

============================================================
Epoch 41/150
Learning Rate: 1.00e-03
============================================================

============================================================
Epoch 41 Summary:
  Train - Loss: 0.083197 | MSE: 0.083197 | RMSE: 0.288439 | MAE: 0.198511
  Val   - Loss: 0.076600 | MSE: 0.076600 | RMSE: 0.276766 | MAE: 0.178125
============================================================
No improvement for 4 epochs

============================================================
Epoch 42/150
Learning Rate: 1.00e-03
============================================================

============================================================
Epoch 42 Summary:
  Train - Loss: 0.083001 | MSE: 0.083001 | RMSE: 0.288099 | MAE: 0.198288
  Val   - Loss: 0.071848 | MSE: 0.071848 | RMSE: 0.268045 | MAE: 0.177754
============================================================

✓ New best model saved! Val Loss: 0.071848

============================================================
Epoch 43/150
Learning Rate: 1.00e-03
============================================================

============================================================
Epoch 43 Summary:
  Train - Loss: 0.082561 | MSE: 0.082561 | RMSE: 0.287334 | MAE: 0.197959
  Val   - Loss: 0.074280 | MSE: 0.074280 | RMSE: 0.272543 | MAE: 0.181989
============================================================
No improvement for 1 epochs

============================================================
Epoch 44/150
Learning Rate: 1.00e-03
============================================================

============================================================
Epoch 44 Summary:
  Train - Loss: 0.082218 | MSE: 0.082218 | RMSE: 0.286737 | MAE: 0.197680
  Val   - Loss: 0.072530 | MSE: 0.072530 | RMSE: 0.269313 | MAE: 0.172470
============================================================
No improvement for 2 epochs

============================================================
Epoch 45/150
Learning Rate: 1.00e-03
============================================================

============================================================
Epoch 45 Summary:
  Train - Loss: 0.082546 | MSE: 0.082546 | RMSE: 0.287308 | MAE: 0.197754
  Val   - Loss: 0.076168 | MSE: 0.076168 | RMSE: 0.275985 | MAE: 0.182029
============================================================
No improvement for 3 epochs
Checkpoint saved: src/trained_weights/UMambaMag_v2_STEAD_20251106_164616/model_epoch_45.pt

============================================================
Epoch 46/150
Learning Rate: 1.00e-03
============================================================

============================================================
Epoch 46 Summary:
  Train - Loss: 0.081895 | MSE: 0.081895 | RMSE: 0.286173 | MAE: 0.197112
  Val   - Loss: 0.075517 | MSE: 0.075517 | RMSE: 0.274803 | MAE: 0.178605
============================================================
No improvement for 4 epochs

============================================================
Epoch 47/150
Learning Rate: 1.00e-03
============================================================

============================================================
Epoch 47 Summary:
  Train - Loss: 0.081618 | MSE: 0.081618 | RMSE: 0.285689 | MAE: 0.196943
  Val   - Loss: 0.072748 | MSE: 0.072748 | RMSE: 0.269719 | MAE: 0.171092
============================================================
No improvement for 5 epochs

============================================================
Epoch 48/150
Learning Rate: 1.00e-03
============================================================

============================================================
Epoch 48 Summary:
  Train - Loss: 0.081630 | MSE: 0.081630 | RMSE: 0.285709 | MAE: 0.196998
  Val   - Loss: 0.074958 | MSE: 0.074958 | RMSE: 0.273784 | MAE: 0.177789
============================================================
No improvement for 6 epochs

============================================================
Epoch 49/150
Learning Rate: 5.00e-04
============================================================

============================================================
Epoch 49 Summary:
  Train - Loss: 0.075856 | MSE: 0.075856 | RMSE: 0.275420 | MAE: 0.189166
  Val   - Loss: 0.067503 | MSE: 0.067503 | RMSE: 0.259812 | MAE: 0.169959
============================================================

✓ New best model saved! Val Loss: 0.067503

============================================================
Epoch 50/150
Learning Rate: 1.00e-03
============================================================

============================================================
Epoch 50 Summary:
  Train - Loss: 0.080942 | MSE: 0.080942 | RMSE: 0.284504 | MAE: 0.195840
  Val   - Loss: 0.074103 | MSE: 0.074103 | RMSE: 0.272218 | MAE: 0.175210
============================================================
No improvement for 1 epochs
Checkpoint saved: src/trained_weights/UMambaMag_v2_STEAD_20251106_164616/model_epoch_50.pt

============================================================
Epoch 51/150
Learning Rate: 1.00e-03
============================================================

============================================================
Epoch 51 Summary:
  Train - Loss: 0.081212 | MSE: 0.081212 | RMSE: 0.284978 | MAE: 0.196067
  Val   - Loss: 0.074029 | MSE: 0.074029 | RMSE: 0.272083 | MAE: 0.173043
============================================================
No improvement for 2 epochs

============================================================
Epoch 52/150
Learning Rate: 1.00e-03
============================================================

============================================================
Epoch 52 Summary:
  Train - Loss: 0.080959 | MSE: 0.080959 | RMSE: 0.284532 | MAE: 0.195844
  Val   - Loss: 0.077359 | MSE: 0.077359 | RMSE: 0.278135 | MAE: 0.190486
============================================================
No improvement for 3 epochs

============================================================
Epoch 53/150
Learning Rate: 1.00e-03
============================================================

============================================================
Epoch 53 Summary:
  Train - Loss: 0.080420 | MSE: 0.080420 | RMSE: 0.283584 | MAE: 0.195529
  Val   - Loss: 0.072233 | MSE: 0.072233 | RMSE: 0.268761 | MAE: 0.174671
============================================================
No improvement for 4 epochs

============================================================
Epoch 54/150
Learning Rate: 1.00e-03
============================================================

============================================================
Epoch 54 Summary:
  Train - Loss: 0.080445 | MSE: 0.080445 | RMSE: 0.283629 | MAE: 0.195316
  Val   - Loss: 0.073282 | MSE: 0.073282 | RMSE: 0.270707 | MAE: 0.171461
============================================================
No improvement for 5 epochs

============================================================
Epoch 55/150
Learning Rate: 1.00e-03
============================================================

============================================================
Epoch 55 Summary:
  Train - Loss: 0.080347 | MSE: 0.080347 | RMSE: 0.283456 | MAE: 0.195144
  Val   - Loss: 0.074252 | MSE: 0.074252 | RMSE: 0.272492 | MAE: 0.178952
============================================================
No improvement for 6 epochs
Checkpoint saved: src/trained_weights/UMambaMag_v2_STEAD_20251106_164616/model_epoch_55.pt

============================================================
Epoch 56/150
Learning Rate: 5.00e-04
============================================================

============================================================
Epoch 56 Summary:
  Train - Loss: 0.074306 | MSE: 0.074306 | RMSE: 0.272590 | MAE: 0.187658
  Val   - Loss: 0.066884 | MSE: 0.066884 | RMSE: 0.258620 | MAE: 0.170150
============================================================

✓ New best model saved! Val Loss: 0.066884

============================================================
Epoch 57/150
Learning Rate: 1.00e-03
============================================================

============================================================
Epoch 57 Summary:
  Train - Loss: 0.079547 | MSE: 0.079547 | RMSE: 0.282041 | MAE: 0.194200
  Val   - Loss: 0.069701 | MSE: 0.069701 | RMSE: 0.264010 | MAE: 0.170111
============================================================
No improvement for 1 epochs

============================================================
Epoch 58/150
Learning Rate: 1.00e-03
============================================================

============================================================
Epoch 58 Summary:
  Train - Loss: 0.079569 | MSE: 0.079569 | RMSE: 0.282080 | MAE: 0.194594
  Val   - Loss: 0.073779 | MSE: 0.073779 | RMSE: 0.271623 | MAE: 0.180328
============================================================
No improvement for 2 epochs

============================================================
Epoch 59/150
Learning Rate: 1.00e-03
============================================================

============================================================
Epoch 59 Summary:
  Train - Loss: 0.079687 | MSE: 0.079687 | RMSE: 0.282289 | MAE: 0.194659
  Val   - Loss: 0.072163 | MSE: 0.072163 | RMSE: 0.268632 | MAE: 0.171026
============================================================
No improvement for 3 epochs

============================================================
Epoch 60/150
Learning Rate: 1.00e-03
============================================================

============================================================
Epoch 60 Summary:
  Train - Loss: 0.079797 | MSE: 0.079797 | RMSE: 0.282484 | MAE: 0.194360
  Val   - Loss: 0.073873 | MSE: 0.073873 | RMSE: 0.271797 | MAE: 0.178413
============================================================
No improvement for 4 epochs
Checkpoint saved: src/trained_weights/UMambaMag_v2_STEAD_20251106_164616/model_epoch_60.pt

============================================================
Epoch 61/150
Learning Rate: 1.00e-03
============================================================

============================================================
Epoch 61 Summary:
  Train - Loss: 0.079288 | MSE: 0.079288 | RMSE: 0.281581 | MAE: 0.194368
  Val   - Loss: 0.071896 | MSE: 0.071896 | RMSE: 0.268134 | MAE: 0.176406
============================================================
No improvement for 5 epochs

============================================================
Epoch 62/150
Learning Rate: 1.00e-03
============================================================

============================================================
Epoch 62 Summary:
  Train - Loss: 0.079320 | MSE: 0.079320 | RMSE: 0.281639 | MAE: 0.194147
  Val   - Loss: 0.072840 | MSE: 0.072840 | RMSE: 0.269889 | MAE: 0.172542
============================================================
No improvement for 6 epochs

============================================================
Epoch 63/150
Learning Rate: 5.00e-04
============================================================

============================================================
Epoch 63 Summary:
  Train - Loss: 0.073814 | MSE: 0.073814 | RMSE: 0.271688 | MAE: 0.186815
  Val   - Loss: 0.067720 | MSE: 0.067720 | RMSE: 0.260231 | MAE: 0.173795
============================================================
No improvement for 7 epochs

============================================================
Epoch 64/150
Learning Rate: 1.00e-03
============================================================

============================================================
Epoch 64 Summary:
  Train - Loss: 0.078614 | MSE: 0.078614 | RMSE: 0.280382 | MAE: 0.193332
  Val   - Loss: 0.072423 | MSE: 0.072423 | RMSE: 0.269116 | MAE: 0.174582
============================================================
No improvement for 8 epochs

============================================================
Epoch 65/150
Learning Rate: 1.00e-03
============================================================

============================================================
Epoch 65 Summary:
  Train - Loss: 0.079163 | MSE: 0.079163 | RMSE: 0.281359 | MAE: 0.193650
  Val   - Loss: 0.071539 | MSE: 0.071539 | RMSE: 0.267467 | MAE: 0.170368
============================================================
No improvement for 9 epochs
Checkpoint saved: src/trained_weights/UMambaMag_v2_STEAD_20251106_164616/model_epoch_65.pt

============================================================
Epoch 66/150
Learning Rate: 1.00e-03
============================================================

============================================================
Epoch 66 Summary:
  Train - Loss: 0.078655 | MSE: 0.078655 | RMSE: 0.280455 | MAE: 0.193585
  Val   - Loss: 0.072451 | MSE: 0.072451 | RMSE: 0.269167 | MAE: 0.185494
============================================================
No improvement for 10 epochs

============================================================
Epoch 67/150
Learning Rate: 1.00e-03
============================================================

============================================================
Epoch 67 Summary:
  Train - Loss: 0.078788 | MSE: 0.078788 | RMSE: 0.280693 | MAE: 0.193293
  Val   - Loss: 0.070562 | MSE: 0.070562 | RMSE: 0.265636 | MAE: 0.170912
============================================================
No improvement for 11 epochs

============================================================
Epoch 68/150
Learning Rate: 1.00e-03
============================================================

============================================================
Epoch 68 Summary:
  Train - Loss: 0.078577 | MSE: 0.078577 | RMSE: 0.280317 | MAE: 0.193192
  Val   - Loss: 0.071938 | MSE: 0.071938 | RMSE: 0.268213 | MAE: 0.175809
============================================================
No improvement for 12 epochs

============================================================
Epoch 69/150
Learning Rate: 5.00e-04
============================================================

============================================================
Epoch 69 Summary:
  Train - Loss: 0.072967 | MSE: 0.072967 | RMSE: 0.270124 | MAE: 0.185845
  Val   - Loss: 0.065660 | MSE: 0.065660 | RMSE: 0.256243 | MAE: 0.169268
============================================================

✓ New best model saved! Val Loss: 0.065660

============================================================
Epoch 70/150
Learning Rate: 1.00e-03
============================================================

============================================================
Epoch 70 Summary:
  Train - Loss: 0.078025 | MSE: 0.078025 | RMSE: 0.279329 | MAE: 0.192251
  Val   - Loss: 0.070102 | MSE: 0.070102 | RMSE: 0.264768 | MAE: 0.173184
============================================================
No improvement for 1 epochs
Checkpoint saved: src/trained_weights/UMambaMag_v2_STEAD_20251106_164616/model_epoch_70.pt

============================================================
Epoch 71/150
Learning Rate: 1.00e-03
============================================================

============================================================
Epoch 71 Summary:
  Train - Loss: 0.078316 | MSE: 0.078316 | RMSE: 0.279851 | MAE: 0.192661
  Val   - Loss: 0.070479 | MSE: 0.070479 | RMSE: 0.265479 | MAE: 0.169389
============================================================
No improvement for 2 epochs

============================================================
Epoch 72/150
Learning Rate: 1.00e-03
============================================================

============================================================
Epoch 72 Summary:
  Train - Loss: 0.077833 | MSE: 0.077833 | RMSE: 0.278985 | MAE: 0.192549
  Val   - Loss: 0.073131 | MSE: 0.073131 | RMSE: 0.270427 | MAE: 0.178296
============================================================
No improvement for 3 epochs

============================================================
Epoch 73/150
Learning Rate: 1.00e-03
============================================================

============================================================
Epoch 73 Summary:
  Train - Loss: 0.077967 | MSE: 0.077967 | RMSE: 0.279225 | MAE: 0.192633
  Val   - Loss: 0.070710 | MSE: 0.070710 | RMSE: 0.265913 | MAE: 0.171510
============================================================
No improvement for 4 epochs

============================================================
Epoch 74/150
Learning Rate: 1.00e-03
============================================================

============================================================
Epoch 74 Summary:
  Train - Loss: 0.077814 | MSE: 0.077814 | RMSE: 0.278952 | MAE: 0.192432
  Val   - Loss: 0.075665 | MSE: 0.075665 | RMSE: 0.275073 | MAE: 0.186675
============================================================
No improvement for 5 epochs

============================================================
Epoch 75/150
Learning Rate: 1.00e-03
============================================================

============================================================
Epoch 75 Summary:
  Train - Loss: 0.077266 | MSE: 0.077266 | RMSE: 0.277968 | MAE: 0.192157
  Val   - Loss: 0.070701 | MSE: 0.070701 | RMSE: 0.265897 | MAE: 0.170829
============================================================
No improvement for 6 epochs
Checkpoint saved: src/trained_weights/UMambaMag_v2_STEAD_20251106_164616/model_epoch_75.pt

============================================================
Epoch 76/150
Learning Rate: 5.00e-04
============================================================

============================================================
Epoch 76 Summary:
  Train - Loss: 0.071946 | MSE: 0.071946 | RMSE: 0.268227 | MAE: 0.184878
  Val   - Loss: 0.065879 | MSE: 0.065879 | RMSE: 0.256668 | MAE: 0.169769
============================================================
No improvement for 7 epochs

============================================================
Epoch 77/150
Learning Rate: 1.00e-03
============================================================

============================================================
Epoch 77 Summary:
  Train - Loss: 0.077161 | MSE: 0.077161 | RMSE: 0.277779 | MAE: 0.191478
  Val   - Loss: 0.068408 | MSE: 0.068408 | RMSE: 0.261549 | MAE: 0.168754
============================================================
No improvement for 8 epochs

============================================================
Epoch 78/150
Learning Rate: 1.00e-03
============================================================

============================================================
Epoch 78 Summary:
  Train - Loss: 0.077684 | MSE: 0.077684 | RMSE: 0.278719 | MAE: 0.191961
  Val   - Loss: 0.070388 | MSE: 0.070388 | RMSE: 0.265307 | MAE: 0.177169
============================================================
No improvement for 9 epochs

============================================================
Epoch 79/150
Learning Rate: 1.00e-03
============================================================

============================================================
Epoch 79 Summary:
  Train - Loss: 0.077485 | MSE: 0.077485 | RMSE: 0.278361 | MAE: 0.191948
  Val   - Loss: 0.070689 | MSE: 0.070689 | RMSE: 0.265874 | MAE: 0.170953
============================================================
No improvement for 10 epochs

============================================================
Epoch 80/150
Learning Rate: 1.00e-03
============================================================

============================================================
Epoch 80 Summary:
  Train - Loss: 0.077016 | MSE: 0.077016 | RMSE: 0.277517 | MAE: 0.191648
  Val   - Loss: 0.068842 | MSE: 0.068842 | RMSE: 0.262377 | MAE: 0.168081
============================================================
No improvement for 11 epochs
Checkpoint saved: src/trained_weights/UMambaMag_v2_STEAD_20251106_164616/model_epoch_80.pt

============================================================
Epoch 81/150
Learning Rate: 1.00e-03
============================================================

============================================================
Epoch 81 Summary:
  Train - Loss: 0.077054 | MSE: 0.077054 | RMSE: 0.277585 | MAE: 0.191414
  Val   - Loss: 0.069629 | MSE: 0.069629 | RMSE: 0.263872 | MAE: 0.167939
============================================================
No improvement for 12 epochs

============================================================
Epoch 82/150
Learning Rate: 5.00e-04
============================================================

============================================================
Epoch 82 Summary:
  Train - Loss: 0.071675 | MSE: 0.071675 | RMSE: 0.267722 | MAE: 0.184073
  Val   - Loss: 0.064632 | MSE: 0.064632 | RMSE: 0.254227 | MAE: 0.166497
============================================================

✓ New best model saved! Val Loss: 0.064632

============================================================
Epoch 83/150
Learning Rate: 1.00e-03
============================================================

============================================================
Epoch 83 Summary:
  Train - Loss: 0.076714 | MSE: 0.076714 | RMSE: 0.276973 | MAE: 0.190807
  Val   - Loss: 0.069598 | MSE: 0.069598 | RMSE: 0.263815 | MAE: 0.172124
============================================================
No improvement for 1 epochs

============================================================
Epoch 84/150
Learning Rate: 1.00e-03
============================================================

============================================================
Epoch 84 Summary:
  Train - Loss: 0.076782 | MSE: 0.076782 | RMSE: 0.277095 | MAE: 0.190837
  Val   - Loss: 0.069669 | MSE: 0.069669 | RMSE: 0.263948 | MAE: 0.168452
============================================================
No improvement for 2 epochs

============================================================
Epoch 85/150
Learning Rate: 1.00e-03
============================================================

============================================================
Epoch 85 Summary:
  Train - Loss: 0.076752 | MSE: 0.076752 | RMSE: 0.277041 | MAE: 0.191037
  Val   - Loss: 0.072088 | MSE: 0.072088 | RMSE: 0.268493 | MAE: 0.169732
============================================================
No improvement for 3 epochs
Checkpoint saved: src/trained_weights/UMambaMag_v2_STEAD_20251106_164616/model_epoch_85.pt

============================================================
Epoch 86/150
Learning Rate: 1.00e-03
============================================================

============================================================
Epoch 86 Summary:
  Train - Loss: 0.076853 | MSE: 0.076853 | RMSE: 0.277223 | MAE: 0.190884
  Val   - Loss: 0.067706 | MSE: 0.067706 | RMSE: 0.260204 | MAE: 0.166991
============================================================
No improvement for 4 epochs

============================================================
Epoch 87/150
Learning Rate: 1.00e-03
============================================================

============================================================
Epoch 87 Summary:
  Train - Loss: 0.076399 | MSE: 0.076399 | RMSE: 0.276405 | MAE: 0.190540
  Val   - Loss: 0.067171 | MSE: 0.067171 | RMSE: 0.259174 | MAE: 0.168867
============================================================
No improvement for 5 epochs

============================================================
Epoch 88/150
Learning Rate: 1.00e-03
============================================================

============================================================
Epoch 88 Summary:
  Train - Loss: 0.076110 | MSE: 0.076110 | RMSE: 0.275880 | MAE: 0.190614
  Val   - Loss: 0.068619 | MSE: 0.068619 | RMSE: 0.261953 | MAE: 0.166029
============================================================
No improvement for 6 epochs

============================================================
Epoch 89/150
Learning Rate: 5.00e-04
============================================================

============================================================
Epoch 89 Summary:
  Train - Loss: 0.070795 | MSE: 0.070795 | RMSE: 0.266074 | MAE: 0.183447
  Val   - Loss: 0.064380 | MSE: 0.064380 | RMSE: 0.253731 | MAE: 0.164578
============================================================

✓ New best model saved! Val Loss: 0.064380

============================================================
Epoch 90/150
Learning Rate: 1.00e-03
============================================================

============================================================
Epoch 90 Summary:
  Train - Loss: 0.076083 | MSE: 0.076083 | RMSE: 0.275831 | MAE: 0.189983
  Val   - Loss: 0.067619 | MSE: 0.067619 | RMSE: 0.260037 | MAE: 0.166893
============================================================
No improvement for 1 epochs
Checkpoint saved: src/trained_weights/UMambaMag_v2_STEAD_20251106_164616/model_epoch_90.pt

============================================================
Epoch 91/150
Learning Rate: 1.00e-03
============================================================

============================================================
Epoch 91 Summary:
  Train - Loss: 0.076270 | MSE: 0.076270 | RMSE: 0.276170 | MAE: 0.190348
  Val   - Loss: 0.071652 | MSE: 0.071652 | RMSE: 0.267678 | MAE: 0.180033
============================================================
No improvement for 2 epochs

============================================================
Epoch 92/150
Learning Rate: 1.00e-03
============================================================

============================================================
Epoch 92 Summary:
  Train - Loss: 0.076175 | MSE: 0.076175 | RMSE: 0.275998 | MAE: 0.190041
  Val   - Loss: 0.070041 | MSE: 0.070041 | RMSE: 0.264653 | MAE: 0.168989
============================================================
No improvement for 3 epochs

============================================================
Epoch 93/150
Learning Rate: 1.00e-03
============================================================

============================================================
Epoch 93 Summary:
  Train - Loss: 0.076507 | MSE: 0.076507 | RMSE: 0.276600 | MAE: 0.190400
  Val   - Loss: 0.068179 | MSE: 0.068179 | RMSE: 0.261111 | MAE: 0.170323
============================================================
No improvement for 4 epochs

============================================================
Epoch 94/150
Learning Rate: 1.00e-03
============================================================

============================================================
Epoch 94 Summary:
  Train - Loss: 0.076038 | MSE: 0.076038 | RMSE: 0.275750 | MAE: 0.190104
  Val   - Loss: 0.068962 | MSE: 0.068962 | RMSE: 0.262606 | MAE: 0.168463
============================================================
No improvement for 5 epochs

============================================================
Epoch 95/150
Learning Rate: 1.00e-03
============================================================

============================================================
Epoch 95 Summary:
  Train - Loss: 0.075952 | MSE: 0.075952 | RMSE: 0.275594 | MAE: 0.189840
  Val   - Loss: 0.069369 | MSE: 0.069369 | RMSE: 0.263380 | MAE: 0.169046
============================================================
No improvement for 6 epochs
Checkpoint saved: src/trained_weights/UMambaMag_v2_STEAD_20251106_164616/model_epoch_95.pt

============================================================
Epoch 96/150
Learning Rate: 5.00e-04
============================================================

============================================================
Epoch 96 Summary:
  Train - Loss: 0.070461 | MSE: 0.070461 | RMSE: 0.265446 | MAE: 0.182746
  Val   - Loss: 0.064722 | MSE: 0.064722 | RMSE: 0.254405 | MAE: 0.167397
============================================================
No improvement for 7 epochs

============================================================
Epoch 97/150
Learning Rate: 1.00e-03
============================================================

============================================================
Epoch 97 Summary:
  Train - Loss: 0.075646 | MSE: 0.075646 | RMSE: 0.275039 | MAE: 0.189553
  Val   - Loss: 0.070164 | MSE: 0.070164 | RMSE: 0.264885 | MAE: 0.168985
============================================================
No improvement for 8 epochs

============================================================
Epoch 98/150
Learning Rate: 1.00e-03
============================================================

============================================================
Epoch 98 Summary:
  Train - Loss: 0.075627 | MSE: 0.075627 | RMSE: 0.275004 | MAE: 0.189580
  Val   - Loss: 0.069499 | MSE: 0.069499 | RMSE: 0.263627 | MAE: 0.170616
============================================================
No improvement for 9 epochs

============================================================
Epoch 99/150
Learning Rate: 1.00e-03
============================================================

============================================================
Epoch 99 Summary:
  Train - Loss: 0.075746 | MSE: 0.075746 | RMSE: 0.275219 | MAE: 0.189696
  Val   - Loss: 0.069231 | MSE: 0.069231 | RMSE: 0.263118 | MAE: 0.170482
============================================================
No improvement for 10 epochs

============================================================
Epoch 100/150
Learning Rate: 1.00e-03
============================================================

============================================================
Epoch 100 Summary:
  Train - Loss: 0.075318 | MSE: 0.075318 | RMSE: 0.274441 | MAE: 0.189302
  Val   - Loss: 0.068786 | MSE: 0.068786 | RMSE: 0.262271 | MAE: 0.167297
============================================================
No improvement for 11 epochs
Checkpoint saved: src/trained_weights/UMambaMag_v2_STEAD_20251106_164616/model_epoch_100.pt

============================================================
Epoch 101/150
Learning Rate: 1.00e-03
============================================================

============================================================
Epoch 101 Summary:
  Train - Loss: 0.075506 | MSE: 0.075506 | RMSE: 0.274784 | MAE: 0.189305
  Val   - Loss: 0.067741 | MSE: 0.067741 | RMSE: 0.260272 | MAE: 0.169549
============================================================
No improvement for 12 epochs

============================================================
Epoch 102/150
Learning Rate: 5.00e-04
============================================================

============================================================
Epoch 102 Summary:
  Train - Loss: 0.070382 | MSE: 0.070382 | RMSE: 0.265297 | MAE: 0.182488
  Val   - Loss: 0.066249 | MSE: 0.066249 | RMSE: 0.257389 | MAE: 0.161180
============================================================
No improvement for 13 epochs

============================================================
Epoch 103/150
Learning Rate: 1.00e-03
============================================================

============================================================
Epoch 103 Summary:
  Train - Loss: 0.074959 | MSE: 0.074959 | RMSE: 0.273787 | MAE: 0.188963
  Val   - Loss: 0.067607 | MSE: 0.067607 | RMSE: 0.260014 | MAE: 0.171125
============================================================
No improvement for 14 epochs

============================================================
Epoch 104/150
Learning Rate: 1.00e-03
============================================================

============================================================
Epoch 104 Summary:
  Train - Loss: 0.074976 | MSE: 0.074976 | RMSE: 0.273817 | MAE: 0.188889
  Val   - Loss: 0.071765 | MSE: 0.071765 | RMSE: 0.267890 | MAE: 0.177947
============================================================
No improvement for 15 epochs

Early stopping triggered after 15 epochs without improvement
Best validation loss: 0.064380

Final model saved: src/trained_weights/UMambaMag_v2_STEAD_20251106_164616/model_final.pt
Training history saved: src/trained_weights/UMambaMag_v2_STEAD_20251106_164616/training_history_20251106_164616.pt

============================================================
TRAINING COMPLETED
============================================================
Best validation loss: 0.064380
Best validation RMSE: 0.253731
Final train loss: 0.074976
Final val loss: 0.071765
Total Training Time: 25:46:50
============================================================
==================================================

