2025-11-07 18:33:13,254 | seisbench | WARNING | Setting remote root to: https://seisbench.gfz.de/mirror/
Please note that this can affect your download speed.
2025-11-07 18:33:22,844 | seisbench | WARNING | Output component order not specified, defaulting to 'ZNE'.
2025-11-07 18:33:28,927 | seisbench | WARNING | Skipping preload, as cache is disabled.
2025-11-07 18:33:33,781 | seisbench | WARNING | Skipping preload, as cache is disabled.
/home/quenton.yeo/code/.venv/lib/python3.11/site-packages/torch/optim/lr_scheduler.py:60: UserWarning: The verbose parameter is deprecated. Please use get_last_lr() to access the learning rate.
  warnings.warn(

==================================================
LOADING DATA
==================================================
STEAD dataset loaded: 1265657 samples

Training umamba_mag_v2 on STEAD for 150 epochs...
Model moved to cuda:1
Training UMamba V2 Magnitude Estimator model (encoder-only with pooling)

============================================================
TRAINING UMAMBAMAG V2 (ENCODER-ONLY WITH POOLING)
============================================================
Model: UMambaMag_v2_STEAD
Dataset: STEAD
Batch size: 32
Learning rate: 0.001
Epochs: 150
Warmup epochs: 5
============================================================
Model is on device: cuda:1
Total parameters: 191,313
Trainable parameters: 191,313

Loading data...
Train batches: 33619
Dev batches: 1978

Saving models to: src/trained_weights/UMambaMag_v2_STEAD_20251107_183333


============================================================
Epoch 1/150
Learning Rate: 1.00e-04
============================================================

============================================================
Epoch 1 Summary:
  Train - Loss: 0.258358 | MSE: 0.258358 | RMSE: 0.508290 | MAE: 0.345446
  Val   - Loss: 0.171909 | MSE: 0.171909 | RMSE: 0.414619 | MAE: 0.276521
============================================================

✓ New best model saved! Val Loss: 0.171909

============================================================
Epoch 2/150
Learning Rate: 2.80e-04
============================================================

============================================================
Epoch 2 Summary:
  Train - Loss: 0.177568 | MSE: 0.177568 | RMSE: 0.421388 | MAE: 0.288985
  Val   - Loss: 0.143412 | MSE: 0.143412 | RMSE: 0.378697 | MAE: 0.256810
============================================================

✓ New best model saved! Val Loss: 0.143412

============================================================
Epoch 3/150
Learning Rate: 4.60e-04
============================================================

============================================================
Epoch 3 Summary:
  Train - Loss: 0.149989 | MSE: 0.149989 | RMSE: 0.387285 | MAE: 0.265902
  Val   - Loss: 0.121659 | MSE: 0.121659 | RMSE: 0.348796 | MAE: 0.228717
============================================================

✓ New best model saved! Val Loss: 0.121659

============================================================
Epoch 4/150
Learning Rate: 6.40e-04
============================================================

============================================================
Epoch 4 Summary:
  Train - Loss: 0.135558 | MSE: 0.135558 | RMSE: 0.368183 | MAE: 0.253840
  Val   - Loss: 0.121420 | MSE: 0.121420 | RMSE: 0.348454 | MAE: 0.228094
============================================================

✓ New best model saved! Val Loss: 0.121420

============================================================
Epoch 5/150
Learning Rate: 8.20e-04
============================================================

============================================================
Epoch 5 Summary:
  Train - Loss: 0.127819 | MSE: 0.127819 | RMSE: 0.357518 | MAE: 0.246417
  Val   - Loss: 0.107472 | MSE: 0.107472 | RMSE: 0.327830 | MAE: 0.216099
============================================================

✓ New best model saved! Val Loss: 0.107472
Checkpoint saved: src/trained_weights/UMambaMag_v2_STEAD_20251107_183333/model_epoch_5.pt

============================================================
Epoch 6/150
Learning Rate: 1.00e-03
============================================================

============================================================
Epoch 6 Summary:
  Train - Loss: 0.121389 | MSE: 0.121389 | RMSE: 0.348410 | MAE: 0.240605
  Val   - Loss: 0.106433 | MSE: 0.106433 | RMSE: 0.326240 | MAE: 0.218842
============================================================

✓ New best model saved! Val Loss: 0.106433

============================================================
Epoch 7/150
Learning Rate: 1.00e-03
============================================================

============================================================
Epoch 7 Summary:
  Train - Loss: 0.115019 | MSE: 0.115019 | RMSE: 0.339145 | MAE: 0.234250
  Val   - Loss: 0.099002 | MSE: 0.099002 | RMSE: 0.314646 | MAE: 0.209002
============================================================

✓ New best model saved! Val Loss: 0.099002

============================================================
Epoch 8/150
Learning Rate: 1.00e-03
============================================================

============================================================
Epoch 8 Summary:
  Train - Loss: 0.110788 | MSE: 0.110788 | RMSE: 0.332848 | MAE: 0.229434
  Val   - Loss: 0.098401 | MSE: 0.098401 | RMSE: 0.313689 | MAE: 0.207128
============================================================

✓ New best model saved! Val Loss: 0.098401

============================================================
Epoch 9/150
Learning Rate: 1.00e-03
============================================================

============================================================
Epoch 9 Summary:
  Train - Loss: 0.106559 | MSE: 0.106559 | RMSE: 0.326434 | MAE: 0.225162
  Val   - Loss: 0.089862 | MSE: 0.089862 | RMSE: 0.299770 | MAE: 0.195168
============================================================

✓ New best model saved! Val Loss: 0.089862

============================================================
Epoch 10/150
Learning Rate: 1.00e-03
============================================================

============================================================
Epoch 10 Summary:
  Train - Loss: 0.104122 | MSE: 0.104122 | RMSE: 0.322680 | MAE: 0.222530
  Val   - Loss: 0.090840 | MSE: 0.090840 | RMSE: 0.301397 | MAE: 0.199894
============================================================
No improvement for 1 epochs
Checkpoint saved: src/trained_weights/UMambaMag_v2_STEAD_20251107_183333/model_epoch_10.pt

============================================================
Epoch 11/150
Learning Rate: 1.00e-03
============================================================

============================================================
Epoch 11 Summary:
  Train - Loss: 0.102000 | MSE: 0.102000 | RMSE: 0.319374 | MAE: 0.220345
  Val   - Loss: 0.088513 | MSE: 0.088513 | RMSE: 0.297511 | MAE: 0.195741
============================================================

✓ New best model saved! Val Loss: 0.088513

============================================================
Epoch 12/150
Learning Rate: 1.00e-03
============================================================

============================================================
Epoch 12 Summary:
  Train - Loss: 0.100035 | MSE: 0.100035 | RMSE: 0.316283 | MAE: 0.218257
  Val   - Loss: 0.089333 | MSE: 0.089333 | RMSE: 0.298886 | MAE: 0.204293
============================================================
No improvement for 1 epochs

============================================================
Epoch 13/150
Learning Rate: 1.00e-03
============================================================

============================================================
Epoch 13 Summary:
  Train - Loss: 0.098424 | MSE: 0.098424 | RMSE: 0.313725 | MAE: 0.216210
  Val   - Loss: 0.087128 | MSE: 0.087128 | RMSE: 0.295175 | MAE: 0.197462
============================================================

✓ New best model saved! Val Loss: 0.087128

============================================================
Epoch 14/150
Learning Rate: 1.00e-03
============================================================

============================================================
Epoch 14 Summary:
  Train - Loss: 0.097132 | MSE: 0.097132 | RMSE: 0.311660 | MAE: 0.214739
  Val   - Loss: 0.087677 | MSE: 0.087677 | RMSE: 0.296103 | MAE: 0.194629
============================================================
No improvement for 1 epochs

============================================================
Epoch 15/150
Learning Rate: 1.00e-03
============================================================

============================================================
Epoch 15 Summary:
  Train - Loss: 0.096919 | MSE: 0.096919 | RMSE: 0.311318 | MAE: 0.214178
  Val   - Loss: 0.083800 | MSE: 0.083800 | RMSE: 0.289483 | MAE: 0.189676
============================================================

✓ New best model saved! Val Loss: 0.083800
Checkpoint saved: src/trained_weights/UMambaMag_v2_STEAD_20251107_183333/model_epoch_15.pt

============================================================
Epoch 16/150
Learning Rate: 1.00e-03
============================================================

============================================================
Epoch 16 Summary:
  Train - Loss: 0.095219 | MSE: 0.095219 | RMSE: 0.308577 | MAE: 0.212636
  Val   - Loss: 0.082827 | MSE: 0.082827 | RMSE: 0.287796 | MAE: 0.185937
============================================================

✓ New best model saved! Val Loss: 0.082827

============================================================
Epoch 17/150
Learning Rate: 1.00e-03
============================================================

============================================================
Epoch 17 Summary:
  Train - Loss: 0.094359 | MSE: 0.094359 | RMSE: 0.307179 | MAE: 0.211670
  Val   - Loss: 0.087217 | MSE: 0.087217 | RMSE: 0.295325 | MAE: 0.186914
============================================================
No improvement for 1 epochs

============================================================
Epoch 18/150
Learning Rate: 1.00e-03
============================================================

============================================================
Epoch 18 Summary:
  Train - Loss: 0.093386 | MSE: 0.093386 | RMSE: 0.305591 | MAE: 0.210622
  Val   - Loss: 0.083351 | MSE: 0.083351 | RMSE: 0.288706 | MAE: 0.190755
============================================================
No improvement for 2 epochs

============================================================
Epoch 19/150
Learning Rate: 1.00e-03
============================================================

============================================================
Epoch 19 Summary:
  Train - Loss: 0.092428 | MSE: 0.092428 | RMSE: 0.304020 | MAE: 0.209456
  Val   - Loss: 0.079443 | MSE: 0.079443 | RMSE: 0.281856 | MAE: 0.191222
============================================================

✓ New best model saved! Val Loss: 0.079443

============================================================
Epoch 20/150
Learning Rate: 1.00e-03
============================================================

============================================================
Epoch 20 Summary:
  Train - Loss: 0.091804 | MSE: 0.091804 | RMSE: 0.302991 | MAE: 0.208539
  Val   - Loss: 0.079900 | MSE: 0.079900 | RMSE: 0.282665 | MAE: 0.190580
============================================================
No improvement for 1 epochs
Checkpoint saved: src/trained_weights/UMambaMag_v2_STEAD_20251107_183333/model_epoch_20.pt

============================================================
Epoch 21/150
Learning Rate: 1.00e-03
============================================================

============================================================
Epoch 21 Summary:
  Train - Loss: 0.091256 | MSE: 0.091256 | RMSE: 0.302086 | MAE: 0.208030
  Val   - Loss: 0.084749 | MSE: 0.084749 | RMSE: 0.291117 | MAE: 0.186977
============================================================
No improvement for 2 epochs

============================================================
Epoch 22/150
Learning Rate: 1.00e-03
============================================================

============================================================
Epoch 22 Summary:
  Train - Loss: 0.090506 | MSE: 0.090506 | RMSE: 0.300842 | MAE: 0.207400
  Val   - Loss: 0.080570 | MSE: 0.080570 | RMSE: 0.283848 | MAE: 0.186173
============================================================
No improvement for 3 epochs

============================================================
Epoch 23/150
Learning Rate: 1.00e-03
============================================================

============================================================
Epoch 23 Summary:
  Train - Loss: 0.090371 | MSE: 0.090371 | RMSE: 0.300617 | MAE: 0.206760
  Val   - Loss: 0.079540 | MSE: 0.079540 | RMSE: 0.282029 | MAE: 0.182592
============================================================
No improvement for 4 epochs

============================================================
Epoch 24/150
Learning Rate: 1.00e-03
============================================================

============================================================
Epoch 24 Summary:
  Train - Loss: 0.089865 | MSE: 0.089865 | RMSE: 0.299775 | MAE: 0.206240
  Val   - Loss: 0.081186 | MSE: 0.081186 | RMSE: 0.284931 | MAE: 0.184072
============================================================
No improvement for 5 epochs

============================================================
Epoch 25/150
Learning Rate: 1.00e-03
============================================================

============================================================
Epoch 25 Summary:
  Train - Loss: 0.088682 | MSE: 0.088682 | RMSE: 0.297795 | MAE: 0.205399
  Val   - Loss: 0.076713 | MSE: 0.076713 | RMSE: 0.276971 | MAE: 0.181179
============================================================

✓ New best model saved! Val Loss: 0.076713
Checkpoint saved: src/trained_weights/UMambaMag_v2_STEAD_20251107_183333/model_epoch_25.pt

============================================================
Epoch 26/150
Learning Rate: 1.00e-03
============================================================

============================================================
Epoch 26 Summary:
  Train - Loss: 0.088979 | MSE: 0.088979 | RMSE: 0.298294 | MAE: 0.205224
  Val   - Loss: 0.077730 | MSE: 0.077730 | RMSE: 0.278801 | MAE: 0.181820
============================================================
No improvement for 1 epochs

============================================================
Epoch 27/150
Learning Rate: 1.00e-03
============================================================

============================================================
Epoch 27 Summary:
  Train - Loss: 0.088130 | MSE: 0.088130 | RMSE: 0.296868 | MAE: 0.204353
  Val   - Loss: 0.076497 | MSE: 0.076497 | RMSE: 0.276581 | MAE: 0.179437
============================================================

✓ New best model saved! Val Loss: 0.076497

============================================================
Epoch 28/150
Learning Rate: 1.00e-03
============================================================

============================================================
Epoch 28 Summary:
  Train - Loss: 0.087554 | MSE: 0.087554 | RMSE: 0.295895 | MAE: 0.204066
  Val   - Loss: 0.079543 | MSE: 0.079543 | RMSE: 0.282034 | MAE: 0.180171
============================================================
No improvement for 1 epochs

============================================================
Epoch 29/150
Learning Rate: 1.00e-03
============================================================

============================================================
Epoch 29 Summary:
  Train - Loss: 0.087297 | MSE: 0.087297 | RMSE: 0.295460 | MAE: 0.203569
  Val   - Loss: 0.074670 | MSE: 0.074670 | RMSE: 0.273259 | MAE: 0.176362
============================================================

✓ New best model saved! Val Loss: 0.074670

============================================================
Epoch 30/150
Learning Rate: 1.00e-03
============================================================

============================================================
Epoch 30 Summary:
  Train - Loss: 0.087358 | MSE: 0.087358 | RMSE: 0.295564 | MAE: 0.203323
  Val   - Loss: 0.077573 | MSE: 0.077573 | RMSE: 0.278520 | MAE: 0.181190
============================================================
No improvement for 1 epochs
Checkpoint saved: src/trained_weights/UMambaMag_v2_STEAD_20251107_183333/model_epoch_30.pt

============================================================
Epoch 31/150
Learning Rate: 1.00e-03
============================================================

============================================================
Epoch 31 Summary:
  Train - Loss: 0.086620 | MSE: 0.086620 | RMSE: 0.294312 | MAE: 0.202870
  Val   - Loss: 0.075731 | MSE: 0.075731 | RMSE: 0.275193 | MAE: 0.177375
============================================================
No improvement for 2 epochs

============================================================
Epoch 32/150
Learning Rate: 1.00e-03
============================================================

============================================================
Epoch 32 Summary:
  Train - Loss: 0.086423 | MSE: 0.086423 | RMSE: 0.293978 | MAE: 0.202422
  Val   - Loss: 0.077533 | MSE: 0.077533 | RMSE: 0.278448 | MAE: 0.181587
============================================================
No improvement for 3 epochs

============================================================
Epoch 33/150
Learning Rate: 1.00e-03
============================================================

============================================================
Epoch 33 Summary:
  Train - Loss: 0.086425 | MSE: 0.086425 | RMSE: 0.293981 | MAE: 0.202027
  Val   - Loss: 0.075676 | MSE: 0.075676 | RMSE: 0.275093 | MAE: 0.184037
============================================================
No improvement for 4 epochs

============================================================
Epoch 34/150
Learning Rate: 1.00e-03
============================================================

============================================================
Epoch 34 Summary:
  Train - Loss: 0.085482 | MSE: 0.085482 | RMSE: 0.292372 | MAE: 0.201603
  Val   - Loss: 0.076060 | MSE: 0.076060 | RMSE: 0.275790 | MAE: 0.178492
============================================================
No improvement for 5 epochs

============================================================
Epoch 35/150
Learning Rate: 1.00e-03
============================================================

============================================================
Epoch 35 Summary:
  Train - Loss: 0.085171 | MSE: 0.085171 | RMSE: 0.291841 | MAE: 0.200975
  Val   - Loss: 0.075945 | MSE: 0.075945 | RMSE: 0.275581 | MAE: 0.182229
============================================================
No improvement for 6 epochs
Checkpoint saved: src/trained_weights/UMambaMag_v2_STEAD_20251107_183333/model_epoch_35.pt

============================================================
Epoch 36/150
Learning Rate: 5.00e-04
============================================================

============================================================
Epoch 36 Summary:
  Train - Loss: 0.079131 | MSE: 0.079131 | RMSE: 0.281303 | MAE: 0.192932
  Val   - Loss: 0.071811 | MSE: 0.071811 | RMSE: 0.267976 | MAE: 0.174977
============================================================

✓ New best model saved! Val Loss: 0.071811

============================================================
Epoch 37/150
Learning Rate: 1.00e-03
============================================================

============================================================
Epoch 37 Summary:
  Train - Loss: 0.083910 | MSE: 0.083910 | RMSE: 0.289672 | MAE: 0.199866
  Val   - Loss: 0.075371 | MSE: 0.075371 | RMSE: 0.274537 | MAE: 0.179993
============================================================
No improvement for 1 epochs

============================================================
Epoch 38/150
Learning Rate: 1.00e-03
============================================================

============================================================
Epoch 38 Summary:
  Train - Loss: 0.084418 | MSE: 0.084418 | RMSE: 0.290548 | MAE: 0.200000
  Val   - Loss: 0.074720 | MSE: 0.074720 | RMSE: 0.273349 | MAE: 0.173278
============================================================
No improvement for 2 epochs

============================================================
Epoch 39/150
Learning Rate: 1.00e-03
============================================================

============================================================
Epoch 39 Summary:
  Train - Loss: 0.084649 | MSE: 0.084649 | RMSE: 0.290945 | MAE: 0.199961
  Val   - Loss: 0.074565 | MSE: 0.074565 | RMSE: 0.273066 | MAE: 0.175651
============================================================
No improvement for 3 epochs

============================================================
Epoch 40/150
Learning Rate: 1.00e-03
============================================================

============================================================
Epoch 40 Summary:
  Train - Loss: 0.084134 | MSE: 0.084134 | RMSE: 0.290059 | MAE: 0.199606
  Val   - Loss: 0.075811 | MSE: 0.075811 | RMSE: 0.275337 | MAE: 0.177322
============================================================
No improvement for 4 epochs
Checkpoint saved: src/trained_weights/UMambaMag_v2_STEAD_20251107_183333/model_epoch_40.pt

============================================================
Epoch 41/150
Learning Rate: 1.00e-03
============================================================

============================================================
Epoch 41 Summary:
  Train - Loss: 0.083808 | MSE: 0.083808 | RMSE: 0.289497 | MAE: 0.199053
  Val   - Loss: 0.076879 | MSE: 0.076879 | RMSE: 0.277271 | MAE: 0.182532
============================================================
No improvement for 5 epochs

============================================================
Epoch 42/150
Learning Rate: 1.00e-03
============================================================

============================================================
Epoch 42 Summary:
  Train - Loss: 0.083711 | MSE: 0.083711 | RMSE: 0.289328 | MAE: 0.199124
  Val   - Loss: 0.075703 | MSE: 0.075703 | RMSE: 0.275143 | MAE: 0.175582
============================================================
No improvement for 6 epochs

============================================================
Epoch 43/150
Learning Rate: 5.00e-04
============================================================

============================================================
Epoch 43 Summary:
  Train - Loss: 0.077654 | MSE: 0.077654 | RMSE: 0.278665 | MAE: 0.191209
  Val   - Loss: 0.070319 | MSE: 0.070319 | RMSE: 0.265177 | MAE: 0.171038
============================================================

✓ New best model saved! Val Loss: 0.070319

============================================================
Epoch 44/150
Learning Rate: 1.00e-03
============================================================

============================================================
Epoch 44 Summary:
  Train - Loss: 0.082680 | MSE: 0.082680 | RMSE: 0.287541 | MAE: 0.198180
  Val   - Loss: 0.074368 | MSE: 0.074368 | RMSE: 0.272705 | MAE: 0.189284
============================================================
No improvement for 1 epochs

============================================================
Epoch 45/150
Learning Rate: 1.00e-03
============================================================

============================================================
Epoch 45 Summary:
  Train - Loss: 0.082809 | MSE: 0.082809 | RMSE: 0.287765 | MAE: 0.198015
  Val   - Loss: 0.073444 | MSE: 0.073444 | RMSE: 0.271006 | MAE: 0.177977
============================================================
No improvement for 2 epochs
Checkpoint saved: src/trained_weights/UMambaMag_v2_STEAD_20251107_183333/model_epoch_45.pt

============================================================
Epoch 46/150
Learning Rate: 1.00e-03
============================================================

============================================================
Epoch 46 Summary:
  Train - Loss: 0.082386 | MSE: 0.082386 | RMSE: 0.287030 | MAE: 0.197821
  Val   - Loss: 0.074843 | MSE: 0.074843 | RMSE: 0.273574 | MAE: 0.186694
============================================================
No improvement for 3 epochs

============================================================
Epoch 47/150
Learning Rate: 1.00e-03
============================================================

============================================================
Epoch 47 Summary:
  Train - Loss: 0.082179 | MSE: 0.082179 | RMSE: 0.286668 | MAE: 0.197558
  Val   - Loss: 0.073200 | MSE: 0.073200 | RMSE: 0.270555 | MAE: 0.172088
============================================================
No improvement for 4 epochs

============================================================
Epoch 48/150
Learning Rate: 1.00e-03
============================================================

============================================================
Epoch 48 Summary:
  Train - Loss: 0.082838 | MSE: 0.082838 | RMSE: 0.287816 | MAE: 0.197783
  Val   - Loss: 0.074247 | MSE: 0.074247 | RMSE: 0.272483 | MAE: 0.178731
============================================================
No improvement for 5 epochs

============================================================
Epoch 49/150
Learning Rate: 1.00e-03
============================================================

============================================================
Epoch 49 Summary:
  Train - Loss: 0.081819 | MSE: 0.081819 | RMSE: 0.286041 | MAE: 0.197075
  Val   - Loss: 0.072633 | MSE: 0.072633 | RMSE: 0.269506 | MAE: 0.173496
============================================================
No improvement for 6 epochs

============================================================
Epoch 50/150
Learning Rate: 5.00e-04
============================================================

============================================================
Epoch 50 Summary:
  Train - Loss: 0.076463 | MSE: 0.076463 | RMSE: 0.276520 | MAE: 0.189750
  Val   - Loss: 0.067100 | MSE: 0.067100 | RMSE: 0.259036 | MAE: 0.166288
============================================================

✓ New best model saved! Val Loss: 0.067100
Checkpoint saved: src/trained_weights/UMambaMag_v2_STEAD_20251107_183333/model_epoch_50.pt

============================================================
Epoch 51/150
Learning Rate: 1.00e-03
============================================================

============================================================
Epoch 51 Summary:
  Train - Loss: 0.081454 | MSE: 0.081454 | RMSE: 0.285402 | MAE: 0.196408
  Val   - Loss: 0.072505 | MSE: 0.072505 | RMSE: 0.269268 | MAE: 0.171173
============================================================
No improvement for 1 epochs

============================================================
Epoch 52/150
Learning Rate: 1.00e-03
============================================================

============================================================
Epoch 52 Summary:
  Train - Loss: 0.081499 | MSE: 0.081499 | RMSE: 0.285480 | MAE: 0.196777
  Val   - Loss: 0.070396 | MSE: 0.070396 | RMSE: 0.265322 | MAE: 0.172050
============================================================
No improvement for 2 epochs

============================================================
Epoch 53/150
Learning Rate: 1.00e-03
============================================================

============================================================
Epoch 53 Summary:
  Train - Loss: 0.081639 | MSE: 0.081639 | RMSE: 0.285726 | MAE: 0.196746
  Val   - Loss: 0.073873 | MSE: 0.073873 | RMSE: 0.271796 | MAE: 0.177066
============================================================
No improvement for 3 epochs

============================================================
Epoch 54/150
Learning Rate: 1.00e-03
============================================================

============================================================
Epoch 54 Summary:
  Train - Loss: 0.081661 | MSE: 0.081661 | RMSE: 0.285765 | MAE: 0.196449
  Val   - Loss: 0.072945 | MSE: 0.072945 | RMSE: 0.270084 | MAE: 0.180463
============================================================
No improvement for 4 epochs

============================================================
Epoch 55/150
Learning Rate: 1.00e-03
============================================================

============================================================
Epoch 55 Summary:
  Train - Loss: 0.081125 | MSE: 0.081125 | RMSE: 0.284825 | MAE: 0.196106
  Val   - Loss: 0.070000 | MSE: 0.070000 | RMSE: 0.264575 | MAE: 0.170256
============================================================
No improvement for 5 epochs
Checkpoint saved: src/trained_weights/UMambaMag_v2_STEAD_20251107_183333/model_epoch_55.pt

============================================================
Epoch 56/150
Learning Rate: 1.00e-03
============================================================

============================================================
Epoch 56 Summary:
  Train - Loss: 0.081294 | MSE: 0.081294 | RMSE: 0.285121 | MAE: 0.196297
  Val   - Loss: 0.073547 | MSE: 0.073547 | RMSE: 0.271196 | MAE: 0.180563
============================================================
No improvement for 6 epochs

============================================================
Epoch 57/150
Learning Rate: 5.00e-04
============================================================

============================================================
Epoch 57 Summary:
  Train - Loss: 0.074960 | MSE: 0.074960 | RMSE: 0.273788 | MAE: 0.188320
  Val   - Loss: 0.069257 | MSE: 0.069257 | RMSE: 0.263167 | MAE: 0.173740
============================================================
No improvement for 7 epochs

============================================================
Epoch 58/150
Learning Rate: 1.00e-03
============================================================

============================================================
Epoch 58 Summary:
  Train - Loss: 0.080581 | MSE: 0.080581 | RMSE: 0.283867 | MAE: 0.195326
  Val   - Loss: 0.074224 | MSE: 0.074224 | RMSE: 0.272442 | MAE: 0.177106
============================================================
No improvement for 8 epochs

============================================================
Epoch 59/150
Learning Rate: 1.00e-03
============================================================

============================================================
Epoch 59 Summary:
  Train - Loss: 0.080550 | MSE: 0.080550 | RMSE: 0.283814 | MAE: 0.195459
  Val   - Loss: 0.072207 | MSE: 0.072207 | RMSE: 0.268713 | MAE: 0.173162
============================================================
No improvement for 9 epochs

============================================================
Epoch 60/150
Learning Rate: 1.00e-03
============================================================

============================================================
Epoch 60 Summary:
  Train - Loss: 0.080739 | MSE: 0.080739 | RMSE: 0.284146 | MAE: 0.195361
  Val   - Loss: 0.070068 | MSE: 0.070068 | RMSE: 0.264703 | MAE: 0.174294
============================================================
No improvement for 10 epochs
Checkpoint saved: src/trained_weights/UMambaMag_v2_STEAD_20251107_183333/model_epoch_60.pt

============================================================
Epoch 61/150
Learning Rate: 1.00e-03
============================================================

============================================================
Epoch 61 Summary:
  Train - Loss: 0.080562 | MSE: 0.080562 | RMSE: 0.283834 | MAE: 0.195505
  Val   - Loss: 0.073855 | MSE: 0.073855 | RMSE: 0.271762 | MAE: 0.180840
============================================================
No improvement for 11 epochs

============================================================
Epoch 62/150
Learning Rate: 1.00e-03
============================================================

============================================================
Epoch 62 Summary:
  Train - Loss: 0.080524 | MSE: 0.080524 | RMSE: 0.283767 | MAE: 0.195477
  Val   - Loss: 0.071808 | MSE: 0.071808 | RMSE: 0.267970 | MAE: 0.170950
============================================================
No improvement for 12 epochs

============================================================
Epoch 63/150
Learning Rate: 5.00e-04
============================================================

============================================================
Epoch 63 Summary:
  Train - Loss: 0.074612 | MSE: 0.074612 | RMSE: 0.273151 | MAE: 0.187819
  Val   - Loss: 0.067736 | MSE: 0.067736 | RMSE: 0.260261 | MAE: 0.165893
============================================================
No improvement for 13 epochs

============================================================
Epoch 64/150
Learning Rate: 1.00e-03
============================================================

============================================================
Epoch 64 Summary:
  Train - Loss: 0.079872 | MSE: 0.079872 | RMSE: 0.282617 | MAE: 0.194646
  Val   - Loss: 0.071928 | MSE: 0.071928 | RMSE: 0.268193 | MAE: 0.175086
============================================================
No improvement for 14 epochs

============================================================
Epoch 65/150
Learning Rate: 1.00e-03
============================================================

============================================================
Epoch 65 Summary:
  Train - Loss: 0.079718 | MSE: 0.079718 | RMSE: 0.282344 | MAE: 0.194513
  Val   - Loss: 0.072307 | MSE: 0.072307 | RMSE: 0.268900 | MAE: 0.174989
============================================================
No improvement for 15 epochs

Early stopping triggered after 15 epochs without improvement
Best validation loss: 0.067100

Final model saved: src/trained_weights/UMambaMag_v2_STEAD_20251107_183333/model_final.pt
Training history saved: src/trained_weights/UMambaMag_v2_STEAD_20251107_183333/training_history_20251107_183333.pt

============================================================
TRAINING COMPLETED
============================================================
Best validation loss: 0.067100
Best validation RMSE: 0.259036
Final train loss: 0.079718
Final val loss: 0.072307
Total Training Time: 10:47:44
============================================================
==================================================

