2025-11-08 05:21:26,243 | seisbench | WARNING | Setting remote root to: https://seisbench.gfz.de/mirror/
Please note that this can affect your download speed.
2025-11-08 05:21:35,812 | seisbench | WARNING | Output component order not specified, defaulting to 'ZNE'.
2025-11-08 05:21:41,914 | seisbench | WARNING | Skipping preload, as cache is disabled.
2025-11-08 05:21:47,338 | seisbench | WARNING | Skipping preload, as cache is disabled.
/home/quenton.yeo/code/.venv/lib/python3.11/site-packages/torch/optim/lr_scheduler.py:60: UserWarning: The verbose parameter is deprecated. Please use get_last_lr() to access the learning rate.
  warnings.warn(

==================================================
LOADING DATA
==================================================
STEAD dataset loaded: 1265657 samples

Training umamba_mag_v2 on STEAD for 150 epochs...
Model moved to cuda:1
Training UMamba V2 Magnitude Estimator model (encoder-only with pooling)

============================================================
TRAINING UMAMBAMAG V2 (ENCODER-ONLY WITH POOLING)
============================================================
Model: UMambaMag_v2_STEAD
Dataset: STEAD
Batch size: 32
Learning rate: 0.001
Epochs: 150
Warmup epochs: 5
============================================================
Model is on device: cuda:1
Total parameters: 177,627
Trainable parameters: 177,627

Loading data...
Train batches: 33619
Dev batches: 1978

Saving models to: src/trained_weights/UMambaMag_v2_STEAD_20251108_052147


============================================================
Epoch 1/150
Learning Rate: 1.00e-04
============================================================

============================================================
Epoch 1 Summary:
  Train - Loss: 0.240036 | MSE: 0.240036 | RMSE: 0.489934 | MAE: 0.330102
  Val   - Loss: 0.158867 | MSE: 0.158867 | RMSE: 0.398582 | MAE: 0.272012
============================================================

✓ New best model saved! Val Loss: 0.158867

============================================================
Epoch 2/150
Learning Rate: 2.80e-04
============================================================

============================================================
Epoch 2 Summary:
  Train - Loss: 0.167757 | MSE: 0.167757 | RMSE: 0.409582 | MAE: 0.281250
  Val   - Loss: 0.134056 | MSE: 0.134056 | RMSE: 0.366137 | MAE: 0.246967
============================================================

✓ New best model saved! Val Loss: 0.134056

============================================================
Epoch 3/150
Learning Rate: 4.60e-04
============================================================

============================================================
Epoch 3 Summary:
  Train - Loss: 0.144772 | MSE: 0.144772 | RMSE: 0.380489 | MAE: 0.260997
  Val   - Loss: 0.121676 | MSE: 0.121676 | RMSE: 0.348821 | MAE: 0.233423
============================================================

✓ New best model saved! Val Loss: 0.121676

============================================================
Epoch 4/150
Learning Rate: 6.40e-04
============================================================

============================================================
Epoch 4 Summary:
  Train - Loss: 0.134314 | MSE: 0.134314 | RMSE: 0.366489 | MAE: 0.252092
  Val   - Loss: 0.114092 | MSE: 0.114092 | RMSE: 0.337775 | MAE: 0.223183
============================================================

✓ New best model saved! Val Loss: 0.114092

============================================================
Epoch 5/150
Learning Rate: 8.20e-04
============================================================

============================================================
Epoch 5 Summary:
  Train - Loss: 0.127462 | MSE: 0.127462 | RMSE: 0.357018 | MAE: 0.246101
  Val   - Loss: 0.108958 | MSE: 0.108958 | RMSE: 0.330087 | MAE: 0.216604
============================================================

✓ New best model saved! Val Loss: 0.108958
Checkpoint saved: src/trained_weights/UMambaMag_v2_STEAD_20251108_052147/model_epoch_5.pt

============================================================
Epoch 6/150
Learning Rate: 1.00e-03
============================================================

============================================================
Epoch 6 Summary:
  Train - Loss: 0.123248 | MSE: 0.123248 | RMSE: 0.351067 | MAE: 0.242194
  Val   - Loss: 0.107175 | MSE: 0.107175 | RMSE: 0.327375 | MAE: 0.216189
============================================================

✓ New best model saved! Val Loss: 0.107175

============================================================
Epoch 7/150
Learning Rate: 1.00e-03
============================================================

============================================================
Epoch 7 Summary:
  Train - Loss: 0.117022 | MSE: 0.117022 | RMSE: 0.342085 | MAE: 0.236076
  Val   - Loss: 0.106597 | MSE: 0.106597 | RMSE: 0.326491 | MAE: 0.219912
============================================================

✓ New best model saved! Val Loss: 0.106597

============================================================
Epoch 8/150
Learning Rate: 1.00e-03
============================================================

============================================================
Epoch 8 Summary:
  Train - Loss: 0.112509 | MSE: 0.112509 | RMSE: 0.335424 | MAE: 0.231403
  Val   - Loss: 0.097609 | MSE: 0.097609 | RMSE: 0.312424 | MAE: 0.206022
============================================================

✓ New best model saved! Val Loss: 0.097609

============================================================
Epoch 9/150
Learning Rate: 1.00e-03
============================================================

============================================================
Epoch 9 Summary:
  Train - Loss: 0.109457 | MSE: 0.109457 | RMSE: 0.330842 | MAE: 0.228368
  Val   - Loss: 0.096184 | MSE: 0.096184 | RMSE: 0.310136 | MAE: 0.205910
============================================================

✓ New best model saved! Val Loss: 0.096184

============================================================
Epoch 10/150
Learning Rate: 1.00e-03
============================================================

============================================================
Epoch 10 Summary:
  Train - Loss: 0.106623 | MSE: 0.106623 | RMSE: 0.326532 | MAE: 0.225524
  Val   - Loss: 0.094206 | MSE: 0.094206 | RMSE: 0.306929 | MAE: 0.197934
============================================================

✓ New best model saved! Val Loss: 0.094206
Checkpoint saved: src/trained_weights/UMambaMag_v2_STEAD_20251108_052147/model_epoch_10.pt

============================================================
Epoch 11/150
Learning Rate: 1.00e-03
============================================================

============================================================
Epoch 11 Summary:
  Train - Loss: 0.104949 | MSE: 0.104949 | RMSE: 0.323959 | MAE: 0.223556
  Val   - Loss: 0.088943 | MSE: 0.088943 | RMSE: 0.298233 | MAE: 0.197805
============================================================

✓ New best model saved! Val Loss: 0.088943

============================================================
Epoch 12/150
Learning Rate: 1.00e-03
============================================================

============================================================
Epoch 12 Summary:
  Train - Loss: 0.102849 | MSE: 0.102849 | RMSE: 0.320700 | MAE: 0.221376
  Val   - Loss: 0.088680 | MSE: 0.088680 | RMSE: 0.297792 | MAE: 0.194474
============================================================

✓ New best model saved! Val Loss: 0.088680

============================================================
Epoch 13/150
Learning Rate: 1.00e-03
============================================================

============================================================
Epoch 13 Summary:
  Train - Loss: 0.101333 | MSE: 0.101333 | RMSE: 0.318329 | MAE: 0.219728
  Val   - Loss: 0.088926 | MSE: 0.088926 | RMSE: 0.298205 | MAE: 0.201723
============================================================
No improvement for 1 epochs

============================================================
Epoch 14/150
Learning Rate: 1.00e-03
============================================================

============================================================
Epoch 14 Summary:
  Train - Loss: 0.100251 | MSE: 0.100251 | RMSE: 0.316624 | MAE: 0.218270
  Val   - Loss: 0.094874 | MSE: 0.094874 | RMSE: 0.308015 | MAE: 0.200821
============================================================
No improvement for 2 epochs

============================================================
Epoch 15/150
Learning Rate: 1.00e-03
============================================================

============================================================
Epoch 15 Summary:
  Train - Loss: 0.098694 | MSE: 0.098694 | RMSE: 0.314157 | MAE: 0.216620
  Val   - Loss: 0.088353 | MSE: 0.088353 | RMSE: 0.297242 | MAE: 0.195665
============================================================

✓ New best model saved! Val Loss: 0.088353
Checkpoint saved: src/trained_weights/UMambaMag_v2_STEAD_20251108_052147/model_epoch_15.pt

============================================================
Epoch 16/150
Learning Rate: 1.00e-03
============================================================

============================================================
Epoch 16 Summary:
  Train - Loss: 0.098243 | MSE: 0.098243 | RMSE: 0.313437 | MAE: 0.215689
  Val   - Loss: 0.090931 | MSE: 0.090931 | RMSE: 0.301548 | MAE: 0.197037
============================================================
No improvement for 1 epochs

============================================================
Epoch 17/150
Learning Rate: 1.00e-03
============================================================

============================================================
Epoch 17 Summary:
  Train - Loss: 0.097044 | MSE: 0.097044 | RMSE: 0.311519 | MAE: 0.214381
  Val   - Loss: 0.088423 | MSE: 0.088423 | RMSE: 0.297361 | MAE: 0.200075
============================================================
No improvement for 2 epochs

============================================================
Epoch 18/150
Learning Rate: 1.00e-03
============================================================

============================================================
Epoch 18 Summary:
  Train - Loss: 0.095881 | MSE: 0.095881 | RMSE: 0.309647 | MAE: 0.213472
  Val   - Loss: 0.085759 | MSE: 0.085759 | RMSE: 0.292847 | MAE: 0.195380
============================================================

✓ New best model saved! Val Loss: 0.085759

============================================================
Epoch 19/150
Learning Rate: 1.00e-03
============================================================

============================================================
Epoch 19 Summary:
  Train - Loss: 0.095855 | MSE: 0.095855 | RMSE: 0.309604 | MAE: 0.212895
  Val   - Loss: 0.083648 | MSE: 0.083648 | RMSE: 0.289220 | MAE: 0.189617
============================================================

✓ New best model saved! Val Loss: 0.083648

============================================================
Epoch 20/150
Learning Rate: 1.00e-03
============================================================

============================================================
Epoch 20 Summary:
  Train - Loss: 0.094486 | MSE: 0.094486 | RMSE: 0.307385 | MAE: 0.211718
  Val   - Loss: 0.085839 | MSE: 0.085839 | RMSE: 0.292982 | MAE: 0.192887
============================================================
No improvement for 1 epochs
Checkpoint saved: src/trained_weights/UMambaMag_v2_STEAD_20251108_052147/model_epoch_20.pt

============================================================
Epoch 21/150
Learning Rate: 1.00e-03
============================================================

============================================================
Epoch 21 Summary:
  Train - Loss: 0.093677 | MSE: 0.093677 | RMSE: 0.306067 | MAE: 0.210865
  Val   - Loss: 0.085665 | MSE: 0.085665 | RMSE: 0.292686 | MAE: 0.193210
============================================================
No improvement for 2 epochs

============================================================
Epoch 22/150
Learning Rate: 1.00e-03
============================================================

============================================================
Epoch 22 Summary:
  Train - Loss: 0.093332 | MSE: 0.093332 | RMSE: 0.305503 | MAE: 0.210148
  Val   - Loss: 0.081568 | MSE: 0.081568 | RMSE: 0.285601 | MAE: 0.187048
============================================================

✓ New best model saved! Val Loss: 0.081568

============================================================
Epoch 23/150
Learning Rate: 1.00e-03
============================================================

============================================================
Epoch 23 Summary:
  Train - Loss: 0.092169 | MSE: 0.092169 | RMSE: 0.303593 | MAE: 0.209274
  Val   - Loss: 0.081932 | MSE: 0.081932 | RMSE: 0.286238 | MAE: 0.183545
============================================================
No improvement for 1 epochs

============================================================
Epoch 24/150
Learning Rate: 1.00e-03
============================================================

============================================================
Epoch 24 Summary:
  Train - Loss: 0.091875 | MSE: 0.091875 | RMSE: 0.303108 | MAE: 0.208472
  Val   - Loss: 0.081023 | MSE: 0.081023 | RMSE: 0.284646 | MAE: 0.187985
============================================================

✓ New best model saved! Val Loss: 0.081023

============================================================
Epoch 25/150
Learning Rate: 1.00e-03
============================================================

============================================================
Epoch 25 Summary:
  Train - Loss: 0.091621 | MSE: 0.091621 | RMSE: 0.302690 | MAE: 0.208179
  Val   - Loss: 0.079967 | MSE: 0.079967 | RMSE: 0.282785 | MAE: 0.182011
============================================================

✓ New best model saved! Val Loss: 0.079967
Checkpoint saved: src/trained_weights/UMambaMag_v2_STEAD_20251108_052147/model_epoch_25.pt

============================================================
Epoch 26/150
Learning Rate: 1.00e-03
============================================================

============================================================
Epoch 26 Summary:
  Train - Loss: 0.090714 | MSE: 0.090714 | RMSE: 0.301188 | MAE: 0.207224
  Val   - Loss: 0.083387 | MSE: 0.083387 | RMSE: 0.288767 | MAE: 0.190105
============================================================
No improvement for 1 epochs

============================================================
Epoch 27/150
Learning Rate: 1.00e-03
============================================================

============================================================
Epoch 27 Summary:
  Train - Loss: 0.090186 | MSE: 0.090186 | RMSE: 0.300311 | MAE: 0.206907
  Val   - Loss: 0.079333 | MSE: 0.079333 | RMSE: 0.281662 | MAE: 0.184236
============================================================

✓ New best model saved! Val Loss: 0.079333

============================================================
Epoch 28/150
Learning Rate: 1.00e-03
============================================================

============================================================
Epoch 28 Summary:
  Train - Loss: 0.089433 | MSE: 0.089433 | RMSE: 0.299053 | MAE: 0.206045
  Val   - Loss: 0.079782 | MSE: 0.079782 | RMSE: 0.282457 | MAE: 0.180520
============================================================
No improvement for 1 epochs

============================================================
Epoch 29/150
Learning Rate: 1.00e-03
============================================================

============================================================
Epoch 29 Summary:
  Train - Loss: 0.089455 | MSE: 0.089455 | RMSE: 0.299090 | MAE: 0.205746
  Val   - Loss: 0.078219 | MSE: 0.078219 | RMSE: 0.279677 | MAE: 0.179991
============================================================

✓ New best model saved! Val Loss: 0.078219

============================================================
Epoch 30/150
Learning Rate: 1.00e-03
============================================================

============================================================
Epoch 30 Summary:
  Train - Loss: 0.088750 | MSE: 0.088750 | RMSE: 0.297910 | MAE: 0.205029
  Val   - Loss: 0.077458 | MSE: 0.077458 | RMSE: 0.278313 | MAE: 0.179346
============================================================

✓ New best model saved! Val Loss: 0.077458
Checkpoint saved: src/trained_weights/UMambaMag_v2_STEAD_20251108_052147/model_epoch_30.pt

============================================================
Epoch 31/150
Learning Rate: 1.00e-03
============================================================

============================================================
Epoch 31 Summary:
  Train - Loss: 0.088223 | MSE: 0.088223 | RMSE: 0.297023 | MAE: 0.204438
  Val   - Loss: 0.079546 | MSE: 0.079546 | RMSE: 0.282038 | MAE: 0.188926
============================================================
No improvement for 1 epochs

============================================================
Epoch 32/150
Learning Rate: 1.00e-03
============================================================

============================================================
Epoch 32 Summary:
  Train - Loss: 0.088158 | MSE: 0.088158 | RMSE: 0.296914 | MAE: 0.204290
  Val   - Loss: 0.077889 | MSE: 0.077889 | RMSE: 0.279087 | MAE: 0.181645
============================================================
No improvement for 2 epochs

============================================================
Epoch 33/150
Learning Rate: 1.00e-03
============================================================

============================================================
Epoch 33 Summary:
  Train - Loss: 0.087837 | MSE: 0.087837 | RMSE: 0.296373 | MAE: 0.203976
  Val   - Loss: 0.082022 | MSE: 0.082022 | RMSE: 0.286395 | MAE: 0.182230
============================================================
No improvement for 3 epochs

============================================================
Epoch 34/150
Learning Rate: 1.00e-03
============================================================

============================================================
Epoch 34 Summary:
  Train - Loss: 0.087451 | MSE: 0.087451 | RMSE: 0.295722 | MAE: 0.203645
  Val   - Loss: 0.076339 | MSE: 0.076339 | RMSE: 0.276295 | MAE: 0.180704
============================================================

✓ New best model saved! Val Loss: 0.076339

============================================================
Epoch 35/150
Learning Rate: 1.00e-03
============================================================

============================================================
Epoch 35 Summary:
  Train - Loss: 0.087552 | MSE: 0.087552 | RMSE: 0.295892 | MAE: 0.203328
  Val   - Loss: 0.076187 | MSE: 0.076187 | RMSE: 0.276020 | MAE: 0.176458
============================================================

✓ New best model saved! Val Loss: 0.076187
Checkpoint saved: src/trained_weights/UMambaMag_v2_STEAD_20251108_052147/model_epoch_35.pt

============================================================
Epoch 36/150
Learning Rate: 1.00e-03
============================================================

============================================================
Epoch 36 Summary:
  Train - Loss: 0.087069 | MSE: 0.087069 | RMSE: 0.295074 | MAE: 0.202826
  Val   - Loss: 0.077863 | MSE: 0.077863 | RMSE: 0.279039 | MAE: 0.185536
============================================================
No improvement for 1 epochs

============================================================
Epoch 37/150
Learning Rate: 1.00e-03
============================================================

============================================================
Epoch 37 Summary:
  Train - Loss: 0.086775 | MSE: 0.086775 | RMSE: 0.294576 | MAE: 0.202394
  Val   - Loss: 0.076986 | MSE: 0.076986 | RMSE: 0.277464 | MAE: 0.180414
============================================================
No improvement for 2 epochs

============================================================
Epoch 38/150
Learning Rate: 1.00e-03
============================================================

============================================================
Epoch 38 Summary:
  Train - Loss: 0.086177 | MSE: 0.086177 | RMSE: 0.293559 | MAE: 0.201895
  Val   - Loss: 0.075930 | MSE: 0.075930 | RMSE: 0.275554 | MAE: 0.179604
============================================================

✓ New best model saved! Val Loss: 0.075930

============================================================
Epoch 39/150
Learning Rate: 1.00e-03
============================================================

============================================================
Epoch 39 Summary:
  Train - Loss: 0.085936 | MSE: 0.085936 | RMSE: 0.293149 | MAE: 0.201769
  Val   - Loss: 0.078107 | MSE: 0.078107 | RMSE: 0.279477 | MAE: 0.185274
============================================================
No improvement for 1 epochs

============================================================
Epoch 40/150
Learning Rate: 1.00e-03
============================================================

============================================================
Epoch 40 Summary:
  Train - Loss: 0.085958 | MSE: 0.085958 | RMSE: 0.293186 | MAE: 0.201461
  Val   - Loss: 0.082303 | MSE: 0.082303 | RMSE: 0.286885 | MAE: 0.187137
============================================================
No improvement for 2 epochs
Checkpoint saved: src/trained_weights/UMambaMag_v2_STEAD_20251108_052147/model_epoch_40.pt

============================================================
Epoch 41/150
Learning Rate: 1.00e-03
============================================================

============================================================
Epoch 41 Summary:
  Train - Loss: 0.086034 | MSE: 0.086034 | RMSE: 0.293316 | MAE: 0.201437
  Val   - Loss: 0.075515 | MSE: 0.075515 | RMSE: 0.274801 | MAE: 0.179404
============================================================

✓ New best model saved! Val Loss: 0.075515

============================================================
Epoch 42/150
Learning Rate: 1.00e-03
============================================================

============================================================
Epoch 42 Summary:
  Train - Loss: 0.085528 | MSE: 0.085528 | RMSE: 0.292451 | MAE: 0.200823
  Val   - Loss: 0.075362 | MSE: 0.075362 | RMSE: 0.274521 | MAE: 0.183327
============================================================

✓ New best model saved! Val Loss: 0.075362

============================================================
Epoch 43/150
Learning Rate: 1.00e-03
============================================================

============================================================
Epoch 43 Summary:
  Train - Loss: 0.085112 | MSE: 0.085112 | RMSE: 0.291739 | MAE: 0.200482
  Val   - Loss: 0.079399 | MSE: 0.079399 | RMSE: 0.281779 | MAE: 0.179286
============================================================
No improvement for 1 epochs

============================================================
Epoch 44/150
Learning Rate: 1.00e-03
============================================================

============================================================
Epoch 44 Summary:
  Train - Loss: 0.084593 | MSE: 0.084593 | RMSE: 0.290849 | MAE: 0.200053
  Val   - Loss: 0.076456 | MSE: 0.076456 | RMSE: 0.276507 | MAE: 0.181550
============================================================
No improvement for 2 epochs

============================================================
Epoch 45/150
Learning Rate: 1.00e-03
============================================================

============================================================
Epoch 45 Summary:
  Train - Loss: 0.084483 | MSE: 0.084483 | RMSE: 0.290659 | MAE: 0.200086
  Val   - Loss: 0.076983 | MSE: 0.076983 | RMSE: 0.277458 | MAE: 0.180132
============================================================
No improvement for 3 epochs
Checkpoint saved: src/trained_weights/UMambaMag_v2_STEAD_20251108_052147/model_epoch_45.pt

============================================================
Epoch 46/150
Learning Rate: 1.00e-03
============================================================

============================================================
Epoch 46 Summary:
  Train - Loss: 0.084179 | MSE: 0.084179 | RMSE: 0.290137 | MAE: 0.199574
  Val   - Loss: 0.075293 | MSE: 0.075293 | RMSE: 0.274396 | MAE: 0.177562
============================================================

✓ New best model saved! Val Loss: 0.075293

============================================================
Epoch 47/150
Learning Rate: 1.00e-03
============================================================

============================================================
Epoch 47 Summary:
  Train - Loss: 0.084470 | MSE: 0.084470 | RMSE: 0.290637 | MAE: 0.199458
  Val   - Loss: 0.073804 | MSE: 0.073804 | RMSE: 0.271668 | MAE: 0.176878
============================================================

✓ New best model saved! Val Loss: 0.073804

============================================================
Epoch 48/150
Learning Rate: 1.00e-03
============================================================

============================================================
Epoch 48 Summary:
  Train - Loss: 0.083707 | MSE: 0.083707 | RMSE: 0.289322 | MAE: 0.199219
  Val   - Loss: 0.075049 | MSE: 0.075049 | RMSE: 0.273950 | MAE: 0.174939
============================================================
No improvement for 1 epochs

============================================================
Epoch 49/150
Learning Rate: 1.00e-03
============================================================

============================================================
Epoch 49 Summary:
  Train - Loss: 0.083775 | MSE: 0.083775 | RMSE: 0.289439 | MAE: 0.199153
  Val   - Loss: 0.078267 | MSE: 0.078267 | RMSE: 0.279762 | MAE: 0.184165
============================================================
No improvement for 2 epochs

============================================================
Epoch 50/150
Learning Rate: 1.00e-03
============================================================

============================================================
Epoch 50 Summary:
  Train - Loss: 0.083707 | MSE: 0.083707 | RMSE: 0.289322 | MAE: 0.198757
  Val   - Loss: 0.075331 | MSE: 0.075331 | RMSE: 0.274465 | MAE: 0.178975
============================================================
No improvement for 3 epochs
Checkpoint saved: src/trained_weights/UMambaMag_v2_STEAD_20251108_052147/model_epoch_50.pt

============================================================
Epoch 51/150
Learning Rate: 1.00e-03
============================================================

============================================================
Epoch 51 Summary:
  Train - Loss: 0.083280 | MSE: 0.083280 | RMSE: 0.288583 | MAE: 0.198482
  Val   - Loss: 0.075007 | MSE: 0.075007 | RMSE: 0.273874 | MAE: 0.175925
============================================================
No improvement for 4 epochs

============================================================
Epoch 52/150
Learning Rate: 1.00e-03
============================================================

============================================================
Epoch 52 Summary:
  Train - Loss: 0.083598 | MSE: 0.083598 | RMSE: 0.289132 | MAE: 0.198477
  Val   - Loss: 0.073904 | MSE: 0.073904 | RMSE: 0.271854 | MAE: 0.174225
============================================================
No improvement for 5 epochs

============================================================
Epoch 53/150
Learning Rate: 1.00e-03
============================================================

============================================================
Epoch 53 Summary:
  Train - Loss: 0.082907 | MSE: 0.082907 | RMSE: 0.287936 | MAE: 0.197913
  Val   - Loss: 0.074481 | MSE: 0.074481 | RMSE: 0.272912 | MAE: 0.172877
============================================================
No improvement for 6 epochs

============================================================
Epoch 54/150
Learning Rate: 5.00e-04
============================================================

============================================================
Epoch 54 Summary:
  Train - Loss: 0.078031 | MSE: 0.078031 | RMSE: 0.279340 | MAE: 0.191806
  Val   - Loss: 0.067437 | MSE: 0.067437 | RMSE: 0.259685 | MAE: 0.173200
============================================================

✓ New best model saved! Val Loss: 0.067437

============================================================
Epoch 55/150
Learning Rate: 1.00e-03
============================================================

============================================================
Epoch 55 Summary:
  Train - Loss: 0.082588 | MSE: 0.082588 | RMSE: 0.287382 | MAE: 0.197330
  Val   - Loss: 0.072706 | MSE: 0.072706 | RMSE: 0.269640 | MAE: 0.174337
============================================================
No improvement for 1 epochs
Checkpoint saved: src/trained_weights/UMambaMag_v2_STEAD_20251108_052147/model_epoch_55.pt

============================================================
Epoch 56/150
Learning Rate: 1.00e-03
============================================================

============================================================
Epoch 56 Summary:
  Train - Loss: 0.082455 | MSE: 0.082455 | RMSE: 0.287149 | MAE: 0.197557
  Val   - Loss: 0.073717 | MSE: 0.073717 | RMSE: 0.271510 | MAE: 0.181111
============================================================
No improvement for 2 epochs

============================================================
Epoch 57/150
Learning Rate: 1.00e-03
============================================================

============================================================
Epoch 57 Summary:
  Train - Loss: 0.082416 | MSE: 0.082416 | RMSE: 0.287082 | MAE: 0.197453
  Val   - Loss: 0.071790 | MSE: 0.071790 | RMSE: 0.267937 | MAE: 0.172845
============================================================
No improvement for 3 epochs

============================================================
Epoch 58/150
Learning Rate: 1.00e-03
============================================================

============================================================
Epoch 58 Summary:
  Train - Loss: 0.081998 | MSE: 0.081998 | RMSE: 0.286353 | MAE: 0.197093
  Val   - Loss: 0.073270 | MSE: 0.073270 | RMSE: 0.270684 | MAE: 0.175207
============================================================
No improvement for 4 epochs

============================================================
Epoch 59/150
Learning Rate: 1.00e-03
============================================================

============================================================
Epoch 59 Summary:
  Train - Loss: 0.082610 | MSE: 0.082610 | RMSE: 0.287419 | MAE: 0.197239
  Val   - Loss: 0.072873 | MSE: 0.072873 | RMSE: 0.269951 | MAE: 0.174671
============================================================
No improvement for 5 epochs

============================================================
Epoch 60/150
Learning Rate: 1.00e-03
============================================================

============================================================
Epoch 60 Summary:
  Train - Loss: 0.081787 | MSE: 0.081787 | RMSE: 0.285984 | MAE: 0.196532
  Val   - Loss: 0.073095 | MSE: 0.073095 | RMSE: 0.270362 | MAE: 0.174251
============================================================
No improvement for 6 epochs
Checkpoint saved: src/trained_weights/UMambaMag_v2_STEAD_20251108_052147/model_epoch_60.pt

============================================================
Epoch 61/150
Learning Rate: 5.00e-04
============================================================

============================================================
Epoch 61 Summary:
  Train - Loss: 0.076884 | MSE: 0.076884 | RMSE: 0.277280 | MAE: 0.190407
  Val   - Loss: 0.070029 | MSE: 0.070029 | RMSE: 0.264630 | MAE: 0.166553
============================================================
No improvement for 7 epochs

============================================================
Epoch 62/150
Learning Rate: 1.00e-03
============================================================

============================================================
Epoch 62 Summary:
  Train - Loss: 0.081093 | MSE: 0.081093 | RMSE: 0.284768 | MAE: 0.195908
  Val   - Loss: 0.073142 | MSE: 0.073142 | RMSE: 0.270447 | MAE: 0.181388
============================================================
No improvement for 8 epochs

============================================================
Epoch 63/150
Learning Rate: 1.00e-03
============================================================

============================================================
Epoch 63 Summary:
  Train - Loss: 0.081572 | MSE: 0.081572 | RMSE: 0.285608 | MAE: 0.196107
  Val   - Loss: 0.072624 | MSE: 0.072624 | RMSE: 0.269489 | MAE: 0.175320
============================================================
No improvement for 9 epochs

============================================================
Epoch 64/150
Learning Rate: 1.00e-03
============================================================

============================================================
Epoch 64 Summary:
  Train - Loss: 0.080949 | MSE: 0.080949 | RMSE: 0.284516 | MAE: 0.195727
  Val   - Loss: 0.075448 | MSE: 0.075448 | RMSE: 0.274679 | MAE: 0.179053
============================================================
No improvement for 10 epochs

============================================================
Epoch 65/150
Learning Rate: 1.00e-03
============================================================

============================================================
Epoch 65 Summary:
  Train - Loss: 0.081183 | MSE: 0.081183 | RMSE: 0.284927 | MAE: 0.195831
  Val   - Loss: 0.070891 | MSE: 0.070891 | RMSE: 0.266253 | MAE: 0.170392
============================================================
No improvement for 11 epochs
Checkpoint saved: src/trained_weights/UMambaMag_v2_STEAD_20251108_052147/model_epoch_65.pt

============================================================
Epoch 66/150
Learning Rate: 1.00e-03
============================================================

============================================================
Epoch 66 Summary:
  Train - Loss: 0.080852 | MSE: 0.080852 | RMSE: 0.284345 | MAE: 0.195771
  Val   - Loss: 0.071962 | MSE: 0.071962 | RMSE: 0.268257 | MAE: 0.171311
============================================================
No improvement for 12 epochs

============================================================
Epoch 67/150
Learning Rate: 5.00e-04
============================================================

============================================================
Epoch 67 Summary:
  Train - Loss: 0.076336 | MSE: 0.076336 | RMSE: 0.276291 | MAE: 0.189744
  Val   - Loss: 0.070298 | MSE: 0.070298 | RMSE: 0.265138 | MAE: 0.179389
============================================================
No improvement for 13 epochs

============================================================
Epoch 68/150
Learning Rate: 1.00e-03
============================================================

============================================================
Epoch 68 Summary:
  Train - Loss: 0.080841 | MSE: 0.080841 | RMSE: 0.284326 | MAE: 0.195166
  Val   - Loss: 0.069183 | MSE: 0.069183 | RMSE: 0.263026 | MAE: 0.169838
============================================================
No improvement for 14 epochs

============================================================
Epoch 69/150
Learning Rate: 1.00e-03
============================================================

============================================================
Epoch 69 Summary:
  Train - Loss: 0.080897 | MSE: 0.080897 | RMSE: 0.284423 | MAE: 0.195168
  Val   - Loss: 0.071767 | MSE: 0.071767 | RMSE: 0.267893 | MAE: 0.180099
============================================================
No improvement for 15 epochs

Early stopping triggered after 15 epochs without improvement
Best validation loss: 0.067437

Final model saved: src/trained_weights/UMambaMag_v2_STEAD_20251108_052147/model_final.pt
Training history saved: src/trained_weights/UMambaMag_v2_STEAD_20251108_052147/training_history_20251108_052147.pt

============================================================
TRAINING COMPLETED
============================================================
Best validation loss: 0.067437
Best validation RMSE: 0.259685
Final train loss: 0.080897
Final val loss: 0.071767
Total Training Time: 11:37:22
============================================================
==================================================

