2025-11-08 16:59:17,038 | seisbench | WARNING | Setting remote root to: https://seisbench.gfz.de/mirror/
Please note that this can affect your download speed.
2025-11-08 16:59:26,599 | seisbench | WARNING | Output component order not specified, defaulting to 'ZNE'.
2025-11-08 16:59:33,064 | seisbench | WARNING | Skipping preload, as cache is disabled.
2025-11-08 16:59:37,938 | seisbench | WARNING | Skipping preload, as cache is disabled.
/home/quenton.yeo/code/.venv/lib/python3.11/site-packages/torch/optim/lr_scheduler.py:60: UserWarning: The verbose parameter is deprecated. Please use get_last_lr() to access the learning rate.
  warnings.warn(

==================================================
LOADING DATA
==================================================
STEAD dataset loaded: 1265657 samples

Training umamba_mag_v2 on STEAD for 150 epochs...
Model moved to cuda:1
Training UMamba V2 Magnitude Estimator model (encoder-only with pooling)

============================================================
TRAINING UMAMBAMAG V2 (ENCODER-ONLY WITH POOLING)
============================================================
Model: UMambaMag_v2_STEAD
Dataset: STEAD
Batch size: 32
Learning rate: 0.001
Epochs: 150
Warmup epochs: 5
============================================================
Model is on device: cuda:1
Total parameters: 191,313
Trainable parameters: 191,313

Loading data...
Train batches: 33619
Dev batches: 1978

Saving models to: src/trained_weights/UMambaMag_v2_STEAD_20251108_165938


============================================================
Epoch 1/150
Learning Rate: 1.00e-04
============================================================

============================================================
Epoch 1 Summary:
  Train - Loss: 0.265484 | MSE: 0.265484 | RMSE: 0.515251 | MAE: 0.351974
  Val   - Loss: 0.186719 | MSE: 0.186719 | RMSE: 0.432110 | MAE: 0.301886
============================================================

✓ New best model saved! Val Loss: 0.186719

============================================================
Epoch 2/150
Learning Rate: 2.80e-04
============================================================

============================================================
Epoch 2 Summary:
  Train - Loss: 0.185032 | MSE: 0.185032 | RMSE: 0.430153 | MAE: 0.296728
  Val   - Loss: 0.141868 | MSE: 0.141868 | RMSE: 0.376654 | MAE: 0.251777
============================================================

✓ New best model saved! Val Loss: 0.141868

============================================================
Epoch 3/150
Learning Rate: 4.60e-04
============================================================

============================================================
Epoch 3 Summary:
  Train - Loss: 0.154695 | MSE: 0.154695 | RMSE: 0.393312 | MAE: 0.270815
  Val   - Loss: 0.122715 | MSE: 0.122715 | RMSE: 0.350307 | MAE: 0.233176
============================================================

✓ New best model saved! Val Loss: 0.122715

============================================================
Epoch 4/150
Learning Rate: 6.40e-04
============================================================

============================================================
Epoch 4 Summary:
  Train - Loss: 0.140113 | MSE: 0.140113 | RMSE: 0.374317 | MAE: 0.257923
  Val   - Loss: 0.122956 | MSE: 0.122956 | RMSE: 0.350651 | MAE: 0.229014
============================================================
No improvement for 1 epochs

============================================================
Epoch 5/150
Learning Rate: 8.20e-04
============================================================

============================================================
Epoch 5 Summary:
  Train - Loss: 0.131620 | MSE: 0.131620 | RMSE: 0.362794 | MAE: 0.250558
  Val   - Loss: 0.112252 | MSE: 0.112252 | RMSE: 0.335040 | MAE: 0.217594
============================================================

✓ New best model saved! Val Loss: 0.112252
Checkpoint saved: src/trained_weights/UMambaMag_v2_STEAD_20251108_165938/model_epoch_5.pt

============================================================
Epoch 6/150
Learning Rate: 1.00e-03
============================================================

============================================================
Epoch 6 Summary:
  Train - Loss: 0.126333 | MSE: 0.126333 | RMSE: 0.355434 | MAE: 0.245463
  Val   - Loss: 0.110525 | MSE: 0.110525 | RMSE: 0.332454 | MAE: 0.214959
============================================================

✓ New best model saved! Val Loss: 0.110525

============================================================
Epoch 7/150
Learning Rate: 1.00e-03
============================================================

============================================================
Epoch 7 Summary:
  Train - Loss: 0.118899 | MSE: 0.118899 | RMSE: 0.344817 | MAE: 0.238191
  Val   - Loss: 0.099035 | MSE: 0.099035 | RMSE: 0.314698 | MAE: 0.203730
============================================================

✓ New best model saved! Val Loss: 0.099035

============================================================
Epoch 8/150
Learning Rate: 1.00e-03
============================================================

============================================================
Epoch 8 Summary:
  Train - Loss: 0.113500 | MSE: 0.113500 | RMSE: 0.336898 | MAE: 0.232468
  Val   - Loss: 0.099227 | MSE: 0.099227 | RMSE: 0.315003 | MAE: 0.212090
============================================================
No improvement for 1 epochs

============================================================
Epoch 9/150
Learning Rate: 1.00e-03
============================================================

============================================================
Epoch 9 Summary:
  Train - Loss: 0.109305 | MSE: 0.109305 | RMSE: 0.330613 | MAE: 0.227967
  Val   - Loss: 0.099643 | MSE: 0.099643 | RMSE: 0.315663 | MAE: 0.211617
============================================================
No improvement for 2 epochs

============================================================
Epoch 10/150
Learning Rate: 1.00e-03
============================================================

============================================================
Epoch 10 Summary:
  Train - Loss: 0.106551 | MSE: 0.106551 | RMSE: 0.326421 | MAE: 0.225214
  Val   - Loss: 0.097922 | MSE: 0.097922 | RMSE: 0.312925 | MAE: 0.199668
============================================================

✓ New best model saved! Val Loss: 0.097922
Checkpoint saved: src/trained_weights/UMambaMag_v2_STEAD_20251108_165938/model_epoch_10.pt

============================================================
Epoch 11/150
Learning Rate: 1.00e-03
============================================================

============================================================
Epoch 11 Summary:
  Train - Loss: 0.104405 | MSE: 0.104405 | RMSE: 0.323118 | MAE: 0.222564
  Val   - Loss: 0.090233 | MSE: 0.090233 | RMSE: 0.300389 | MAE: 0.197295
============================================================

✓ New best model saved! Val Loss: 0.090233

============================================================
Epoch 12/150
Learning Rate: 1.00e-03
============================================================

============================================================
Epoch 12 Summary:
  Train - Loss: 0.102236 | MSE: 0.102236 | RMSE: 0.319743 | MAE: 0.220308
  Val   - Loss: 0.090510 | MSE: 0.090510 | RMSE: 0.300849 | MAE: 0.197972
============================================================
No improvement for 1 epochs

============================================================
Epoch 13/150
Learning Rate: 1.00e-03
============================================================

============================================================
Epoch 13 Summary:
  Train - Loss: 0.101364 | MSE: 0.101364 | RMSE: 0.318376 | MAE: 0.219147
  Val   - Loss: 0.088709 | MSE: 0.088709 | RMSE: 0.297840 | MAE: 0.192222
============================================================

✓ New best model saved! Val Loss: 0.088709

============================================================
Epoch 14/150
Learning Rate: 1.00e-03
============================================================

============================================================
Epoch 14 Summary:
  Train - Loss: 0.099760 | MSE: 0.099760 | RMSE: 0.315848 | MAE: 0.217367
  Val   - Loss: 0.085056 | MSE: 0.085056 | RMSE: 0.291643 | MAE: 0.191372
============================================================

✓ New best model saved! Val Loss: 0.085056

============================================================
Epoch 15/150
Learning Rate: 1.00e-03
============================================================

============================================================
Epoch 15 Summary:
  Train - Loss: 0.098465 | MSE: 0.098465 | RMSE: 0.313791 | MAE: 0.215980
  Val   - Loss: 0.086478 | MSE: 0.086478 | RMSE: 0.294071 | MAE: 0.193719
============================================================
No improvement for 1 epochs
Checkpoint saved: src/trained_weights/UMambaMag_v2_STEAD_20251108_165938/model_epoch_15.pt

============================================================
Epoch 16/150
Learning Rate: 1.00e-03
============================================================

============================================================
Epoch 16 Summary:
  Train - Loss: 0.097264 | MSE: 0.097264 | RMSE: 0.311872 | MAE: 0.214743
  Val   - Loss: 0.088119 | MSE: 0.088119 | RMSE: 0.296848 | MAE: 0.204172
============================================================
No improvement for 2 epochs

============================================================
Epoch 17/150
Learning Rate: 1.00e-03
============================================================

============================================================
Epoch 17 Summary:
  Train - Loss: 0.096466 | MSE: 0.096466 | RMSE: 0.310589 | MAE: 0.213876
  Val   - Loss: 0.084455 | MSE: 0.084455 | RMSE: 0.290611 | MAE: 0.186760
============================================================

✓ New best model saved! Val Loss: 0.084455

============================================================
Epoch 18/150
Learning Rate: 1.00e-03
============================================================

============================================================
Epoch 18 Summary:
  Train - Loss: 0.095605 | MSE: 0.095605 | RMSE: 0.309200 | MAE: 0.212735
  Val   - Loss: 0.086784 | MSE: 0.086784 | RMSE: 0.294591 | MAE: 0.190548
============================================================
No improvement for 1 epochs

============================================================
Epoch 19/150
Learning Rate: 1.00e-03
============================================================

============================================================
Epoch 19 Summary:
  Train - Loss: 0.094651 | MSE: 0.094651 | RMSE: 0.307654 | MAE: 0.211746
  Val   - Loss: 0.083793 | MSE: 0.083793 | RMSE: 0.289470 | MAE: 0.189827
============================================================

✓ New best model saved! Val Loss: 0.083793

============================================================
Epoch 20/150
Learning Rate: 1.00e-03
============================================================

============================================================
Epoch 20 Summary:
  Train - Loss: 0.094172 | MSE: 0.094172 | RMSE: 0.306874 | MAE: 0.211319
  Val   - Loss: 0.083190 | MSE: 0.083190 | RMSE: 0.288428 | MAE: 0.187571
============================================================

✓ New best model saved! Val Loss: 0.083190
Checkpoint saved: src/trained_weights/UMambaMag_v2_STEAD_20251108_165938/model_epoch_20.pt

============================================================
Epoch 21/150
Learning Rate: 1.00e-03
============================================================

============================================================
Epoch 21 Summary:
  Train - Loss: 0.093234 | MSE: 0.093234 | RMSE: 0.305342 | MAE: 0.210228
  Val   - Loss: 0.085704 | MSE: 0.085704 | RMSE: 0.292753 | MAE: 0.190105
============================================================
No improvement for 1 epochs

============================================================
Epoch 22/150
Learning Rate: 1.00e-03
============================================================

============================================================
Epoch 22 Summary:
  Train - Loss: 0.092997 | MSE: 0.092997 | RMSE: 0.304955 | MAE: 0.209697
  Val   - Loss: 0.080369 | MSE: 0.080369 | RMSE: 0.283495 | MAE: 0.185610
============================================================

✓ New best model saved! Val Loss: 0.080369

============================================================
Epoch 23/150
Learning Rate: 1.00e-03
============================================================

============================================================
Epoch 23 Summary:
  Train - Loss: 0.092472 | MSE: 0.092472 | RMSE: 0.304093 | MAE: 0.209138
  Val   - Loss: 0.079792 | MSE: 0.079792 | RMSE: 0.282476 | MAE: 0.182187
============================================================

✓ New best model saved! Val Loss: 0.079792

============================================================
Epoch 24/150
Learning Rate: 1.00e-03
============================================================

============================================================
Epoch 24 Summary:
  Train - Loss: 0.091514 | MSE: 0.091514 | RMSE: 0.302513 | MAE: 0.208426
  Val   - Loss: 0.080974 | MSE: 0.080974 | RMSE: 0.284558 | MAE: 0.189388
============================================================
No improvement for 1 epochs

============================================================
Epoch 25/150
Learning Rate: 1.00e-03
============================================================

============================================================
Epoch 25 Summary:
  Train - Loss: 0.091255 | MSE: 0.091255 | RMSE: 0.302084 | MAE: 0.207804
  Val   - Loss: 0.080749 | MSE: 0.080749 | RMSE: 0.284164 | MAE: 0.189607
============================================================
No improvement for 2 epochs
Checkpoint saved: src/trained_weights/UMambaMag_v2_STEAD_20251108_165938/model_epoch_25.pt

============================================================
Epoch 26/150
Learning Rate: 1.00e-03
============================================================

============================================================
Epoch 26 Summary:
  Train - Loss: 0.090791 | MSE: 0.090791 | RMSE: 0.301315 | MAE: 0.207248
  Val   - Loss: 0.080879 | MSE: 0.080879 | RMSE: 0.284392 | MAE: 0.193685
============================================================
No improvement for 3 epochs

============================================================
Epoch 27/150
Learning Rate: 1.00e-03
============================================================

============================================================
Epoch 27 Summary:
  Train - Loss: 0.090115 | MSE: 0.090115 | RMSE: 0.300191 | MAE: 0.206766
  Val   - Loss: 0.080079 | MSE: 0.080079 | RMSE: 0.282982 | MAE: 0.186728
============================================================
No improvement for 4 epochs

============================================================
Epoch 28/150
Learning Rate: 1.00e-03
============================================================

============================================================
Epoch 28 Summary:
  Train - Loss: 0.090281 | MSE: 0.090281 | RMSE: 0.300468 | MAE: 0.206441
  Val   - Loss: 0.077848 | MSE: 0.077848 | RMSE: 0.279012 | MAE: 0.179286
============================================================

✓ New best model saved! Val Loss: 0.077848

============================================================
Epoch 29/150
Learning Rate: 1.00e-03
============================================================

============================================================
Epoch 29 Summary:
  Train - Loss: 0.089167 | MSE: 0.089167 | RMSE: 0.298608 | MAE: 0.205600
  Val   - Loss: 0.079467 | MSE: 0.079467 | RMSE: 0.281899 | MAE: 0.185455
============================================================
No improvement for 1 epochs

============================================================
Epoch 30/150
Learning Rate: 1.00e-03
============================================================

============================================================
Epoch 30 Summary:
  Train - Loss: 0.088924 | MSE: 0.088924 | RMSE: 0.298202 | MAE: 0.204950
  Val   - Loss: 0.076390 | MSE: 0.076390 | RMSE: 0.276387 | MAE: 0.176821
============================================================

✓ New best model saved! Val Loss: 0.076390
Checkpoint saved: src/trained_weights/UMambaMag_v2_STEAD_20251108_165938/model_epoch_30.pt

============================================================
Epoch 31/150
Learning Rate: 1.00e-03
============================================================

============================================================
Epoch 31 Summary:
  Train - Loss: 0.088513 | MSE: 0.088513 | RMSE: 0.297512 | MAE: 0.204562
  Val   - Loss: 0.077969 | MSE: 0.077969 | RMSE: 0.279228 | MAE: 0.182356
============================================================
No improvement for 1 epochs

============================================================
Epoch 32/150
Learning Rate: 1.00e-03
============================================================

============================================================
Epoch 32 Summary:
  Train - Loss: 0.088202 | MSE: 0.088202 | RMSE: 0.296989 | MAE: 0.204375
  Val   - Loss: 0.077866 | MSE: 0.077866 | RMSE: 0.279044 | MAE: 0.178478
============================================================
No improvement for 2 epochs

============================================================
Epoch 33/150
Learning Rate: 1.00e-03
============================================================

============================================================
Epoch 33 Summary:
  Train - Loss: 0.088043 | MSE: 0.088043 | RMSE: 0.296721 | MAE: 0.204102
  Val   - Loss: 0.075493 | MSE: 0.075493 | RMSE: 0.274761 | MAE: 0.175928
============================================================

✓ New best model saved! Val Loss: 0.075493

============================================================
Epoch 34/150
Learning Rate: 1.00e-03
============================================================

============================================================
Epoch 34 Summary:
  Train - Loss: 0.087962 | MSE: 0.087962 | RMSE: 0.296585 | MAE: 0.203909
  Val   - Loss: 0.079695 | MSE: 0.079695 | RMSE: 0.282304 | MAE: 0.186831
============================================================
No improvement for 1 epochs

============================================================
Epoch 35/150
Learning Rate: 1.00e-03
============================================================

============================================================
Epoch 35 Summary:
  Train - Loss: 0.087444 | MSE: 0.087444 | RMSE: 0.295709 | MAE: 0.203256
  Val   - Loss: 0.077809 | MSE: 0.077809 | RMSE: 0.278943 | MAE: 0.178808
============================================================
No improvement for 2 epochs
Checkpoint saved: src/trained_weights/UMambaMag_v2_STEAD_20251108_165938/model_epoch_35.pt

============================================================
Epoch 36/150
Learning Rate: 1.00e-03
============================================================

============================================================
Epoch 36 Summary:
  Train - Loss: 0.087069 | MSE: 0.087069 | RMSE: 0.295074 | MAE: 0.202956
  Val   - Loss: 0.077455 | MSE: 0.077455 | RMSE: 0.278307 | MAE: 0.178026
============================================================
No improvement for 3 epochs

============================================================
Epoch 37/150
Learning Rate: 1.00e-03
============================================================

============================================================
Epoch 37 Summary:
  Train - Loss: 0.086713 | MSE: 0.086713 | RMSE: 0.294471 | MAE: 0.202594
  Val   - Loss: 0.075688 | MSE: 0.075688 | RMSE: 0.275115 | MAE: 0.179838
============================================================
No improvement for 4 epochs

============================================================
Epoch 38/150
Learning Rate: 1.00e-03
============================================================

============================================================
Epoch 38 Summary:
  Train - Loss: 0.086259 | MSE: 0.086259 | RMSE: 0.293699 | MAE: 0.202010
  Val   - Loss: 0.074803 | MSE: 0.074803 | RMSE: 0.273502 | MAE: 0.175207
============================================================

✓ New best model saved! Val Loss: 0.074803

============================================================
Epoch 39/150
Learning Rate: 1.00e-03
============================================================

============================================================
Epoch 39 Summary:
  Train - Loss: 0.086243 | MSE: 0.086243 | RMSE: 0.293671 | MAE: 0.201918
  Val   - Loss: 0.077175 | MSE: 0.077175 | RMSE: 0.277805 | MAE: 0.183231
============================================================
No improvement for 1 epochs

============================================================
Epoch 40/150
Learning Rate: 1.00e-03
============================================================

============================================================
Epoch 40 Summary:
  Train - Loss: 0.086036 | MSE: 0.086036 | RMSE: 0.293318 | MAE: 0.201644
  Val   - Loss: 0.076331 | MSE: 0.076331 | RMSE: 0.276281 | MAE: 0.176518
============================================================
No improvement for 2 epochs
Checkpoint saved: src/trained_weights/UMambaMag_v2_STEAD_20251108_165938/model_epoch_40.pt

============================================================
Epoch 41/150
Learning Rate: 1.00e-03
============================================================

============================================================
Epoch 41 Summary:
  Train - Loss: 0.085996 | MSE: 0.085996 | RMSE: 0.293250 | MAE: 0.201287
  Val   - Loss: 0.079503 | MSE: 0.079503 | RMSE: 0.281963 | MAE: 0.186400
============================================================
No improvement for 3 epochs

============================================================
Epoch 42/150
Learning Rate: 1.00e-03
============================================================

============================================================
Epoch 42 Summary:
  Train - Loss: 0.085497 | MSE: 0.085497 | RMSE: 0.292398 | MAE: 0.200948
  Val   - Loss: 0.076123 | MSE: 0.076123 | RMSE: 0.275904 | MAE: 0.177376
============================================================
No improvement for 4 epochs

============================================================
Epoch 43/150
Learning Rate: 1.00e-03
============================================================

============================================================
Epoch 43 Summary:
  Train - Loss: 0.085394 | MSE: 0.085394 | RMSE: 0.292222 | MAE: 0.200810
  Val   - Loss: 0.077088 | MSE: 0.077088 | RMSE: 0.277647 | MAE: 0.177632
============================================================
No improvement for 5 epochs

============================================================
Epoch 44/150
Learning Rate: 1.00e-03
============================================================

============================================================
Epoch 44 Summary:
  Train - Loss: 0.085108 | MSE: 0.085108 | RMSE: 0.291732 | MAE: 0.200554
  Val   - Loss: 0.075125 | MSE: 0.075125 | RMSE: 0.274090 | MAE: 0.177182
============================================================
No improvement for 6 epochs

============================================================
Epoch 45/150
Learning Rate: 5.00e-04
============================================================

============================================================
Epoch 45 Summary:
  Train - Loss: 0.078627 | MSE: 0.078627 | RMSE: 0.280406 | MAE: 0.192342
  Val   - Loss: 0.071028 | MSE: 0.071028 | RMSE: 0.266510 | MAE: 0.170336
============================================================

✓ New best model saved! Val Loss: 0.071028
Checkpoint saved: src/trained_weights/UMambaMag_v2_STEAD_20251108_165938/model_epoch_45.pt

============================================================
Epoch 46/150
Learning Rate: 1.00e-03
============================================================

============================================================
Epoch 46 Summary:
  Train - Loss: 0.084213 | MSE: 0.084213 | RMSE: 0.290195 | MAE: 0.199571
  Val   - Loss: 0.072582 | MSE: 0.072582 | RMSE: 0.269410 | MAE: 0.178693
============================================================
No improvement for 1 epochs

============================================================
Epoch 47/150
Learning Rate: 1.00e-03
============================================================

============================================================
Epoch 47 Summary:
  Train - Loss: 0.084322 | MSE: 0.084322 | RMSE: 0.290383 | MAE: 0.199683
  Val   - Loss: 0.077273 | MSE: 0.077273 | RMSE: 0.277980 | MAE: 0.184278
============================================================
No improvement for 2 epochs

============================================================
Epoch 48/150
Learning Rate: 1.00e-03
============================================================

============================================================
Epoch 48 Summary:
  Train - Loss: 0.084207 | MSE: 0.084207 | RMSE: 0.290184 | MAE: 0.199524
  Val   - Loss: 0.072969 | MSE: 0.072969 | RMSE: 0.270128 | MAE: 0.173992
============================================================
No improvement for 3 epochs

============================================================
Epoch 49/150
Learning Rate: 1.00e-03
============================================================

============================================================
Epoch 49 Summary:
  Train - Loss: 0.084211 | MSE: 0.084211 | RMSE: 0.290192 | MAE: 0.199532
  Val   - Loss: 0.076583 | MSE: 0.076583 | RMSE: 0.276736 | MAE: 0.177592
============================================================
No improvement for 4 epochs

============================================================
Epoch 50/150
Learning Rate: 1.00e-03
============================================================

============================================================
Epoch 50 Summary:
  Train - Loss: 0.083606 | MSE: 0.083606 | RMSE: 0.289146 | MAE: 0.198948
  Val   - Loss: 0.075660 | MSE: 0.075660 | RMSE: 0.275063 | MAE: 0.182408
============================================================
No improvement for 5 epochs
Checkpoint saved: src/trained_weights/UMambaMag_v2_STEAD_20251108_165938/model_epoch_50.pt

============================================================
Epoch 51/150
Learning Rate: 1.00e-03
============================================================

============================================================
Epoch 51 Summary:
  Train - Loss: 0.083841 | MSE: 0.083841 | RMSE: 0.289553 | MAE: 0.199102
  Val   - Loss: 0.073450 | MSE: 0.073450 | RMSE: 0.271017 | MAE: 0.177199
============================================================
No improvement for 6 epochs

============================================================
Epoch 52/150
Learning Rate: 5.00e-04
============================================================

============================================================
Epoch 52 Summary:
  Train - Loss: 0.077284 | MSE: 0.077284 | RMSE: 0.277999 | MAE: 0.190626
  Val   - Loss: 0.068161 | MSE: 0.068161 | RMSE: 0.261076 | MAE: 0.168378
============================================================

✓ New best model saved! Val Loss: 0.068161

============================================================
Epoch 53/150
Learning Rate: 1.00e-03
============================================================

============================================================
Epoch 53 Summary:
  Train - Loss: 0.083058 | MSE: 0.083058 | RMSE: 0.288197 | MAE: 0.197871
  Val   - Loss: 0.075001 | MSE: 0.075001 | RMSE: 0.273862 | MAE: 0.179597
============================================================
No improvement for 1 epochs

============================================================
Epoch 54/150
Learning Rate: 1.00e-03
============================================================

============================================================
Epoch 54 Summary:
  Train - Loss: 0.083083 | MSE: 0.083083 | RMSE: 0.288241 | MAE: 0.198049
  Val   - Loss: 0.074604 | MSE: 0.074604 | RMSE: 0.273136 | MAE: 0.175719
============================================================
No improvement for 2 epochs

============================================================
Epoch 55/150
Learning Rate: 1.00e-03
============================================================

============================================================
Epoch 55 Summary:
  Train - Loss: 0.083048 | MSE: 0.083048 | RMSE: 0.288180 | MAE: 0.198154
  Val   - Loss: 0.073681 | MSE: 0.073681 | RMSE: 0.271443 | MAE: 0.173966
============================================================
No improvement for 3 epochs
Checkpoint saved: src/trained_weights/UMambaMag_v2_STEAD_20251108_165938/model_epoch_55.pt

============================================================
Epoch 56/150
Learning Rate: 1.00e-03
============================================================

============================================================
Epoch 56 Summary:
  Train - Loss: 0.082867 | MSE: 0.082867 | RMSE: 0.287866 | MAE: 0.197859
  Val   - Loss: 0.074380 | MSE: 0.074380 | RMSE: 0.272727 | MAE: 0.174743
============================================================
No improvement for 4 epochs

============================================================
Epoch 57/150
Learning Rate: 1.00e-03
============================================================

============================================================
Epoch 57 Summary:
  Train - Loss: 0.082636 | MSE: 0.082636 | RMSE: 0.287465 | MAE: 0.197887
  Val   - Loss: 0.073195 | MSE: 0.073195 | RMSE: 0.270546 | MAE: 0.174590
============================================================
No improvement for 5 epochs

============================================================
Epoch 58/150
Learning Rate: 1.00e-03
============================================================

============================================================
Epoch 58 Summary:
  Train - Loss: 0.082584 | MSE: 0.082584 | RMSE: 0.287375 | MAE: 0.197754
  Val   - Loss: 0.072905 | MSE: 0.072905 | RMSE: 0.270010 | MAE: 0.175115
============================================================
No improvement for 6 epochs

============================================================
Epoch 59/150
Learning Rate: 5.00e-04
============================================================

============================================================
Epoch 59 Summary:
  Train - Loss: 0.076687 | MSE: 0.076687 | RMSE: 0.276924 | MAE: 0.189731
  Val   - Loss: 0.066771 | MSE: 0.066771 | RMSE: 0.258400 | MAE: 0.165703
============================================================

✓ New best model saved! Val Loss: 0.066771

============================================================
Epoch 60/150
Learning Rate: 1.00e-03
============================================================

============================================================
Epoch 60 Summary:
  Train - Loss: 0.081842 | MSE: 0.081842 | RMSE: 0.286081 | MAE: 0.196600
  Val   - Loss: 0.076484 | MSE: 0.076484 | RMSE: 0.276558 | MAE: 0.175461
============================================================
No improvement for 1 epochs
Checkpoint saved: src/trained_weights/UMambaMag_v2_STEAD_20251108_165938/model_epoch_60.pt

============================================================
Epoch 61/150
Learning Rate: 1.00e-03
============================================================

============================================================
Epoch 61 Summary:
  Train - Loss: 0.081976 | MSE: 0.081976 | RMSE: 0.286314 | MAE: 0.196984
  Val   - Loss: 0.072574 | MSE: 0.072574 | RMSE: 0.269395 | MAE: 0.172904
============================================================
No improvement for 2 epochs

============================================================
Epoch 62/150
Learning Rate: 1.00e-03
============================================================

============================================================
Epoch 62 Summary:
  Train - Loss: 0.081971 | MSE: 0.081971 | RMSE: 0.286306 | MAE: 0.196886
  Val   - Loss: 0.070520 | MSE: 0.070520 | RMSE: 0.265557 | MAE: 0.171440
============================================================
No improvement for 3 epochs

============================================================
Epoch 63/150
Learning Rate: 1.00e-03
============================================================

============================================================
Epoch 63 Summary:
  Train - Loss: 0.082035 | MSE: 0.082035 | RMSE: 0.286418 | MAE: 0.196759
  Val   - Loss: 0.075610 | MSE: 0.075610 | RMSE: 0.274973 | MAE: 0.172603
============================================================
No improvement for 4 epochs

============================================================
Epoch 64/150
Learning Rate: 1.00e-03
============================================================

============================================================
Epoch 64 Summary:
  Train - Loss: 0.082086 | MSE: 0.082086 | RMSE: 0.286506 | MAE: 0.196804
  Val   - Loss: 0.077588 | MSE: 0.077588 | RMSE: 0.278547 | MAE: 0.178250
============================================================
No improvement for 5 epochs

============================================================
Epoch 65/150
Learning Rate: 1.00e-03
============================================================

============================================================
Epoch 65 Summary:
  Train - Loss: 0.081827 | MSE: 0.081827 | RMSE: 0.286054 | MAE: 0.196584
  Val   - Loss: 0.075136 | MSE: 0.075136 | RMSE: 0.274110 | MAE: 0.178571
============================================================
No improvement for 6 epochs
Checkpoint saved: src/trained_weights/UMambaMag_v2_STEAD_20251108_165938/model_epoch_65.pt

============================================================
Epoch 66/150
Learning Rate: 5.00e-04
============================================================

============================================================
Epoch 66 Summary:
  Train - Loss: 0.075490 | MSE: 0.075490 | RMSE: 0.274754 | MAE: 0.188285
  Val   - Loss: 0.068631 | MSE: 0.068631 | RMSE: 0.261974 | MAE: 0.167469
============================================================
No improvement for 7 epochs

============================================================
Epoch 67/150
Learning Rate: 1.00e-03
============================================================

============================================================
Epoch 67 Summary:
  Train - Loss: 0.081333 | MSE: 0.081333 | RMSE: 0.285189 | MAE: 0.195752
  Val   - Loss: 0.075356 | MSE: 0.075356 | RMSE: 0.274511 | MAE: 0.177779
============================================================
No improvement for 8 epochs

============================================================
Epoch 68/150
Learning Rate: 1.00e-03
============================================================

============================================================
Epoch 68 Summary:
  Train - Loss: 0.081299 | MSE: 0.081299 | RMSE: 0.285129 | MAE: 0.195966
  Val   - Loss: 0.070925 | MSE: 0.070925 | RMSE: 0.266318 | MAE: 0.173625
============================================================
No improvement for 9 epochs

============================================================
Epoch 69/150
Learning Rate: 1.00e-03
============================================================

============================================================
Epoch 69 Summary:
  Train - Loss: 0.081261 | MSE: 0.081261 | RMSE: 0.285064 | MAE: 0.195855
  Val   - Loss: 0.074277 | MSE: 0.074277 | RMSE: 0.272537 | MAE: 0.179279
============================================================
No improvement for 10 epochs

============================================================
Epoch 70/150
Learning Rate: 1.00e-03
============================================================

============================================================
Epoch 70 Summary:
  Train - Loss: 0.081411 | MSE: 0.081411 | RMSE: 0.285326 | MAE: 0.195953
  Val   - Loss: 0.071672 | MSE: 0.071672 | RMSE: 0.267716 | MAE: 0.172272
============================================================
No improvement for 11 epochs
Checkpoint saved: src/trained_weights/UMambaMag_v2_STEAD_20251108_165938/model_epoch_70.pt

============================================================
Epoch 71/150
Learning Rate: 1.00e-03
============================================================

============================================================
Epoch 71 Summary:
  Train - Loss: 0.080999 | MSE: 0.080999 | RMSE: 0.284603 | MAE: 0.195856
  Val   - Loss: 0.071340 | MSE: 0.071340 | RMSE: 0.267095 | MAE: 0.178726
============================================================
No improvement for 12 epochs

============================================================
Epoch 72/150
Learning Rate: 5.00e-04
============================================================

============================================================
Epoch 72 Summary:
  Train - Loss: 0.075337 | MSE: 0.075337 | RMSE: 0.274475 | MAE: 0.187901
  Val   - Loss: 0.068384 | MSE: 0.068384 | RMSE: 0.261503 | MAE: 0.168485
============================================================
No improvement for 13 epochs

============================================================
Epoch 73/150
Learning Rate: 1.00e-03
============================================================

============================================================
Epoch 73 Summary:
  Train - Loss: 0.080411 | MSE: 0.080411 | RMSE: 0.283568 | MAE: 0.194970
  Val   - Loss: 0.070842 | MSE: 0.070842 | RMSE: 0.266161 | MAE: 0.171167
============================================================
No improvement for 14 epochs

============================================================
Epoch 74/150
Learning Rate: 1.00e-03
============================================================

============================================================
Epoch 74 Summary:
  Train - Loss: 0.081095 | MSE: 0.081095 | RMSE: 0.284772 | MAE: 0.195518
  Val   - Loss: 0.071936 | MSE: 0.071936 | RMSE: 0.268209 | MAE: 0.171533
============================================================
No improvement for 15 epochs

Early stopping triggered after 15 epochs without improvement
Best validation loss: 0.066771

Final model saved: src/trained_weights/UMambaMag_v2_STEAD_20251108_165938/model_final.pt
Training history saved: src/trained_weights/UMambaMag_v2_STEAD_20251108_165938/training_history_20251108_165938.pt

============================================================
TRAINING COMPLETED
============================================================
Best validation loss: 0.066771
Best validation RMSE: 0.258400
Final train loss: 0.081095
Final val loss: 0.071936
Total Training Time: 14:22:37
============================================================
==================================================

