2025-11-12 05:07:49,885 | seisbench | WARNING | Setting remote root to: https://seisbench.gfz.de/mirror/
Please note that this can affect your download speed.
2025-11-12 05:08:00,163 | seisbench | WARNING | Output component order not specified, defaulting to 'ZNE'.
2025-11-12 05:08:06,318 | seisbench | WARNING | Skipping preload, as cache is disabled.
2025-11-12 05:08:11,637 | seisbench | WARNING | Skipping preload, as cache is disabled.
/home/quenton.yeo/code/.venv/lib/python3.11/site-packages/torch/optim/lr_scheduler.py:60: UserWarning: The verbose parameter is deprecated. Please use get_last_lr() to access the learning rate.
  warnings.warn(

==================================================
LOADING DATA
==================================================
STEAD dataset loaded: 1265657 samples

Training umamba_mag_v2 on STEAD for 150 epochs...
Model moved to cuda:0
Training UMamba V2 Magnitude Estimator model (encoder-only with pooling)

============================================================
TRAINING UMAMBAMAG V2 (ENCODER-ONLY WITH POOLING)
============================================================
Model: UMambaMag_v2_STEAD
Dataset: STEAD
Batch size: 32
Learning rate: 0.001
Epochs: 150
Warmup epochs: 5
============================================================
Model is on device: cuda:0
Total parameters: 191,313
Trainable parameters: 191,313

Loading data...
Train batches: 33619
Dev batches: 1978

Saving models to: src/trained_weights/UMambaMag_v2_STEAD_20251112_050811


============================================================
Epoch 1/150
Learning Rate: 1.00e-04
============================================================

============================================================
Epoch 1 Summary:
  Train - Loss: 0.228028 | MSE: 0.228028 | RMSE: 0.477523 | MAE: 0.321064
  Val   - Loss: 0.160298 | MSE: 0.160298 | RMSE: 0.400373 | MAE: 0.265386
============================================================

✓ New best model saved! Val Loss: 0.160298

============================================================
Epoch 2/150
Learning Rate: 2.80e-04
============================================================

============================================================
Epoch 2 Summary:
  Train - Loss: 0.157973 | MSE: 0.157973 | RMSE: 0.397458 | MAE: 0.263034
  Val   - Loss: 0.133058 | MSE: 0.133058 | RMSE: 0.364771 | MAE: 0.235563
============================================================

✓ New best model saved! Val Loss: 0.133058

============================================================
Epoch 3/150
Learning Rate: 4.60e-04
============================================================

============================================================
Epoch 3 Summary:
  Train - Loss: 0.129548 | MSE: 0.129548 | RMSE: 0.359928 | MAE: 0.236053
  Val   - Loss: 0.122292 | MSE: 0.122292 | RMSE: 0.349702 | MAE: 0.231138
============================================================

✓ New best model saved! Val Loss: 0.122292

============================================================
Epoch 4/150
Learning Rate: 6.40e-04
============================================================

============================================================
Epoch 4 Summary:
  Train - Loss: 0.116462 | MSE: 0.116462 | RMSE: 0.341265 | MAE: 0.223157
  Val   - Loss: 0.110865 | MSE: 0.110865 | RMSE: 0.332965 | MAE: 0.222963
============================================================

✓ New best model saved! Val Loss: 0.110865

============================================================
Epoch 5/150
Learning Rate: 8.20e-04
============================================================

============================================================
Epoch 5 Summary:
  Train - Loss: 0.108921 | MSE: 0.108921 | RMSE: 0.330032 | MAE: 0.215548
  Val   - Loss: 0.100502 | MSE: 0.100502 | RMSE: 0.317020 | MAE: 0.207530
============================================================

✓ New best model saved! Val Loss: 0.100502
Checkpoint saved: src/trained_weights/UMambaMag_v2_STEAD_20251112_050811/model_epoch_5.pt

============================================================
Epoch 6/150
Learning Rate: 1.00e-03
============================================================

============================================================
Epoch 6 Summary:
  Train - Loss: 0.103301 | MSE: 0.103301 | RMSE: 0.321405 | MAE: 0.209930
  Val   - Loss: 0.097283 | MSE: 0.097283 | RMSE: 0.311902 | MAE: 0.203999
============================================================

✓ New best model saved! Val Loss: 0.097283

============================================================
Epoch 7/150
Learning Rate: 1.00e-03
============================================================

============================================================
Epoch 7 Summary:
  Train - Loss: 0.096835 | MSE: 0.096835 | RMSE: 0.311184 | MAE: 0.202493
  Val   - Loss: 0.093664 | MSE: 0.093664 | RMSE: 0.306046 | MAE: 0.199128
============================================================

✓ New best model saved! Val Loss: 0.093664

============================================================
Epoch 8/150
Learning Rate: 1.00e-03
============================================================

============================================================
Epoch 8 Summary:
  Train - Loss: 0.092035 | MSE: 0.092035 | RMSE: 0.303373 | MAE: 0.197239
  Val   - Loss: 0.090430 | MSE: 0.090430 | RMSE: 0.300716 | MAE: 0.193715
============================================================

✓ New best model saved! Val Loss: 0.090430

============================================================
Epoch 9/150
Learning Rate: 1.00e-03
============================================================

============================================================
Epoch 9 Summary:
  Train - Loss: 0.088888 | MSE: 0.088888 | RMSE: 0.298142 | MAE: 0.193610
  Val   - Loss: 0.085890 | MSE: 0.085890 | RMSE: 0.293070 | MAE: 0.190436
============================================================

✓ New best model saved! Val Loss: 0.085890

============================================================
Epoch 10/150
Learning Rate: 1.00e-03
============================================================

============================================================
Epoch 10 Summary:
  Train - Loss: 0.086262 | MSE: 0.086262 | RMSE: 0.293703 | MAE: 0.190247
  Val   - Loss: 0.085898 | MSE: 0.085898 | RMSE: 0.293083 | MAE: 0.188079
============================================================
No improvement for 1 epochs
Checkpoint saved: src/trained_weights/UMambaMag_v2_STEAD_20251112_050811/model_epoch_10.pt

============================================================
Epoch 11/150
Learning Rate: 1.00e-03
============================================================

============================================================
Epoch 11 Summary:
  Train - Loss: 0.084382 | MSE: 0.084382 | RMSE: 0.290485 | MAE: 0.187988
  Val   - Loss: 0.081499 | MSE: 0.081499 | RMSE: 0.285481 | MAE: 0.182213
============================================================

✓ New best model saved! Val Loss: 0.081499

============================================================
Epoch 12/150
Learning Rate: 1.00e-03
============================================================

============================================================
Epoch 12 Summary:
  Train - Loss: 0.082865 | MSE: 0.082865 | RMSE: 0.287864 | MAE: 0.185932
  Val   - Loss: 0.080636 | MSE: 0.080636 | RMSE: 0.283964 | MAE: 0.184250
============================================================

✓ New best model saved! Val Loss: 0.080636

============================================================
Epoch 13/150
Learning Rate: 1.00e-03
============================================================

============================================================
Epoch 13 Summary:
  Train - Loss: 0.081013 | MSE: 0.081013 | RMSE: 0.284628 | MAE: 0.183994
  Val   - Loss: 0.081955 | MSE: 0.081955 | RMSE: 0.286278 | MAE: 0.182263
============================================================
No improvement for 1 epochs

============================================================
Epoch 14/150
Learning Rate: 1.00e-03
============================================================

============================================================
Epoch 14 Summary:
  Train - Loss: 0.080356 | MSE: 0.080356 | RMSE: 0.283471 | MAE: 0.183024
  Val   - Loss: 0.076532 | MSE: 0.076532 | RMSE: 0.276645 | MAE: 0.177939
============================================================

✓ New best model saved! Val Loss: 0.076532

============================================================
Epoch 15/150
Learning Rate: 1.00e-03
============================================================

============================================================
Epoch 15 Summary:
  Train - Loss: 0.078818 | MSE: 0.078818 | RMSE: 0.280745 | MAE: 0.181291
  Val   - Loss: 0.080431 | MSE: 0.080431 | RMSE: 0.283603 | MAE: 0.182051
============================================================
No improvement for 1 epochs
Checkpoint saved: src/trained_weights/UMambaMag_v2_STEAD_20251112_050811/model_epoch_15.pt

============================================================
Epoch 16/150
Learning Rate: 1.00e-03
============================================================

============================================================
Epoch 16 Summary:
  Train - Loss: 0.078248 | MSE: 0.078248 | RMSE: 0.279729 | MAE: 0.180299
  Val   - Loss: 0.077514 | MSE: 0.077514 | RMSE: 0.278414 | MAE: 0.177378
============================================================
No improvement for 2 epochs

============================================================
Epoch 17/150
Learning Rate: 1.00e-03
============================================================

============================================================
Epoch 17 Summary:
  Train - Loss: 0.077310 | MSE: 0.077310 | RMSE: 0.278046 | MAE: 0.179234
  Val   - Loss: 0.077254 | MSE: 0.077254 | RMSE: 0.277946 | MAE: 0.178460
============================================================
No improvement for 3 epochs

============================================================
Epoch 18/150
Learning Rate: 1.00e-03
============================================================

============================================================
Epoch 18 Summary:
  Train - Loss: 0.076406 | MSE: 0.076406 | RMSE: 0.276417 | MAE: 0.178431
  Val   - Loss: 0.075814 | MSE: 0.075814 | RMSE: 0.275344 | MAE: 0.177426
============================================================

✓ New best model saved! Val Loss: 0.075814

============================================================
Epoch 19/150
Learning Rate: 1.00e-03
============================================================

============================================================
Epoch 19 Summary:
  Train - Loss: 0.076007 | MSE: 0.076007 | RMSE: 0.275693 | MAE: 0.177565
  Val   - Loss: 0.072686 | MSE: 0.072686 | RMSE: 0.269604 | MAE: 0.172300
============================================================

✓ New best model saved! Val Loss: 0.072686

============================================================
Epoch 20/150
Learning Rate: 1.00e-03
============================================================

============================================================
Epoch 20 Summary:
  Train - Loss: 0.075312 | MSE: 0.075312 | RMSE: 0.274431 | MAE: 0.176678
  Val   - Loss: 0.077251 | MSE: 0.077251 | RMSE: 0.277941 | MAE: 0.176764
============================================================
No improvement for 1 epochs
Checkpoint saved: src/trained_weights/UMambaMag_v2_STEAD_20251112_050811/model_epoch_20.pt

============================================================
Epoch 21/150
Learning Rate: 1.00e-03
============================================================

============================================================
Epoch 21 Summary:
  Train - Loss: 0.074550 | MSE: 0.074550 | RMSE: 0.273038 | MAE: 0.175967
  Val   - Loss: 0.075229 | MSE: 0.075229 | RMSE: 0.274279 | MAE: 0.175251
============================================================
No improvement for 2 epochs

============================================================
Epoch 22/150
Learning Rate: 1.00e-03
============================================================

============================================================
Epoch 22 Summary:
  Train - Loss: 0.074303 | MSE: 0.074303 | RMSE: 0.272586 | MAE: 0.175276
  Val   - Loss: 0.075741 | MSE: 0.075741 | RMSE: 0.275211 | MAE: 0.174881
============================================================
No improvement for 3 epochs

============================================================
Epoch 23/150
Learning Rate: 1.00e-03
============================================================

============================================================
Epoch 23 Summary:
  Train - Loss: 0.073174 | MSE: 0.073174 | RMSE: 0.270507 | MAE: 0.174131
  Val   - Loss: 0.076925 | MSE: 0.076925 | RMSE: 0.277353 | MAE: 0.174643
============================================================
No improvement for 4 epochs

============================================================
Epoch 24/150
Learning Rate: 1.00e-03
============================================================

============================================================
Epoch 24 Summary:
  Train - Loss: 0.072613 | MSE: 0.072613 | RMSE: 0.269468 | MAE: 0.173735
  Val   - Loss: 0.070920 | MSE: 0.070920 | RMSE: 0.266308 | MAE: 0.169724
============================================================

✓ New best model saved! Val Loss: 0.070920

============================================================
Epoch 25/150
Learning Rate: 1.00e-03
============================================================

============================================================
Epoch 25 Summary:
  Train - Loss: 0.072231 | MSE: 0.072231 | RMSE: 0.268759 | MAE: 0.173230
  Val   - Loss: 0.072708 | MSE: 0.072708 | RMSE: 0.269644 | MAE: 0.172551
============================================================
No improvement for 1 epochs
Checkpoint saved: src/trained_weights/UMambaMag_v2_STEAD_20251112_050811/model_epoch_25.pt

============================================================
Epoch 26/150
Learning Rate: 1.00e-03
============================================================

============================================================
Epoch 26 Summary:
  Train - Loss: 0.072136 | MSE: 0.072136 | RMSE: 0.268582 | MAE: 0.172744
  Val   - Loss: 0.074825 | MSE: 0.074825 | RMSE: 0.273541 | MAE: 0.177086
============================================================
No improvement for 2 epochs

============================================================
Epoch 27/150
Learning Rate: 1.00e-03
============================================================

============================================================
Epoch 27 Summary:
  Train - Loss: 0.071687 | MSE: 0.071687 | RMSE: 0.267745 | MAE: 0.172036
  Val   - Loss: 0.072280 | MSE: 0.072280 | RMSE: 0.268849 | MAE: 0.171295
============================================================
No improvement for 3 epochs

============================================================
Epoch 28/150
Learning Rate: 1.00e-03
============================================================

============================================================
Epoch 28 Summary:
  Train - Loss: 0.071478 | MSE: 0.071478 | RMSE: 0.267353 | MAE: 0.171642
  Val   - Loss: 0.071203 | MSE: 0.071203 | RMSE: 0.266839 | MAE: 0.172044
============================================================
No improvement for 4 epochs

============================================================
Epoch 29/150
Learning Rate: 1.00e-03
============================================================

============================================================
Epoch 29 Summary:
  Train - Loss: 0.070843 | MSE: 0.070843 | RMSE: 0.266163 | MAE: 0.171080
  Val   - Loss: 0.072076 | MSE: 0.072076 | RMSE: 0.268470 | MAE: 0.169930
============================================================
No improvement for 5 epochs

============================================================
Epoch 30/150
Learning Rate: 1.00e-03
============================================================

============================================================
Epoch 30 Summary:
  Train - Loss: 0.070407 | MSE: 0.070407 | RMSE: 0.265344 | MAE: 0.170718
  Val   - Loss: 0.070668 | MSE: 0.070668 | RMSE: 0.265835 | MAE: 0.168033
============================================================

✓ New best model saved! Val Loss: 0.070668
Checkpoint saved: src/trained_weights/UMambaMag_v2_STEAD_20251112_050811/model_epoch_30.pt

============================================================
Epoch 31/150
Learning Rate: 1.00e-03
============================================================

============================================================
Epoch 31 Summary:
  Train - Loss: 0.069640 | MSE: 0.069640 | RMSE: 0.263894 | MAE: 0.169888
  Val   - Loss: 0.071711 | MSE: 0.071711 | RMSE: 0.267790 | MAE: 0.170010
============================================================
No improvement for 1 epochs

============================================================
Epoch 32/150
Learning Rate: 1.00e-03
============================================================

============================================================
Epoch 32 Summary:
  Train - Loss: 0.070300 | MSE: 0.070300 | RMSE: 0.265141 | MAE: 0.170114
  Val   - Loss: 0.074423 | MSE: 0.074423 | RMSE: 0.272806 | MAE: 0.171666
============================================================
No improvement for 2 epochs

============================================================
Epoch 33/150
Learning Rate: 1.00e-03
============================================================

============================================================
Epoch 33 Summary:
  Train - Loss: 0.069861 | MSE: 0.069861 | RMSE: 0.264313 | MAE: 0.169673
  Val   - Loss: 0.072372 | MSE: 0.072372 | RMSE: 0.269020 | MAE: 0.170091
============================================================
No improvement for 3 epochs

============================================================
Epoch 34/150
Learning Rate: 1.00e-03
============================================================

============================================================
Epoch 34 Summary:
  Train - Loss: 0.069038 | MSE: 0.069038 | RMSE: 0.262751 | MAE: 0.168832
  Val   - Loss: 0.068706 | MSE: 0.068706 | RMSE: 0.262119 | MAE: 0.168059
============================================================

✓ New best model saved! Val Loss: 0.068706

============================================================
Epoch 35/150
Learning Rate: 1.00e-03
============================================================

============================================================
Epoch 35 Summary:
  Train - Loss: 0.069105 | MSE: 0.069105 | RMSE: 0.262879 | MAE: 0.168895
  Val   - Loss: 0.071618 | MSE: 0.071618 | RMSE: 0.267616 | MAE: 0.171067
============================================================
No improvement for 1 epochs
Checkpoint saved: src/trained_weights/UMambaMag_v2_STEAD_20251112_050811/model_epoch_35.pt

============================================================
Epoch 36/150
Learning Rate: 1.00e-03
============================================================

============================================================
Epoch 36 Summary:
  Train - Loss: 0.068869 | MSE: 0.068869 | RMSE: 0.262429 | MAE: 0.168386
  Val   - Loss: 0.069776 | MSE: 0.069776 | RMSE: 0.264151 | MAE: 0.166500
============================================================
No improvement for 2 epochs

============================================================
Epoch 37/150
Learning Rate: 1.00e-03
============================================================

============================================================
Epoch 37 Summary:
  Train - Loss: 0.068233 | MSE: 0.068233 | RMSE: 0.261215 | MAE: 0.167943
  Val   - Loss: 0.068907 | MSE: 0.068907 | RMSE: 0.262501 | MAE: 0.168774
============================================================
No improvement for 3 epochs

============================================================
Epoch 38/150
Learning Rate: 1.00e-03
============================================================

============================================================
Epoch 38 Summary:
  Train - Loss: 0.068083 | MSE: 0.068083 | RMSE: 0.260927 | MAE: 0.167651
  Val   - Loss: 0.068598 | MSE: 0.068598 | RMSE: 0.261913 | MAE: 0.167101
============================================================

✓ New best model saved! Val Loss: 0.068598

============================================================
Epoch 39/150
Learning Rate: 1.00e-03
============================================================

============================================================
Epoch 39 Summary:
  Train - Loss: 0.067918 | MSE: 0.067918 | RMSE: 0.260611 | MAE: 0.167228
  Val   - Loss: 0.069466 | MSE: 0.069466 | RMSE: 0.263564 | MAE: 0.166912
============================================================
No improvement for 1 epochs

============================================================
Epoch 40/150
Learning Rate: 1.00e-03
============================================================

============================================================
Epoch 40 Summary:
  Train - Loss: 0.067734 | MSE: 0.067734 | RMSE: 0.260258 | MAE: 0.167064
  Val   - Loss: 0.068170 | MSE: 0.068170 | RMSE: 0.261093 | MAE: 0.166688
============================================================

✓ New best model saved! Val Loss: 0.068170
Checkpoint saved: src/trained_weights/UMambaMag_v2_STEAD_20251112_050811/model_epoch_40.pt

============================================================
Epoch 41/150
Learning Rate: 1.00e-03
============================================================

============================================================
Epoch 41 Summary:
  Train - Loss: 0.067464 | MSE: 0.067464 | RMSE: 0.259738 | MAE: 0.166710
  Val   - Loss: 0.067787 | MSE: 0.067787 | RMSE: 0.260360 | MAE: 0.167892
============================================================

✓ New best model saved! Val Loss: 0.067787

============================================================
Epoch 42/150
Learning Rate: 1.00e-03
============================================================

============================================================
Epoch 42 Summary:
  Train - Loss: 0.067007 | MSE: 0.067007 | RMSE: 0.258858 | MAE: 0.166121
  Val   - Loss: 0.070681 | MSE: 0.070681 | RMSE: 0.265858 | MAE: 0.168134
============================================================
No improvement for 1 epochs

============================================================
Epoch 43/150
Learning Rate: 1.00e-03
============================================================

============================================================
Epoch 43 Summary:
  Train - Loss: 0.066860 | MSE: 0.066860 | RMSE: 0.258574 | MAE: 0.166018
  Val   - Loss: 0.068128 | MSE: 0.068128 | RMSE: 0.261014 | MAE: 0.165398
============================================================
No improvement for 2 epochs

============================================================
Epoch 44/150
Learning Rate: 1.00e-03
============================================================

============================================================
Epoch 44 Summary:
  Train - Loss: 0.066757 | MSE: 0.066757 | RMSE: 0.258373 | MAE: 0.165793
  Val   - Loss: 0.070210 | MSE: 0.070210 | RMSE: 0.264971 | MAE: 0.168108
============================================================
No improvement for 3 epochs

============================================================
Epoch 45/150
Learning Rate: 1.00e-03
============================================================

============================================================
Epoch 45 Summary:
  Train - Loss: 0.067138 | MSE: 0.067138 | RMSE: 0.259111 | MAE: 0.165408
  Val   - Loss: 0.069267 | MSE: 0.069267 | RMSE: 0.263186 | MAE: 0.165429
============================================================
No improvement for 4 epochs
Checkpoint saved: src/trained_weights/UMambaMag_v2_STEAD_20251112_050811/model_epoch_45.pt

============================================================
Epoch 46/150
Learning Rate: 1.00e-03
============================================================

============================================================
Epoch 46 Summary:
  Train - Loss: 0.066145 | MSE: 0.066145 | RMSE: 0.257186 | MAE: 0.165230
  Val   - Loss: 0.070205 | MSE: 0.070205 | RMSE: 0.264962 | MAE: 0.170044
============================================================
No improvement for 5 epochs

============================================================
Epoch 47/150
Learning Rate: 1.00e-03
============================================================

============================================================
Epoch 47 Summary:
  Train - Loss: 0.066060 | MSE: 0.066060 | RMSE: 0.257021 | MAE: 0.164952
  Val   - Loss: 0.067046 | MSE: 0.067046 | RMSE: 0.258932 | MAE: 0.163953
============================================================

✓ New best model saved! Val Loss: 0.067046

============================================================
Epoch 48/150
Learning Rate: 1.00e-03
============================================================

============================================================
Epoch 48 Summary:
  Train - Loss: 0.065600 | MSE: 0.065600 | RMSE: 0.256125 | MAE: 0.164612
  Val   - Loss: 0.071236 | MSE: 0.071236 | RMSE: 0.266901 | MAE: 0.168773
============================================================
No improvement for 1 epochs

============================================================
Epoch 49/150
Learning Rate: 1.00e-03
============================================================

============================================================
Epoch 49 Summary:
  Train - Loss: 0.065187 | MSE: 0.065187 | RMSE: 0.255317 | MAE: 0.164165
  Val   - Loss: 0.067101 | MSE: 0.067101 | RMSE: 0.259038 | MAE: 0.168010
============================================================
No improvement for 2 epochs

============================================================
Epoch 50/150
Learning Rate: 1.00e-03
============================================================

============================================================
Epoch 50 Summary:
  Train - Loss: 0.065734 | MSE: 0.065734 | RMSE: 0.256386 | MAE: 0.164373
  Val   - Loss: 0.067906 | MSE: 0.067906 | RMSE: 0.260589 | MAE: 0.167666
============================================================
No improvement for 3 epochs
Checkpoint saved: src/trained_weights/UMambaMag_v2_STEAD_20251112_050811/model_epoch_50.pt

============================================================
Epoch 51/150
Learning Rate: 1.00e-03
============================================================

============================================================
Epoch 51 Summary:
  Train - Loss: 0.065699 | MSE: 0.065699 | RMSE: 0.256318 | MAE: 0.164299
  Val   - Loss: 0.066136 | MSE: 0.066136 | RMSE: 0.257170 | MAE: 0.163297
============================================================

✓ New best model saved! Val Loss: 0.066136

============================================================
Epoch 52/150
Learning Rate: 1.00e-03
============================================================

============================================================
Epoch 52 Summary:
  Train - Loss: 0.065557 | MSE: 0.065557 | RMSE: 0.256041 | MAE: 0.164206
  Val   - Loss: 0.064787 | MSE: 0.064787 | RMSE: 0.254532 | MAE: 0.162146
============================================================

✓ New best model saved! Val Loss: 0.064787

============================================================
Epoch 53/150
Learning Rate: 1.00e-03
============================================================

============================================================
Epoch 53 Summary:
  Train - Loss: 0.065001 | MSE: 0.065001 | RMSE: 0.254954 | MAE: 0.163651
  Val   - Loss: 0.068092 | MSE: 0.068092 | RMSE: 0.260944 | MAE: 0.163741
============================================================
No improvement for 1 epochs

============================================================
Epoch 54/150
Learning Rate: 1.00e-03
============================================================

============================================================
Epoch 54 Summary:
  Train - Loss: 0.064625 | MSE: 0.064625 | RMSE: 0.254215 | MAE: 0.163431
  Val   - Loss: 0.066320 | MSE: 0.066320 | RMSE: 0.257527 | MAE: 0.166935
============================================================
No improvement for 2 epochs

============================================================
Epoch 55/150
Learning Rate: 1.00e-03
============================================================

============================================================
Epoch 55 Summary:
  Train - Loss: 0.064887 | MSE: 0.064887 | RMSE: 0.254729 | MAE: 0.163304
  Val   - Loss: 0.065611 | MSE: 0.065611 | RMSE: 0.256146 | MAE: 0.161825
============================================================
No improvement for 3 epochs
Checkpoint saved: src/trained_weights/UMambaMag_v2_STEAD_20251112_050811/model_epoch_55.pt

============================================================
Epoch 56/150
Learning Rate: 1.00e-03
============================================================

============================================================
Epoch 56 Summary:
  Train - Loss: 0.064401 | MSE: 0.064401 | RMSE: 0.253774 | MAE: 0.163006
  Val   - Loss: 0.066582 | MSE: 0.066582 | RMSE: 0.258034 | MAE: 0.164990
============================================================
No improvement for 4 epochs

============================================================
Epoch 57/150
Learning Rate: 1.00e-03
============================================================

============================================================
Epoch 57 Summary:
  Train - Loss: 0.064346 | MSE: 0.064346 | RMSE: 0.253665 | MAE: 0.162805
  Val   - Loss: 0.068199 | MSE: 0.068199 | RMSE: 0.261149 | MAE: 0.165564
============================================================
No improvement for 5 epochs

============================================================
Epoch 58/150
Learning Rate: 1.00e-03
============================================================

============================================================
Epoch 58 Summary:
  Train - Loss: 0.064192 | MSE: 0.064192 | RMSE: 0.253361 | MAE: 0.162680
  Val   - Loss: 0.066476 | MSE: 0.066476 | RMSE: 0.257830 | MAE: 0.167091
============================================================
No improvement for 6 epochs

============================================================
Epoch 59/150
Learning Rate: 5.00e-04
============================================================

============================================================
Epoch 59 Summary:
  Train - Loss: 0.059144 | MSE: 0.059144 | RMSE: 0.243194 | MAE: 0.155110
  Val   - Loss: 0.061759 | MSE: 0.061759 | RMSE: 0.248513 | MAE: 0.155705
============================================================

✓ New best model saved! Val Loss: 0.061759

============================================================
Epoch 60/150
Learning Rate: 1.00e-03
============================================================

============================================================
Epoch 60 Summary:
  Train - Loss: 0.063799 | MSE: 0.063799 | RMSE: 0.252584 | MAE: 0.161808
  Val   - Loss: 0.066835 | MSE: 0.066835 | RMSE: 0.258524 | MAE: 0.165311
============================================================
No improvement for 1 epochs
Checkpoint saved: src/trained_weights/UMambaMag_v2_STEAD_20251112_050811/model_epoch_60.pt

============================================================
Epoch 61/150
Learning Rate: 1.00e-03
============================================================

============================================================
Epoch 61 Summary:
  Train - Loss: 0.064588 | MSE: 0.064588 | RMSE: 0.254142 | MAE: 0.162047
  Val   - Loss: 0.066913 | MSE: 0.066913 | RMSE: 0.258675 | MAE: 0.164082
============================================================
No improvement for 2 epochs

============================================================
Epoch 62/150
Learning Rate: 1.00e-03
============================================================

============================================================
Epoch 62 Summary:
  Train - Loss: 0.063764 | MSE: 0.063764 | RMSE: 0.252515 | MAE: 0.161948
  Val   - Loss: 0.067467 | MSE: 0.067467 | RMSE: 0.259744 | MAE: 0.163895
============================================================
No improvement for 3 epochs

============================================================
Epoch 63/150
Learning Rate: 1.00e-03
============================================================

============================================================
Epoch 63 Summary:
  Train - Loss: 0.063496 | MSE: 0.063496 | RMSE: 0.251984 | MAE: 0.161813
  Val   - Loss: 0.066789 | MSE: 0.066789 | RMSE: 0.258436 | MAE: 0.162558
============================================================
No improvement for 4 epochs

============================================================
Epoch 64/150
Learning Rate: 1.00e-03
============================================================

============================================================
Epoch 64 Summary:
  Train - Loss: 0.063372 | MSE: 0.063372 | RMSE: 0.251738 | MAE: 0.161534
  Val   - Loss: 0.065210 | MSE: 0.065210 | RMSE: 0.255363 | MAE: 0.161981
============================================================
No improvement for 5 epochs

============================================================
Epoch 65/150
Learning Rate: 1.00e-03
============================================================

============================================================
Epoch 65 Summary:
  Train - Loss: 0.063519 | MSE: 0.063519 | RMSE: 0.252029 | MAE: 0.161553
  Val   - Loss: 0.064996 | MSE: 0.064996 | RMSE: 0.254944 | MAE: 0.161971
============================================================
No improvement for 6 epochs
Checkpoint saved: src/trained_weights/UMambaMag_v2_STEAD_20251112_050811/model_epoch_65.pt

============================================================
Epoch 66/150
Learning Rate: 5.00e-04
============================================================

============================================================
Epoch 66 Summary:
  Train - Loss: 0.058226 | MSE: 0.058226 | RMSE: 0.241300 | MAE: 0.154155
  Val   - Loss: 0.059988 | MSE: 0.059988 | RMSE: 0.244925 | MAE: 0.155102
============================================================

✓ New best model saved! Val Loss: 0.059988

============================================================
Epoch 67/150
Learning Rate: 1.00e-03
============================================================

============================================================
Epoch 67 Summary:
  Train - Loss: 0.062971 | MSE: 0.062971 | RMSE: 0.250940 | MAE: 0.160938
  Val   - Loss: 0.066373 | MSE: 0.066373 | RMSE: 0.257630 | MAE: 0.164012
============================================================
No improvement for 1 epochs

============================================================
Epoch 68/150
Learning Rate: 1.00e-03
============================================================

============================================================
Epoch 68 Summary:
  Train - Loss: 0.063379 | MSE: 0.063379 | RMSE: 0.251751 | MAE: 0.161102
  Val   - Loss: 0.065465 | MSE: 0.065465 | RMSE: 0.255861 | MAE: 0.162687
============================================================
No improvement for 2 epochs

============================================================
Epoch 69/150
Learning Rate: 1.00e-03
============================================================

============================================================
Epoch 69 Summary:
  Train - Loss: 0.063101 | MSE: 0.063101 | RMSE: 0.251199 | MAE: 0.161152
  Val   - Loss: 0.066123 | MSE: 0.066123 | RMSE: 0.257143 | MAE: 0.164327
============================================================
No improvement for 3 epochs

============================================================
Epoch 70/150
Learning Rate: 1.00e-03
============================================================

============================================================
Epoch 70 Summary:
  Train - Loss: 0.062690 | MSE: 0.062690 | RMSE: 0.250380 | MAE: 0.160685
  Val   - Loss: 0.065082 | MSE: 0.065082 | RMSE: 0.255112 | MAE: 0.163442
============================================================
No improvement for 4 epochs
Checkpoint saved: src/trained_weights/UMambaMag_v2_STEAD_20251112_050811/model_epoch_70.pt

============================================================
Epoch 71/150
Learning Rate: 1.00e-03
============================================================

============================================================
Epoch 71 Summary:
  Train - Loss: 0.062649 | MSE: 0.062649 | RMSE: 0.250299 | MAE: 0.160565
  Val   - Loss: 0.066545 | MSE: 0.066545 | RMSE: 0.257962 | MAE: 0.164077
============================================================
No improvement for 5 epochs

============================================================
Epoch 72/150
Learning Rate: 1.00e-03
============================================================

============================================================
Epoch 72 Summary:
  Train - Loss: 0.062584 | MSE: 0.062584 | RMSE: 0.250168 | MAE: 0.160426
  Val   - Loss: 0.063503 | MSE: 0.063503 | RMSE: 0.251999 | MAE: 0.160460
============================================================
No improvement for 6 epochs

============================================================
Epoch 73/150
Learning Rate: 5.00e-04
============================================================

============================================================
Epoch 73 Summary:
  Train - Loss: 0.057579 | MSE: 0.057579 | RMSE: 0.239956 | MAE: 0.153139
  Val   - Loss: 0.060310 | MSE: 0.060310 | RMSE: 0.245581 | MAE: 0.155099
============================================================
No improvement for 7 epochs

============================================================
Epoch 74/150
Learning Rate: 1.00e-03
============================================================

============================================================
Epoch 74 Summary:
  Train - Loss: 0.062312 | MSE: 0.062312 | RMSE: 0.249623 | MAE: 0.159975
  Val   - Loss: 0.063865 | MSE: 0.063865 | RMSE: 0.252714 | MAE: 0.162155
============================================================
No improvement for 8 epochs

============================================================
Epoch 75/150
Learning Rate: 1.00e-03
============================================================

============================================================
Epoch 75 Summary:
  Train - Loss: 0.062484 | MSE: 0.062484 | RMSE: 0.249967 | MAE: 0.160210
  Val   - Loss: 0.064574 | MSE: 0.064574 | RMSE: 0.254115 | MAE: 0.161752
============================================================
No improvement for 9 epochs
Checkpoint saved: src/trained_weights/UMambaMag_v2_STEAD_20251112_050811/model_epoch_75.pt

============================================================
Epoch 76/150
Learning Rate: 1.00e-03
============================================================

============================================================
Epoch 76 Summary:
  Train - Loss: 0.062840 | MSE: 0.062840 | RMSE: 0.250680 | MAE: 0.160019
  Val   - Loss: 0.064403 | MSE: 0.064403 | RMSE: 0.253777 | MAE: 0.161199
============================================================
No improvement for 10 epochs

============================================================
Epoch 77/150
Learning Rate: 1.00e-03
============================================================

============================================================
Epoch 77 Summary:
  Train - Loss: 0.062408 | MSE: 0.062408 | RMSE: 0.249816 | MAE: 0.159999
  Val   - Loss: 0.065979 | MSE: 0.065979 | RMSE: 0.256864 | MAE: 0.161531
============================================================
No improvement for 11 epochs

============================================================
Epoch 78/150
Learning Rate: 1.00e-03
============================================================

============================================================
Epoch 78 Summary:
  Train - Loss: 0.062346 | MSE: 0.062346 | RMSE: 0.249691 | MAE: 0.159834
  Val   - Loss: 0.062053 | MSE: 0.062053 | RMSE: 0.249105 | MAE: 0.159025
============================================================
No improvement for 12 epochs

============================================================
Epoch 79/150
Learning Rate: 5.00e-04
============================================================

============================================================
Epoch 79 Summary:
  Train - Loss: 0.057097 | MSE: 0.057097 | RMSE: 0.238950 | MAE: 0.152549
  Val   - Loss: 0.061194 | MSE: 0.061194 | RMSE: 0.247375 | MAE: 0.155025
============================================================
No improvement for 13 epochs

============================================================
Epoch 80/150
Learning Rate: 1.00e-03
============================================================

============================================================
Epoch 80 Summary:
  Train - Loss: 0.061573 | MSE: 0.061573 | RMSE: 0.248139 | MAE: 0.159184
  Val   - Loss: 0.063723 | MSE: 0.063723 | RMSE: 0.252435 | MAE: 0.160476
============================================================
No improvement for 14 epochs
Checkpoint saved: src/trained_weights/UMambaMag_v2_STEAD_20251112_050811/model_epoch_80.pt

============================================================
Epoch 81/150
Learning Rate: 1.00e-03
============================================================

============================================================
Epoch 81 Summary:
  Train - Loss: 0.061710 | MSE: 0.061710 | RMSE: 0.248414 | MAE: 0.159455
  Val   - Loss: 0.065961 | MSE: 0.065961 | RMSE: 0.256829 | MAE: 0.162351
============================================================
No improvement for 15 epochs

Early stopping triggered after 15 epochs without improvement
Best validation loss: 0.059988

Final model saved: src/trained_weights/UMambaMag_v2_STEAD_20251112_050811/model_final.pt
Training history saved: src/trained_weights/UMambaMag_v2_STEAD_20251112_050811/training_history_20251112_050811.pt

============================================================
TRAINING COMPLETED
============================================================
Best validation loss: 0.059988
Best validation RMSE: 0.244925
Final train loss: 0.061710
Final val loss: 0.065961
Total Training Time: 15:17:14
============================================================
==================================================

