2025-11-12 20:25:35,078 | seisbench | WARNING | Setting remote root to: https://seisbench.gfz.de/mirror/
Please note that this can affect your download speed.
2025-11-12 20:25:45,499 | seisbench | WARNING | Output component order not specified, defaulting to 'ZNE'.
2025-11-12 20:25:51,717 | seisbench | WARNING | Skipping preload, as cache is disabled.
2025-11-12 20:25:56,931 | seisbench | WARNING | Skipping preload, as cache is disabled.
/home/quenton.yeo/code/.venv/lib/python3.11/site-packages/torch/optim/lr_scheduler.py:60: UserWarning: The verbose parameter is deprecated. Please use get_last_lr() to access the learning rate.
  warnings.warn(

==================================================
LOADING DATA
==================================================
STEAD dataset loaded: 1265657 samples

Training umamba_mag_v2 on STEAD for 150 epochs...
Model moved to cuda:0
Training UMamba V2 Magnitude Estimator model (encoder-only with pooling)

============================================================
TRAINING UMAMBAMAG V2 (ENCODER-ONLY WITH POOLING)
============================================================
Model: UMambaMag_v2_STEAD
Dataset: STEAD
Batch size: 32
Learning rate: 0.001
Epochs: 150
Warmup epochs: 5
============================================================
Model is on device: cuda:0
Total parameters: 191,313
Trainable parameters: 191,313

Loading data...
Train batches: 33619
Dev batches: 1978

Saving models to: src/trained_weights/UMambaMag_v2_STEAD_20251112_202557


============================================================
Epoch 1/150
Learning Rate: 2.00e-04
============================================================

============================================================
Epoch 1 Summary:
  Train - Loss: 0.224395 | MSE: 0.224395 | RMSE: 0.473703 | MAE: 0.319326
  Val   - Loss: 0.154669 | MSE: 0.154669 | RMSE: 0.393279 | MAE: 0.264141
============================================================

✓ New best model saved! Val Loss: 0.154669

============================================================
Epoch 2/150
Learning Rate: 4.00e-04
============================================================

============================================================
Epoch 2 Summary:
  Train - Loss: 0.156875 | MSE: 0.156875 | RMSE: 0.396075 | MAE: 0.267189
  Val   - Loss: 0.130889 | MSE: 0.130889 | RMSE: 0.361785 | MAE: 0.239039
============================================================

✓ New best model saved! Val Loss: 0.130889

============================================================
Epoch 3/150
Learning Rate: 6.00e-04
============================================================

============================================================
Epoch 3 Summary:
  Train - Loss: 0.132920 | MSE: 0.132920 | RMSE: 0.364582 | MAE: 0.245701
  Val   - Loss: 0.116414 | MSE: 0.116414 | RMSE: 0.341194 | MAE: 0.226822
============================================================

✓ New best model saved! Val Loss: 0.116414

============================================================
Epoch 4/150
Learning Rate: 8.00e-04
============================================================

============================================================
Epoch 4 Summary:
  Train - Loss: 0.120904 | MSE: 0.120904 | RMSE: 0.347713 | MAE: 0.233935
  Val   - Loss: 0.109699 | MSE: 0.109699 | RMSE: 0.331208 | MAE: 0.220165
============================================================

✓ New best model saved! Val Loss: 0.109699

============================================================
Epoch 5/150
Learning Rate: 1.00e-03
============================================================

============================================================
Epoch 5 Summary:
  Train - Loss: 0.114129 | MSE: 0.114129 | RMSE: 0.337829 | MAE: 0.227181
  Val   - Loss: 0.107298 | MSE: 0.107298 | RMSE: 0.327564 | MAE: 0.211811
============================================================

✓ New best model saved! Val Loss: 0.107298
Checkpoint saved: src/trained_weights/UMambaMag_v2_STEAD_20251112_202557/model_epoch_5.pt

============================================================
Epoch 6/150
Learning Rate: 1.00e-03
============================================================

============================================================
Epoch 6 Summary:
  Train - Loss: 0.106642 | MSE: 0.106642 | RMSE: 0.326560 | MAE: 0.218968
  Val   - Loss: 0.095782 | MSE: 0.095782 | RMSE: 0.309486 | MAE: 0.201227
============================================================

✓ New best model saved! Val Loss: 0.095782

============================================================
Epoch 7/150
Learning Rate: 1.00e-03
============================================================

============================================================
Epoch 7 Summary:
  Train - Loss: 0.101443 | MSE: 0.101443 | RMSE: 0.318501 | MAE: 0.213268
  Val   - Loss: 0.095996 | MSE: 0.095996 | RMSE: 0.309833 | MAE: 0.202068
============================================================
No improvement for 1 epochs

============================================================
Epoch 8/150
Learning Rate: 1.00e-03
============================================================

============================================================
Epoch 8 Summary:
  Train - Loss: 0.097933 | MSE: 0.097933 | RMSE: 0.312942 | MAE: 0.209419
  Val   - Loss: 0.096396 | MSE: 0.096396 | RMSE: 0.310477 | MAE: 0.200872
============================================================
No improvement for 2 epochs

============================================================
Epoch 9/150
Learning Rate: 1.00e-03
============================================================

============================================================
Epoch 9 Summary:
  Train - Loss: 0.095012 | MSE: 0.095012 | RMSE: 0.308241 | MAE: 0.206113
  Val   - Loss: 0.086337 | MSE: 0.086337 | RMSE: 0.293832 | MAE: 0.191962
============================================================

✓ New best model saved! Val Loss: 0.086337

============================================================
Epoch 10/150
Learning Rate: 1.00e-03
============================================================

============================================================
Epoch 10 Summary:
  Train - Loss: 0.093181 | MSE: 0.093181 | RMSE: 0.305255 | MAE: 0.203981
  Val   - Loss: 0.084502 | MSE: 0.084502 | RMSE: 0.290693 | MAE: 0.187716
============================================================

✓ New best model saved! Val Loss: 0.084502
Checkpoint saved: src/trained_weights/UMambaMag_v2_STEAD_20251112_202557/model_epoch_10.pt

============================================================
Epoch 11/150
Learning Rate: 1.00e-03
============================================================

============================================================
Epoch 11 Summary:
  Train - Loss: 0.091193 | MSE: 0.091193 | RMSE: 0.301981 | MAE: 0.201667
  Val   - Loss: 0.085344 | MSE: 0.085344 | RMSE: 0.292137 | MAE: 0.189172
============================================================
No improvement for 1 epochs

============================================================
Epoch 12/150
Learning Rate: 1.00e-03
============================================================

============================================================
Epoch 12 Summary:
  Train - Loss: 0.089241 | MSE: 0.089241 | RMSE: 0.298732 | MAE: 0.199765
  Val   - Loss: 0.082624 | MSE: 0.082624 | RMSE: 0.287443 | MAE: 0.186206
============================================================

✓ New best model saved! Val Loss: 0.082624

============================================================
Epoch 13/150
Learning Rate: 1.00e-03
============================================================

============================================================
Epoch 13 Summary:
  Train - Loss: 0.088675 | MSE: 0.088675 | RMSE: 0.297784 | MAE: 0.198854
  Val   - Loss: 0.081922 | MSE: 0.081922 | RMSE: 0.286220 | MAE: 0.185806
============================================================

✓ New best model saved! Val Loss: 0.081922

============================================================
Epoch 14/150
Learning Rate: 1.00e-03
============================================================

============================================================
Epoch 14 Summary:
  Train - Loss: 0.087162 | MSE: 0.087162 | RMSE: 0.295232 | MAE: 0.197122
  Val   - Loss: 0.079652 | MSE: 0.079652 | RMSE: 0.282228 | MAE: 0.181984
============================================================

✓ New best model saved! Val Loss: 0.079652

============================================================
Epoch 15/150
Learning Rate: 1.00e-03
============================================================

============================================================
Epoch 15 Summary:
  Train - Loss: 0.086204 | MSE: 0.086204 | RMSE: 0.293605 | MAE: 0.196023
  Val   - Loss: 0.078748 | MSE: 0.078748 | RMSE: 0.280620 | MAE: 0.181359
============================================================

✓ New best model saved! Val Loss: 0.078748
Checkpoint saved: src/trained_weights/UMambaMag_v2_STEAD_20251112_202557/model_epoch_15.pt

============================================================
Epoch 16/150
Learning Rate: 1.00e-03
============================================================

============================================================
Epoch 16 Summary:
  Train - Loss: 0.085669 | MSE: 0.085669 | RMSE: 0.292693 | MAE: 0.195315
  Val   - Loss: 0.081181 | MSE: 0.081181 | RMSE: 0.284922 | MAE: 0.185985
============================================================
No improvement for 1 epochs

============================================================
Epoch 17/150
Learning Rate: 1.00e-03
============================================================

============================================================
Epoch 17 Summary:
  Train - Loss: 0.083929 | MSE: 0.083929 | RMSE: 0.289706 | MAE: 0.193648
  Val   - Loss: 0.080421 | MSE: 0.080421 | RMSE: 0.283586 | MAE: 0.183090
============================================================
No improvement for 2 epochs

============================================================
Epoch 18/150
Learning Rate: 1.00e-03
============================================================

============================================================
Epoch 18 Summary:
  Train - Loss: 0.083816 | MSE: 0.083816 | RMSE: 0.289510 | MAE: 0.193154
  Val   - Loss: 0.078266 | MSE: 0.078266 | RMSE: 0.279761 | MAE: 0.181565
============================================================

✓ New best model saved! Val Loss: 0.078266

============================================================
Epoch 19/150
Learning Rate: 1.00e-03
============================================================

============================================================
Epoch 19 Summary:
  Train - Loss: 0.083465 | MSE: 0.083465 | RMSE: 0.288903 | MAE: 0.192711
  Val   - Loss: 0.076057 | MSE: 0.076057 | RMSE: 0.275785 | MAE: 0.178209
============================================================

✓ New best model saved! Val Loss: 0.076057

============================================================
Epoch 20/150
Learning Rate: 1.00e-03
============================================================

============================================================
Epoch 20 Summary:
  Train - Loss: 0.082606 | MSE: 0.082606 | RMSE: 0.287413 | MAE: 0.191697
  Val   - Loss: 0.077177 | MSE: 0.077177 | RMSE: 0.277808 | MAE: 0.179947
============================================================
No improvement for 1 epochs
Checkpoint saved: src/trained_weights/UMambaMag_v2_STEAD_20251112_202557/model_epoch_20.pt

============================================================
Epoch 21/150
Learning Rate: 1.00e-03
============================================================

============================================================
Epoch 21 Summary:
  Train - Loss: 0.081645 | MSE: 0.081645 | RMSE: 0.285736 | MAE: 0.190838
  Val   - Loss: 0.078237 | MSE: 0.078237 | RMSE: 0.279709 | MAE: 0.187647
============================================================
No improvement for 2 epochs

============================================================
Epoch 22/150
Learning Rate: 1.00e-03
============================================================

============================================================
Epoch 22 Summary:
  Train - Loss: 0.081151 | MSE: 0.081151 | RMSE: 0.284870 | MAE: 0.190171
  Val   - Loss: 0.076998 | MSE: 0.076998 | RMSE: 0.277484 | MAE: 0.183548
============================================================
No improvement for 3 epochs

============================================================
Epoch 23/150
Learning Rate: 1.00e-03
============================================================

============================================================
Epoch 23 Summary:
  Train - Loss: 0.080763 | MSE: 0.080763 | RMSE: 0.284188 | MAE: 0.189736
  Val   - Loss: 0.076307 | MSE: 0.076307 | RMSE: 0.276238 | MAE: 0.176838
============================================================
No improvement for 4 epochs

============================================================
Epoch 24/150
Learning Rate: 1.00e-03
============================================================

============================================================
Epoch 24 Summary:
  Train - Loss: 0.080322 | MSE: 0.080322 | RMSE: 0.283412 | MAE: 0.189273
  Val   - Loss: 0.075270 | MSE: 0.075270 | RMSE: 0.274354 | MAE: 0.177121
============================================================

✓ New best model saved! Val Loss: 0.075270

============================================================
Epoch 25/150
Learning Rate: 1.00e-03
============================================================

============================================================
Epoch 25 Summary:
  Train - Loss: 0.079679 | MSE: 0.079679 | RMSE: 0.282276 | MAE: 0.188502
  Val   - Loss: 0.076830 | MSE: 0.076830 | RMSE: 0.277182 | MAE: 0.177622
============================================================
No improvement for 1 epochs
Checkpoint saved: src/trained_weights/UMambaMag_v2_STEAD_20251112_202557/model_epoch_25.pt

============================================================
Epoch 26/150
Learning Rate: 1.00e-03
============================================================

============================================================
Epoch 26 Summary:
  Train - Loss: 0.079309 | MSE: 0.079309 | RMSE: 0.281618 | MAE: 0.188024
  Val   - Loss: 0.074146 | MSE: 0.074146 | RMSE: 0.272297 | MAE: 0.177571
============================================================

✓ New best model saved! Val Loss: 0.074146

============================================================
Epoch 27/150
Learning Rate: 1.00e-03
============================================================

============================================================
Epoch 27 Summary:
  Train - Loss: 0.079187 | MSE: 0.079187 | RMSE: 0.281401 | MAE: 0.187628
  Val   - Loss: 0.074810 | MSE: 0.074810 | RMSE: 0.273514 | MAE: 0.174317
============================================================
No improvement for 1 epochs

============================================================
Epoch 28/150
Learning Rate: 1.00e-03
============================================================

============================================================
Epoch 28 Summary:
  Train - Loss: 0.078121 | MSE: 0.078121 | RMSE: 0.279501 | MAE: 0.186848
  Val   - Loss: 0.073977 | MSE: 0.073977 | RMSE: 0.271987 | MAE: 0.175654
============================================================

✓ New best model saved! Val Loss: 0.073977

============================================================
Epoch 29/150
Learning Rate: 1.00e-03
============================================================

============================================================
Epoch 29 Summary:
  Train - Loss: 0.078127 | MSE: 0.078127 | RMSE: 0.279512 | MAE: 0.186558
  Val   - Loss: 0.072856 | MSE: 0.072856 | RMSE: 0.269919 | MAE: 0.177350
============================================================

✓ New best model saved! Val Loss: 0.072856

============================================================
Epoch 30/150
Learning Rate: 1.00e-03
============================================================

============================================================
Epoch 30 Summary:
  Train - Loss: 0.078118 | MSE: 0.078118 | RMSE: 0.279496 | MAE: 0.186364
  Val   - Loss: 0.075409 | MSE: 0.075409 | RMSE: 0.274608 | MAE: 0.175534
============================================================
No improvement for 1 epochs
Checkpoint saved: src/trained_weights/UMambaMag_v2_STEAD_20251112_202557/model_epoch_30.pt

============================================================
Epoch 31/150
Learning Rate: 1.00e-03
============================================================

============================================================
Epoch 31 Summary:
  Train - Loss: 0.077257 | MSE: 0.077257 | RMSE: 0.277952 | MAE: 0.185769
  Val   - Loss: 0.075352 | MSE: 0.075352 | RMSE: 0.274504 | MAE: 0.175247
============================================================
No improvement for 2 epochs

============================================================
Epoch 32/150
Learning Rate: 1.00e-03
============================================================

============================================================
Epoch 32 Summary:
  Train - Loss: 0.076930 | MSE: 0.076930 | RMSE: 0.277362 | MAE: 0.185388
  Val   - Loss: 0.071221 | MSE: 0.071221 | RMSE: 0.266873 | MAE: 0.171972
============================================================

✓ New best model saved! Val Loss: 0.071221

============================================================
Epoch 33/150
Learning Rate: 1.00e-03
============================================================

============================================================
Epoch 33 Summary:
  Train - Loss: 0.076665 | MSE: 0.076665 | RMSE: 0.276884 | MAE: 0.185065
  Val   - Loss: 0.073326 | MSE: 0.073326 | RMSE: 0.270788 | MAE: 0.174654
============================================================
No improvement for 1 epochs

============================================================
Epoch 34/150
Learning Rate: 1.00e-03
============================================================

============================================================
Epoch 34 Summary:
  Train - Loss: 0.076233 | MSE: 0.076233 | RMSE: 0.276104 | MAE: 0.184672
  Val   - Loss: 0.073353 | MSE: 0.073353 | RMSE: 0.270837 | MAE: 0.175701
============================================================
No improvement for 2 epochs

============================================================
Epoch 35/150
Learning Rate: 1.00e-03
============================================================

============================================================
Epoch 35 Summary:
  Train - Loss: 0.076387 | MSE: 0.076387 | RMSE: 0.276383 | MAE: 0.184382
  Val   - Loss: 0.073977 | MSE: 0.073977 | RMSE: 0.271987 | MAE: 0.172646
============================================================
No improvement for 3 epochs
Checkpoint saved: src/trained_weights/UMambaMag_v2_STEAD_20251112_202557/model_epoch_35.pt

============================================================
Epoch 36/150
Learning Rate: 1.00e-03
============================================================

============================================================
Epoch 36 Summary:
  Train - Loss: 0.075857 | MSE: 0.075857 | RMSE: 0.275422 | MAE: 0.184014
  Val   - Loss: 0.072896 | MSE: 0.072896 | RMSE: 0.269993 | MAE: 0.178195
============================================================
No improvement for 4 epochs

============================================================
Epoch 37/150
Learning Rate: 1.00e-03
============================================================

============================================================
Epoch 37 Summary:
  Train - Loss: 0.075761 | MSE: 0.075761 | RMSE: 0.275246 | MAE: 0.183732
  Val   - Loss: 0.073097 | MSE: 0.073097 | RMSE: 0.270364 | MAE: 0.173737
============================================================
No improvement for 5 epochs

============================================================
Epoch 38/150
Learning Rate: 1.00e-03
============================================================

============================================================
Epoch 38 Summary:
  Train - Loss: 0.075417 | MSE: 0.075417 | RMSE: 0.274621 | MAE: 0.183317
  Val   - Loss: 0.072080 | MSE: 0.072080 | RMSE: 0.268478 | MAE: 0.170556
============================================================
No improvement for 6 epochs

============================================================
Epoch 39/150
Learning Rate: 5.00e-04
============================================================

============================================================
Epoch 39 Summary:
  Train - Loss: 0.069331 | MSE: 0.069331 | RMSE: 0.263308 | MAE: 0.175266
  Val   - Loss: 0.066017 | MSE: 0.066017 | RMSE: 0.256937 | MAE: 0.164056
============================================================

✓ New best model saved! Val Loss: 0.066017

============================================================
Epoch 40/150
Learning Rate: 5.00e-04
============================================================

============================================================
Epoch 40 Summary:
  Train - Loss: 0.068685 | MSE: 0.068685 | RMSE: 0.262077 | MAE: 0.174413
  Val   - Loss: 0.066165 | MSE: 0.066165 | RMSE: 0.257226 | MAE: 0.163949
============================================================
No improvement for 1 epochs
Checkpoint saved: src/trained_weights/UMambaMag_v2_STEAD_20251112_202557/model_epoch_40.pt

============================================================
Epoch 41/150
Learning Rate: 5.00e-04
============================================================

============================================================
Epoch 41 Summary:
  Train - Loss: 0.068209 | MSE: 0.068209 | RMSE: 0.261169 | MAE: 0.173940
  Val   - Loss: 0.066619 | MSE: 0.066619 | RMSE: 0.258107 | MAE: 0.165449
============================================================
No improvement for 2 epochs

============================================================
Epoch 42/150
Learning Rate: 5.00e-04
============================================================

============================================================
Epoch 42 Summary:
  Train - Loss: 0.067941 | MSE: 0.067941 | RMSE: 0.260656 | MAE: 0.173682
  Val   - Loss: 0.066273 | MSE: 0.066273 | RMSE: 0.257435 | MAE: 0.163188
============================================================
No improvement for 3 epochs

============================================================
Epoch 43/150
Learning Rate: 5.00e-04
============================================================

============================================================
Epoch 43 Summary:
  Train - Loss: 0.067592 | MSE: 0.067592 | RMSE: 0.259985 | MAE: 0.173272
  Val   - Loss: 0.065582 | MSE: 0.065582 | RMSE: 0.256090 | MAE: 0.163559
============================================================

✓ New best model saved! Val Loss: 0.065582

============================================================
Epoch 44/150
Learning Rate: 5.00e-04
============================================================

============================================================
Epoch 44 Summary:
  Train - Loss: 0.067428 | MSE: 0.067428 | RMSE: 0.259670 | MAE: 0.172976
  Val   - Loss: 0.064369 | MSE: 0.064369 | RMSE: 0.253710 | MAE: 0.163599
============================================================

✓ New best model saved! Val Loss: 0.064369

============================================================
Epoch 45/150
Learning Rate: 5.00e-04
============================================================

============================================================
Epoch 45 Summary:
  Train - Loss: 0.067411 | MSE: 0.067411 | RMSE: 0.259637 | MAE: 0.172913
  Val   - Loss: 0.064878 | MSE: 0.064878 | RMSE: 0.254712 | MAE: 0.165868
============================================================
No improvement for 1 epochs
Checkpoint saved: src/trained_weights/UMambaMag_v2_STEAD_20251112_202557/model_epoch_45.pt

============================================================
Epoch 46/150
Learning Rate: 5.00e-04
============================================================

============================================================
Epoch 46 Summary:
  Train - Loss: 0.067380 | MSE: 0.067380 | RMSE: 0.259576 | MAE: 0.172524
  Val   - Loss: 0.067353 | MSE: 0.067353 | RMSE: 0.259526 | MAE: 0.166565
============================================================
No improvement for 2 epochs

============================================================
Epoch 47/150
Learning Rate: 5.00e-04
============================================================

============================================================
Epoch 47 Summary:
  Train - Loss: 0.066931 | MSE: 0.066931 | RMSE: 0.258710 | MAE: 0.172408
  Val   - Loss: 0.066282 | MSE: 0.066282 | RMSE: 0.257454 | MAE: 0.162043
============================================================
No improvement for 3 epochs

============================================================
Epoch 48/150
Learning Rate: 5.00e-04
============================================================

============================================================
Epoch 48 Summary:
  Train - Loss: 0.066533 | MSE: 0.066533 | RMSE: 0.257939 | MAE: 0.172020
  Val   - Loss: 0.065672 | MSE: 0.065672 | RMSE: 0.256265 | MAE: 0.164143
============================================================
No improvement for 4 epochs

============================================================
Epoch 49/150
Learning Rate: 5.00e-04
============================================================

============================================================
Epoch 49 Summary:
  Train - Loss: 0.066643 | MSE: 0.066643 | RMSE: 0.258153 | MAE: 0.172005
  Val   - Loss: 0.066034 | MSE: 0.066034 | RMSE: 0.256971 | MAE: 0.161789
============================================================
No improvement for 5 epochs

============================================================
Epoch 50/150
Learning Rate: 5.00e-04
============================================================

============================================================
Epoch 50 Summary:
  Train - Loss: 0.066556 | MSE: 0.066556 | RMSE: 0.257984 | MAE: 0.171761
  Val   - Loss: 0.064299 | MSE: 0.064299 | RMSE: 0.253573 | MAE: 0.166422
============================================================

✓ New best model saved! Val Loss: 0.064299
Checkpoint saved: src/trained_weights/UMambaMag_v2_STEAD_20251112_202557/model_epoch_50.pt

============================================================
Epoch 51/150
Learning Rate: 5.00e-04
============================================================

============================================================
Epoch 51 Summary:
  Train - Loss: 0.066450 | MSE: 0.066450 | RMSE: 0.257778 | MAE: 0.171469
  Val   - Loss: 0.064024 | MSE: 0.064024 | RMSE: 0.253030 | MAE: 0.161104
============================================================

✓ New best model saved! Val Loss: 0.064024

============================================================
Epoch 52/150
Learning Rate: 5.00e-04
============================================================

============================================================
Epoch 52 Summary:
  Train - Loss: 0.066453 | MSE: 0.066453 | RMSE: 0.257786 | MAE: 0.171545
  Val   - Loss: 0.065145 | MSE: 0.065145 | RMSE: 0.255235 | MAE: 0.161937
============================================================
No improvement for 1 epochs

============================================================
Epoch 53/150
Learning Rate: 5.00e-04
============================================================

============================================================
Epoch 53 Summary:
  Train - Loss: 0.066332 | MSE: 0.066332 | RMSE: 0.257550 | MAE: 0.171309
  Val   - Loss: 0.063270 | MSE: 0.063270 | RMSE: 0.251535 | MAE: 0.160736
============================================================

✓ New best model saved! Val Loss: 0.063270

============================================================
Epoch 54/150
Learning Rate: 5.00e-04
============================================================

============================================================
Epoch 54 Summary:
  Train - Loss: 0.065656 | MSE: 0.065656 | RMSE: 0.256234 | MAE: 0.170913
  Val   - Loss: 0.064910 | MSE: 0.064910 | RMSE: 0.254774 | MAE: 0.162737
============================================================
No improvement for 1 epochs

============================================================
Epoch 55/150
Learning Rate: 5.00e-04
============================================================

============================================================
Epoch 55 Summary:
  Train - Loss: 0.066051 | MSE: 0.066051 | RMSE: 0.257005 | MAE: 0.171026
  Val   - Loss: 0.064561 | MSE: 0.064561 | RMSE: 0.254088 | MAE: 0.162778
============================================================
No improvement for 2 epochs
Checkpoint saved: src/trained_weights/UMambaMag_v2_STEAD_20251112_202557/model_epoch_55.pt

============================================================
Epoch 56/150
Learning Rate: 5.00e-04
============================================================

============================================================
Epoch 56 Summary:
  Train - Loss: 0.065628 | MSE: 0.065628 | RMSE: 0.256180 | MAE: 0.170653
  Val   - Loss: 0.063715 | MSE: 0.063715 | RMSE: 0.252418 | MAE: 0.162479
============================================================
No improvement for 3 epochs

============================================================
Epoch 57/150
Learning Rate: 5.00e-04
============================================================

============================================================
Epoch 57 Summary:
  Train - Loss: 0.065914 | MSE: 0.065914 | RMSE: 0.256738 | MAE: 0.170749
  Val   - Loss: 0.063737 | MSE: 0.063737 | RMSE: 0.252462 | MAE: 0.160989
============================================================
No improvement for 4 epochs

============================================================
Epoch 58/150
Learning Rate: 5.00e-04
============================================================

============================================================
Epoch 58 Summary:
  Train - Loss: 0.065404 | MSE: 0.065404 | RMSE: 0.255742 | MAE: 0.170334
  Val   - Loss: 0.064674 | MSE: 0.064674 | RMSE: 0.254310 | MAE: 0.160130
============================================================
No improvement for 5 epochs

============================================================
Epoch 59/150
Learning Rate: 5.00e-04
============================================================

============================================================
Epoch 59 Summary:
  Train - Loss: 0.065198 | MSE: 0.065198 | RMSE: 0.255338 | MAE: 0.170441
  Val   - Loss: 0.066037 | MSE: 0.066037 | RMSE: 0.256976 | MAE: 0.166096
============================================================
No improvement for 6 epochs

============================================================
Epoch 60/150
Learning Rate: 2.50e-04
============================================================

============================================================
Epoch 60 Summary:
  Train - Loss: 0.062363 | MSE: 0.062363 | RMSE: 0.249726 | MAE: 0.166201
  Val   - Loss: 0.060663 | MSE: 0.060663 | RMSE: 0.246298 | MAE: 0.155385
============================================================

✓ New best model saved! Val Loss: 0.060663
Checkpoint saved: src/trained_weights/UMambaMag_v2_STEAD_20251112_202557/model_epoch_60.pt

============================================================
Epoch 61/150
Learning Rate: 2.50e-04
============================================================

============================================================
Epoch 61 Summary:
  Train - Loss: 0.062320 | MSE: 0.062320 | RMSE: 0.249641 | MAE: 0.165877
  Val   - Loss: 0.060604 | MSE: 0.060604 | RMSE: 0.246178 | MAE: 0.157219
============================================================

✓ New best model saved! Val Loss: 0.060604

============================================================
Epoch 62/150
Learning Rate: 2.50e-04
============================================================

============================================================
Epoch 62 Summary:
  Train - Loss: 0.061891 | MSE: 0.061891 | RMSE: 0.248779 | MAE: 0.165371
  Val   - Loss: 0.062211 | MSE: 0.062211 | RMSE: 0.249422 | MAE: 0.157493
============================================================
No improvement for 1 epochs

============================================================
Epoch 63/150
Learning Rate: 2.50e-04
============================================================

============================================================
Epoch 63 Summary:
  Train - Loss: 0.061722 | MSE: 0.061722 | RMSE: 0.248440 | MAE: 0.165336
  Val   - Loss: 0.060232 | MSE: 0.060232 | RMSE: 0.245423 | MAE: 0.154979
============================================================

✓ New best model saved! Val Loss: 0.060232

============================================================
Epoch 64/150
Learning Rate: 2.50e-04
============================================================

============================================================
Epoch 64 Summary:
  Train - Loss: 0.061875 | MSE: 0.061875 | RMSE: 0.248748 | MAE: 0.165259
  Val   - Loss: 0.059990 | MSE: 0.059990 | RMSE: 0.244929 | MAE: 0.156557
============================================================

✓ New best model saved! Val Loss: 0.059990

============================================================
Epoch 65/150
Learning Rate: 2.50e-04
============================================================

============================================================
Epoch 65 Summary:
  Train - Loss: 0.061525 | MSE: 0.061525 | RMSE: 0.248042 | MAE: 0.165011
  Val   - Loss: 0.061451 | MSE: 0.061451 | RMSE: 0.247894 | MAE: 0.156771
============================================================
No improvement for 1 epochs
Checkpoint saved: src/trained_weights/UMambaMag_v2_STEAD_20251112_202557/model_epoch_65.pt

============================================================
Epoch 66/150
Learning Rate: 2.50e-04
============================================================

============================================================
Epoch 66 Summary:
  Train - Loss: 0.061407 | MSE: 0.061407 | RMSE: 0.247804 | MAE: 0.164840
  Val   - Loss: 0.061314 | MSE: 0.061314 | RMSE: 0.247616 | MAE: 0.156216
============================================================
No improvement for 2 epochs

============================================================
Epoch 67/150
Learning Rate: 2.50e-04
============================================================

============================================================
Epoch 67 Summary:
  Train - Loss: 0.061434 | MSE: 0.061434 | RMSE: 0.247858 | MAE: 0.164880
  Val   - Loss: 0.060495 | MSE: 0.060495 | RMSE: 0.245958 | MAE: 0.157470
============================================================
No improvement for 3 epochs

============================================================
Epoch 68/150
Learning Rate: 2.50e-04
============================================================

============================================================
Epoch 68 Summary:
  Train - Loss: 0.061039 | MSE: 0.061039 | RMSE: 0.247061 | MAE: 0.164671
  Val   - Loss: 0.059069 | MSE: 0.059069 | RMSE: 0.243042 | MAE: 0.156350
============================================================

✓ New best model saved! Val Loss: 0.059069

============================================================
Epoch 69/150
Learning Rate: 2.50e-04
============================================================

============================================================
Epoch 69 Summary:
  Train - Loss: 0.061148 | MSE: 0.061148 | RMSE: 0.247282 | MAE: 0.164463
  Val   - Loss: 0.060371 | MSE: 0.060371 | RMSE: 0.245705 | MAE: 0.155528
============================================================
No improvement for 1 epochs

============================================================
Epoch 70/150
Learning Rate: 2.50e-04
============================================================

============================================================
Epoch 70 Summary:
  Train - Loss: 0.061227 | MSE: 0.061227 | RMSE: 0.247441 | MAE: 0.164574
  Val   - Loss: 0.059564 | MSE: 0.059564 | RMSE: 0.244058 | MAE: 0.154344
============================================================
No improvement for 2 epochs
Checkpoint saved: src/trained_weights/UMambaMag_v2_STEAD_20251112_202557/model_epoch_70.pt

============================================================
Epoch 71/150
Learning Rate: 2.50e-04
============================================================

============================================================
Epoch 71 Summary:
  Train - Loss: 0.060715 | MSE: 0.060715 | RMSE: 0.246404 | MAE: 0.164200
  Val   - Loss: 0.060743 | MSE: 0.060743 | RMSE: 0.246461 | MAE: 0.155099
============================================================
No improvement for 3 epochs

============================================================
Epoch 72/150
Learning Rate: 2.50e-04
============================================================

============================================================
Epoch 72 Summary:
  Train - Loss: 0.060934 | MSE: 0.060934 | RMSE: 0.246847 | MAE: 0.164288
  Val   - Loss: 0.059761 | MSE: 0.059761 | RMSE: 0.244460 | MAE: 0.154950
============================================================
No improvement for 4 epochs

============================================================
Epoch 73/150
Learning Rate: 2.50e-04
============================================================

============================================================
Epoch 73 Summary:
  Train - Loss: 0.060778 | MSE: 0.060778 | RMSE: 0.246531 | MAE: 0.164286
  Val   - Loss: 0.059704 | MSE: 0.059704 | RMSE: 0.244345 | MAE: 0.156311
============================================================
No improvement for 5 epochs

============================================================
Epoch 74/150
Learning Rate: 2.50e-04
============================================================

============================================================
Epoch 74 Summary:
  Train - Loss: 0.060568 | MSE: 0.060568 | RMSE: 0.246106 | MAE: 0.163926
  Val   - Loss: 0.059161 | MSE: 0.059161 | RMSE: 0.243231 | MAE: 0.154690
============================================================
No improvement for 6 epochs

============================================================
Epoch 75/150
Learning Rate: 1.25e-04
============================================================

============================================================
Epoch 75 Summary:
  Train - Loss: 0.059365 | MSE: 0.059365 | RMSE: 0.243650 | MAE: 0.161831
  Val   - Loss: 0.058721 | MSE: 0.058721 | RMSE: 0.242324 | MAE: 0.153253
============================================================

✓ New best model saved! Val Loss: 0.058721
Checkpoint saved: src/trained_weights/UMambaMag_v2_STEAD_20251112_202557/model_epoch_75.pt

============================================================
Epoch 76/150
Learning Rate: 1.25e-04
============================================================

============================================================
Epoch 76 Summary:
  Train - Loss: 0.059010 | MSE: 0.059010 | RMSE: 0.242920 | MAE: 0.161535
  Val   - Loss: 0.060087 | MSE: 0.060087 | RMSE: 0.245126 | MAE: 0.153745
============================================================
No improvement for 1 epochs

============================================================
Epoch 77/150
Learning Rate: 1.25e-04
============================================================

============================================================
Epoch 77 Summary:
  Train - Loss: 0.058675 | MSE: 0.058675 | RMSE: 0.242229 | MAE: 0.161488
  Val   - Loss: 0.059287 | MSE: 0.059287 | RMSE: 0.243489 | MAE: 0.154423
============================================================
No improvement for 2 epochs

============================================================
Epoch 78/150
Learning Rate: 1.25e-04
============================================================

============================================================
Epoch 78 Summary:
  Train - Loss: 0.058910 | MSE: 0.058910 | RMSE: 0.242714 | MAE: 0.161408
  Val   - Loss: 0.058651 | MSE: 0.058651 | RMSE: 0.242179 | MAE: 0.153657
============================================================

✓ New best model saved! Val Loss: 0.058651

============================================================
Epoch 79/150
Learning Rate: 1.25e-04
============================================================

============================================================
Epoch 79 Summary:
  Train - Loss: 0.058859 | MSE: 0.058859 | RMSE: 0.242609 | MAE: 0.161345
  Val   - Loss: 0.060414 | MSE: 0.060414 | RMSE: 0.245792 | MAE: 0.154371
============================================================
No improvement for 1 epochs

============================================================
Epoch 80/150
Learning Rate: 1.25e-04
============================================================

============================================================
Epoch 80 Summary:
  Train - Loss: 0.058368 | MSE: 0.058368 | RMSE: 0.241595 | MAE: 0.160994
  Val   - Loss: 0.058778 | MSE: 0.058778 | RMSE: 0.242441 | MAE: 0.153050
============================================================
No improvement for 2 epochs
Checkpoint saved: src/trained_weights/UMambaMag_v2_STEAD_20251112_202557/model_epoch_80.pt

============================================================
Epoch 81/150
Learning Rate: 1.25e-04
============================================================

============================================================
Epoch 81 Summary:
  Train - Loss: 0.058924 | MSE: 0.058924 | RMSE: 0.242742 | MAE: 0.161294
  Val   - Loss: 0.058907 | MSE: 0.058907 | RMSE: 0.242707 | MAE: 0.152392
============================================================
No improvement for 3 epochs

============================================================
Epoch 82/150
Learning Rate: 1.25e-04
============================================================

============================================================
Epoch 82 Summary:
  Train - Loss: 0.058684 | MSE: 0.058684 | RMSE: 0.242247 | MAE: 0.161150
  Val   - Loss: 0.058702 | MSE: 0.058702 | RMSE: 0.242286 | MAE: 0.152722
============================================================
No improvement for 4 epochs

============================================================
Epoch 83/150
Learning Rate: 1.25e-04
============================================================

============================================================
Epoch 83 Summary:
  Train - Loss: 0.058708 | MSE: 0.058708 | RMSE: 0.242298 | MAE: 0.161143
  Val   - Loss: 0.060122 | MSE: 0.060122 | RMSE: 0.245197 | MAE: 0.153850
============================================================
No improvement for 5 epochs

============================================================
Epoch 84/150
Learning Rate: 1.25e-04
============================================================

============================================================
Epoch 84 Summary:
  Train - Loss: 0.058657 | MSE: 0.058657 | RMSE: 0.242193 | MAE: 0.161028
  Val   - Loss: 0.058496 | MSE: 0.058496 | RMSE: 0.241860 | MAE: 0.153242
============================================================

✓ New best model saved! Val Loss: 0.058496

============================================================
Epoch 85/150
Learning Rate: 1.25e-04
============================================================

============================================================
Epoch 85 Summary:
  Train - Loss: 0.058594 | MSE: 0.058594 | RMSE: 0.242061 | MAE: 0.161013
  Val   - Loss: 0.058010 | MSE: 0.058010 | RMSE: 0.240852 | MAE: 0.151938
============================================================

✓ New best model saved! Val Loss: 0.058010
Checkpoint saved: src/trained_weights/UMambaMag_v2_STEAD_20251112_202557/model_epoch_85.pt

============================================================
Epoch 86/150
Learning Rate: 1.25e-04
============================================================

============================================================
Epoch 86 Summary:
  Train - Loss: 0.058384 | MSE: 0.058384 | RMSE: 0.241627 | MAE: 0.160908
  Val   - Loss: 0.059535 | MSE: 0.059535 | RMSE: 0.243999 | MAE: 0.152843
============================================================
No improvement for 1 epochs

============================================================
Epoch 87/150
Learning Rate: 1.25e-04
============================================================

============================================================
Epoch 87 Summary:
  Train - Loss: 0.058415 | MSE: 0.058415 | RMSE: 0.241692 | MAE: 0.160869
  Val   - Loss: 0.059334 | MSE: 0.059334 | RMSE: 0.243585 | MAE: 0.153647
============================================================
No improvement for 2 epochs

============================================================
Epoch 88/150
Learning Rate: 1.25e-04
============================================================

============================================================
Epoch 88 Summary:
  Train - Loss: 0.058494 | MSE: 0.058494 | RMSE: 0.241855 | MAE: 0.160920
  Val   - Loss: 0.058986 | MSE: 0.058986 | RMSE: 0.242870 | MAE: 0.153127
============================================================
No improvement for 3 epochs

============================================================
Epoch 89/150
Learning Rate: 1.25e-04
============================================================

============================================================
Epoch 89 Summary:
  Train - Loss: 0.058341 | MSE: 0.058341 | RMSE: 0.241539 | MAE: 0.160834
  Val   - Loss: 0.059032 | MSE: 0.059032 | RMSE: 0.242966 | MAE: 0.153125
============================================================
No improvement for 4 epochs

============================================================
Epoch 90/150
Learning Rate: 1.25e-04
============================================================

============================================================
Epoch 90 Summary:
  Train - Loss: 0.058292 | MSE: 0.058292 | RMSE: 0.241438 | MAE: 0.160789
  Val   - Loss: 0.057759 | MSE: 0.057759 | RMSE: 0.240331 | MAE: 0.151774
============================================================

✓ New best model saved! Val Loss: 0.057759
Checkpoint saved: src/trained_weights/UMambaMag_v2_STEAD_20251112_202557/model_epoch_90.pt

============================================================
Epoch 91/150
Learning Rate: 1.25e-04
============================================================

============================================================
Epoch 91 Summary:
  Train - Loss: 0.058087 | MSE: 0.058087 | RMSE: 0.241013 | MAE: 0.160516
  Val   - Loss: 0.058597 | MSE: 0.058597 | RMSE: 0.242068 | MAE: 0.153408
============================================================
No improvement for 1 epochs

============================================================
Epoch 92/150
Learning Rate: 1.25e-04
============================================================

============================================================
Epoch 92 Summary:
  Train - Loss: 0.058196 | MSE: 0.058196 | RMSE: 0.241239 | MAE: 0.160686
  Val   - Loss: 0.057787 | MSE: 0.057787 | RMSE: 0.240389 | MAE: 0.152076
============================================================
No improvement for 2 epochs

============================================================
Epoch 93/150
Learning Rate: 1.25e-04
============================================================

============================================================
Epoch 93 Summary:
  Train - Loss: 0.058096 | MSE: 0.058096 | RMSE: 0.241031 | MAE: 0.160498
  Val   - Loss: 0.059027 | MSE: 0.059027 | RMSE: 0.242954 | MAE: 0.153584
============================================================
No improvement for 3 epochs

============================================================
Epoch 94/150
Learning Rate: 1.25e-04
============================================================

============================================================
Epoch 94 Summary:
  Train - Loss: 0.058328 | MSE: 0.058328 | RMSE: 0.241511 | MAE: 0.160598
  Val   - Loss: 0.060452 | MSE: 0.060452 | RMSE: 0.245870 | MAE: 0.154164
============================================================
No improvement for 4 epochs

============================================================
Epoch 95/150
Learning Rate: 1.25e-04
============================================================

============================================================
Epoch 95 Summary:
  Train - Loss: 0.058273 | MSE: 0.058273 | RMSE: 0.241397 | MAE: 0.160562
  Val   - Loss: 0.059076 | MSE: 0.059076 | RMSE: 0.243055 | MAE: 0.153364
============================================================
No improvement for 5 epochs
Checkpoint saved: src/trained_weights/UMambaMag_v2_STEAD_20251112_202557/model_epoch_95.pt

============================================================
Epoch 96/150
Learning Rate: 1.25e-04
============================================================

============================================================
Epoch 96 Summary:
  Train - Loss: 0.058183 | MSE: 0.058183 | RMSE: 0.241211 | MAE: 0.160478
  Val   - Loss: 0.058260 | MSE: 0.058260 | RMSE: 0.241371 | MAE: 0.152879
============================================================
No improvement for 6 epochs

============================================================
Epoch 97/150
Learning Rate: 6.25e-05
============================================================

============================================================
Epoch 97 Summary:
  Train - Loss: 0.057564 | MSE: 0.057564 | RMSE: 0.239924 | MAE: 0.159518
  Val   - Loss: 0.058196 | MSE: 0.058196 | RMSE: 0.241239 | MAE: 0.151620
============================================================
No improvement for 7 epochs

============================================================
Epoch 98/150
Learning Rate: 6.25e-05
============================================================

============================================================
Epoch 98 Summary:
  Train - Loss: 0.057281 | MSE: 0.057281 | RMSE: 0.239334 | MAE: 0.159179
  Val   - Loss: 0.059622 | MSE: 0.059622 | RMSE: 0.244177 | MAE: 0.151919
============================================================
No improvement for 8 epochs

============================================================
Epoch 99/150
Learning Rate: 6.25e-05
============================================================

============================================================
Epoch 99 Summary:
  Train - Loss: 0.057186 | MSE: 0.057186 | RMSE: 0.239136 | MAE: 0.159226
  Val   - Loss: 0.058538 | MSE: 0.058538 | RMSE: 0.241946 | MAE: 0.151596
============================================================
No improvement for 9 epochs

============================================================
Epoch 100/150
Learning Rate: 6.25e-05
============================================================

============================================================
Epoch 100 Summary:
  Train - Loss: 0.057135 | MSE: 0.057135 | RMSE: 0.239030 | MAE: 0.159029
  Val   - Loss: 0.060954 | MSE: 0.060954 | RMSE: 0.246889 | MAE: 0.152802
============================================================
No improvement for 10 epochs
Checkpoint saved: src/trained_weights/UMambaMag_v2_STEAD_20251112_202557/model_epoch_100.pt

============================================================
Epoch 101/150
Learning Rate: 6.25e-05
============================================================

============================================================
Epoch 101 Summary:
  Train - Loss: 0.057044 | MSE: 0.057044 | RMSE: 0.238840 | MAE: 0.159004
  Val   - Loss: 0.057865 | MSE: 0.057865 | RMSE: 0.240551 | MAE: 0.151318
============================================================
No improvement for 11 epochs

============================================================
Epoch 102/150
Learning Rate: 6.25e-05
============================================================

============================================================
Epoch 102 Summary:
  Train - Loss: 0.057091 | MSE: 0.057091 | RMSE: 0.238937 | MAE: 0.159066
  Val   - Loss: 0.057637 | MSE: 0.057637 | RMSE: 0.240077 | MAE: 0.151403
============================================================

✓ New best model saved! Val Loss: 0.057637

============================================================
Epoch 103/150
Learning Rate: 6.25e-05
============================================================

============================================================
Epoch 103 Summary:
  Train - Loss: 0.056850 | MSE: 0.056850 | RMSE: 0.238432 | MAE: 0.159067
  Val   - Loss: 0.059306 | MSE: 0.059306 | RMSE: 0.243528 | MAE: 0.152427
============================================================
No improvement for 1 epochs

============================================================
Epoch 104/150
Learning Rate: 6.25e-05
============================================================

============================================================
Epoch 104 Summary:
  Train - Loss: 0.056893 | MSE: 0.056893 | RMSE: 0.238523 | MAE: 0.158914
  Val   - Loss: 0.059301 | MSE: 0.059301 | RMSE: 0.243518 | MAE: 0.151535
============================================================
No improvement for 2 epochs

============================================================
Epoch 105/150
Learning Rate: 6.25e-05
============================================================

============================================================
Epoch 105 Summary:
  Train - Loss: 0.057137 | MSE: 0.057137 | RMSE: 0.239033 | MAE: 0.159060
  Val   - Loss: 0.057925 | MSE: 0.057925 | RMSE: 0.240677 | MAE: 0.151219
============================================================
No improvement for 3 epochs
Checkpoint saved: src/trained_weights/UMambaMag_v2_STEAD_20251112_202557/model_epoch_105.pt

============================================================
Epoch 106/150
Learning Rate: 6.25e-05
============================================================

============================================================
Epoch 106 Summary:
  Train - Loss: 0.056732 | MSE: 0.056732 | RMSE: 0.238185 | MAE: 0.158874
  Val   - Loss: 0.057433 | MSE: 0.057433 | RMSE: 0.239652 | MAE: 0.151268
============================================================

✓ New best model saved! Val Loss: 0.057433

============================================================
Epoch 107/150
Learning Rate: 6.25e-05
============================================================

============================================================
Epoch 107 Summary:
  Train - Loss: 0.056848 | MSE: 0.056848 | RMSE: 0.238428 | MAE: 0.158815
  Val   - Loss: 0.057728 | MSE: 0.057728 | RMSE: 0.240267 | MAE: 0.151985
============================================================
No improvement for 1 epochs

============================================================
Epoch 108/150
Learning Rate: 6.25e-05
============================================================

============================================================
Epoch 108 Summary:
  Train - Loss: 0.057208 | MSE: 0.057208 | RMSE: 0.239182 | MAE: 0.158935
  Val   - Loss: 0.057992 | MSE: 0.057992 | RMSE: 0.240816 | MAE: 0.151803
============================================================
No improvement for 2 epochs

============================================================
Epoch 109/150
Learning Rate: 6.25e-05
============================================================

============================================================
Epoch 109 Summary:
  Train - Loss: 0.056775 | MSE: 0.056775 | RMSE: 0.238276 | MAE: 0.158813
  Val   - Loss: 0.059648 | MSE: 0.059648 | RMSE: 0.244230 | MAE: 0.151472
============================================================
No improvement for 3 epochs

============================================================
Epoch 110/150
Learning Rate: 6.25e-05
============================================================

============================================================
Epoch 110 Summary:
  Train - Loss: 0.057024 | MSE: 0.057024 | RMSE: 0.238797 | MAE: 0.158810
  Val   - Loss: 0.057493 | MSE: 0.057493 | RMSE: 0.239776 | MAE: 0.151173
============================================================
No improvement for 4 epochs
Checkpoint saved: src/trained_weights/UMambaMag_v2_STEAD_20251112_202557/model_epoch_110.pt

============================================================
Epoch 111/150
Learning Rate: 6.25e-05
============================================================

============================================================
Epoch 111 Summary:
  Train - Loss: 0.056691 | MSE: 0.056691 | RMSE: 0.238099 | MAE: 0.158696
  Val   - Loss: 0.058593 | MSE: 0.058593 | RMSE: 0.242060 | MAE: 0.151869
============================================================
No improvement for 5 epochs

============================================================
Epoch 112/150
Learning Rate: 6.25e-05
============================================================

============================================================
Epoch 112 Summary:
  Train - Loss: 0.057025 | MSE: 0.057025 | RMSE: 0.238800 | MAE: 0.158760
  Val   - Loss: 0.058519 | MSE: 0.058519 | RMSE: 0.241906 | MAE: 0.152204
============================================================
No improvement for 6 epochs

============================================================
Epoch 113/150
Learning Rate: 3.13e-05
============================================================

============================================================
Epoch 113 Summary:
  Train - Loss: 0.056916 | MSE: 0.056916 | RMSE: 0.238572 | MAE: 0.158333
  Val   - Loss: 0.057191 | MSE: 0.057191 | RMSE: 0.239146 | MAE: 0.150854
============================================================

✓ New best model saved! Val Loss: 0.057191

============================================================
Epoch 114/150
Learning Rate: 3.13e-05
============================================================

============================================================
Epoch 114 Summary:
  Train - Loss: 0.056881 | MSE: 0.056881 | RMSE: 0.238497 | MAE: 0.158357
  Val   - Loss: 0.057319 | MSE: 0.057319 | RMSE: 0.239413 | MAE: 0.150406
============================================================
No improvement for 1 epochs

============================================================
Epoch 115/150
Learning Rate: 3.13e-05
============================================================

============================================================
Epoch 115 Summary:
  Train - Loss: 0.056478 | MSE: 0.056478 | RMSE: 0.237650 | MAE: 0.158147
  Val   - Loss: 0.056807 | MSE: 0.056807 | RMSE: 0.238342 | MAE: 0.151161
============================================================

✓ New best model saved! Val Loss: 0.056807
Checkpoint saved: src/trained_weights/UMambaMag_v2_STEAD_20251112_202557/model_epoch_115.pt

============================================================
Epoch 116/150
Learning Rate: 3.13e-05
============================================================

============================================================
Epoch 116 Summary:
  Train - Loss: 0.056206 | MSE: 0.056206 | RMSE: 0.237079 | MAE: 0.157956
  Val   - Loss: 0.056734 | MSE: 0.056734 | RMSE: 0.238189 | MAE: 0.150933
============================================================

✓ New best model saved! Val Loss: 0.056734

============================================================
Epoch 117/150
Learning Rate: 3.13e-05
============================================================

============================================================
Epoch 117 Summary:
  Train - Loss: 0.056329 | MSE: 0.056329 | RMSE: 0.237336 | MAE: 0.158049
  Val   - Loss: 0.058715 | MSE: 0.058715 | RMSE: 0.242311 | MAE: 0.151794
============================================================
No improvement for 1 epochs

============================================================
Epoch 118/150
Learning Rate: 3.13e-05
============================================================

============================================================
Epoch 118 Summary:
  Train - Loss: 0.056259 | MSE: 0.056259 | RMSE: 0.237191 | MAE: 0.157975
  Val   - Loss: 0.057596 | MSE: 0.057596 | RMSE: 0.239991 | MAE: 0.150597
============================================================
No improvement for 2 epochs

============================================================
Epoch 119/150
Learning Rate: 3.13e-05
============================================================

============================================================
Epoch 119 Summary:
  Train - Loss: 0.056445 | MSE: 0.056445 | RMSE: 0.237581 | MAE: 0.158009
  Val   - Loss: 0.057469 | MSE: 0.057469 | RMSE: 0.239727 | MAE: 0.150585
============================================================
No improvement for 3 epochs

============================================================
Epoch 120/150
Learning Rate: 3.13e-05
============================================================

============================================================
Epoch 120 Summary:
  Train - Loss: 0.056515 | MSE: 0.056515 | RMSE: 0.237730 | MAE: 0.157968
  Val   - Loss: 0.057290 | MSE: 0.057290 | RMSE: 0.239353 | MAE: 0.150816
============================================================
No improvement for 4 epochs
Checkpoint saved: src/trained_weights/UMambaMag_v2_STEAD_20251112_202557/model_epoch_120.pt

============================================================
Epoch 121/150
Learning Rate: 3.13e-05
============================================================

============================================================
Epoch 121 Summary:
  Train - Loss: 0.056115 | MSE: 0.056115 | RMSE: 0.236887 | MAE: 0.157927
  Val   - Loss: 0.056836 | MSE: 0.056836 | RMSE: 0.238402 | MAE: 0.151036
============================================================
No improvement for 5 epochs

============================================================
Epoch 122/150
Learning Rate: 3.13e-05
============================================================

============================================================
Epoch 122 Summary:
  Train - Loss: 0.056121 | MSE: 0.056121 | RMSE: 0.236899 | MAE: 0.157883
  Val   - Loss: 0.056666 | MSE: 0.056666 | RMSE: 0.238047 | MAE: 0.150996
============================================================

✓ New best model saved! Val Loss: 0.056666

============================================================
Epoch 123/150
Learning Rate: 3.13e-05
============================================================

============================================================
Epoch 123 Summary:
  Train - Loss: 0.056093 | MSE: 0.056093 | RMSE: 0.236839 | MAE: 0.157862
  Val   - Loss: 0.058114 | MSE: 0.058114 | RMSE: 0.241068 | MAE: 0.150898
============================================================
No improvement for 1 epochs

============================================================
Epoch 124/150
Learning Rate: 3.13e-05
============================================================

============================================================
Epoch 124 Summary:
  Train - Loss: 0.056196 | MSE: 0.056196 | RMSE: 0.237057 | MAE: 0.157931
  Val   - Loss: 0.058396 | MSE: 0.058396 | RMSE: 0.241652 | MAE: 0.151173
============================================================
No improvement for 2 epochs

============================================================
Epoch 125/150
Learning Rate: 3.13e-05
============================================================

============================================================
Epoch 125 Summary:
  Train - Loss: 0.056064 | MSE: 0.056064 | RMSE: 0.236778 | MAE: 0.157927
  Val   - Loss: 0.059766 | MSE: 0.059766 | RMSE: 0.244470 | MAE: 0.151490
============================================================
No improvement for 3 epochs
Checkpoint saved: src/trained_weights/UMambaMag_v2_STEAD_20251112_202557/model_epoch_125.pt

============================================================
Epoch 126/150
Learning Rate: 3.13e-05
============================================================

============================================================
Epoch 126 Summary:
  Train - Loss: 0.056063 | MSE: 0.056063 | RMSE: 0.236776 | MAE: 0.157753
  Val   - Loss: 0.057298 | MSE: 0.057298 | RMSE: 0.239371 | MAE: 0.150110
============================================================
No improvement for 4 epochs

============================================================
Epoch 127/150
Learning Rate: 3.13e-05
============================================================

============================================================
Epoch 127 Summary:
  Train - Loss: 0.056464 | MSE: 0.056464 | RMSE: 0.237622 | MAE: 0.158016
  Val   - Loss: 0.057501 | MSE: 0.057501 | RMSE: 0.239794 | MAE: 0.151130
============================================================
No improvement for 5 epochs

============================================================
Epoch 128/150
Learning Rate: 3.13e-05
============================================================

============================================================
Epoch 128 Summary:
  Train - Loss: 0.055951 | MSE: 0.055951 | RMSE: 0.236539 | MAE: 0.157743
  Val   - Loss: 0.058655 | MSE: 0.058655 | RMSE: 0.242187 | MAE: 0.151048
============================================================
No improvement for 6 epochs

============================================================
Epoch 129/150
Learning Rate: 1.56e-05
============================================================

============================================================
Epoch 129 Summary:
  Train - Loss: 0.055826 | MSE: 0.055826 | RMSE: 0.236276 | MAE: 0.157518
  Val   - Loss: 0.059283 | MSE: 0.059283 | RMSE: 0.243481 | MAE: 0.152032
============================================================
No improvement for 7 epochs

============================================================
Epoch 130/150
Learning Rate: 1.56e-05
============================================================

============================================================
Epoch 130 Summary:
  Train - Loss: 0.055820 | MSE: 0.055820 | RMSE: 0.236262 | MAE: 0.157462
  Val   - Loss: 0.057842 | MSE: 0.057842 | RMSE: 0.240503 | MAE: 0.150841
============================================================
No improvement for 8 epochs
Checkpoint saved: src/trained_weights/UMambaMag_v2_STEAD_20251112_202557/model_epoch_130.pt

============================================================
Epoch 131/150
Learning Rate: 1.56e-05
============================================================

============================================================
Epoch 131 Summary:
  Train - Loss: 0.055707 | MSE: 0.055707 | RMSE: 0.236024 | MAE: 0.157499
  Val   - Loss: 0.057061 | MSE: 0.057061 | RMSE: 0.238874 | MAE: 0.150130
============================================================
No improvement for 9 epochs

============================================================
Epoch 132/150
Learning Rate: 1.56e-05
============================================================

============================================================
Epoch 132 Summary:
  Train - Loss: 0.056112 | MSE: 0.056112 | RMSE: 0.236879 | MAE: 0.157582
  Val   - Loss: 0.057842 | MSE: 0.057842 | RMSE: 0.240505 | MAE: 0.150716
============================================================
No improvement for 10 epochs

============================================================
Epoch 133/150
Learning Rate: 1.56e-05
============================================================

============================================================
Epoch 133 Summary:
  Train - Loss: 0.055896 | MSE: 0.055896 | RMSE: 0.236423 | MAE: 0.157427
  Val   - Loss: 0.057661 | MSE: 0.057661 | RMSE: 0.240126 | MAE: 0.151313
============================================================
No improvement for 11 epochs

============================================================
Epoch 134/150
Learning Rate: 1.56e-05
============================================================

============================================================
Epoch 134 Summary:
  Train - Loss: 0.055881 | MSE: 0.055881 | RMSE: 0.236393 | MAE: 0.157336
  Val   - Loss: 0.057719 | MSE: 0.057719 | RMSE: 0.240248 | MAE: 0.150850
============================================================
No improvement for 12 epochs

============================================================
Epoch 135/150
Learning Rate: 7.81e-06
============================================================

============================================================
Epoch 135 Summary:
  Train - Loss: 0.055771 | MSE: 0.055771 | RMSE: 0.236158 | MAE: 0.157410
  Val   - Loss: 0.058076 | MSE: 0.058076 | RMSE: 0.240990 | MAE: 0.150259
============================================================
No improvement for 13 epochs
Checkpoint saved: src/trained_weights/UMambaMag_v2_STEAD_20251112_202557/model_epoch_135.pt

============================================================
Epoch 136/150
Learning Rate: 7.81e-06
============================================================

============================================================
Epoch 136 Summary:
  Train - Loss: 0.055701 | MSE: 0.055701 | RMSE: 0.236010 | MAE: 0.157195
  Val   - Loss: 0.057116 | MSE: 0.057116 | RMSE: 0.238990 | MAE: 0.150502
============================================================
No improvement for 14 epochs

============================================================
Epoch 137/150
Learning Rate: 7.81e-06
============================================================

============================================================
Epoch 137 Summary:
  Train - Loss: 0.055877 | MSE: 0.055877 | RMSE: 0.236384 | MAE: 0.157317
  Val   - Loss: 0.057670 | MSE: 0.057670 | RMSE: 0.240146 | MAE: 0.150979
============================================================
No improvement for 15 epochs

Early stopping triggered after 15 epochs without improvement
Best validation loss: 0.056666

Final model saved: src/trained_weights/UMambaMag_v2_STEAD_20251112_202557/model_final.pt
Training history saved: src/trained_weights/UMambaMag_v2_STEAD_20251112_202557/training_history_20251112_202557.pt

============================================================
TRAINING COMPLETED
============================================================
Best validation loss: 0.056666
Best validation RMSE: 0.238047
Final train loss: 0.055877
Final val loss: 0.057670
Total Training Time: 32:15:11
============================================================
==================================================

