2025-11-14 04:41:20,004 | seisbench | WARNING | Setting remote root to: https://seisbench.gfz.de/mirror/
Please note that this can affect your download speed.
2025-11-14 04:41:30,803 | seisbench | WARNING | Output component order not specified, defaulting to 'ZNE'.
2025-11-14 04:41:37,041 | seisbench | WARNING | Skipping preload, as cache is disabled.
2025-11-14 04:41:42,545 | seisbench | WARNING | Skipping preload, as cache is disabled.
/home/quenton.yeo/code/.venv/lib/python3.11/site-packages/torch/optim/lr_scheduler.py:60: UserWarning: The verbose parameter is deprecated. Please use get_last_lr() to access the learning rate.
  warnings.warn(

==================================================
LOADING DATA
==================================================
STEAD dataset loaded: 1265657 samples

Training umamba_mag_v2 on STEAD for 150 epochs...
Model moved to cuda:0
Training UMamba V2 Magnitude Estimator model (encoder-only with pooling)

============================================================
TRAINING UMAMBAMAG V2 (ENCODER-ONLY WITH POOLING)
============================================================
Model: UMambaMag_v2_STEAD
Dataset: STEAD
Batch size: 32
Learning rate: 0.001
Epochs: 150
Warmup epochs: 5
============================================================
Model is on device: cuda:0
Total parameters: 191,313
Trainable parameters: 191,313

Loading data...
Train batches: 33619
Dev batches: 1978

Saving models to: src/trained_weights/UMambaMag_v2_STEAD_20251114_044142


============================================================
Epoch 1/150
Learning Rate: 2.00e-04
============================================================

============================================================
Epoch 1 Summary:
  Train - Loss: 0.259651 | MSE: 0.259651 | RMSE: 0.509559 | MAE: 0.352818
  Val   - Loss: 0.166415 | MSE: 0.166415 | RMSE: 0.407940 | MAE: 0.281570
============================================================

✓ New best model saved! Val Loss: 0.166415

============================================================
Epoch 2/150
Learning Rate: 4.00e-04
============================================================

============================================================
Epoch 2 Summary:
  Train - Loss: 0.179421 | MSE: 0.179421 | RMSE: 0.423582 | MAE: 0.298907
  Val   - Loss: 0.134014 | MSE: 0.134014 | RMSE: 0.366079 | MAE: 0.244156
============================================================

✓ New best model saved! Val Loss: 0.134014

============================================================
Epoch 3/150
Learning Rate: 6.00e-04
============================================================

============================================================
Epoch 3 Summary:
  Train - Loss: 0.158497 | MSE: 0.158497 | RMSE: 0.398117 | MAE: 0.281292
  Val   - Loss: 0.124799 | MSE: 0.124799 | RMSE: 0.353269 | MAE: 0.242971
============================================================

✓ New best model saved! Val Loss: 0.124799

============================================================
Epoch 4/150
Learning Rate: 8.00e-04
============================================================

============================================================
Epoch 4 Summary:
  Train - Loss: 0.147190 | MSE: 0.147190 | RMSE: 0.383654 | MAE: 0.271034
  Val   - Loss: 0.115598 | MSE: 0.115598 | RMSE: 0.339998 | MAE: 0.222902
============================================================

✓ New best model saved! Val Loss: 0.115598

============================================================
Epoch 5/150
Learning Rate: 1.00e-03
============================================================

============================================================
Epoch 5 Summary:
  Train - Loss: 0.140641 | MSE: 0.140641 | RMSE: 0.375021 | MAE: 0.265140
  Val   - Loss: 0.110256 | MSE: 0.110256 | RMSE: 0.332048 | MAE: 0.223164
============================================================

✓ New best model saved! Val Loss: 0.110256
Checkpoint saved: src/trained_weights/UMambaMag_v2_STEAD_20251114_044142/model_epoch_5.pt

============================================================
Epoch 6/150
Learning Rate: 1.00e-03
============================================================

============================================================
Epoch 6 Summary:
  Train - Loss: 0.132473 | MSE: 0.132473 | RMSE: 0.363969 | MAE: 0.257024
  Val   - Loss: 0.108620 | MSE: 0.108620 | RMSE: 0.329575 | MAE: 0.223146
============================================================

✓ New best model saved! Val Loss: 0.108620

============================================================
Epoch 7/150
Learning Rate: 1.00e-03
============================================================

============================================================
Epoch 7 Summary:
  Train - Loss: 0.126713 | MSE: 0.126713 | RMSE: 0.355967 | MAE: 0.251392
  Val   - Loss: 0.103599 | MSE: 0.103599 | RMSE: 0.321868 | MAE: 0.214448
============================================================

✓ New best model saved! Val Loss: 0.103599

============================================================
Epoch 8/150
Learning Rate: 1.00e-03
============================================================

============================================================
Epoch 8 Summary:
  Train - Loss: 0.122253 | MSE: 0.122253 | RMSE: 0.349647 | MAE: 0.246881
  Val   - Loss: 0.096330 | MSE: 0.096330 | RMSE: 0.310370 | MAE: 0.202968
============================================================

✓ New best model saved! Val Loss: 0.096330

============================================================
Epoch 9/150
Learning Rate: 1.00e-03
============================================================

============================================================
Epoch 9 Summary:
  Train - Loss: 0.119226 | MSE: 0.119226 | RMSE: 0.345291 | MAE: 0.243468
  Val   - Loss: 0.094402 | MSE: 0.094402 | RMSE: 0.307249 | MAE: 0.200061
============================================================

✓ New best model saved! Val Loss: 0.094402

============================================================
Epoch 10/150
Learning Rate: 1.00e-03
============================================================

============================================================
Epoch 10 Summary:
  Train - Loss: 0.116965 | MSE: 0.116965 | RMSE: 0.342002 | MAE: 0.240946
  Val   - Loss: 0.097287 | MSE: 0.097287 | RMSE: 0.311909 | MAE: 0.209555
============================================================
No improvement for 1 epochs
Checkpoint saved: src/trained_weights/UMambaMag_v2_STEAD_20251114_044142/model_epoch_10.pt

============================================================
Epoch 11/150
Learning Rate: 1.00e-03
============================================================

============================================================
Epoch 11 Summary:
  Train - Loss: 0.114959 | MSE: 0.114959 | RMSE: 0.339056 | MAE: 0.239141
  Val   - Loss: 0.095534 | MSE: 0.095534 | RMSE: 0.309085 | MAE: 0.206697
============================================================
No improvement for 2 epochs

============================================================
Epoch 12/150
Learning Rate: 1.00e-03
============================================================

============================================================
Epoch 12 Summary:
  Train - Loss: 0.113322 | MSE: 0.113322 | RMSE: 0.336633 | MAE: 0.237231
  Val   - Loss: 0.090208 | MSE: 0.090208 | RMSE: 0.300346 | MAE: 0.193867
============================================================

✓ New best model saved! Val Loss: 0.090208

============================================================
Epoch 13/150
Learning Rate: 1.00e-03
============================================================

============================================================
Epoch 13 Summary:
  Train - Loss: 0.111661 | MSE: 0.111661 | RMSE: 0.334157 | MAE: 0.235580
  Val   - Loss: 0.088156 | MSE: 0.088156 | RMSE: 0.296910 | MAE: 0.192068
============================================================

✓ New best model saved! Val Loss: 0.088156

============================================================
Epoch 14/150
Learning Rate: 1.00e-03
============================================================

============================================================
Epoch 14 Summary:
  Train - Loss: 0.110136 | MSE: 0.110136 | RMSE: 0.331867 | MAE: 0.233791
  Val   - Loss: 0.087148 | MSE: 0.087148 | RMSE: 0.295208 | MAE: 0.195050
============================================================

✓ New best model saved! Val Loss: 0.087148

============================================================
Epoch 15/150
Learning Rate: 1.00e-03
============================================================

============================================================
Epoch 15 Summary:
  Train - Loss: 0.110087 | MSE: 0.110087 | RMSE: 0.331794 | MAE: 0.233342
  Val   - Loss: 0.088328 | MSE: 0.088328 | RMSE: 0.297201 | MAE: 0.194571
============================================================
No improvement for 1 epochs
Checkpoint saved: src/trained_weights/UMambaMag_v2_STEAD_20251114_044142/model_epoch_15.pt

============================================================
Epoch 16/150
Learning Rate: 1.00e-03
============================================================

============================================================
Epoch 16 Summary:
  Train - Loss: 0.108188 | MSE: 0.108188 | RMSE: 0.328919 | MAE: 0.231644
  Val   - Loss: 0.094854 | MSE: 0.094854 | RMSE: 0.307984 | MAE: 0.203445
============================================================
No improvement for 2 epochs

============================================================
Epoch 17/150
Learning Rate: 1.00e-03
============================================================

============================================================
Epoch 17 Summary:
  Train - Loss: 0.107615 | MSE: 0.107615 | RMSE: 0.328047 | MAE: 0.230840
  Val   - Loss: 0.084913 | MSE: 0.084913 | RMSE: 0.291399 | MAE: 0.193184
============================================================

✓ New best model saved! Val Loss: 0.084913

============================================================
Epoch 18/150
Learning Rate: 1.00e-03
============================================================

============================================================
Epoch 18 Summary:
  Train - Loss: 0.106331 | MSE: 0.106331 | RMSE: 0.326085 | MAE: 0.229683
  Val   - Loss: 0.092992 | MSE: 0.092992 | RMSE: 0.304946 | MAE: 0.207921
============================================================
No improvement for 1 epochs

============================================================
Epoch 19/150
Learning Rate: 1.00e-03
============================================================

============================================================
Epoch 19 Summary:
  Train - Loss: 0.105742 | MSE: 0.105742 | RMSE: 0.325180 | MAE: 0.229045
  Val   - Loss: 0.089540 | MSE: 0.089540 | RMSE: 0.299232 | MAE: 0.205207
============================================================
No improvement for 2 epochs

============================================================
Epoch 20/150
Learning Rate: 1.00e-03
============================================================

============================================================
Epoch 20 Summary:
  Train - Loss: 0.105333 | MSE: 0.105333 | RMSE: 0.324550 | MAE: 0.228279
  Val   - Loss: 0.085631 | MSE: 0.085631 | RMSE: 0.292628 | MAE: 0.190996
============================================================
No improvement for 3 epochs
Checkpoint saved: src/trained_weights/UMambaMag_v2_STEAD_20251114_044142/model_epoch_20.pt

============================================================
Epoch 21/150
Learning Rate: 1.00e-03
============================================================

============================================================
Epoch 21 Summary:
  Train - Loss: 0.104371 | MSE: 0.104371 | RMSE: 0.323065 | MAE: 0.227447
  Val   - Loss: 0.085635 | MSE: 0.085635 | RMSE: 0.292635 | MAE: 0.200025
============================================================
No improvement for 4 epochs

============================================================
Epoch 22/150
Learning Rate: 1.00e-03
============================================================

============================================================
Epoch 22 Summary:
  Train - Loss: 0.103811 | MSE: 0.103811 | RMSE: 0.322197 | MAE: 0.226740
  Val   - Loss: 0.082503 | MSE: 0.082503 | RMSE: 0.287233 | MAE: 0.184100
============================================================

✓ New best model saved! Val Loss: 0.082503

============================================================
Epoch 23/150
Learning Rate: 1.00e-03
============================================================

============================================================
Epoch 23 Summary:
  Train - Loss: 0.103307 | MSE: 0.103307 | RMSE: 0.321414 | MAE: 0.226031
  Val   - Loss: 0.082466 | MSE: 0.082466 | RMSE: 0.287170 | MAE: 0.187534
============================================================

✓ New best model saved! Val Loss: 0.082466

============================================================
Epoch 24/150
Learning Rate: 1.00e-03
============================================================

============================================================
Epoch 24 Summary:
  Train - Loss: 0.102478 | MSE: 0.102478 | RMSE: 0.320121 | MAE: 0.225500
  Val   - Loss: 0.082928 | MSE: 0.082928 | RMSE: 0.287972 | MAE: 0.188049
============================================================
No improvement for 1 epochs

============================================================
Epoch 25/150
Learning Rate: 1.00e-03
============================================================

============================================================
Epoch 25 Summary:
  Train - Loss: 0.101582 | MSE: 0.101582 | RMSE: 0.318720 | MAE: 0.224395
  Val   - Loss: 0.084836 | MSE: 0.084836 | RMSE: 0.291266 | MAE: 0.194427
============================================================
No improvement for 2 epochs
Checkpoint saved: src/trained_weights/UMambaMag_v2_STEAD_20251114_044142/model_epoch_25.pt

============================================================
Epoch 26/150
Learning Rate: 1.00e-03
============================================================

============================================================
Epoch 26 Summary:
  Train - Loss: 0.101715 | MSE: 0.101715 | RMSE: 0.318927 | MAE: 0.224480
  Val   - Loss: 0.083765 | MSE: 0.083765 | RMSE: 0.289423 | MAE: 0.187236
============================================================
No improvement for 3 epochs

============================================================
Epoch 27/150
Learning Rate: 1.00e-03
============================================================

============================================================
Epoch 27 Summary:
  Train - Loss: 0.100997 | MSE: 0.100997 | RMSE: 0.317801 | MAE: 0.223375
  Val   - Loss: 0.080826 | MSE: 0.080826 | RMSE: 0.284298 | MAE: 0.187967
============================================================

✓ New best model saved! Val Loss: 0.080826

============================================================
Epoch 28/150
Learning Rate: 1.00e-03
============================================================

============================================================
Epoch 28 Summary:
  Train - Loss: 0.100525 | MSE: 0.100525 | RMSE: 0.317057 | MAE: 0.223135
  Val   - Loss: 0.084028 | MSE: 0.084028 | RMSE: 0.289875 | MAE: 0.190678
============================================================
No improvement for 1 epochs

============================================================
Epoch 29/150
Learning Rate: 1.00e-03
============================================================

============================================================
Epoch 29 Summary:
  Train - Loss: 0.100548 | MSE: 0.100548 | RMSE: 0.317093 | MAE: 0.222725
  Val   - Loss: 0.083030 | MSE: 0.083030 | RMSE: 0.288150 | MAE: 0.193444
============================================================
No improvement for 2 epochs

============================================================
Epoch 30/150
Learning Rate: 1.00e-03
============================================================

============================================================
Epoch 30 Summary:
  Train - Loss: 0.099958 | MSE: 0.099958 | RMSE: 0.316162 | MAE: 0.222113
  Val   - Loss: 0.082966 | MSE: 0.082966 | RMSE: 0.288038 | MAE: 0.197403
============================================================
No improvement for 3 epochs
Checkpoint saved: src/trained_weights/UMambaMag_v2_STEAD_20251114_044142/model_epoch_30.pt

============================================================
Epoch 31/150
Learning Rate: 1.00e-03
============================================================

============================================================
Epoch 31 Summary:
  Train - Loss: 0.099210 | MSE: 0.099210 | RMSE: 0.314975 | MAE: 0.221567
  Val   - Loss: 0.077818 | MSE: 0.077818 | RMSE: 0.278959 | MAE: 0.181922
============================================================

✓ New best model saved! Val Loss: 0.077818

============================================================
Epoch 32/150
Learning Rate: 1.00e-03
============================================================

============================================================
Epoch 32 Summary:
  Train - Loss: 0.099432 | MSE: 0.099432 | RMSE: 0.315328 | MAE: 0.221673
  Val   - Loss: 0.080731 | MSE: 0.080731 | RMSE: 0.284131 | MAE: 0.189404
============================================================
No improvement for 1 epochs

============================================================
Epoch 33/150
Learning Rate: 1.00e-03
============================================================

============================================================
Epoch 33 Summary:
  Train - Loss: 0.098709 | MSE: 0.098709 | RMSE: 0.314181 | MAE: 0.220967
  Val   - Loss: 0.081251 | MSE: 0.081251 | RMSE: 0.285046 | MAE: 0.187625
============================================================
No improvement for 2 epochs

============================================================
Epoch 34/150
Learning Rate: 1.00e-03
============================================================

============================================================
Epoch 34 Summary:
  Train - Loss: 0.098214 | MSE: 0.098214 | RMSE: 0.313391 | MAE: 0.220523
  Val   - Loss: 0.079096 | MSE: 0.079096 | RMSE: 0.281240 | MAE: 0.183252
============================================================
No improvement for 3 epochs

============================================================
Epoch 35/150
Learning Rate: 1.00e-03
============================================================

============================================================
Epoch 35 Summary:
  Train - Loss: 0.098300 | MSE: 0.098300 | RMSE: 0.313528 | MAE: 0.220375
  Val   - Loss: 0.081570 | MSE: 0.081570 | RMSE: 0.285605 | MAE: 0.184404
============================================================
No improvement for 4 epochs
Checkpoint saved: src/trained_weights/UMambaMag_v2_STEAD_20251114_044142/model_epoch_35.pt

============================================================
Epoch 36/150
Learning Rate: 1.00e-03
============================================================

============================================================
Epoch 36 Summary:
  Train - Loss: 0.097498 | MSE: 0.097498 | RMSE: 0.312247 | MAE: 0.219782
  Val   - Loss: 0.077390 | MSE: 0.077390 | RMSE: 0.278190 | MAE: 0.181878
============================================================

✓ New best model saved! Val Loss: 0.077390

============================================================
Epoch 37/150
Learning Rate: 1.00e-03
============================================================

============================================================
Epoch 37 Summary:
  Train - Loss: 0.097578 | MSE: 0.097578 | RMSE: 0.312375 | MAE: 0.219629
  Val   - Loss: 0.079324 | MSE: 0.079324 | RMSE: 0.281646 | MAE: 0.184220
============================================================
No improvement for 1 epochs

============================================================
Epoch 38/150
Learning Rate: 1.00e-03
============================================================

============================================================
Epoch 38 Summary:
  Train - Loss: 0.097207 | MSE: 0.097207 | RMSE: 0.311780 | MAE: 0.219312
  Val   - Loss: 0.080063 | MSE: 0.080063 | RMSE: 0.282954 | MAE: 0.181243
============================================================
No improvement for 2 epochs

============================================================
Epoch 39/150
Learning Rate: 1.00e-03
============================================================

============================================================
Epoch 39 Summary:
  Train - Loss: 0.097014 | MSE: 0.097014 | RMSE: 0.311471 | MAE: 0.218606
  Val   - Loss: 0.076925 | MSE: 0.076925 | RMSE: 0.277354 | MAE: 0.182431
============================================================

✓ New best model saved! Val Loss: 0.076925

============================================================
Epoch 40/150
Learning Rate: 1.00e-03
============================================================

============================================================
Epoch 40 Summary:
  Train - Loss: 0.096264 | MSE: 0.096264 | RMSE: 0.310265 | MAE: 0.218346
  Val   - Loss: 0.075749 | MSE: 0.075749 | RMSE: 0.275225 | MAE: 0.180905
============================================================

✓ New best model saved! Val Loss: 0.075749
Checkpoint saved: src/trained_weights/UMambaMag_v2_STEAD_20251114_044142/model_epoch_40.pt

============================================================
Epoch 41/150
Learning Rate: 1.00e-03
============================================================

============================================================
Epoch 41 Summary:
  Train - Loss: 0.096510 | MSE: 0.096510 | RMSE: 0.310660 | MAE: 0.218491
  Val   - Loss: 0.078970 | MSE: 0.078970 | RMSE: 0.281017 | MAE: 0.187270
============================================================
No improvement for 1 epochs

============================================================
Epoch 42/150
Learning Rate: 1.00e-03
============================================================

============================================================
Epoch 42 Summary:
  Train - Loss: 0.096289 | MSE: 0.096289 | RMSE: 0.310305 | MAE: 0.218066
  Val   - Loss: 0.080468 | MSE: 0.080468 | RMSE: 0.283669 | MAE: 0.190196
============================================================
No improvement for 2 epochs

============================================================
Epoch 43/150
Learning Rate: 1.00e-03
============================================================

============================================================
Epoch 43 Summary:
  Train - Loss: 0.096050 | MSE: 0.096050 | RMSE: 0.309920 | MAE: 0.217653
  Val   - Loss: 0.078490 | MSE: 0.078490 | RMSE: 0.280160 | MAE: 0.187231
============================================================
No improvement for 3 epochs

============================================================
Epoch 44/150
Learning Rate: 1.00e-03
============================================================

============================================================
Epoch 44 Summary:
  Train - Loss: 0.095401 | MSE: 0.095401 | RMSE: 0.308871 | MAE: 0.217157
  Val   - Loss: 0.082816 | MSE: 0.082816 | RMSE: 0.287777 | MAE: 0.187019
============================================================
No improvement for 4 epochs

============================================================
Epoch 45/150
Learning Rate: 1.00e-03
============================================================

============================================================
Epoch 45 Summary:
  Train - Loss: 0.095022 | MSE: 0.095022 | RMSE: 0.308257 | MAE: 0.217040
  Val   - Loss: 0.079108 | MSE: 0.079108 | RMSE: 0.281262 | MAE: 0.185504
============================================================
No improvement for 5 epochs
Checkpoint saved: src/trained_weights/UMambaMag_v2_STEAD_20251114_044142/model_epoch_45.pt

============================================================
Epoch 46/150
Learning Rate: 1.00e-03
============================================================

============================================================
Epoch 46 Summary:
  Train - Loss: 0.095327 | MSE: 0.095327 | RMSE: 0.308750 | MAE: 0.216976
  Val   - Loss: 0.078933 | MSE: 0.078933 | RMSE: 0.280951 | MAE: 0.182770
============================================================
No improvement for 6 epochs

============================================================
Epoch 47/150
Learning Rate: 5.00e-04
============================================================

============================================================
Epoch 47 Summary:
  Train - Loss: 0.088882 | MSE: 0.088882 | RMSE: 0.298130 | MAE: 0.208605
  Val   - Loss: 0.071849 | MSE: 0.071849 | RMSE: 0.268046 | MAE: 0.174910
============================================================

✓ New best model saved! Val Loss: 0.071849

============================================================
Epoch 48/150
Learning Rate: 5.00e-04
============================================================

============================================================
Epoch 48 Summary:
  Train - Loss: 0.087282 | MSE: 0.087282 | RMSE: 0.295435 | MAE: 0.207138
  Val   - Loss: 0.070223 | MSE: 0.070223 | RMSE: 0.264996 | MAE: 0.169079
============================================================

✓ New best model saved! Val Loss: 0.070223

============================================================
Epoch 49/150
Learning Rate: 5.00e-04
============================================================

============================================================
Epoch 49 Summary:
  Train - Loss: 0.086862 | MSE: 0.086862 | RMSE: 0.294724 | MAE: 0.206764
  Val   - Loss: 0.071830 | MSE: 0.071830 | RMSE: 0.268011 | MAE: 0.174911
============================================================
No improvement for 1 epochs

============================================================
Epoch 50/150
Learning Rate: 5.00e-04
============================================================

============================================================
Epoch 50 Summary:
  Train - Loss: 0.087248 | MSE: 0.087248 | RMSE: 0.295378 | MAE: 0.206859
  Val   - Loss: 0.072692 | MSE: 0.072692 | RMSE: 0.269615 | MAE: 0.178765
============================================================
No improvement for 2 epochs
Checkpoint saved: src/trained_weights/UMambaMag_v2_STEAD_20251114_044142/model_epoch_50.pt

============================================================
Epoch 51/150
Learning Rate: 5.00e-04
============================================================

============================================================
Epoch 51 Summary:
  Train - Loss: 0.087017 | MSE: 0.087017 | RMSE: 0.294986 | MAE: 0.206358
  Val   - Loss: 0.071982 | MSE: 0.071982 | RMSE: 0.268295 | MAE: 0.177204
============================================================
No improvement for 3 epochs

============================================================
Epoch 52/150
Learning Rate: 5.00e-04
============================================================

============================================================
Epoch 52 Summary:
  Train - Loss: 0.086444 | MSE: 0.086444 | RMSE: 0.294014 | MAE: 0.206032
  Val   - Loss: 0.071319 | MSE: 0.071319 | RMSE: 0.267057 | MAE: 0.171057
============================================================
No improvement for 4 epochs

============================================================
Epoch 53/150
Learning Rate: 5.00e-04
============================================================

============================================================
Epoch 53 Summary:
  Train - Loss: 0.086084 | MSE: 0.086084 | RMSE: 0.293400 | MAE: 0.205854
  Val   - Loss: 0.072318 | MSE: 0.072318 | RMSE: 0.268920 | MAE: 0.173563
============================================================
No improvement for 5 epochs

============================================================
Epoch 54/150
Learning Rate: 5.00e-04
============================================================

============================================================
Epoch 54 Summary:
  Train - Loss: 0.086131 | MSE: 0.086131 | RMSE: 0.293481 | MAE: 0.205672
  Val   - Loss: 0.071042 | MSE: 0.071042 | RMSE: 0.266537 | MAE: 0.175503
============================================================
No improvement for 6 epochs

============================================================
Epoch 55/150
Learning Rate: 2.50e-04
============================================================

============================================================
Epoch 55 Summary:
  Train - Loss: 0.082663 | MSE: 0.082663 | RMSE: 0.287513 | MAE: 0.201416
  Val   - Loss: 0.066123 | MSE: 0.066123 | RMSE: 0.257145 | MAE: 0.167605
============================================================

✓ New best model saved! Val Loss: 0.066123
Checkpoint saved: src/trained_weights/UMambaMag_v2_STEAD_20251114_044142/model_epoch_55.pt

============================================================
Epoch 56/150
Learning Rate: 2.50e-04
============================================================

============================================================
Epoch 56 Summary:
  Train - Loss: 0.081967 | MSE: 0.081967 | RMSE: 0.286298 | MAE: 0.200382
  Val   - Loss: 0.066736 | MSE: 0.066736 | RMSE: 0.258332 | MAE: 0.167773
============================================================
No improvement for 1 epochs

============================================================
Epoch 57/150
Learning Rate: 2.50e-04
============================================================

============================================================
Epoch 57 Summary:
  Train - Loss: 0.082392 | MSE: 0.082392 | RMSE: 0.287040 | MAE: 0.200731
  Val   - Loss: 0.068122 | MSE: 0.068122 | RMSE: 0.261002 | MAE: 0.169383
============================================================
No improvement for 2 epochs

============================================================
Epoch 58/150
Learning Rate: 2.50e-04
============================================================

============================================================
Epoch 58 Summary:
  Train - Loss: 0.082012 | MSE: 0.082012 | RMSE: 0.286378 | MAE: 0.200272
  Val   - Loss: 0.067145 | MSE: 0.067145 | RMSE: 0.259124 | MAE: 0.167157
============================================================
No improvement for 3 epochs

============================================================
Epoch 59/150
Learning Rate: 2.50e-04
============================================================

============================================================
Epoch 59 Summary:
  Train - Loss: 0.081821 | MSE: 0.081821 | RMSE: 0.286043 | MAE: 0.200238
  Val   - Loss: 0.065054 | MSE: 0.065054 | RMSE: 0.255057 | MAE: 0.164954
============================================================

✓ New best model saved! Val Loss: 0.065054

============================================================
Epoch 60/150
Learning Rate: 2.50e-04
============================================================

============================================================
Epoch 60 Summary:
  Train - Loss: 0.081508 | MSE: 0.081508 | RMSE: 0.285496 | MAE: 0.199778
  Val   - Loss: 0.066735 | MSE: 0.066735 | RMSE: 0.258330 | MAE: 0.166331
============================================================
No improvement for 1 epochs
Checkpoint saved: src/trained_weights/UMambaMag_v2_STEAD_20251114_044142/model_epoch_60.pt

============================================================
Epoch 61/150
Learning Rate: 2.50e-04
============================================================

============================================================
Epoch 61 Summary:
  Train - Loss: 0.081509 | MSE: 0.081509 | RMSE: 0.285499 | MAE: 0.199762
  Val   - Loss: 0.068372 | MSE: 0.068372 | RMSE: 0.261480 | MAE: 0.171198
============================================================
No improvement for 2 epochs

============================================================
Epoch 62/150
Learning Rate: 2.50e-04
============================================================

============================================================
Epoch 62 Summary:
  Train - Loss: 0.081674 | MSE: 0.081674 | RMSE: 0.285787 | MAE: 0.199829
  Val   - Loss: 0.068253 | MSE: 0.068253 | RMSE: 0.261253 | MAE: 0.169087
============================================================
No improvement for 3 epochs

============================================================
Epoch 63/150
Learning Rate: 2.50e-04
============================================================

============================================================
Epoch 63 Summary:
  Train - Loss: 0.081309 | MSE: 0.081309 | RMSE: 0.285147 | MAE: 0.199581
  Val   - Loss: 0.066917 | MSE: 0.066917 | RMSE: 0.258684 | MAE: 0.165867
============================================================
No improvement for 4 epochs

============================================================
Epoch 64/150
Learning Rate: 2.50e-04
============================================================

============================================================
Epoch 64 Summary:
  Train - Loss: 0.081268 | MSE: 0.081268 | RMSE: 0.285076 | MAE: 0.199629
  Val   - Loss: 0.068035 | MSE: 0.068035 | RMSE: 0.260835 | MAE: 0.173032
============================================================
No improvement for 5 epochs

============================================================
Epoch 65/150
Learning Rate: 2.50e-04
============================================================

============================================================
Epoch 65 Summary:
  Train - Loss: 0.081375 | MSE: 0.081375 | RMSE: 0.285262 | MAE: 0.199598
  Val   - Loss: 0.066143 | MSE: 0.066143 | RMSE: 0.257183 | MAE: 0.162738
============================================================
No improvement for 6 epochs
Checkpoint saved: src/trained_weights/UMambaMag_v2_STEAD_20251114_044142/model_epoch_65.pt

============================================================
Epoch 66/150
Learning Rate: 1.25e-04
============================================================

============================================================
Epoch 66 Summary:
  Train - Loss: 0.079368 | MSE: 0.079368 | RMSE: 0.281724 | MAE: 0.196973
  Val   - Loss: 0.066378 | MSE: 0.066378 | RMSE: 0.257640 | MAE: 0.167302
============================================================
No improvement for 7 epochs

============================================================
Epoch 67/150
Learning Rate: 1.25e-04
============================================================

============================================================
Epoch 67 Summary:
  Train - Loss: 0.078993 | MSE: 0.078993 | RMSE: 0.281057 | MAE: 0.196701
  Val   - Loss: 0.066618 | MSE: 0.066618 | RMSE: 0.258105 | MAE: 0.164590
============================================================
No improvement for 8 epochs

============================================================
Epoch 68/150
Learning Rate: 1.25e-04
============================================================

============================================================
Epoch 68 Summary:
  Train - Loss: 0.079221 | MSE: 0.079221 | RMSE: 0.281463 | MAE: 0.196710
  Val   - Loss: 0.064544 | MSE: 0.064544 | RMSE: 0.254055 | MAE: 0.162246
============================================================

✓ New best model saved! Val Loss: 0.064544

============================================================
Epoch 69/150
Learning Rate: 1.25e-04
============================================================

============================================================
Epoch 69 Summary:
  Train - Loss: 0.078964 | MSE: 0.078964 | RMSE: 0.281005 | MAE: 0.196518
  Val   - Loss: 0.065352 | MSE: 0.065352 | RMSE: 0.255640 | MAE: 0.165650
============================================================
No improvement for 1 epochs

============================================================
Epoch 70/150
Learning Rate: 1.25e-04
============================================================

============================================================
Epoch 70 Summary:
  Train - Loss: 0.078712 | MSE: 0.078712 | RMSE: 0.280556 | MAE: 0.196305
  Val   - Loss: 0.066217 | MSE: 0.066217 | RMSE: 0.257326 | MAE: 0.169385
============================================================
No improvement for 2 epochs
Checkpoint saved: src/trained_weights/UMambaMag_v2_STEAD_20251114_044142/model_epoch_70.pt

============================================================
Epoch 71/150
Learning Rate: 1.25e-04
============================================================

============================================================
Epoch 71 Summary:
  Train - Loss: 0.078937 | MSE: 0.078937 | RMSE: 0.280957 | MAE: 0.196390
  Val   - Loss: 0.066381 | MSE: 0.066381 | RMSE: 0.257644 | MAE: 0.165847
============================================================
No improvement for 3 epochs

============================================================
Epoch 72/150
Learning Rate: 1.25e-04
============================================================

============================================================
Epoch 72 Summary:
  Train - Loss: 0.078682 | MSE: 0.078682 | RMSE: 0.280503 | MAE: 0.196196
  Val   - Loss: 0.067255 | MSE: 0.067255 | RMSE: 0.259336 | MAE: 0.168255
============================================================
No improvement for 4 epochs

============================================================
Epoch 73/150
Learning Rate: 1.25e-04
============================================================

============================================================
Epoch 73 Summary:
  Train - Loss: 0.078780 | MSE: 0.078780 | RMSE: 0.280677 | MAE: 0.196363
  Val   - Loss: 0.066078 | MSE: 0.066078 | RMSE: 0.257056 | MAE: 0.164445
============================================================
No improvement for 5 epochs

============================================================
Epoch 74/150
Learning Rate: 1.25e-04
============================================================

============================================================
Epoch 74 Summary:
  Train - Loss: 0.078338 | MSE: 0.078338 | RMSE: 0.279889 | MAE: 0.195857
  Val   - Loss: 0.065313 | MSE: 0.065313 | RMSE: 0.255564 | MAE: 0.165106
============================================================
No improvement for 6 epochs

============================================================
Epoch 75/150
Learning Rate: 6.25e-05
============================================================

============================================================
Epoch 75 Summary:
  Train - Loss: 0.077587 | MSE: 0.077587 | RMSE: 0.278544 | MAE: 0.194879
  Val   - Loss: 0.064159 | MSE: 0.064159 | RMSE: 0.253296 | MAE: 0.165262
============================================================

✓ New best model saved! Val Loss: 0.064159
Checkpoint saved: src/trained_weights/UMambaMag_v2_STEAD_20251114_044142/model_epoch_75.pt

============================================================
Epoch 76/150
Learning Rate: 6.25e-05
============================================================

============================================================
Epoch 76 Summary:
  Train - Loss: 0.077611 | MSE: 0.077611 | RMSE: 0.278587 | MAE: 0.194644
  Val   - Loss: 0.063588 | MSE: 0.063588 | RMSE: 0.252167 | MAE: 0.160454
============================================================

✓ New best model saved! Val Loss: 0.063588

============================================================
Epoch 77/150
Learning Rate: 6.25e-05
============================================================

============================================================
Epoch 77 Summary:
  Train - Loss: 0.077470 | MSE: 0.077470 | RMSE: 0.278335 | MAE: 0.194590
  Val   - Loss: 0.064165 | MSE: 0.064165 | RMSE: 0.253309 | MAE: 0.165176
============================================================
No improvement for 1 epochs

============================================================
Epoch 78/150
Learning Rate: 6.25e-05
============================================================

============================================================
Epoch 78 Summary:
  Train - Loss: 0.077665 | MSE: 0.077665 | RMSE: 0.278685 | MAE: 0.194537
  Val   - Loss: 0.063370 | MSE: 0.063370 | RMSE: 0.251735 | MAE: 0.162276
============================================================

✓ New best model saved! Val Loss: 0.063370

============================================================
Epoch 79/150
Learning Rate: 6.25e-05
============================================================

============================================================
Epoch 79 Summary:
  Train - Loss: 0.077575 | MSE: 0.077575 | RMSE: 0.278522 | MAE: 0.194579
  Val   - Loss: 0.063261 | MSE: 0.063261 | RMSE: 0.251517 | MAE: 0.164454
============================================================

✓ New best model saved! Val Loss: 0.063261

============================================================
Epoch 80/150
Learning Rate: 6.25e-05
============================================================

============================================================
Epoch 80 Summary:
  Train - Loss: 0.077658 | MSE: 0.077658 | RMSE: 0.278672 | MAE: 0.194490
  Val   - Loss: 0.064313 | MSE: 0.064313 | RMSE: 0.253600 | MAE: 0.162928
============================================================
No improvement for 1 epochs
Checkpoint saved: src/trained_weights/UMambaMag_v2_STEAD_20251114_044142/model_epoch_80.pt

============================================================
Epoch 81/150
Learning Rate: 6.25e-05
============================================================

============================================================
Epoch 81 Summary:
  Train - Loss: 0.077603 | MSE: 0.077603 | RMSE: 0.278573 | MAE: 0.194665
  Val   - Loss: 0.066173 | MSE: 0.066173 | RMSE: 0.257242 | MAE: 0.164524
============================================================
No improvement for 2 epochs

============================================================
Epoch 82/150
Learning Rate: 6.25e-05
============================================================

============================================================
Epoch 82 Summary:
  Train - Loss: 0.077169 | MSE: 0.077169 | RMSE: 0.277793 | MAE: 0.194544
  Val   - Loss: 0.064594 | MSE: 0.064594 | RMSE: 0.254153 | MAE: 0.163869
============================================================
No improvement for 3 epochs

============================================================
Epoch 83/150
Learning Rate: 6.25e-05
============================================================

============================================================
Epoch 83 Summary:
  Train - Loss: 0.077404 | MSE: 0.077404 | RMSE: 0.278216 | MAE: 0.194337
  Val   - Loss: 0.065312 | MSE: 0.065312 | RMSE: 0.255562 | MAE: 0.164187
============================================================
No improvement for 4 epochs

============================================================
Epoch 84/150
Learning Rate: 6.25e-05
============================================================

============================================================
Epoch 84 Summary:
  Train - Loss: 0.077107 | MSE: 0.077107 | RMSE: 0.277681 | MAE: 0.194196
  Val   - Loss: 0.064655 | MSE: 0.064655 | RMSE: 0.254274 | MAE: 0.162670
============================================================
No improvement for 5 epochs

============================================================
Epoch 85/150
Learning Rate: 6.25e-05
============================================================

============================================================
Epoch 85 Summary:
  Train - Loss: 0.077344 | MSE: 0.077344 | RMSE: 0.278108 | MAE: 0.194424
  Val   - Loss: 0.064881 | MSE: 0.064881 | RMSE: 0.254718 | MAE: 0.164408
============================================================
No improvement for 6 epochs
Checkpoint saved: src/trained_weights/UMambaMag_v2_STEAD_20251114_044142/model_epoch_85.pt

============================================================
Epoch 86/150
Learning Rate: 3.13e-05
============================================================

============================================================
Epoch 86 Summary:
  Train - Loss: 0.076720 | MSE: 0.076720 | RMSE: 0.276983 | MAE: 0.193580
  Val   - Loss: 0.064173 | MSE: 0.064173 | RMSE: 0.253323 | MAE: 0.163924
============================================================
No improvement for 7 epochs

============================================================
Epoch 87/150
Learning Rate: 3.13e-05
============================================================

============================================================
Epoch 87 Summary:
  Train - Loss: 0.076841 | MSE: 0.076841 | RMSE: 0.277202 | MAE: 0.193854
  Val   - Loss: 0.062825 | MSE: 0.062825 | RMSE: 0.250649 | MAE: 0.160895
============================================================

✓ New best model saved! Val Loss: 0.062825

============================================================
Epoch 88/150
Learning Rate: 3.13e-05
============================================================

============================================================
Epoch 88 Summary:
  Train - Loss: 0.076672 | MSE: 0.076672 | RMSE: 0.276898 | MAE: 0.193565
  Val   - Loss: 0.065113 | MSE: 0.065113 | RMSE: 0.255173 | MAE: 0.163389
============================================================
No improvement for 1 epochs

============================================================
Epoch 89/150
Learning Rate: 3.13e-05
============================================================

============================================================
Epoch 89 Summary:
  Train - Loss: 0.076503 | MSE: 0.076503 | RMSE: 0.276592 | MAE: 0.193282
  Val   - Loss: 0.064564 | MSE: 0.064564 | RMSE: 0.254094 | MAE: 0.161829
============================================================
No improvement for 2 epochs

============================================================
Epoch 90/150
Learning Rate: 3.13e-05
============================================================

============================================================
Epoch 90 Summary:
  Train - Loss: 0.076703 | MSE: 0.076703 | RMSE: 0.276953 | MAE: 0.193681
  Val   - Loss: 0.063276 | MSE: 0.063276 | RMSE: 0.251548 | MAE: 0.160769
============================================================
No improvement for 3 epochs
Checkpoint saved: src/trained_weights/UMambaMag_v2_STEAD_20251114_044142/model_epoch_90.pt

============================================================
Epoch 91/150
Learning Rate: 3.13e-05
============================================================

============================================================
Epoch 91 Summary:
  Train - Loss: 0.076635 | MSE: 0.076635 | RMSE: 0.276830 | MAE: 0.193423
  Val   - Loss: 0.064729 | MSE: 0.064729 | RMSE: 0.254420 | MAE: 0.161359
============================================================
No improvement for 4 epochs

============================================================
Epoch 92/150
Learning Rate: 3.13e-05
============================================================

============================================================
Epoch 92 Summary:
  Train - Loss: 0.076485 | MSE: 0.076485 | RMSE: 0.276560 | MAE: 0.193456
  Val   - Loss: 0.063933 | MSE: 0.063933 | RMSE: 0.252849 | MAE: 0.164070
============================================================
No improvement for 5 epochs

============================================================
Epoch 93/150
Learning Rate: 3.13e-05
============================================================

============================================================
Epoch 93 Summary:
  Train - Loss: 0.076842 | MSE: 0.076842 | RMSE: 0.277204 | MAE: 0.193552
  Val   - Loss: 0.064189 | MSE: 0.064189 | RMSE: 0.253356 | MAE: 0.162353
============================================================
No improvement for 6 epochs

============================================================
Epoch 94/150
Learning Rate: 1.56e-05
============================================================

============================================================
Epoch 94 Summary:
  Train - Loss: 0.076673 | MSE: 0.076673 | RMSE: 0.276899 | MAE: 0.193411
  Val   - Loss: 0.065216 | MSE: 0.065216 | RMSE: 0.255374 | MAE: 0.162090
============================================================
No improvement for 7 epochs

============================================================
Epoch 95/150
Learning Rate: 1.56e-05
============================================================

============================================================
Epoch 95 Summary:
  Train - Loss: 0.076279 | MSE: 0.076279 | RMSE: 0.276186 | MAE: 0.193009
  Val   - Loss: 0.065345 | MSE: 0.065345 | RMSE: 0.255627 | MAE: 0.163465
============================================================
No improvement for 8 epochs
Checkpoint saved: src/trained_weights/UMambaMag_v2_STEAD_20251114_044142/model_epoch_95.pt

============================================================
Epoch 96/150
Learning Rate: 1.56e-05
============================================================

============================================================
Epoch 96 Summary:
  Train - Loss: 0.076341 | MSE: 0.076341 | RMSE: 0.276298 | MAE: 0.192891
  Val   - Loss: 0.063619 | MSE: 0.063619 | RMSE: 0.252229 | MAE: 0.162223
============================================================
No improvement for 9 epochs

============================================================
Epoch 97/150
Learning Rate: 1.56e-05
============================================================

============================================================
Epoch 97 Summary:
  Train - Loss: 0.076351 | MSE: 0.076351 | RMSE: 0.276317 | MAE: 0.192898
  Val   - Loss: 0.065123 | MSE: 0.065123 | RMSE: 0.255192 | MAE: 0.162999
============================================================
No improvement for 10 epochs

============================================================
Epoch 98/150
Learning Rate: 1.56e-05
============================================================

============================================================
Epoch 98 Summary:
  Train - Loss: 0.076617 | MSE: 0.076617 | RMSE: 0.276798 | MAE: 0.193311
  Val   - Loss: 0.062524 | MSE: 0.062524 | RMSE: 0.250048 | MAE: 0.161607
============================================================

✓ New best model saved! Val Loss: 0.062524

============================================================
Epoch 99/150
Learning Rate: 1.56e-05
============================================================

============================================================
Epoch 99 Summary:
  Train - Loss: 0.076469 | MSE: 0.076469 | RMSE: 0.276530 | MAE: 0.193252
  Val   - Loss: 0.063852 | MSE: 0.063852 | RMSE: 0.252689 | MAE: 0.162763
============================================================
No improvement for 1 epochs

============================================================
Epoch 100/150
Learning Rate: 1.56e-05
============================================================

============================================================
Epoch 100 Summary:
  Train - Loss: 0.076484 | MSE: 0.076484 | RMSE: 0.276557 | MAE: 0.193077
  Val   - Loss: 0.062732 | MSE: 0.062732 | RMSE: 0.250464 | MAE: 0.162841
============================================================
No improvement for 2 epochs
Checkpoint saved: src/trained_weights/UMambaMag_v2_STEAD_20251114_044142/model_epoch_100.pt

============================================================
Epoch 101/150
Learning Rate: 1.56e-05
============================================================

============================================================
Epoch 101 Summary:
  Train - Loss: 0.076162 | MSE: 0.076162 | RMSE: 0.275974 | MAE: 0.192995
  Val   - Loss: 0.063569 | MSE: 0.063569 | RMSE: 0.252129 | MAE: 0.161994
============================================================
No improvement for 3 epochs

============================================================
Epoch 102/150
Learning Rate: 1.56e-05
============================================================

============================================================
Epoch 102 Summary:
  Train - Loss: 0.076274 | MSE: 0.076274 | RMSE: 0.276178 | MAE: 0.193103
  Val   - Loss: 0.063565 | MSE: 0.063565 | RMSE: 0.252121 | MAE: 0.162474
============================================================
No improvement for 4 epochs

============================================================
Epoch 103/150
Learning Rate: 1.56e-05
============================================================

============================================================
Epoch 103 Summary:
  Train - Loss: 0.076401 | MSE: 0.076401 | RMSE: 0.276407 | MAE: 0.193035
  Val   - Loss: 0.062034 | MSE: 0.062034 | RMSE: 0.249066 | MAE: 0.161662
============================================================

✓ New best model saved! Val Loss: 0.062034

============================================================
Epoch 104/150
Learning Rate: 1.56e-05
============================================================

============================================================
Epoch 104 Summary:
  Train - Loss: 0.076560 | MSE: 0.076560 | RMSE: 0.276696 | MAE: 0.193235
  Val   - Loss: 0.064548 | MSE: 0.064548 | RMSE: 0.254063 | MAE: 0.162019
============================================================
No improvement for 1 epochs

============================================================
Epoch 105/150
Learning Rate: 1.56e-05
============================================================

============================================================
Epoch 105 Summary:
  Train - Loss: 0.076089 | MSE: 0.076089 | RMSE: 0.275843 | MAE: 0.192845
  Val   - Loss: 0.062631 | MSE: 0.062631 | RMSE: 0.250262 | MAE: 0.161907
============================================================
No improvement for 2 epochs
Checkpoint saved: src/trained_weights/UMambaMag_v2_STEAD_20251114_044142/model_epoch_105.pt

============================================================
Epoch 106/150
Learning Rate: 1.56e-05
============================================================

============================================================
Epoch 106 Summary:
  Train - Loss: 0.075982 | MSE: 0.075982 | RMSE: 0.275648 | MAE: 0.192772
  Val   - Loss: 0.062730 | MSE: 0.062730 | RMSE: 0.250460 | MAE: 0.161791
============================================================
No improvement for 3 epochs

============================================================
Epoch 107/150
Learning Rate: 1.56e-05
============================================================

============================================================
Epoch 107 Summary:
  Train - Loss: 0.075975 | MSE: 0.075975 | RMSE: 0.275635 | MAE: 0.192741
  Val   - Loss: 0.063173 | MSE: 0.063173 | RMSE: 0.251343 | MAE: 0.162634
============================================================
No improvement for 4 epochs

============================================================
Epoch 108/150
Learning Rate: 1.56e-05
============================================================

============================================================
Epoch 108 Summary:
  Train - Loss: 0.076584 | MSE: 0.076584 | RMSE: 0.276738 | MAE: 0.193240
  Val   - Loss: 0.062346 | MSE: 0.062346 | RMSE: 0.249692 | MAE: 0.160819
============================================================
No improvement for 5 epochs

============================================================
Epoch 109/150
Learning Rate: 1.56e-05
============================================================

============================================================
Epoch 109 Summary:
  Train - Loss: 0.076170 | MSE: 0.076170 | RMSE: 0.275989 | MAE: 0.193068
  Val   - Loss: 0.063408 | MSE: 0.063408 | RMSE: 0.251810 | MAE: 0.162029
============================================================
No improvement for 6 epochs

============================================================
Epoch 110/150
Learning Rate: 7.81e-06
============================================================

============================================================
Epoch 110 Summary:
  Train - Loss: 0.076155 | MSE: 0.076155 | RMSE: 0.275962 | MAE: 0.192861
  Val   - Loss: 0.063904 | MSE: 0.063904 | RMSE: 0.252791 | MAE: 0.162185
============================================================
No improvement for 7 epochs
Checkpoint saved: src/trained_weights/UMambaMag_v2_STEAD_20251114_044142/model_epoch_110.pt

============================================================
Epoch 111/150
Learning Rate: 7.81e-06
============================================================

============================================================
Epoch 111 Summary:
  Train - Loss: 0.076171 | MSE: 0.076171 | RMSE: 0.275990 | MAE: 0.192727
  Val   - Loss: 0.062858 | MSE: 0.062858 | RMSE: 0.250715 | MAE: 0.161562
============================================================
No improvement for 8 epochs

============================================================
Epoch 112/150
Learning Rate: 7.81e-06
============================================================

============================================================
Epoch 112 Summary:
  Train - Loss: 0.076478 | MSE: 0.076478 | RMSE: 0.276547 | MAE: 0.193086
  Val   - Loss: 0.063563 | MSE: 0.063563 | RMSE: 0.252116 | MAE: 0.161899
============================================================
No improvement for 9 epochs

============================================================
Epoch 113/150
Learning Rate: 7.81e-06
============================================================

============================================================
Epoch 113 Summary:
  Train - Loss: 0.076204 | MSE: 0.076204 | RMSE: 0.276050 | MAE: 0.192926
  Val   - Loss: 0.062798 | MSE: 0.062798 | RMSE: 0.250596 | MAE: 0.161828
============================================================
No improvement for 10 epochs

============================================================
Epoch 114/150
Learning Rate: 7.81e-06
============================================================

============================================================
Epoch 114 Summary:
  Train - Loss: 0.076099 | MSE: 0.076099 | RMSE: 0.275861 | MAE: 0.192824
  Val   - Loss: 0.064031 | MSE: 0.064031 | RMSE: 0.253043 | MAE: 0.161479
============================================================
No improvement for 11 epochs

============================================================
Epoch 115/150
Learning Rate: 7.81e-06
============================================================

============================================================
Epoch 115 Summary:
  Train - Loss: 0.076138 | MSE: 0.076138 | RMSE: 0.275931 | MAE: 0.192717
  Val   - Loss: 0.063205 | MSE: 0.063205 | RMSE: 0.251406 | MAE: 0.161511
============================================================
No improvement for 12 epochs
Checkpoint saved: src/trained_weights/UMambaMag_v2_STEAD_20251114_044142/model_epoch_115.pt

============================================================
Epoch 116/150
Learning Rate: 3.91e-06
============================================================

============================================================
Epoch 116 Summary:
  Train - Loss: 0.075934 | MSE: 0.075934 | RMSE: 0.275561 | MAE: 0.192576
  Val   - Loss: 0.063236 | MSE: 0.063236 | RMSE: 0.251467 | MAE: 0.161180
============================================================
No improvement for 13 epochs

============================================================
Epoch 117/150
Learning Rate: 3.91e-06
============================================================

============================================================
Epoch 117 Summary:
  Train - Loss: 0.076221 | MSE: 0.076221 | RMSE: 0.276081 | MAE: 0.192878
  Val   - Loss: 0.064253 | MSE: 0.064253 | RMSE: 0.253482 | MAE: 0.162583
============================================================
No improvement for 14 epochs

============================================================
Epoch 118/150
Learning Rate: 3.91e-06
============================================================

============================================================
Epoch 118 Summary:
  Train - Loss: 0.076069 | MSE: 0.076069 | RMSE: 0.275806 | MAE: 0.192482
  Val   - Loss: 0.063767 | MSE: 0.063767 | RMSE: 0.252521 | MAE: 0.161086
============================================================
No improvement for 15 epochs

Early stopping triggered after 15 epochs without improvement
Best validation loss: 0.062034

Final model saved: src/trained_weights/UMambaMag_v2_STEAD_20251114_044142/model_final.pt
Training history saved: src/trained_weights/UMambaMag_v2_STEAD_20251114_044142/training_history_20251114_044142.pt

============================================================
TRAINING COMPLETED
============================================================
Best validation loss: 0.062034
Best validation RMSE: 0.249066
Final train loss: 0.076069
Final val loss: 0.063767
Total Training Time: 21:13:17
============================================================
==================================================

