2025-11-10 17:33:23,202 | seisbench | WARNING | Setting remote root to: https://seisbench.gfz.de/mirror/
Please note that this can affect your download speed.
2025-11-10 17:33:39,959 | seisbench | WARNING | Output component order not specified, defaulting to 'ZNE'.
2025-11-10 17:33:50,152 | seisbench | WARNING | Skipping preload, as cache is disabled.
2025-11-10 17:34:00,021 | seisbench | WARNING | Skipping preload, as cache is disabled.
/home/quenton.yeo/code/.venv/lib/python3.11/site-packages/torch/optim/lr_scheduler.py:60: UserWarning: The verbose parameter is deprecated. Please use get_last_lr() to access the learning rate.
  warnings.warn(

==================================================
LOADING DATA
==================================================
STEAD dataset loaded: 1265657 samples

Training umamba_mag_v2 on STEAD for 150 epochs...
Model moved to cuda:1
Training UMamba V2 Magnitude Estimator model (encoder-only with pooling)

============================================================
TRAINING UMAMBAMAG V2 (ENCODER-ONLY WITH POOLING)
============================================================
Model: UMambaMag_v2_STEAD
Dataset: STEAD
Batch size: 32
Learning rate: 0.001
Epochs: 150
Warmup epochs: 5
============================================================
Model is on device: cuda:1
Total parameters: 191,313
Trainable parameters: 191,313

Loading data...
Train batches: 33619
Dev batches: 1978

Saving models to: src/trained_weights/UMambaMag_v2_STEAD_20251110_173400


============================================================
Epoch 1/150
Learning Rate: 1.00e-04
============================================================

============================================================
Epoch 1 Summary:
  Train - Loss: 0.248372 | MSE: 0.248372 | RMSE: 0.498370 | MAE: 0.341553
  Val   - Loss: 0.163292 | MSE: 0.163292 | RMSE: 0.404094 | MAE: 0.275390
============================================================

✓ New best model saved! Val Loss: 0.163292

============================================================
Epoch 2/150
Learning Rate: 2.80e-04
============================================================

============================================================
Epoch 2 Summary:
  Train - Loss: 0.181403 | MSE: 0.181403 | RMSE: 0.425914 | MAE: 0.292966
  Val   - Loss: 0.143936 | MSE: 0.143936 | RMSE: 0.379389 | MAE: 0.256684
============================================================

✓ New best model saved! Val Loss: 0.143936

============================================================
Epoch 3/150
Learning Rate: 4.60e-04
============================================================

============================================================
Epoch 3 Summary:
  Train - Loss: 0.156843 | MSE: 0.156843 | RMSE: 0.396035 | MAE: 0.274173
  Val   - Loss: 0.126551 | MSE: 0.126551 | RMSE: 0.355740 | MAE: 0.241006
============================================================

✓ New best model saved! Val Loss: 0.126551

============================================================
Epoch 4/150
Learning Rate: 6.40e-04
============================================================

============================================================
Epoch 4 Summary:
  Train - Loss: 0.143889 | MSE: 0.143889 | RMSE: 0.379327 | MAE: 0.262324
  Val   - Loss: 0.119192 | MSE: 0.119192 | RMSE: 0.345241 | MAE: 0.227351
============================================================

✓ New best model saved! Val Loss: 0.119192

============================================================
Epoch 5/150
Learning Rate: 8.20e-04
============================================================

============================================================
Epoch 5 Summary:
  Train - Loss: 0.135481 | MSE: 0.135481 | RMSE: 0.368077 | MAE: 0.254945
  Val   - Loss: 0.119424 | MSE: 0.119424 | RMSE: 0.345578 | MAE: 0.233338
============================================================
No improvement for 1 epochs
Checkpoint saved: src/trained_weights/UMambaMag_v2_STEAD_20251110_173400/model_epoch_5.pt

============================================================
Epoch 6/150
Learning Rate: 1.00e-03
============================================================

============================================================
Epoch 6 Summary:
  Train - Loss: 0.131209 | MSE: 0.131209 | RMSE: 0.362227 | MAE: 0.251164
  Val   - Loss: 0.117305 | MSE: 0.117305 | RMSE: 0.342498 | MAE: 0.231439
============================================================

✓ New best model saved! Val Loss: 0.117305

============================================================
Epoch 7/150
Learning Rate: 1.00e-03
============================================================

============================================================
Epoch 7 Summary:
  Train - Loss: 0.124126 | MSE: 0.124126 | RMSE: 0.352315 | MAE: 0.244127
  Val   - Loss: 0.101911 | MSE: 0.101911 | RMSE: 0.319236 | MAE: 0.214120
============================================================

✓ New best model saved! Val Loss: 0.101911

============================================================
Epoch 8/150
Learning Rate: 1.00e-03
============================================================

============================================================
Epoch 8 Summary:
  Train - Loss: 0.119371 | MSE: 0.119371 | RMSE: 0.345501 | MAE: 0.239170
  Val   - Loss: 0.101872 | MSE: 0.101872 | RMSE: 0.319174 | MAE: 0.213560
============================================================

✓ New best model saved! Val Loss: 0.101872

============================================================
Epoch 9/150
Learning Rate: 1.00e-03
============================================================

============================================================
Epoch 9 Summary:
  Train - Loss: 0.114861 | MSE: 0.114861 | RMSE: 0.338911 | MAE: 0.234560
  Val   - Loss: 0.097264 | MSE: 0.097264 | RMSE: 0.311872 | MAE: 0.204668
============================================================

✓ New best model saved! Val Loss: 0.097264

============================================================
Epoch 10/150
Learning Rate: 1.00e-03
============================================================

============================================================
Epoch 10 Summary:
  Train - Loss: 0.112497 | MSE: 0.112497 | RMSE: 0.335405 | MAE: 0.231923
  Val   - Loss: 0.099888 | MSE: 0.099888 | RMSE: 0.316050 | MAE: 0.211103
============================================================
No improvement for 1 epochs
Checkpoint saved: src/trained_weights/UMambaMag_v2_STEAD_20251110_173400/model_epoch_10.pt

============================================================
Epoch 11/150
Learning Rate: 1.00e-03
============================================================

============================================================
Epoch 11 Summary:
  Train - Loss: 0.109367 | MSE: 0.109367 | RMSE: 0.330707 | MAE: 0.228770
  Val   - Loss: 0.096616 | MSE: 0.096616 | RMSE: 0.310831 | MAE: 0.209304
============================================================

✓ New best model saved! Val Loss: 0.096616

============================================================
Epoch 12/150
Learning Rate: 1.00e-03
============================================================

============================================================
Epoch 12 Summary:
  Train - Loss: 0.107170 | MSE: 0.107170 | RMSE: 0.327368 | MAE: 0.226386
  Val   - Loss: 0.094098 | MSE: 0.094098 | RMSE: 0.306755 | MAE: 0.202345
============================================================

✓ New best model saved! Val Loss: 0.094098

============================================================
Epoch 13/150
Learning Rate: 1.00e-03
============================================================

============================================================
Epoch 13 Summary:
  Train - Loss: 0.105903 | MSE: 0.105903 | RMSE: 0.325427 | MAE: 0.224733
  Val   - Loss: 0.091554 | MSE: 0.091554 | RMSE: 0.302579 | MAE: 0.198314
============================================================

✓ New best model saved! Val Loss: 0.091554

============================================================
Epoch 14/150
Learning Rate: 1.00e-03
============================================================

============================================================
Epoch 14 Summary:
  Train - Loss: 0.104190 | MSE: 0.104190 | RMSE: 0.322785 | MAE: 0.223161
  Val   - Loss: 0.096781 | MSE: 0.096781 | RMSE: 0.311096 | MAE: 0.212563
============================================================
No improvement for 1 epochs

============================================================
Epoch 15/150
Learning Rate: 1.00e-03
============================================================

============================================================
Epoch 15 Summary:
  Train - Loss: 0.103346 | MSE: 0.103346 | RMSE: 0.321475 | MAE: 0.221756
  Val   - Loss: 0.089630 | MSE: 0.089630 | RMSE: 0.299383 | MAE: 0.202430
============================================================

✓ New best model saved! Val Loss: 0.089630
Checkpoint saved: src/trained_weights/UMambaMag_v2_STEAD_20251110_173400/model_epoch_15.pt

============================================================
Epoch 16/150
Learning Rate: 1.00e-03
============================================================

============================================================
Epoch 16 Summary:
  Train - Loss: 0.101513 | MSE: 0.101513 | RMSE: 0.318611 | MAE: 0.220259
  Val   - Loss: 0.089801 | MSE: 0.089801 | RMSE: 0.299668 | MAE: 0.194969
============================================================
No improvement for 1 epochs

============================================================
Epoch 17/150
Learning Rate: 1.00e-03
============================================================

============================================================
Epoch 17 Summary:
  Train - Loss: 0.101026 | MSE: 0.101026 | RMSE: 0.317845 | MAE: 0.219339
  Val   - Loss: 0.087825 | MSE: 0.087825 | RMSE: 0.296353 | MAE: 0.193399
============================================================

✓ New best model saved! Val Loss: 0.087825

============================================================
Epoch 18/150
Learning Rate: 1.00e-03
============================================================

============================================================
Epoch 18 Summary:
  Train - Loss: 0.099735 | MSE: 0.099735 | RMSE: 0.315808 | MAE: 0.217907
  Val   - Loss: 0.089855 | MSE: 0.089855 | RMSE: 0.299758 | MAE: 0.194120
============================================================
No improvement for 1 epochs

============================================================
Epoch 19/150
Learning Rate: 1.00e-03
============================================================

============================================================
Epoch 19 Summary:
  Train - Loss: 0.098787 | MSE: 0.098787 | RMSE: 0.314305 | MAE: 0.216835
  Val   - Loss: 0.086506 | MSE: 0.086506 | RMSE: 0.294118 | MAE: 0.191130
============================================================

✓ New best model saved! Val Loss: 0.086506

============================================================
Epoch 20/150
Learning Rate: 1.00e-03
============================================================

============================================================
Epoch 20 Summary:
  Train - Loss: 0.098369 | MSE: 0.098369 | RMSE: 0.313638 | MAE: 0.216345
  Val   - Loss: 0.087071 | MSE: 0.087071 | RMSE: 0.295079 | MAE: 0.193346
============================================================
No improvement for 1 epochs
Checkpoint saved: src/trained_weights/UMambaMag_v2_STEAD_20251110_173400/model_epoch_20.pt

============================================================
Epoch 21/150
Learning Rate: 1.00e-03
============================================================

============================================================
Epoch 21 Summary:
  Train - Loss: 0.097610 | MSE: 0.097610 | RMSE: 0.312425 | MAE: 0.215488
  Val   - Loss: 0.087050 | MSE: 0.087050 | RMSE: 0.295042 | MAE: 0.191426
============================================================
No improvement for 2 epochs

============================================================
Epoch 22/150
Learning Rate: 1.00e-03
============================================================

============================================================
Epoch 22 Summary:
  Train - Loss: 0.096550 | MSE: 0.096550 | RMSE: 0.310725 | MAE: 0.214156
  Val   - Loss: 0.085667 | MSE: 0.085667 | RMSE: 0.292689 | MAE: 0.191671
============================================================

✓ New best model saved! Val Loss: 0.085667

============================================================
Epoch 23/150
Learning Rate: 1.00e-03
============================================================

============================================================
Epoch 23 Summary:
  Train - Loss: 0.096024 | MSE: 0.096024 | RMSE: 0.309878 | MAE: 0.213723
  Val   - Loss: 0.084687 | MSE: 0.084687 | RMSE: 0.291011 | MAE: 0.187084
============================================================

✓ New best model saved! Val Loss: 0.084687

============================================================
Epoch 24/150
Learning Rate: 1.00e-03
============================================================

============================================================
Epoch 24 Summary:
  Train - Loss: 0.095572 | MSE: 0.095572 | RMSE: 0.309148 | MAE: 0.213265
  Val   - Loss: 0.081694 | MSE: 0.081694 | RMSE: 0.285821 | MAE: 0.189450
============================================================

✓ New best model saved! Val Loss: 0.081694

============================================================
Epoch 25/150
Learning Rate: 1.00e-03
============================================================

============================================================
Epoch 25 Summary:
  Train - Loss: 0.095036 | MSE: 0.095036 | RMSE: 0.308279 | MAE: 0.212557
  Val   - Loss: 0.086980 | MSE: 0.086980 | RMSE: 0.294924 | MAE: 0.190353
============================================================
No improvement for 1 epochs
Checkpoint saved: src/trained_weights/UMambaMag_v2_STEAD_20251110_173400/model_epoch_25.pt

============================================================
Epoch 26/150
Learning Rate: 1.00e-03
============================================================

============================================================
Epoch 26 Summary:
  Train - Loss: 0.094855 | MSE: 0.094855 | RMSE: 0.307986 | MAE: 0.211933
  Val   - Loss: 0.082498 | MSE: 0.082498 | RMSE: 0.287225 | MAE: 0.194896
============================================================
No improvement for 2 epochs

============================================================
Epoch 27/150
Learning Rate: 1.00e-03
============================================================

============================================================
Epoch 27 Summary:
  Train - Loss: 0.094182 | MSE: 0.094182 | RMSE: 0.306891 | MAE: 0.211503
  Val   - Loss: 0.085549 | MSE: 0.085549 | RMSE: 0.292488 | MAE: 0.192971
============================================================
No improvement for 3 epochs

============================================================
Epoch 28/150
Learning Rate: 1.00e-03
============================================================

============================================================
Epoch 28 Summary:
  Train - Loss: 0.093936 | MSE: 0.093936 | RMSE: 0.306490 | MAE: 0.210868
  Val   - Loss: 0.086663 | MSE: 0.086663 | RMSE: 0.294387 | MAE: 0.187324
============================================================
No improvement for 4 epochs

============================================================
Epoch 29/150
Learning Rate: 1.00e-03
============================================================

============================================================
Epoch 29 Summary:
  Train - Loss: 0.093211 | MSE: 0.093211 | RMSE: 0.305304 | MAE: 0.210214
  Val   - Loss: 0.080305 | MSE: 0.080305 | RMSE: 0.283382 | MAE: 0.191097
============================================================

✓ New best model saved! Val Loss: 0.080305

============================================================
Epoch 30/150
Learning Rate: 1.00e-03
============================================================

============================================================
Epoch 30 Summary:
  Train - Loss: 0.092869 | MSE: 0.092869 | RMSE: 0.304744 | MAE: 0.209655
  Val   - Loss: 0.081806 | MSE: 0.081806 | RMSE: 0.286018 | MAE: 0.192685
============================================================
No improvement for 1 epochs
Checkpoint saved: src/trained_weights/UMambaMag_v2_STEAD_20251110_173400/model_epoch_30.pt

============================================================
Epoch 31/150
Learning Rate: 1.00e-03
============================================================

============================================================
Epoch 31 Summary:
  Train - Loss: 0.092403 | MSE: 0.092403 | RMSE: 0.303978 | MAE: 0.209318
  Val   - Loss: 0.079712 | MSE: 0.079712 | RMSE: 0.282333 | MAE: 0.181851
============================================================

✓ New best model saved! Val Loss: 0.079712

============================================================
Epoch 32/150
Learning Rate: 1.00e-03
============================================================

============================================================
Epoch 32 Summary:
  Train - Loss: 0.091982 | MSE: 0.091982 | RMSE: 0.303285 | MAE: 0.209087
  Val   - Loss: 0.083424 | MSE: 0.083424 | RMSE: 0.288833 | MAE: 0.187742
============================================================
No improvement for 1 epochs

============================================================
Epoch 33/150
Learning Rate: 1.00e-03
============================================================

============================================================
Epoch 33 Summary:
  Train - Loss: 0.091679 | MSE: 0.091679 | RMSE: 0.302786 | MAE: 0.208311
  Val   - Loss: 0.083993 | MSE: 0.083993 | RMSE: 0.289815 | MAE: 0.196172
============================================================
No improvement for 2 epochs

============================================================
Epoch 34/150
Learning Rate: 1.00e-03
============================================================

============================================================
Epoch 34 Summary:
  Train - Loss: 0.091003 | MSE: 0.091003 | RMSE: 0.301667 | MAE: 0.207762
  Val   - Loss: 0.080844 | MSE: 0.080844 | RMSE: 0.284331 | MAE: 0.190461
============================================================
No improvement for 3 epochs

============================================================
Epoch 35/150
Learning Rate: 1.00e-03
============================================================

============================================================
Epoch 35 Summary:
  Train - Loss: 0.091186 | MSE: 0.091186 | RMSE: 0.301970 | MAE: 0.207830
  Val   - Loss: 0.081146 | MSE: 0.081146 | RMSE: 0.284861 | MAE: 0.192457
============================================================
No improvement for 4 epochs
Checkpoint saved: src/trained_weights/UMambaMag_v2_STEAD_20251110_173400/model_epoch_35.pt

============================================================
Epoch 36/150
Learning Rate: 1.00e-03
============================================================

============================================================
Epoch 36 Summary:
  Train - Loss: 0.090887 | MSE: 0.090887 | RMSE: 0.301474 | MAE: 0.207383
  Val   - Loss: 0.084961 | MSE: 0.084961 | RMSE: 0.291481 | MAE: 0.188774
============================================================
No improvement for 5 epochs

============================================================
Epoch 37/150
Learning Rate: 1.00e-03
============================================================

============================================================
Epoch 37 Summary:
  Train - Loss: 0.090309 | MSE: 0.090309 | RMSE: 0.300515 | MAE: 0.207030
  Val   - Loss: 0.080800 | MSE: 0.080800 | RMSE: 0.284253 | MAE: 0.196234
============================================================
No improvement for 6 epochs

============================================================
Epoch 38/150
Learning Rate: 5.00e-04
============================================================

============================================================
Epoch 38 Summary:
  Train - Loss: 0.083287 | MSE: 0.083287 | RMSE: 0.288595 | MAE: 0.198053
  Val   - Loss: 0.072132 | MSE: 0.072132 | RMSE: 0.268574 | MAE: 0.172494
============================================================

✓ New best model saved! Val Loss: 0.072132

============================================================
Epoch 39/150
Learning Rate: 1.00e-03
============================================================

============================================================
Epoch 39 Summary:
  Train - Loss: 0.089205 | MSE: 0.089205 | RMSE: 0.298672 | MAE: 0.205656
  Val   - Loss: 0.078519 | MSE: 0.078519 | RMSE: 0.280212 | MAE: 0.179376
============================================================
No improvement for 1 epochs

============================================================
Epoch 40/150
Learning Rate: 1.00e-03
============================================================

============================================================
Epoch 40 Summary:
  Train - Loss: 0.089462 | MSE: 0.089462 | RMSE: 0.299102 | MAE: 0.205817
  Val   - Loss: 0.078362 | MSE: 0.078362 | RMSE: 0.279932 | MAE: 0.180823
============================================================
No improvement for 2 epochs
Checkpoint saved: src/trained_weights/UMambaMag_v2_STEAD_20251110_173400/model_epoch_40.pt

============================================================
Epoch 41/150
Learning Rate: 1.00e-03
============================================================

============================================================
Epoch 41 Summary:
  Train - Loss: 0.089211 | MSE: 0.089211 | RMSE: 0.298682 | MAE: 0.205701
  Val   - Loss: 0.082293 | MSE: 0.082293 | RMSE: 0.286867 | MAE: 0.185671
============================================================
No improvement for 3 epochs

============================================================
Epoch 42/150
Learning Rate: 1.00e-03
============================================================

============================================================
Epoch 42 Summary:
  Train - Loss: 0.089059 | MSE: 0.089059 | RMSE: 0.298428 | MAE: 0.205442
  Val   - Loss: 0.076885 | MSE: 0.076885 | RMSE: 0.277281 | MAE: 0.177310
============================================================
No improvement for 4 epochs

============================================================
Epoch 43/150
Learning Rate: 1.00e-03
============================================================

============================================================
Epoch 43 Summary:
  Train - Loss: 0.088754 | MSE: 0.088754 | RMSE: 0.297915 | MAE: 0.205002
  Val   - Loss: 0.076275 | MSE: 0.076275 | RMSE: 0.276179 | MAE: 0.177705
============================================================
No improvement for 5 epochs

============================================================
Epoch 44/150
Learning Rate: 1.00e-03
============================================================

============================================================
Epoch 44 Summary:
  Train - Loss: 0.088617 | MSE: 0.088617 | RMSE: 0.297686 | MAE: 0.204733
  Val   - Loss: 0.077601 | MSE: 0.077601 | RMSE: 0.278570 | MAE: 0.180663
============================================================
No improvement for 6 epochs

============================================================
Epoch 45/150
Learning Rate: 5.00e-04
============================================================

============================================================
Epoch 45 Summary:
  Train - Loss: 0.081784 | MSE: 0.081784 | RMSE: 0.285980 | MAE: 0.196137
  Val   - Loss: 0.073837 | MSE: 0.073837 | RMSE: 0.271729 | MAE: 0.176361
============================================================
No improvement for 7 epochs
Checkpoint saved: src/trained_weights/UMambaMag_v2_STEAD_20251110_173400/model_epoch_45.pt

============================================================
Epoch 46/150
Learning Rate: 1.00e-03
============================================================

============================================================
Epoch 46 Summary:
  Train - Loss: 0.087725 | MSE: 0.087725 | RMSE: 0.296185 | MAE: 0.203566
  Val   - Loss: 0.077608 | MSE: 0.077608 | RMSE: 0.278583 | MAE: 0.181523
============================================================
No improvement for 8 epochs

============================================================
Epoch 47/150
Learning Rate: 1.00e-03
============================================================

============================================================
Epoch 47 Summary:
  Train - Loss: 0.087971 | MSE: 0.087971 | RMSE: 0.296598 | MAE: 0.203739
  Val   - Loss: 0.078424 | MSE: 0.078424 | RMSE: 0.280044 | MAE: 0.184778
============================================================
No improvement for 9 epochs

============================================================
Epoch 48/150
Learning Rate: 1.00e-03
============================================================

============================================================
Epoch 48 Summary:
  Train - Loss: 0.087391 | MSE: 0.087391 | RMSE: 0.295620 | MAE: 0.203378
  Val   - Loss: 0.077816 | MSE: 0.077816 | RMSE: 0.278955 | MAE: 0.179456
============================================================
No improvement for 10 epochs

============================================================
Epoch 49/150
Learning Rate: 1.00e-03
============================================================

============================================================
Epoch 49 Summary:
  Train - Loss: 0.086683 | MSE: 0.086683 | RMSE: 0.294420 | MAE: 0.203067
  Val   - Loss: 0.079724 | MSE: 0.079724 | RMSE: 0.282355 | MAE: 0.186283
============================================================
No improvement for 11 epochs

============================================================
Epoch 50/150
Learning Rate: 1.00e-03
============================================================

============================================================
Epoch 50 Summary:
  Train - Loss: 0.087123 | MSE: 0.087123 | RMSE: 0.295166 | MAE: 0.203121
  Val   - Loss: 0.077289 | MSE: 0.077289 | RMSE: 0.278008 | MAE: 0.179551
============================================================
No improvement for 12 epochs
Checkpoint saved: src/trained_weights/UMambaMag_v2_STEAD_20251110_173400/model_epoch_50.pt

============================================================
Epoch 51/150
Learning Rate: 5.00e-04
============================================================

============================================================
Epoch 51 Summary:
  Train - Loss: 0.080428 | MSE: 0.080428 | RMSE: 0.283598 | MAE: 0.194624
  Val   - Loss: 0.071708 | MSE: 0.071708 | RMSE: 0.267783 | MAE: 0.173620
============================================================

✓ New best model saved! Val Loss: 0.071708

============================================================
Epoch 52/150
Learning Rate: 1.00e-03
============================================================

============================================================
Epoch 52 Summary:
  Train - Loss: 0.086294 | MSE: 0.086294 | RMSE: 0.293759 | MAE: 0.201979
  Val   - Loss: 0.078424 | MSE: 0.078424 | RMSE: 0.280043 | MAE: 0.178592
============================================================
No improvement for 1 epochs

============================================================
Epoch 53/150
Learning Rate: 1.00e-03
============================================================

============================================================
Epoch 53 Summary:
  Train - Loss: 0.086604 | MSE: 0.086604 | RMSE: 0.294285 | MAE: 0.202359
  Val   - Loss: 0.075412 | MSE: 0.075412 | RMSE: 0.274612 | MAE: 0.176335
============================================================
No improvement for 2 epochs

============================================================
Epoch 54/150
Learning Rate: 1.00e-03
============================================================

============================================================
Epoch 54 Summary:
  Train - Loss: 0.086297 | MSE: 0.086297 | RMSE: 0.293764 | MAE: 0.202073
  Val   - Loss: 0.077647 | MSE: 0.077647 | RMSE: 0.278652 | MAE: 0.179420
============================================================
No improvement for 3 epochs

============================================================
Epoch 55/150
Learning Rate: 1.00e-03
============================================================

============================================================
Epoch 55 Summary:
  Train - Loss: 0.085990 | MSE: 0.085990 | RMSE: 0.293241 | MAE: 0.201883
  Val   - Loss: 0.077505 | MSE: 0.077505 | RMSE: 0.278397 | MAE: 0.179095
============================================================
No improvement for 4 epochs
Checkpoint saved: src/trained_weights/UMambaMag_v2_STEAD_20251110_173400/model_epoch_55.pt

============================================================
Epoch 56/150
Learning Rate: 1.00e-03
============================================================

============================================================
Epoch 56 Summary:
  Train - Loss: 0.086124 | MSE: 0.086124 | RMSE: 0.293468 | MAE: 0.201800
  Val   - Loss: 0.079730 | MSE: 0.079730 | RMSE: 0.282364 | MAE: 0.183679
============================================================
No improvement for 5 epochs

============================================================
Epoch 57/150
Learning Rate: 1.00e-03
============================================================

============================================================
Epoch 57 Summary:
  Train - Loss: 0.085453 | MSE: 0.085453 | RMSE: 0.292324 | MAE: 0.201368
  Val   - Loss: 0.075198 | MSE: 0.075198 | RMSE: 0.274222 | MAE: 0.178220
============================================================
No improvement for 6 epochs

============================================================
Epoch 58/150
Learning Rate: 5.00e-04
============================================================

============================================================
Epoch 58 Summary:
  Train - Loss: 0.079697 | MSE: 0.079697 | RMSE: 0.282306 | MAE: 0.193519
  Val   - Loss: 0.069894 | MSE: 0.069894 | RMSE: 0.264374 | MAE: 0.170675
============================================================

✓ New best model saved! Val Loss: 0.069894

============================================================
Epoch 59/150
Learning Rate: 1.00e-03
============================================================

============================================================
Epoch 59 Summary:
  Train - Loss: 0.085108 | MSE: 0.085108 | RMSE: 0.291733 | MAE: 0.200736
  Val   - Loss: 0.075570 | MSE: 0.075570 | RMSE: 0.274901 | MAE: 0.176828
============================================================
No improvement for 1 epochs

============================================================
Epoch 60/150
Learning Rate: 1.00e-03
============================================================

============================================================
Epoch 60 Summary:
  Train - Loss: 0.085467 | MSE: 0.085467 | RMSE: 0.292347 | MAE: 0.201009
  Val   - Loss: 0.079937 | MSE: 0.079937 | RMSE: 0.282732 | MAE: 0.185994
============================================================
No improvement for 2 epochs
Checkpoint saved: src/trained_weights/UMambaMag_v2_STEAD_20251110_173400/model_epoch_60.pt

============================================================
Epoch 61/150
Learning Rate: 1.00e-03
============================================================

============================================================
Epoch 61 Summary:
  Train - Loss: 0.085104 | MSE: 0.085104 | RMSE: 0.291727 | MAE: 0.200897
  Val   - Loss: 0.077187 | MSE: 0.077187 | RMSE: 0.277826 | MAE: 0.181077
============================================================
No improvement for 3 epochs

============================================================
Epoch 62/150
Learning Rate: 1.00e-03
============================================================

============================================================
Epoch 62 Summary:
  Train - Loss: 0.085133 | MSE: 0.085133 | RMSE: 0.291775 | MAE: 0.200683
  Val   - Loss: 0.076036 | MSE: 0.076036 | RMSE: 0.275747 | MAE: 0.177500
============================================================
No improvement for 4 epochs

============================================================
Epoch 63/150
Learning Rate: 1.00e-03
============================================================

============================================================
Epoch 63 Summary:
  Train - Loss: 0.084777 | MSE: 0.084777 | RMSE: 0.291166 | MAE: 0.200197
  Val   - Loss: 0.074207 | MSE: 0.074207 | RMSE: 0.272409 | MAE: 0.173546
============================================================
No improvement for 5 epochs

============================================================
Epoch 64/150
Learning Rate: 1.00e-03
============================================================

============================================================
Epoch 64 Summary:
  Train - Loss: 0.084667 | MSE: 0.084667 | RMSE: 0.290976 | MAE: 0.200406
  Val   - Loss: 0.076589 | MSE: 0.076589 | RMSE: 0.276748 | MAE: 0.176730
============================================================
No improvement for 6 epochs

============================================================
Epoch 65/150
Learning Rate: 5.00e-04
============================================================

============================================================
Epoch 65 Summary:
  Train - Loss: 0.078364 | MSE: 0.078364 | RMSE: 0.279936 | MAE: 0.192166
  Val   - Loss: 0.069174 | MSE: 0.069174 | RMSE: 0.263009 | MAE: 0.167703
============================================================

✓ New best model saved! Val Loss: 0.069174
Checkpoint saved: src/trained_weights/UMambaMag_v2_STEAD_20251110_173400/model_epoch_65.pt

============================================================
Epoch 66/150
Learning Rate: 1.00e-03
============================================================

============================================================
Epoch 66 Summary:
  Train - Loss: 0.084002 | MSE: 0.084002 | RMSE: 0.289831 | MAE: 0.199222
  Val   - Loss: 0.073986 | MSE: 0.073986 | RMSE: 0.272005 | MAE: 0.174684
============================================================
No improvement for 1 epochs

============================================================
Epoch 67/150
Learning Rate: 1.00e-03
============================================================

============================================================
Epoch 67 Summary:
  Train - Loss: 0.083695 | MSE: 0.083695 | RMSE: 0.289301 | MAE: 0.199257
  Val   - Loss: 0.071426 | MSE: 0.071426 | RMSE: 0.267257 | MAE: 0.173059
============================================================
No improvement for 2 epochs

============================================================
Epoch 68/150
Learning Rate: 1.00e-03
============================================================

============================================================
Epoch 68 Summary:
  Train - Loss: 0.084194 | MSE: 0.084194 | RMSE: 0.290163 | MAE: 0.199594
  Val   - Loss: 0.074665 | MSE: 0.074665 | RMSE: 0.273249 | MAE: 0.175966
============================================================
No improvement for 3 epochs

============================================================
Epoch 69/150
Learning Rate: 1.00e-03
============================================================

============================================================
Epoch 69 Summary:
  Train - Loss: 0.084422 | MSE: 0.084422 | RMSE: 0.290555 | MAE: 0.199668
  Val   - Loss: 0.075715 | MSE: 0.075715 | RMSE: 0.275163 | MAE: 0.176820
============================================================
No improvement for 4 epochs

============================================================
Epoch 70/150
Learning Rate: 1.00e-03
============================================================

============================================================
Epoch 70 Summary:
  Train - Loss: 0.083731 | MSE: 0.083731 | RMSE: 0.289364 | MAE: 0.199222
  Val   - Loss: 0.075711 | MSE: 0.075711 | RMSE: 0.275155 | MAE: 0.180067
============================================================
No improvement for 5 epochs
Checkpoint saved: src/trained_weights/UMambaMag_v2_STEAD_20251110_173400/model_epoch_70.pt

============================================================
Epoch 71/150
Learning Rate: 1.00e-03
============================================================

============================================================
Epoch 71 Summary:
  Train - Loss: 0.083683 | MSE: 0.083683 | RMSE: 0.289281 | MAE: 0.198958
  Val   - Loss: 0.074205 | MSE: 0.074205 | RMSE: 0.272405 | MAE: 0.178063
============================================================
No improvement for 6 epochs

============================================================
Epoch 72/150
Learning Rate: 5.00e-04
============================================================

============================================================
Epoch 72 Summary:
  Train - Loss: 0.077982 | MSE: 0.077982 | RMSE: 0.279253 | MAE: 0.191296
  Val   - Loss: 0.067800 | MSE: 0.067800 | RMSE: 0.260385 | MAE: 0.167394
============================================================

✓ New best model saved! Val Loss: 0.067800

============================================================
Epoch 73/150
Learning Rate: 1.00e-03
============================================================

============================================================
Epoch 73 Summary:
  Train - Loss: 0.082864 | MSE: 0.082864 | RMSE: 0.287861 | MAE: 0.198165
  Val   - Loss: 0.073758 | MSE: 0.073758 | RMSE: 0.271584 | MAE: 0.175627
============================================================
No improvement for 1 epochs

============================================================
Epoch 74/150
Learning Rate: 1.00e-03
============================================================

============================================================
Epoch 74 Summary:
  Train - Loss: 0.083579 | MSE: 0.083579 | RMSE: 0.289101 | MAE: 0.198768
  Val   - Loss: 0.071964 | MSE: 0.071964 | RMSE: 0.268261 | MAE: 0.172320
============================================================
No improvement for 2 epochs

============================================================
Epoch 75/150
Learning Rate: 1.00e-03
============================================================

============================================================
Epoch 75 Summary:
  Train - Loss: 0.083097 | MSE: 0.083097 | RMSE: 0.288266 | MAE: 0.198431
  Val   - Loss: 0.074606 | MSE: 0.074606 | RMSE: 0.273141 | MAE: 0.174935
============================================================
No improvement for 3 epochs
Checkpoint saved: src/trained_weights/UMambaMag_v2_STEAD_20251110_173400/model_epoch_75.pt

============================================================
Epoch 76/150
Learning Rate: 1.00e-03
============================================================

============================================================
Epoch 76 Summary:
  Train - Loss: 0.083302 | MSE: 0.083302 | RMSE: 0.288622 | MAE: 0.198113
  Val   - Loss: 0.072658 | MSE: 0.072658 | RMSE: 0.269552 | MAE: 0.177288
============================================================
No improvement for 4 epochs

============================================================
Epoch 77/150
Learning Rate: 1.00e-03
============================================================

============================================================
Epoch 77 Summary:
  Train - Loss: 0.083453 | MSE: 0.083453 | RMSE: 0.288882 | MAE: 0.198287
  Val   - Loss: 0.076647 | MSE: 0.076647 | RMSE: 0.276852 | MAE: 0.179166
============================================================
No improvement for 5 epochs

============================================================
Epoch 78/150
Learning Rate: 1.00e-03
============================================================

============================================================
Epoch 78 Summary:
  Train - Loss: 0.082956 | MSE: 0.082956 | RMSE: 0.288021 | MAE: 0.198040
  Val   - Loss: 0.071432 | MSE: 0.071432 | RMSE: 0.267268 | MAE: 0.172948
============================================================
No improvement for 6 epochs

============================================================
Epoch 79/150
Learning Rate: 5.00e-04
============================================================

============================================================
Epoch 79 Summary:
  Train - Loss: 0.077022 | MSE: 0.077022 | RMSE: 0.277528 | MAE: 0.190209
  Val   - Loss: 0.069385 | MSE: 0.069385 | RMSE: 0.263411 | MAE: 0.166444
============================================================
No improvement for 7 epochs

============================================================
Epoch 80/150
Learning Rate: 1.00e-03
============================================================

============================================================
Epoch 80 Summary:
  Train - Loss: 0.082390 | MSE: 0.082390 | RMSE: 0.287037 | MAE: 0.197278
  Val   - Loss: 0.078774 | MSE: 0.078774 | RMSE: 0.280668 | MAE: 0.190684
============================================================
No improvement for 8 epochs
Checkpoint saved: src/trained_weights/UMambaMag_v2_STEAD_20251110_173400/model_epoch_80.pt

============================================================
Epoch 81/150
Learning Rate: 1.00e-03
============================================================

============================================================
Epoch 81 Summary:
  Train - Loss: 0.082628 | MSE: 0.082628 | RMSE: 0.287451 | MAE: 0.197867
  Val   - Loss: 0.077641 | MSE: 0.077641 | RMSE: 0.278641 | MAE: 0.181045
============================================================
No improvement for 9 epochs

============================================================
Epoch 82/150
Learning Rate: 1.00e-03
============================================================

============================================================
Epoch 82 Summary:
  Train - Loss: 0.082755 | MSE: 0.082755 | RMSE: 0.287672 | MAE: 0.197666
  Val   - Loss: 0.072388 | MSE: 0.072388 | RMSE: 0.269051 | MAE: 0.174792
============================================================
No improvement for 10 epochs

============================================================
Epoch 83/150
Learning Rate: 1.00e-03
============================================================

============================================================
Epoch 83 Summary:
  Train - Loss: 0.082560 | MSE: 0.082560 | RMSE: 0.287333 | MAE: 0.197864
  Val   - Loss: 0.077020 | MSE: 0.077020 | RMSE: 0.277525 | MAE: 0.176824
============================================================
No improvement for 11 epochs

============================================================
Epoch 84/150
Learning Rate: 1.00e-03
============================================================

============================================================
Epoch 84 Summary:
  Train - Loss: 0.082564 | MSE: 0.082564 | RMSE: 0.287339 | MAE: 0.197487
  Val   - Loss: 0.071474 | MSE: 0.071474 | RMSE: 0.267346 | MAE: 0.172151
============================================================
No improvement for 12 epochs

============================================================
Epoch 85/150
Learning Rate: 5.00e-04
============================================================

============================================================
Epoch 85 Summary:
  Train - Loss: 0.076240 | MSE: 0.076240 | RMSE: 0.276117 | MAE: 0.189447
  Val   - Loss: 0.069096 | MSE: 0.069096 | RMSE: 0.262861 | MAE: 0.166967
============================================================
No improvement for 13 epochs
Checkpoint saved: src/trained_weights/UMambaMag_v2_STEAD_20251110_173400/model_epoch_85.pt

============================================================
Epoch 86/150
Learning Rate: 1.00e-03
============================================================

============================================================
Epoch 86 Summary:
  Train - Loss: 0.081761 | MSE: 0.081761 | RMSE: 0.285939 | MAE: 0.196725
  Val   - Loss: 0.074103 | MSE: 0.074103 | RMSE: 0.272219 | MAE: 0.172239
============================================================
No improvement for 14 epochs

============================================================
Epoch 87/150
Learning Rate: 1.00e-03
============================================================

============================================================
Epoch 87 Summary:
  Train - Loss: 0.082112 | MSE: 0.082112 | RMSE: 0.286552 | MAE: 0.197146
  Val   - Loss: 0.072266 | MSE: 0.072266 | RMSE: 0.268824 | MAE: 0.176590
============================================================
No improvement for 15 epochs

Early stopping triggered after 15 epochs without improvement
Best validation loss: 0.067800

Final model saved: src/trained_weights/UMambaMag_v2_STEAD_20251110_173400/model_final.pt
Training history saved: src/trained_weights/UMambaMag_v2_STEAD_20251110_173400/training_history_20251110_173400.pt

============================================================
TRAINING COMPLETED
============================================================
Best validation loss: 0.067800
Best validation RMSE: 0.260385
Final train loss: 0.082112
Final val loss: 0.072266
Total Training Time: 21:47:09
============================================================
==================================================

